Log file open, 08/04/16 09:22:45
LogInit:Display: Running engine for game: MyProject
LogPlatformFile: Not using cached read wrapper
LogInit:Display: RandInit(988243447) SRandInit(988243448).
LogTaskGraph: Started task graph with 4 named threads and 7 total threads.
LogStats: Stats thread started at 0.960104
LogInit: Version: 4.11.2-2946394+++UE4+Release-4.11
LogInit: API Version: 2927265
LogInit: Compiled (64-bit): Apr 18 2016 02:18:46
LogInit: Compiled with Visual C++: 19.00.23026.00
LogInit: Build Configuration: Development
LogInit: Branch Name: ++UE4+Release-4.11
LogInit: Command line:  
LogInit: Base directory: C:/Program Files/Epic Games/4.11/Engine/Binaries/Win64/
LogInit: Installed Engine Build: 1
LogInit: Using libcurl 7.41.0
LogInit:  - built for x86_64-pc-win32
LogInit:  - supports SSL with WinSSL
LogInit:  - other features:
LogInit:      CURL_VERSION_SSL
LogInit:      CURL_VERSION_IPV6
LogInit:      CURL_VERSION_ASYNCHDNS
LogInit:      CURL_VERSION_LARGEFILE
LogInit:      CURL_VERSION_IDN
LogInit:  CurlRequestOptions (configurable via config and command line):
LogInit:  - bVerifyPeer = true  - Libcurl will verify peer certificate
LogInit:  - bUseHttpProxy = false  - Libcurl will NOT use HTTP proxy
LogInit:  - bDontReuseConnections = false  - Libcurl will reuse connections
LogInit:  - CertBundlePath = nullptr  - Libcurl will use whatever was configured at build time.
LogInit: Presizing for max 16777216 objects, including 0 objects not considered by GC, pre-allocating 0 bytes for permanent pool.
LogInit: Object subsystem initialized
[2016.08.04-01.22.46:002][  0]LogInit: Selected Device Profile: [Windows]
[2016.08.04-01.22.46:002][  0]LogInit: Applying CVar settings loaded from the selected device profile: [Windows]
[2016.08.04-01.22.46:007][  0]LogInit: Computer: PC
[2016.08.04-01.22.46:007][  0]LogInit: User: Olivia
[2016.08.04-01.22.46:007][  0]LogInit: CPU Page size=65536, Cores=4
[2016.08.04-01.22.46:007][  0]LogInit: High frequency timer resolution =3.417971 MHz
[2016.08.04-01.22.46:008][  0]LogMemory: Memory total: Physical=7.9GB (8GB approx)
[2016.08.04-01.22.46:008][  0]LogMemory: Platform Memory Stats for Windows
[2016.08.04-01.22.46:008][  0]LogMemory: Process Physical Memory: 310.19 MB used, 310.19 MB peak
[2016.08.04-01.22.46:008][  0]LogMemory: Process Virtual Memory: 315.18 MB used, 315.18 MB peak
[2016.08.04-01.22.46:008][  0]LogMemory: Physical Memory: 4409.13 MB used, 8066.59 MB total
[2016.08.04-01.22.46:008][  0]LogMemory: Virtual Memory: 627.13 MB used, 134217728.00 MB total
[2016.08.04-01.22.46:193][  0]LogTextLocalizationManager: No specific translations for ('en-US') exist, so ('en') translations will be used.
[2016.08.04-01.22.46:657][  0]LogD3D11RHI: D3D11 adapters:
[2016.08.04-01.22.46:663][  0]LogD3D11RHI:    0. 'AMD Radeon R9 200 Series' (Feature Level 11_0)
[2016.08.04-01.22.46:663][  0]LogD3D11RHI:       3051MB of dedicated video memory, 0MB of dedicated system memory, and 3840MB of shared system memory, 2 output[s]
[2016.08.04-01.22.46:667][  0]LogD3D11RHI:    1. 'Intel(R) HD Graphics 4600' (Feature Level 11_0)
[2016.08.04-01.22.46:667][  0]LogD3D11RHI:       128MB of dedicated video memory, 0MB of dedicated system memory, and 1792MB of shared system memory, 0 output[s]
[2016.08.04-01.22.46:668][  0]LogD3D11RHI:    2. 'Microsoft Basic Render Driver' (Feature Level 11_0)
[2016.08.04-01.22.46:668][  0]LogD3D11RHI:       0MB of dedicated video memory, 0MB of dedicated system memory, and 256MB of shared system memory, 0 output[s]
[2016.08.04-01.22.46:668][  0]LogD3D11RHI: Chosen D3D11 Adapter: 0
[2016.08.04-01.22.46:670][  0]LogD3D11RHI: Creating new Direct3DDevice
[2016.08.04-01.22.46:671][  0]LogD3D11RHI:     Adapter Name: AMD Radeon R9 200 Series
[2016.08.04-01.22.46:671][  0]LogD3D11RHI:   Driver Version: Unknown (internal Unknown)
[2016.08.04-01.22.46:671][  0]LogD3D11RHI:      Driver Date: Unknown
[2016.08.04-01.22.46:671][  0]LogRHI: Texture pool is 1361 MB (70% of 1945 MB)
[2016.08.04-01.22.46:675][  0]LogD3D11RHI: Async texture creation disabled: no driver support
[2016.08.04-01.22.46:687][  0]LogShaderCompilers: Guid format shader working directory is -19 characters bigger than the processId version (../../../../../../Users/Olivia/Documents/Unreal Projects/MyProject/Intermediate/Shaders/WorkingDirectory/8564/).
[2016.08.04-01.22.46:687][  0]LogShaderCompilers: Cleaned the shader compiler working directory 'C:/Users/Olivia/AppData/Local/Temp/UnrealShaderWorkingDir/C8BF480740BA589A9709A29FD4C41F24/'.
[2016.08.04-01.22.46:687][  0]LogShaderCompilers:Display: Using Local Shader Compiler.
[2016.08.04-01.23.56:036][  0]LogTemp:Display: Loaded TP AllDesktopTargetPlatform
[2016.08.04-01.23.56:218][  0]LogTemp:Display: Loaded TP WindowsClientTargetPlatform
[2016.08.04-01.23.56:261][  0]LogTemp:Display: Loaded TP WindowsNoEditorTargetPlatform
[2016.08.04-01.23.56:338][  0]LogTemp:Display: Loaded TP WindowsServerTargetPlatform
[2016.08.04-01.23.56:604][  0]LogTemp:Display: Loaded TP WindowsTargetPlatform
[2016.08.04-01.23.57:150][  0]LogTemp:Display: Loaded TP AndroidTargetPlatform
[2016.08.04-01.23.57:593][  0]LogTemp:Display: Loaded TP Android_ASTCTargetPlatform
[2016.08.04-01.23.57:767][  0]LogTemp:Display: Loaded TP Android_ATCTargetPlatform
[2016.08.04-01.23.58:004][  0]LogTemp:Display: Loaded TP Android_DXTTargetPlatform
[2016.08.04-01.23.58:174][  0]LogTemp:Display: Loaded TP Android_ETC1TargetPlatform
[2016.08.04-01.23.58:215][  0]LogTemp:Display: Loaded TP Android_ETC2TargetPlatform
[2016.08.04-01.23.58:580][  0]LogTemp:Display: Loaded TP Android_MultiTargetPlatform
[2016.08.04-01.23.58:580][  0]LogTemp:Display: Loaded TP Android_PVRTCTargetPlatform
[2016.08.04-01.23.58:683][  0]LogTemp:Display: Loaded TP HTML5TargetPlatform
[2016.08.04-01.23.59:318][  0]LogTemp:Display: Loaded TP IOSTargetPlatform
[2016.08.04-01.23.59:321][  0]LogTemp:Display: Loaded TP TVOSTargetPlatform
[2016.08.04-01.23.59:461][  0]LogTemp:Display: Loaded TP LinuxNoEditorTargetPlatform
[2016.08.04-01.23.59:682][  0]LogTemp:Display: Loaded TP LinuxServerTargetPlatform
[2016.08.04-01.24.00:017][  0]LogTemp:Display: Loaded TP LinuxTargetPlatform
[2016.08.04-01.24.00:017][  0]LogTargetPlatformManager:Display: Building Assets For Windows
[2016.08.04-01.24.04:345][  0]LogDerivedDataCache:Display: Max Cache Size: 512 MB
[2016.08.04-01.24.09:715][  0]LogDerivedDataCache: Loaded boot cache 5.37s 46MB C:/Users/Olivia/AppData/Local/UnrealEngine/4.11/DerivedDataCache/Boot.ddc.
[2016.08.04-01.24.09:715][  0]LogDerivedDataCache:Display: Loaded Boot cache: C:/Users/Olivia/AppData/Local/UnrealEngine/4.11/DerivedDataCache/Boot.ddc
[2016.08.04-01.24.09:716][  0]LogDerivedDataCache: FDerivedDataBackendGraph:  Pak pak cache file ../../../../../../Users/Olivia/Documents/Unreal Projects/MyProject/DerivedDataCache/DDC.ddp not found, will not use a pak cache.
[2016.08.04-01.24.09:716][  0]LogDerivedDataCache: Unable to find inner node Pak for hierarchical cache Hierarchy.
[2016.08.04-01.24.09:716][  0]LogDerivedDataCache: FDerivedDataBackendGraph:  CompressedPak pak cache file ../../../../../../Users/Olivia/Documents/Unreal Projects/MyProject/DerivedDataCache/Compressed.ddp not found, will not use a pak cache.
[2016.08.04-01.24.09:716][  0]LogDerivedDataCache: Unable to find inner node CompressedPak for hierarchical cache Hierarchy.
[2016.08.04-01.24.10:003][  0]LogDerivedDataCache:Display: Pak cache opened for reading ../../../Engine/DerivedDataCache/Compressed.ddp.
[2016.08.04-01.24.10:039][  0]LogDerivedDataCache: Using Local data cache path C:/Users/Olivia/AppData/Local/UnrealEngine/Common/DerivedDataCache: Writable
[2016.08.04-01.24.42:327][  0]LogInit: Selected Device Profile: [Windows]
[2016.08.04-01.24.42:614][  0]LogContentStreaming: Texture pool size is 0.00 MB
[2016.08.04-01.24.45:929][  0]LogMaterial: Uniform references updated for custom material expression Custom.
[2016.08.04-01.24.49:577][  0]LogMeshUtilities: No automatic mesh reduction module available
[2016.08.04-01.24.49:577][  0]LogMeshUtilities: No automatic mesh merging module available
[2016.08.04-01.24.49:577][  0]LogMeshUtilities: No distributed automatic mesh merging module available
[2016.08.04-01.25.03:376][  0]LogUObjectArray: 27679 objects as part of root set at end of initial load.
[2016.08.04-01.25.03:376][  0]LogUObjectAllocator: 5591592 out of 0 bytes used by permanent object pool.
[2016.08.04-01.25.03:376][  0]LogUObjectArray: CloseDisregardForGC: 0/0 objects in disregard for GC pool
[2016.08.04-01.25.03:496][  0]LogInit: WinSock: version 1.1 (2.2), MaxSocks=32767, MaxUdp=65467
[2016.08.04-01.25.12:183][  0]LogSlate: SlateFontCache - WITH_FREETYPE: 1, WITH_HARFBUZZ: 1
[2016.08.04-01.25.12:213][  0]LogSlate: SlateFontCache - WITH_FREETYPE: 1, WITH_HARFBUZZ: 1
[2016.08.04-01.25.22:994][  0]LogStreaming:Warning: Failed to read file '../../../Engine/Content/Editor/Slate/Common/Selection_16x.png' error.
[2016.08.04-01.25.22:994][  0]LogSlate: Could not find file for Slate resource: ../../../Engine/Content/Editor/Slate/Common/Selection_16x.png
[2016.08.04-01.25.23:013][  0]LogStreaming:Warning: Failed to read file '../../../Engine/Content/Editor/Slate/Common/Selection_16x.png' error.
[2016.08.04-01.25.23:013][  0]LogSlate: Could not find file for Slate resource: ../../../Engine/Content/Editor/Slate/Common/Selection_16x.png
[2016.08.04-01.25.23:014][  0]LogStreaming:Warning: Failed to read file '../../../Engine/Content/Editor/Slate/Common/Selection_16x.png' error.
[2016.08.04-01.25.23:014][  0]LogSlate: Could not find file for Slate resource: ../../../Engine/Content/Editor/Slate/Common/Selection_16x.png
[2016.08.04-01.25.39:188][  0]LogUdpMessaging: Initializing bridge on interface 0.0.0.0:0 to multicast group 230.0.0.1:6666.
[2016.08.04-01.25.39:813][  0]LogAssetRegistry: FAssetRegistry took 0.0240 seconds to start up
[2016.08.04-01.25.47:636][  0]SourceControl: Info Source control is disabled
[2016.08.04-01.25.47:645][  0]SourceControl: Info Source control is disabled
[2016.08.04-01.25.47:767][  0]SourceControl: Info Source control is disabled
[2016.08.04-01.25.47:963][  0]SourceControl: Info Source control is disabled
[2016.08.04-01.25.48:704][  0]LogHMD: Failed to initialize OpenVR with code 110
[2016.08.04-01.25.49:602][  0]LogEngine: Initializing Engine...
[2016.08.04-01.25.51:179][  0]LogAIModule: Creating AISystem for world NewWorld
[2016.08.04-01.25.51:344][  0]LogInit: XAudio2 using 'Speakers (2- High Definition Audio Device)' : 2 channels at 44.1 kHz using 16 bits per sample (channel mask 0x3)
[2016.08.04-01.25.51:467][  0]LogInit: FAudioDevice initialized.
[2016.08.04-01.25.51:535][  0]LogDerivedDataCache: Saved boot cache 0.07s 46MB C:/Users/Olivia/AppData/Local/UnrealEngine/4.11/DerivedDataCache/Boot.ddc.
[2016.08.04-01.25.51:564][  0]LogInit: Texture streaming: Enabled
[2016.08.04-01.25.52:320][  0]LogInit: Transaction tracking system initialized
[2016.08.04-01.25.52:690][  0]BlueprintLog: New page: Editor Load
[2016.08.04-01.25.53:906][  0]LocalizationService: Info Localization service is disabled
[2016.08.04-01.25.54:941][  0]LogConsoleResponse:Display: 
[2016.08.04-01.26.00:009][  0]LogFileCache: Scanning file cache for directory 'C:/Users/Olivia/Documents/Unreal Projects/MyProject/Content/' took 0.07s
[2016.08.04-01.26.00:009][  0]LogCook:Display: Max memory allowance for cook 8192mb
[2016.08.04-01.26.00:009][  0]LogCook:Display: Mobile HDR setting 1
[2016.08.04-01.26.00:034][  0]LogCook:Display: Done creating registry. It took  0.00s.
[2016.08.04-01.26.02:933][  0]SourceControl: Info Source control is disabled
[2016.08.04-01.26.03:285][  0]Cmd: MAP LOAD FILE="../../../../../../Users/Olivia/Documents/Unreal Projects/MyProject/Content/StarterContent/Maps/Minimal_Default.umap" TEMPLATE=0 SHOWPROGRESS=1 FEATURELEVEL=3
[2016.08.04-01.26.03:413][  0]LightingResults: New page: Lighting Build
[2016.08.04-01.26.04:274][  0]MapCheck: New page: Map Check
[2016.08.04-01.26.04:274][  0]LightingResults: New page: Lighting Build
[2016.08.04-01.26.13:352][  0]LogAIModule: Creating AISystem for world Minimal_Default
[2016.08.04-01.26.14:265][  0]LogEditorServer: Finished looking for orphan Actors (0.000 secs)
[2016.08.04-01.26.14:314][  0]Cmd: MAP CHECKDEP NOCLEARLOG
[2016.08.04-01.26.14:354][  0]MapCheck: Info Map check complete: 0 Error(s), 0 Warning(s), took 39.919ms to complete.
[2016.08.04-01.26.14:354][  0]LogFileHelpers: Loading map 'Minimal_Default' took 11.139
[2016.08.04-01.26.15:936][  0]LogCollectionManager: Loaded 0 collections in 0.003077 seconds
[2016.08.04-01.26.16:299][  0]LogFileCache: Scanning file cache for directory 'C:/Users/Olivia/Documents/Unreal Projects/MyProject/Saved/Collections/' took 0.01s
[2016.08.04-01.26.16:299][  0]LogFileCache: Scanning file cache for directory 'C:/Users/Olivia/Documents/Unreal Projects/MyProject/Content/Developers/Olivia/Collections/' took 0.01s
[2016.08.04-01.26.16:299][  0]LogFileCache: Scanning file cache for directory 'C:/Users/Olivia/Documents/Unreal Projects/MyProject/Content/Collections/' took 0.01s
[2016.08.04-01.26.16:299][  0]LogCollectionManager: Rebuilt the GUID cache for 0 collections in 0.000002 seconds
[2016.08.04-01.26.16:313][  0]LogContentBrowser: Native class hierarchy populated in 0.0113 seconds. Added 1979 classes and 343 folders.
[2016.08.04-01.26.16:380][  0]LogStats: UGameplayTagsManager::ConstructGameplayTagTree: Construct from data asset -  0.000 s
[2016.08.04-01.26.16:380][  0]LogStats: UGameplayTagsManager::ConstructGameplayTagTree: GameplayTagTreeChangedEvent.Broadcast -  0.000 s
[2016.08.04-01.26.16:381][  0]LogContentBrowser: Native class hierarchy updated for 'GameplayTags' in 0.0004 seconds. Added 12 classes and 0 folders.
[2016.08.04-01.26.16:405][  0]LogContentBrowser: Native class hierarchy updated for 'WidgetCarousel' in 0.0003 seconds. Added 0 classes and 0 folders.
[2016.08.04-01.26.16:625][  0]LogContentBrowser: Native class hierarchy updated for 'SuperSearch' in 0.0004 seconds. Added 1 classes and 2 folders.
[2016.08.04-01.26.18:339][  0]LogContentBrowser: Native class hierarchy updated for 'AddContentDialog' in 0.0005 seconds. Added 0 classes and 0 folders.
[2016.08.04-01.26.18:423][  0]LogContentBrowser: Native class hierarchy updated for 'SceneOutliner' in 0.0005 seconds. Added 1 classes and 2 folders.
[2016.08.04-01.26.19:261][  0]LogCrashTracker: Crashtracker disabled due to settings.
[2016.08.04-01.26.19:493][  0]LogUObjectGlobals:Warning: Failed to find object 'Class None.'
[2016.08.04-01.26.19:626][  0]LogContentBrowser: Native class hierarchy updated for 'HierarchicalLODOutliner' in 0.0004 seconds. Added 1 classes and 2 folders.
[2016.08.04-01.26.19:627][  0]LogLoad: Full Startup: 216.85 seconds (BP compile: 0.58 seconds)
[2016.08.04-01.26.19:627][  0]LogExternalProfiler:Warning: No registered external profiler was matched with a command-line switch (or the DLL could not be loaded).  External profiling features will not be available.
[2016.08.04-01.26.19:666][  0]LogWindowsTextInputMethodSystem:Display: IME system now deactivated.
[2016.08.04-01.26.19:666][  0]LogWindowsTextInputMethodSystem:Display: IME system now deactivated.
[2016.08.04-01.26.19:687][  0]LogOcInput: OculusInput pre-init called
[2016.08.04-01.26.20:577][  0]LogContentStreaming: Texture pool size now 1000 MB
[2016.08.04-01.26.22:208][  0]LogRenderer: Reallocating scene render targets to support 1168x600 (Frame:2).
[2016.08.04-01.26.22:649][  1]LogAssetRegistry: Asset discovery search completed in 42.8589 seconds
[2016.08.04-01.26.22:688][  1]LogCollectionManager: Rebuilt the object cache for 0 collections in 0.000001 seconds (found 0 objects)
[2016.08.04-01.26.22:688][  1]LogCollectionManager: Fixed up redirectors for 0 collections in 0.039273 seconds (updated 0 objects)
[2016.08.04-01.28.43:639][599]LogEditorViewport: Clicking on Actor (LMB): StaticMeshActor (floor)
[2016.08.04-01.29.21:462][469]LogMaterial:Warning: Material /Game/help/mats/cloth.cloth needed to have new flag set bUsedWithStaticLighting !
[2016.08.04-01.29.21:463][469]LogMaterial: Missing cached shader map for material cloth, compiling. 
[2016.08.04-01.29.21:587][469]LogMaterial: 0.00 seconds spent updating 1 materials, 1 interfaces, 0 instances, 0 with static permutations.
[2016.08.04-01.29.59:110][135]LogFactory: FactoryCreateBinary: Texture with ReimportTextureFactory (0 0 C:\Users\Olivia\Desktop\adv3d\normals\clothn.tga)
[2016.08.04-01.30.00:403][135]LogTexture:Display: Building textures: clothn (BC5)
[2016.08.04-01.30.03:883][445]LogMaterial: Missing cached shader map for material cloth, compiling. 
[2016.08.04-01.30.04:146][445]LogMaterial: Missing cached shader map for material cloth, compiling. 
[2016.08.04-01.30.04:151][445]LogMaterial: 0.00 seconds spent updating 1 materials, 1 interfaces, 0 instances, 0 with static permutations.
[2016.08.04-01.30.06:332][623]MaterialEditorStats: Info Base pass shader with static lighting: 51 instructions
[2016.08.04-01.30.06:332][623]MaterialEditorStats: Info Base pass shader with only dynamic lighting: 22 instructions
[2016.08.04-01.30.06:332][623]MaterialEditorStats: Info Vertex shader: 29 instructions
[2016.08.04-01.30.06:332][623]MaterialEditorStats: Info Texture samplers: 2/16
[2016.08.04-01.30.08:876][875]LogMaterial: Missing cached shader map for material cloth, compiling. 
[2016.08.04-01.30.08:881][875]LogMaterial: 0.00 seconds spent updating 1 materials, 1 interfaces, 0 instances, 0 with static permutations.
[2016.08.04-01.30.08:910][875]LogMaterial: Missing cached shader map for material FMatExpressionPreview MaterialExpressionTextureSample_0, compiling. 
[2016.08.04-01.30.08:956][875]LogMaterial: Missing cached shader map for material FMatExpressionPreview MaterialExpressionTextureSample_0, compiling. 
[2016.08.04-01.30.11:072][ 89]MaterialEditorStats: Info Base pass shader with static lighting: 51 instructions
[2016.08.04-01.30.11:072][ 89]MaterialEditorStats: Info Base pass shader with only dynamic lighting: 22 instructions
[2016.08.04-01.30.11:072][ 89]MaterialEditorStats: Info Vertex shader: 29 instructions
[2016.08.04-01.30.11:072][ 89]MaterialEditorStats: Info Texture samplers: 2/16
[2016.08.04-01.30.13:331][342]LogMaterial: Missing cached shader map for material cloth, compiling. 
[2016.08.04-01.30.13:336][342]LogMaterial: 0.00 seconds spent updating 1 materials, 1 interfaces, 0 instances, 0 with static permutations.
[2016.08.04-01.30.13:369][342]LogMaterial: Missing cached shader map for material FMatExpressionPreview MaterialExpressionTextureSample_0, compiling. 
[2016.08.04-01.30.15:274][405]MaterialEditorStats: Info Base pass shader with static lighting: 66 instructions
[2016.08.04-01.30.15:274][405]MaterialEditorStats: Info Base pass shader with only dynamic lighting: 37 instructions
[2016.08.04-01.30.15:274][405]MaterialEditorStats: Info Vertex shader: 31 instructions
[2016.08.04-01.30.15:274][405]MaterialEditorStats: Info Texture samplers: 3/16
[2016.08.04-01.30.37:213][820]LogFactory: FactoryCreateBinary: Texture with ReimportTextureFactory (0 0 C:\Users\Olivia\Desktop\adv3d\normals\clothd.tga)
[2016.08.04-01.30.37:323][820]LogTexture:Display: Building textures: clothd (AutoDXT)
[2016.08.04-01.30.40:892][887]LogMaterialEditor: Applying material cloth
[2016.08.04-01.30.41:261][887]LogMaterial: Missing cached shader map for material cloth, compiling. 
[2016.08.04-01.30.41:275][887]LogMaterial: 0.00 seconds spent updating 1 materials, 1 interfaces, 0 instances, 0 with static permutations.
[2016.08.04-01.30.41:314][887]LogMaterial: Missing cached shader map for material cloth, compiling. 
[2016.08.04-01.30.41:337][887]LogMaterial: Missing cached shader map for material cloth, compiling. 
[2016.08.04-01.30.41:346][887]LogMaterial: 0.00 seconds spent updating 1 materials, 1 interfaces, 0 instances, 0 with static permutations.
[2016.08.04-01.30.43:317][ 74]LogMaterial: Missing cached shader map for material cloth, compiling. 
[2016.08.04-01.30.43:322][ 74]LogMaterial: 0.00 seconds spent updating 1 materials, 1 interfaces, 0 instances, 0 with static permutations.
[2016.08.04-01.30.43:332][ 74]LogMaterial: Missing cached shader map for material FMatExpressionPreview MaterialExpressionTextureSample_1, compiling. 
[2016.08.04-01.30.43:369][ 74]LogMaterial: Missing cached shader map for material FMatExpressionPreview MaterialExpressionTextureSample_0, compiling. 
[2016.08.04-01.30.43:384][ 74]LogMaterial: Missing cached shader map for material FMatExpressionPreview MaterialExpressionTextureSample_1, compiling. 
[2016.08.04-01.30.45:162][252]LogMaterial: Missing cached shader map for material cloth, compiling. 
[2016.08.04-01.30.45:168][252]LogMaterial: 0.00 seconds spent updating 1 materials, 1 interfaces, 0 instances, 0 with static permutations.
[2016.08.04-01.30.45:194][252]LogMaterial: Missing cached shader map for material FMatExpressionPreview MaterialExpressionTextureSample_1, compiling. 
[2016.08.04-01.30.46:926][316]LogSavePackage: Save=284.70ms
[2016.08.04-01.30.46:926][316]LogSavePackage: Moving '../../../../../../Users/Olivia/Documents/Unreal Projects/MyProject/Saved/Minimal_DefaultCE6BD3A84F04EA6B044B9E963530AD61.tmp' to '../../../../../../Users/Olivia/Documents/Unreal Projects/MyProject/Content/StarterContent/Maps/Minimal_Default.umap'
[2016.08.04-01.30.46:928][316]LogSavePackage: Total save time: 935.07ms
[2016.08.04-01.30.46:928][316]LogSavePackage:Display: Finished SavePackage ../../../../../../Users/Olivia/Documents/Unreal Projects/MyProject/Content/StarterContent/Maps/Minimal_Default.umap
[2016.08.04-01.30.46:944][316]LogFileHelpers: Saving map 'Minimal_Default' took 1.065
[2016.08.04-01.30.48:655][316]Cmd: OBJ SAVEPACKAGE PACKAGE="/Game/help/mats/cloth" FILE="../../../../../../Users/Olivia/Documents/Unreal Projects/MyProject/Content/help/mats/cloth.uasset" SILENT=true
[2016.08.04-01.30.48:665][316]LogSavePackage: Save=9.02ms
[2016.08.04-01.30.48:665][316]LogSavePackage: Moving '../../../../../../Users/Olivia/Documents/Unreal Projects/MyProject/Saved/cloth8A28F0014D442339C7DDBDB3079683AD.tmp' to '../../../../../../Users/Olivia/Documents/Unreal Projects/MyProject/Content/help/mats/cloth.uasset'
[2016.08.04-01.30.48:666][316]LogSavePackage: Total save time: 10.00ms
[2016.08.04-01.30.48:666][316]LogSavePackage:Display: Finished SavePackage ../../../../../../Users/Olivia/Documents/Unreal Projects/MyProject/Content/help/mats/cloth.uasset
[2016.08.04-01.30.48:676][316]Cmd: OBJ SAVEPACKAGE PACKAGE="/Game/help/mats/clothn" FILE="../../../../../../Users/Olivia/Documents/Unreal Projects/MyProject/Content/help/mats/clothn.uasset" SILENT=true
[2016.08.04-01.30.49:047][316]LogSavePackage: Save=370.43ms
[2016.08.04-01.30.49:047][316]LogSavePackage: Moving '../../../../../../Users/Olivia/Documents/Unreal Projects/MyProject/Saved/clothn0ACD98634F10E33615CD248ADAE29A23.tmp' to '../../../../../../Users/Olivia/Documents/Unreal Projects/MyProject/Content/help/mats/clothn.uasset'
[2016.08.04-01.30.49:048][316]LogSavePackage: Total save time: 371.50ms
[2016.08.04-01.30.49:048][316]LogSavePackage:Display: Finished SavePackage ../../../../../../Users/Olivia/Documents/Unreal Projects/MyProject/Content/help/mats/clothn.uasset
[2016.08.04-01.30.49:058][316]Cmd: OBJ SAVEPACKAGE PACKAGE="/Game/help/mats/clothd" FILE="../../../../../../Users/Olivia/Documents/Unreal Projects/MyProject/Content/help/mats/clothd.uasset" SILENT=true
[2016.08.04-01.30.49:449][316]LogSavePackage: Save=390.47ms
[2016.08.04-01.30.49:449][316]LogSavePackage: Moving '../../../../../../Users/Olivia/Documents/Unreal Projects/MyProject/Saved/clothd49F0DE7E4584616101221BBA7A7988BD.tmp' to '../../../../../../Users/Olivia/Documents/Unreal Projects/MyProject/Content/help/mats/clothd.uasset'
[2016.08.04-01.30.49:450][316]LogSavePackage: Total save time: 391.54ms
[2016.08.04-01.30.49:450][316]LogSavePackage:Display: Finished SavePackage ../../../../../../Users/Olivia/Documents/Unreal Projects/MyProject/Content/help/mats/clothd.uasset
[2016.08.04-01.30.49:454][316]MaterialEditorStats: Info Base pass shader with static lighting: 67 instructions
[2016.08.04-01.30.49:454][316]MaterialEditorStats: Info Base pass shader with only dynamic lighting: 38 instructions
[2016.08.04-01.30.49:454][316]MaterialEditorStats: Info Vertex shader: 31 instructions
[2016.08.04-01.30.49:454][316]MaterialEditorStats: Info Texture samplers: 4/16
[2016.08.04-01.30.59:698][400]LogEditorViewport: Clicking on Actor (LMB): StaticMeshActor (Wall_400x210)
[2016.08.04-01.31.03:260][768]Cmd: DELETE
[2016.08.04-01.31.03:260][768]Cmd: ACTOR DELETE
[2016.08.04-01.31.06:347][768]LogEditorActor: Deleted Actor: StaticMeshActor
[2016.08.04-01.31.09:044][768]LogEditorActor: Deleted Actor: StaticMeshActor
[2016.08.04-01.31.09:044][768]LogEditorActor: Deleted Actor: StaticMeshActor
[2016.08.04-01.31.09:045][768]LogEditorActor: Deleted Actor: StaticMeshActor
[2016.08.04-01.31.09:045][768]LogEditorActor: Deleted Actor: StaticMeshActor
[2016.08.04-01.31.09:045][768]LogEditorActor: Deleted Actor: StaticMeshActor
[2016.08.04-01.31.09:045][768]LogEditorActor: Deleted Actor: StaticMeshActor
[2016.08.04-01.31.09:045][768]LogEditorActor: Deleted Actor: StaticMeshActor
[2016.08.04-01.31.09:046][768]LogEditorActor: Deleted Actor: StaticMeshActor
[2016.08.04-01.31.09:046][768]LogEditorActor: Deleted Actor: StaticMeshActor
[2016.08.04-01.31.09:046][768]LogEditorActor: Deleted Actor: StaticMeshActor
[2016.08.04-01.31.09:046][768]LogEditorActor: Deleted Actor: StaticMeshActor
[2016.08.04-01.31.09:046][768]LogEditorActor: Deleted Actor: StaticMeshActor
[2016.08.04-01.31.09:047][768]LogEditorActor: Deleted Actor: StaticMeshActor
[2016.08.04-01.31.09:047][768]LogEditorActor: Deleted Actor: StaticMeshActor
[2016.08.04-01.31.09:053][768]LogEditorActor: Deleted 15 Actors (5.611 secs)
[2016.08.04-01.31.10:066][887]LogEditorViewport: Clicking on Actor (LMB): StaticMeshActor (BLOCK_THE_LGIHT)
[2016.08.04-01.31.12:757][172]Cmd: DELETE
[2016.08.04-01.31.12:757][172]Cmd: ACTOR DELETE
[2016.08.04-01.31.12:757][172]LogEditorActor: Deleted Actor: StaticMeshActor
[2016.08.04-01.31.12:766][172]LogEditorActor: Deleted 1 Actors (0.009 secs)
[2016.08.04-01.31.21:042][136]LogEditorViewport: Clicking on Actor (LMB): StaticMeshActor (basket_cloth)
[2016.08.04-01.31.22:120][248]LogEditorViewport: Clicking on Actor (CTRL LMB): StaticMeshActor (wheelie_lcoth)
[2016.08.04-01.31.23:789][426]LogEditorViewport: Clicking on Actor (CTRL LMB): StaticMeshActor (counter_cloth)
[2016.08.04-01.31.31:170][181]LogMaterialEditor: Applying material cloth
[2016.08.04-01.31.31:515][181]LogMaterial: Missing cached shader map for material cloth, compiling. 
[2016.08.04-01.31.31:528][181]LogMaterial: 0.00 seconds spent updating 1 materials, 1 interfaces, 0 instances, 0 with static permutations.
[2016.08.04-01.31.31:551][181]LogMaterial: Missing cached shader map for material cloth, compiling. 
[2016.08.04-01.31.31:571][181]LogMaterial: Missing cached shader map for material cloth, compiling. 
[2016.08.04-01.31.31:581][181]LogMaterial: 0.00 seconds spent updating 1 materials, 1 interfaces, 0 instances, 0 with static permutations.
[2016.08.04-01.31.38:542][870]LogEditorViewport: Clicking on Actor (LMB): StaticMeshActor (floor)
[2016.08.04-01.31.39:368][951]MaterialEditorStats: Info Base pass shader with static lighting: 95 instructions
[2016.08.04-01.31.39:368][951]MaterialEditorStats: Info Base pass shader with only dynamic lighting: 65 instructions
[2016.08.04-01.31.39:368][951]MaterialEditorStats: Info Vertex shader: 31 instructions
[2016.08.04-01.31.39:368][951]MaterialEditorStats: Info Texture samplers: 5/16
[2016.08.04-01.31.42:540][227]Cmd: TRANSACTION UNDO
[2016.08.04-01.31.42:540][227]LogEditorTransaction: Undo Clicking on Actors
[2016.08.04-01.31.42:573][227]LogMaterial: Missing cached shader map for material cloth, compiling. 
[2016.08.04-01.31.42:578][227]LogMaterial: 0.00 seconds spent updating 1 materials, 1 interfaces, 0 instances, 0 with static permutations.
[2016.08.04-01.31.44:793][434]MaterialEditorStats: Info Base pass shader with static lighting: 67 instructions
[2016.08.04-01.31.44:793][434]MaterialEditorStats: Info Base pass shader with only dynamic lighting: 38 instructions
[2016.08.04-01.31.44:793][434]MaterialEditorStats: Info Vertex shader: 31 instructions
[2016.08.04-01.31.44:793][434]MaterialEditorStats: Info Texture samplers: 4/16
[2016.08.04-01.31.47:283][704]LogEditorViewport: Clicking on Actor (LMB): StaticMeshActor (floor)
[2016.08.04-01.32.03:045][240]LogEditorViewport: Clicking on Actor (LMB): StaticMeshActor (wheelie_lcoth)
[2016.08.04-01.32.05:836][540]Cmd: TRANSACTION UNDO
[2016.08.04-01.32.05:836][540]LogEditorTransaction: Undo Move Actors
[2016.08.04-01.32.05:849][540]LogMaterial: Missing cached shader map for material cloth, compiling. 
[2016.08.04-01.32.05:854][540]LogMaterial: 0.00 seconds spent updating 1 materials, 1 interfaces, 0 instances, 0 with static permutations.
[2016.08.04-01.32.08:432][781]MaterialEditorStats: Info Base pass shader with static lighting: 67 instructions
[2016.08.04-01.32.08:432][781]MaterialEditorStats: Info Base pass shader with only dynamic lighting: 38 instructions
[2016.08.04-01.32.08:432][781]MaterialEditorStats: Info Vertex shader: 31 instructions
[2016.08.04-01.32.08:432][781]MaterialEditorStats: Info Texture samplers: 4/16
[2016.08.04-01.32.10:875][ 34]LogEditorViewport: Clicking on Actor (LMB): StaticMeshActor (floor)
[2016.08.04-01.32.23:199][241]LogEditorFactories: Performing atomic reimport of [C:/Users/Olivia/Desktop/adv3d/normals/board textn.tga]
[2016.08.04-01.32.23:199][241]LogFactory: FactoryCreateBinary: Texture2D with ReimportTextureFactory (0 0 C:/Users/Olivia/Desktop/adv3d/normals/board textn.tga)
[2016.08.04-01.32.25:064][241]LogTexture:Display: Building textures: board_textn (AutoDXT)
[2016.08.04-01.32.30:039][241]LogEditorFactories: -- imported successfully
[2016.08.04-01.32.30:084][241]LogEditorFactories: Performing atomic reimport of [C:/Users/Olivia/Desktop/adv3d/normals/board text.tga]
[2016.08.04-01.32.30:084][241]LogFactory: FactoryCreateBinary: Texture2D with ReimportTextureFactory (0 0 C:/Users/Olivia/Desktop/adv3d/normals/board text.tga)
[2016.08.04-01.32.31:379][241]LogTexture:Display: Building textures: board_text (AutoDXT)
[2016.08.04-01.32.31:980][241]LogEditorFactories: -- imported successfully
[2016.08.04-01.33.44:813][580]LogMaterial: Missing cached shader map for material cloth, compiling. 
[2016.08.04-01.33.44:826][580]LogMaterial: 0.00 seconds spent updating 1 materials, 1 interfaces, 0 instances, 0 with static permutations.
[2016.08.04-01.33.44:869][580]LogMaterial: Missing cached shader map for material cloth, compiling. 
[2016.08.04-01.33.44:888][580]LogMaterial: Missing cached shader map for material cloth, compiling. 
[2016.08.04-01.33.44:898][580]LogMaterial: 0.00 seconds spent updating 1 materials, 1 interfaces, 0 instances, 0 with static permutations.
[2016.08.04-01.34.02:553][532]LogEditorViewport: Clicking on Actor (context menu): StaticMeshActor (floor)
[2016.08.04-01.34.15:090][418]LogActorFactory: Actor Factory created stack
[2016.08.04-01.34.18:927][876]LogActorFactory: Actor Factory created stack
[2016.08.04-01.35.02:886][638]LogEditorViewport: Clicking on Actor (LMB): StaticMeshActor (stack2)
[2016.08.04-01.35.13:703][821]LogEditorViewport: Clicking on Actor (LMB): StaticMeshActor (stack)
[2016.08.04-01.35.16:718][179]LogEditorViewport: Clicking on Actor (LMB): StaticMeshActor (trolley2)
[2016.08.04-01.35.17:385][256]LogEditorViewport: Clicking on Actor (LMB): StaticMeshActor (stack2)
[2016.08.04-01.35.19:874][550]LogEditorViewport: Clicking on Actor (LMB): StaticMeshActor (stack)
[2016.08.04-01.36.59:733][962]LogSavePackage: Save=225.15ms
[2016.08.04-01.36.59:733][962]LogSavePackage: Moving '../../../../../../Users/Olivia/Documents/Unreal Projects/MyProject/Saved/Minimal_DefaultEC90211A487A6FACF0CA589E7DF83005.tmp' to '../../../../../../Users/Olivia/Documents/Unreal Projects/MyProject/Content/StarterContent/Maps/Minimal_Default.umap'
[2016.08.04-01.36.59:734][962]LogSavePackage: Total save time: 251.46ms
[2016.08.04-01.36.59:734][962]LogSavePackage:Display: Finished SavePackage ../../../../../../Users/Olivia/Documents/Unreal Projects/MyProject/Content/StarterContent/Maps/Minimal_Default.umap
[2016.08.04-01.36.59:749][962]LogFileHelpers: Saving map 'Minimal_Default' took 0.301
[2016.08.04-01.36.59:760][962]Cmd: OBJ SAVEPACKAGE PACKAGE="/Game/help/mats/board_text" FILE="../../../../../../Users/Olivia/Documents/Unreal Projects/MyProject/Content/help/mats/board_text.uasset" SILENT=true
[2016.08.04-01.36.59:896][962]LogSavePackage: Save=130.71ms
[2016.08.04-01.36.59:896][962]LogSavePackage: Moving '../../../../../../Users/Olivia/Documents/Unreal Projects/MyProject/Saved/board_text43E725A4474F9DF50A452AB5D3006B16.tmp' to '../../../../../../Users/Olivia/Documents/Unreal Projects/MyProject/Content/help/mats/board_text.uasset'
[2016.08.04-01.36.59:898][962]LogSavePackage: Total save time: 137.51ms
[2016.08.04-01.36.59:898][962]LogSavePackage:Display: Finished SavePackage ../../../../../../Users/Olivia/Documents/Unreal Projects/MyProject/Content/help/mats/board_text.uasset
[2016.08.04-01.36.59:908][962]Cmd: OBJ SAVEPACKAGE PACKAGE="/Game/help/mats/board_textn" FILE="../../../../../../Users/Olivia/Documents/Unreal Projects/MyProject/Content/help/mats/board_textn.uasset" SILENT=true
[2016.08.04-01.37.00:337][962]LogSavePackage: Save=354.05ms
[2016.08.04-01.37.00:337][962]LogSavePackage: Moving '../../../../../../Users/Olivia/Documents/Unreal Projects/MyProject/Saved/board_textn56379D324CA19D49041465939505FED8.tmp' to '../../../../../../Users/Olivia/Documents/Unreal Projects/MyProject/Content/help/mats/board_textn.uasset'
[2016.08.04-01.37.00:338][962]LogSavePackage: Total save time: 429.10ms
[2016.08.04-01.37.00:338][962]LogSavePackage:Display: Finished SavePackage ../../../../../../Users/Olivia/Documents/Unreal Projects/MyProject/Content/help/mats/board_textn.uasset
[2016.08.04-01.37.00:355][962]Cmd: OBJ SAVEPACKAGE PACKAGE="/Game/help/mats/cloth" FILE="../../../../../../Users/Olivia/Documents/Unreal Projects/MyProject/Content/help/mats/cloth.uasset" SILENT=true
[2016.08.04-01.37.00:371][962]LogSavePackage: Save=9.75ms
[2016.08.04-01.37.00:371][962]LogSavePackage: Moving '../../../../../../Users/Olivia/Documents/Unreal Projects/MyProject/Saved/cloth955B411F46090E1D55141198E51EF53F.tmp' to '../../../../../../Users/Olivia/Documents/Unreal Projects/MyProject/Content/help/mats/cloth.uasset'
[2016.08.04-01.37.00:372][962]LogSavePackage: Total save time: 16.35ms
[2016.08.04-01.37.00:372][962]LogSavePackage:Display: Finished SavePackage ../../../../../../Users/Olivia/Documents/Unreal Projects/MyProject/Content/help/mats/cloth.uasset
[2016.08.04-01.37.02:173][170]LogWindowsTextInputMethodSystem:Display: IME system now deactivated.
[2016.08.04-01.37.02:173][170]LogWindowsTextInputMethodSystem:Display: IME system now deactivated.
[2016.08.04-01.37.02:399][171]Cmd: QUIT_EDITOR
[2016.08.04-01.37.02:596][171]LogExit: Preparing to exit.
[2016.08.04-01.37.03:033][171]LogExit: Editor shut down
[2016.08.04-01.37.03:033][171]LogExit: Transaction tracking system shut down
[2016.08.04-01.37.03:429][171]LogObj: Freed 0b from 0 cluster array pools.
[2016.08.04-01.37.03:429][171]LogExit: Object subsystem successfully closed.
[2016.08.04-01.37.03:521][171]LogD3D11RHI: Shutdown
[2016.08.04-01.37.03:521][171]LogD3D11RHI: CleanupD3DDevice
[2016.08.04-01.37.03:562][171]LogD3D11RHI: ~FD3D11DynamicRHI
[2016.08.04-01.37.03:643][171]LogDerivedDataCache: Shutdown
[2016.08.04-01.37.03:853][171]LogModuleManager: Shutting down and abandoning module MaterialEditor (205)
[2016.08.04-01.37.03:853][171]LogModuleManager: Shutting down and abandoning module HierarchicalLODOutliner (204)
[2016.08.04-01.37.03:864][171]LogModuleManager: Shutting down and abandoning module CrashTracker (203)
[2016.08.04-01.37.03:864][171]LogModuleManager: Shutting down and abandoning module SceneOutliner (202)
[2016.08.04-01.37.03:864][171]LogModuleManager: Shutting down and abandoning module SuperSearch (201)
[2016.08.04-01.37.03:864][171]LogModuleManager: Shutting down and abandoning module WidgetCarousel (200)
[2016.08.04-01.37.03:864][171]LogModuleManager: Shutting down and abandoning module AddContentDialog (199)
[2016.08.04-01.37.03:865][171]LogModuleManager: Shutting down and abandoning module GameplayTags (198)
[2016.08.04-01.37.03:865][171]LogModuleManager: Shutting down and abandoning module EditorWidgets (197)
[2016.08.04-01.37.03:865][171]LogModuleManager: Shutting down and abandoning module CollectionManager (196)
[2016.08.04-01.37.03:865][171]LogModuleManager: Shutting down and abandoning module StatsViewer (195)
[2016.08.04-01.37.03:883][171]LogModuleManager: Shutting down and abandoning module FoliageEdit (194)
[2016.08.04-01.37.03:883][171]LogModuleManager: Shutting down and abandoning module LandscapeEditor (193)
[2016.08.04-01.37.03:892][171]LogModuleManager: Shutting down and abandoning module ActorPickerMode (192)
[2016.08.04-01.37.03:892][171]LogModuleManager: Shutting down and abandoning module GeometryMode (191)
[2016.08.04-01.37.03:892][171]LogModuleManager: Shutting down and abandoning module TextureAlignMode (190)
[2016.08.04-01.37.03:892][171]LogModuleManager: Shutting down and abandoning module BspMode (189)
[2016.08.04-01.37.03:892][171]LogModuleManager: Shutting down and abandoning module PlacementMode (188)
[2016.08.04-01.37.03:892][171]LogModuleManager: Shutting down and abandoning module AutomationWorker (187)
[2016.08.04-01.37.03:892][171]LogModuleManager: Shutting down and abandoning module CharacterAI (186)
[2016.08.04-01.37.03:892][171]LogModuleManager: Shutting down and abandoning module SmartSnapping (185)
[2016.08.04-01.37.03:892][171]LogModuleManager: Shutting down and abandoning module ViewportSnapping (184)
[2016.08.04-01.37.03:892][171]LogModuleManager: Shutting down and abandoning module LogVisualizer (183)
[2016.08.04-01.37.03:951][171]LogModuleManager: Shutting down and abandoning module GameProjectGeneration (182)
[2016.08.04-01.37.03:968][171]LogModuleManager: Shutting down and abandoning module IntroTutorials (181)
[2016.08.04-01.37.03:972][171]LogModuleManager: Shutting down and abandoning module EditorLiveStreaming (180)
[2016.08.04-01.37.03:972][171]LogModuleManager: Shutting down and abandoning module IOSPlatformEditor (179)
[2016.08.04-01.37.03:972][171]LogModuleManager: Shutting down and abandoning module HTML5PlatformEditor (178)
[2016.08.04-01.37.03:972][171]LogModuleManager: Shutting down and abandoning module AndroidDeviceDetection (177)
[2016.08.04-01.37.04:943][171]LogModuleManager: Shutting down and abandoning module AndroidPlatformEditor (176)
[2016.08.04-01.37.04:943][171]LogModuleManager: Shutting down and abandoning module IOSRuntimeSettings (175)
[2016.08.04-01.37.04:943][171]LogModuleManager: Shutting down and abandoning module AndroidRuntimeSettings (174)
[2016.08.04-01.37.04:943][171]LogModuleManager: Shutting down and abandoning module MergeActors (173)
[2016.08.04-01.37.04:953][171]LogModuleManager: Shutting down and abandoning module SizeMap (172)
[2016.08.04-01.37.04:953][171]LogModuleManager: Shutting down and abandoning module TreeMap (171)
[2016.08.04-01.37.04:953][171]LogModuleManager: Shutting down and abandoning module ReferenceViewer (170)
[2016.08.04-01.37.04:953][171]LogModuleManager: Shutting down and abandoning module LocalizationService (169)
[2016.08.04-01.37.04:953][171]LogModuleManager: Shutting down and abandoning module LocalizationDashboard (168)
[2016.08.04-01.37.04:961][171]LogModuleManager: Shutting down and abandoning module HardwareTargeting (167)
[2016.08.04-01.37.04:971][171]LogModuleManager: Shutting down and abandoning module DeviceProfileEditor (166)
[2016.08.04-01.37.04:979][171]LogModuleManager: Shutting down and abandoning module UndoHistory (165)
[2016.08.04-01.37.04:992][171]LogModuleManager: Shutting down and abandoning module UserFeedback (164)
[2016.08.04-01.37.04:992][171]LogModuleManager: Shutting down and abandoning module XmlParser (163)
[2016.08.04-01.37.04:992][171]LogModuleManager: Shutting down and abandoning module Blutility (162)
[2016.08.04-01.37.04:992][171]LogModuleManager: Shutting down and abandoning module ProjectTargetPlatformEditor (161)
[2016.08.04-01.37.04:993][171]LogModuleManager: Shutting down and abandoning module ProjectSettingsViewer (160)
[2016.08.04-01.37.04:993][171]LogModuleManager: Shutting down and abandoning module InputBindingEditor (159)
[2016.08.04-01.37.04:993][171]LogModuleManager: Shutting down and abandoning module EditorSettingsViewer (158)
[2016.08.04-01.37.04:993][171]LogModuleManager: Shutting down and abandoning module SettingsEditor (157)
[2016.08.04-01.37.05:012][171]LogModuleManager: Shutting down and abandoning module ProjectLauncher (156)
[2016.08.04-01.37.05:034][171]LogModuleManager: Shutting down and abandoning module SessionFrontend (155)
[2016.08.04-01.37.05:038][171]LogModuleManager: Shutting down and abandoning module ProfilerClient (154)
[2016.08.04-01.37.05:071][171]LogModuleManager: Shutting down and abandoning module TargetDeviceServices (153)
[2016.08.04-01.37.05:071][171]LogModuleManager: Shutting down and abandoning module DeviceManager (152)
[2016.08.04-01.37.05:117][171]LogModuleManager: Shutting down and abandoning module AutomationController (151)
[2016.08.04-01.37.05:140][171]LogModuleManager: Shutting down and abandoning module AutomationWindow (150)
[2016.08.04-01.37.05:159][171]LogModuleManager: Shutting down and abandoning module Layers (149)
[2016.08.04-01.37.05:175][171]LogModuleManager: Shutting down and abandoning module ComponentVisualizers (148)
[2016.08.04-01.37.05:175][171]LogModuleManager: Shutting down and abandoning module DetailCustomizations (147)
[2016.08.04-01.37.05:185][171]LogModuleManager: Shutting down and abandoning module PackagesDialog (146)
[2016.08.04-01.37.05:185][171]LogModuleManager: Shutting down and abandoning module Persona (145)
[2016.08.04-01.37.05:204][171]LogModuleManager: Shutting down and abandoning module Kismet (144)
[2016.08.04-01.37.05:210][171]LogModuleManager: Shutting down and abandoning module GraphEditor (143)
[2016.08.04-01.37.05:210][171]LogModuleManager: Shutting down and abandoning module ClassViewer (142)
[2016.08.04-01.37.05:224][171]LogModuleManager: Shutting down and abandoning module Toolbox (141)
[2016.08.04-01.37.05:224][171]LogModuleManager: Shutting down and abandoning module ModuleUI (140)
[2016.08.04-01.37.05:257][171]LogModuleManager: Shutting down and abandoning module MovieSceneTools (139)
[2016.08.04-01.37.05:257][171]LogModuleManager: Shutting down and abandoning module OutputLog (138)
[2016.08.04-01.37.05:257][171]LogModuleManager: Shutting down and abandoning module GammaUI (137)
[2016.08.04-01.37.05:261][171]LogModuleManager: Shutting down and abandoning module Documentation (136)
[2016.08.04-01.37.05:261][171]LogModuleManager: Shutting down and abandoning module StreamingPauseRendering (135)
[2016.08.04-01.37.05:261][171]LogModuleManager: Shutting down and abandoning module AnalyticsET (134)
[2016.08.04-01.37.05:261][171]LogModuleManager: Shutting down and abandoning module Analytics (133)
[2016.08.04-01.37.05:261][171]LogModuleManager: Shutting down and abandoning module PortalServices (132)
[2016.08.04-01.37.05:261][171]LogModuleManager: Shutting down and abandoning module PortalRpc (131)
[2016.08.04-01.37.05:261][171]LogModuleManager: Shutting down and abandoning module MessagingRpc (130)
[2016.08.04-01.37.05:261][171]LogModuleManager: Shutting down and abandoning module AITestSuite (129)
[2016.08.04-01.37.05:261][171]LogModuleManager: Shutting down and abandoning module GameplayDebugger (128)
[2016.08.04-01.37.05:261][171]LogModuleManager: Shutting down and abandoning module AIModule (127)
[2016.08.04-01.37.05:262][171]LogModuleManager: Shutting down and abandoning module ProfilerService (126)
[2016.08.04-01.37.05:449][171]LogModuleManager: Shutting down and abandoning module TaskGraph (125)
[2016.08.04-01.37.05:462][171]LogModuleManager: Shutting down and abandoning module SlateRemote (124)
[2016.08.04-01.37.05:463][171]LogModuleManager: Shutting down and abandoning module SteamVRController (123)
[2016.08.04-01.37.05:463][171]LogModuleManager: Shutting down and abandoning module SteamVR (122)
[2016.08.04-01.37.05:463][171]LogModuleManager: Shutting down and abandoning module ProceduralMeshComponent (121)
[2016.08.04-01.37.05:475][171]LogModuleManager: Shutting down and abandoning module OculusLibrary (120)
[2016.08.04-01.37.05:475][171]LogModuleManager: Shutting down and abandoning module OculusInput (119)
[2016.08.04-01.37.05:475][171]LogModuleManager: Shutting down and abandoning module CustomMeshComponent (118)
[2016.08.04-01.37.05:475][171]LogModuleManager: Shutting down and abandoning module CableComponent (117)
[2016.08.04-01.37.05:475][171]LogModuleManager: Shutting down and abandoning module ArchVisCharacter (116)
[2016.08.04-01.37.05:475][171]LogModuleManager: Shutting down and abandoning module MediaPlayerEditor (115)
[2016.08.04-01.37.05:493][171]LogModuleManager: Shutting down and abandoning module HTML5Networking (114)
[2016.08.04-01.37.05:493][171]LogModuleManager: Shutting down and abandoning module SpeedTreeImporter (113)
[2016.08.04-01.37.05:493][171]LogModuleManager: Shutting down and abandoning module PluginBrowser (112)
[2016.08.04-01.37.05:493][171]LogModuleManager: Shutting down and abandoning module EpicSurvey (111)
[2016.08.04-01.37.05:493][171]LogModuleManager: Shutting down and abandoning module DesktopPlatform (110)
[2016.08.04-01.37.05:493][171]LogModuleManager: Shutting down and abandoning module VisualStudioSourceCodeAccess (109)
[2016.08.04-01.37.05:493][171]LogModuleManager: Shutting down and abandoning module UObjectPlugin (108)
[2016.08.04-01.37.05:493][171]LogModuleManager: Shutting down and abandoning module SubversionSourceControl (107)
[2016.08.04-01.37.05:493][171]LogModuleManager: Shutting down and abandoning module PerforceSourceControl (106)
[2016.08.04-01.37.05:493][171]LogModuleManager: Shutting down and abandoning module SourceControl (105)
[2016.08.04-01.37.05:493][171]LogModuleManager: Shutting down and abandoning module GitSourceControl (104)
[2016.08.04-01.37.05:493][171]LogModuleManager: Shutting down and abandoning module LightPropagationVolumeEditor (103)
[2016.08.04-01.37.05:493][171]LogModuleManager: Shutting down and abandoning module PaperTiledImporter (102)
[2016.08.04-01.37.05:493][171]LogModuleManager: Shutting down and abandoning module PaperSpriteSheetImporter (101)
[2016.08.04-01.37.05:493][171]LogModuleManager: Shutting down and abandoning module MeshPaint (100)
[2016.08.04-01.37.05:493][171]LogModuleManager: Shutting down and abandoning module HotReload (99)
[2016.08.04-01.37.05:493][171]LogModuleManager: Shutting down and abandoning module MainFrame (98)
[2016.08.04-01.37.05:493][171]LogModuleManager: Shutting down and abandoning module LevelEditor (97)
[2016.08.04-01.37.05:494][171]LogModuleManager: Shutting down and abandoning module DirectoryWatcher (96)
[2016.08.04-01.37.05:494][171]LogModuleManager: Shutting down and abandoning module AssetRegistry (95)
[2016.08.04-01.37.05:652][171]LogModuleManager: Shutting down and abandoning module ContentBrowser (94)
[2016.08.04-01.37.05:653][171]LogModuleManager: Shutting down and abandoning module Paper2DEditor (93)
[2016.08.04-01.37.05:665][171]LogModuleManager: Shutting down and abandoning module UdpMessaging (92)
[2016.08.04-01.37.05:766][171]LogModuleManager: Shutting down and abandoning module LightPropagationVolumeRuntime (91)
[2016.08.04-01.37.05:766][171]LogModuleManager: Shutting down and abandoning module Paper2D (90)
[2016.08.04-01.37.05:766][171]LogModuleManager: Shutting down and abandoning module WindowsMoviePlayer (89)
[2016.08.04-01.37.05:766][171]LogModuleManager: Shutting down and abandoning module Media (88)
[2016.08.04-01.37.05:766][171]LogModuleManager: Shutting down and abandoning module WmfMedia (87)
[2016.08.04-01.37.05:789][171]LogModuleManager: Shutting down and abandoning module MediaAssets (86)
[2016.08.04-01.37.05:789][171]LogModuleManager: Shutting down and abandoning module GameLiveStreaming (85)
[2016.08.04-01.37.05:789][171]LogModuleManager: Shutting down and abandoning module GameplayTagsEditor (84)
[2016.08.04-01.37.05:789][171]LogModuleManager: Shutting down and abandoning module OnlineBlueprintSupport (83)
[2016.08.04-01.37.05:789][171]LogModuleManager: Shutting down and abandoning module GameplayTasksEditor (82)
[2016.08.04-01.37.05:789][171]LogModuleManager: Shutting down and abandoning module PropertyEditor (81)
[2016.08.04-01.37.05:789][171]LogModuleManager: Shutting down and abandoning module BehaviorTreeEditor (80)
[2016.08.04-01.37.05:807][171]LogModuleManager: Shutting down and abandoning module FunctionalTesting (79)
[2016.08.04-01.37.05:807][171]LogModuleManager: Shutting down and abandoning module CollisionAnalyzer (78)
[2016.08.04-01.37.05:817][171]LogModuleManager: Shutting down and abandoning module WorkspaceMenuStructure (77)
[2016.08.04-01.37.05:817][171]LogModuleManager: Shutting down and abandoning module MessageLog (76)
[2016.08.04-01.37.05:817][171]LogModuleManager: Shutting down and abandoning module Sequencer (75)
[2016.08.04-01.37.05:824][171]LogModuleManager: Shutting down and abandoning module AssetTools (74)
[2016.08.04-01.37.05:830][171]LogModuleManager: Shutting down and abandoning module UMGEditor (73)
[2016.08.04-01.37.05:843][171]LogModuleManager: Shutting down and abandoning module UMG (72)
[2016.08.04-01.37.05:849][171]LogModuleManager: Shutting down and abandoning module SlateReflector (71)
[2016.08.04-01.37.05:858][171]LogModuleManager: Shutting down and abandoning module Slate (70)
[2016.08.04-01.37.05:858][171]LogModuleManager: Shutting down and abandoning module EditorStyle (69)
[2016.08.04-01.37.05:860][171]LogModuleManager: Shutting down and abandoning module SessionServices (68)
[2016.08.04-01.37.05:860][171]LogModuleManager: Shutting down and abandoning module SourceCodeAccess (67)
[2016.08.04-01.37.05:860][171]LogModuleManager: Shutting down and abandoning module HeadMountedDisplay (66)
[2016.08.04-01.37.05:860][171]LogModuleManager: Shutting down and abandoning module XAudio2 (65)
[2016.08.04-01.37.05:860][171]LogModuleManager: Shutting down and abandoning module Networking (63)
[2016.08.04-01.37.05:860][171]LogModuleManager: Shutting down and abandoning module Core (62)
[2016.08.04-01.37.05:860][171]LogModuleManager: Shutting down and abandoning module KismetCompiler (61)
[2016.08.04-01.37.05:860][171]LogModuleManager: Shutting down and abandoning module PhysXFormats (60)
[2016.08.04-01.37.05:860][171]LogModuleManager: Shutting down and abandoning module MeshUtilities (59)
[2016.08.04-01.37.05:872][171]LogModuleManager: Shutting down and abandoning module CookingStats (58)
[2016.08.04-01.37.05:873][171]LogModuleManager: Shutting down and abandoning module DerivedDataCache (57)
[2016.08.04-01.37.05:873][171]LogDerivedDataCache: Shutdown
[2016.08.04-01.37.05:873][171]LogModuleManager: Shutting down and abandoning module ShaderFormatOpenGL (56)
[2016.08.04-01.37.05:902][171]LogModuleManager: Shutting down and abandoning module ShaderFormatD3D (55)
[2016.08.04-01.37.05:902][171]LogModuleManager: Shutting down and abandoning module MetalShaderFormat (54)
[2016.08.04-01.37.05:925][171]LogModuleManager: Shutting down and abandoning module TextureFormatUncompressed (53)
[2016.08.04-01.37.05:925][171]LogModuleManager: Shutting down and abandoning module TextureFormatPVR (52)
[2016.08.04-01.37.05:925][171]LogModuleManager: Shutting down and abandoning module TextureFormatIntelISPCTexComp (51)
[2016.08.04-01.37.05:926][171]LogModuleManager: Shutting down and abandoning module TextureFormatDXT (50)
[2016.08.04-01.37.05:926][171]LogModuleManager: Shutting down and abandoning module ImageWrapper (49)
[2016.08.04-01.37.05:926][171]LogModuleManager: Shutting down and abandoning module TextureFormatASTC (48)
[2016.08.04-01.37.05:926][171]LogModuleManager: Shutting down and abandoning module TextureFormatAndroid (47)
[2016.08.04-01.37.05:926][171]LogModuleManager: Shutting down and abandoning module AudioFormatOpus (46)
[2016.08.04-01.37.05:926][171]LogModuleManager: Shutting down and abandoning module AudioFormatOgg (45)
[2016.08.04-01.37.05:926][171]LogModuleManager: Shutting down and abandoning module AudioFormatADPCM (44)
[2016.08.04-01.37.05:926][171]LogModuleManager: Shutting down and abandoning module LinuxTargetPlatform (43)
[2016.08.04-01.37.05:926][171]LogModuleManager: Shutting down and abandoning module LinuxServerTargetPlatform (42)
[2016.08.04-01.37.05:926][171]LogModuleManager: Shutting down and abandoning module LinuxNoEditorTargetPlatform (41)
[2016.08.04-01.37.05:926][171]LogModuleManager: Shutting down and abandoning module TVOSTargetPlatform (40)
[2016.08.04-01.37.05:926][171]LogModuleManager: Shutting down and abandoning module Messaging (39)
[2016.08.04-01.37.05:926][171]LogModuleManager: Shutting down and abandoning module IOSTargetPlatform (38)
[2016.08.04-01.37.05:926][171]LogModuleManager: Shutting down and abandoning module HTML5TargetPlatform (37)
[2016.08.04-01.37.05:926][171]LogModuleManager: Shutting down and abandoning module Android_PVRTCTargetPlatform (36)
[2016.08.04-01.37.05:926][171]LogModuleManager: Shutting down and abandoning module Android_MultiTargetPlatform (35)
[2016.08.04-01.37.05:926][171]LogModuleManager: Shutting down and abandoning module Android_ETC2TargetPlatform (34)
[2016.08.04-01.37.05:926][171]LogModuleManager: Shutting down and abandoning module Android_ETC1TargetPlatform (33)
[2016.08.04-01.37.05:926][171]LogModuleManager: Shutting down and abandoning module Android_DXTTargetPlatform (32)
[2016.08.04-01.37.05:926][171]LogModuleManager: Shutting down and abandoning module Android_ATCTargetPlatform (31)
[2016.08.04-01.37.05:926][171]LogModuleManager: Shutting down and abandoning module Android_ASTCTargetPlatform (30)
[2016.08.04-01.37.05:926][171]LogModuleManager: Shutting down and abandoning module AndroidTargetPlatform (29)
[2016.08.04-01.37.05:926][171]LogModuleManager: Shutting down and abandoning module WindowsTargetPlatform (28)
[2016.08.04-01.37.05:926][171]LogModuleManager: Shutting down and abandoning module WindowsServerTargetPlatform (27)
[2016.08.04-01.37.05:926][171]LogModuleManager: Shutting down and abandoning module WindowsNoEditorTargetPlatform (26)
[2016.08.04-01.37.05:926][171]LogModuleManager: Shutting down and abandoning module WindowsClientTargetPlatform (25)
[2016.08.04-01.37.05:926][171]LogModuleManager: Shutting down and abandoning module AllDesktopTargetPlatform (24)
[2016.08.04-01.37.05:926][171]LogModuleManager: Shutting down and abandoning module TargetPlatform (23)
[2016.08.04-01.37.05:926][171]LogModuleManager: Shutting down and abandoning module InputCore (22)
[2016.08.04-01.37.05:926][171]LogModuleManager: Shutting down and abandoning module Settings (21)
[2016.08.04-01.37.05:926][171]LogModuleManager: Shutting down and abandoning module OnlineSubsystem (19)
[2016.08.04-01.37.05:926][171]LogModuleManager: Shutting down and abandoning module HTTP (18)
[2016.08.04-01.37.07:928][171]LogModuleManager: Shutting down and abandoning module XMPP (17)
[2016.08.04-01.37.07:928][171]LogModuleManager: Shutting down and abandoning module OculusRift (16)
[2016.08.04-01.37.07:963][171]LogModuleManager: Shutting down and abandoning module ExampleDeviceProfileSelector (15)
[2016.08.04-01.37.07:963][171]LogModuleManager: Shutting down and abandoning module TextureCompressor (14)
[2016.08.04-01.37.07:963][171]LogModuleManager: Shutting down and abandoning module ShaderCore (13)
[2016.08.04-01.37.07:963][171]LogModuleManager: Shutting down and abandoning module Landscape (12)
[2016.08.04-01.37.07:963][171]LogModuleManager: Shutting down and abandoning module SlateRHIRenderer (11)
[2016.08.04-01.37.07:975][171]LogModuleManager: Shutting down and abandoning module OpenGLDrv (10)
[2016.08.04-01.37.07:987][171]LogModuleManager: Shutting down and abandoning module D3D11RHI (9)
[2016.08.04-01.37.07:987][171]LogModuleManager: Shutting down and abandoning module AnimGraphRuntime (8)
[2016.08.04-01.37.07:987][171]LogModuleManager: Shutting down and abandoning module Renderer (7)
[2016.08.04-01.37.07:987][171]LogModuleManager: Shutting down and abandoning module Engine (6)
[2016.08.04-01.37.07:987][171]LogModuleManager: Shutting down and abandoning module CoreUObject (5)
[2016.08.04-01.37.07:987][171]LogModuleManager: Shutting down and abandoning module NetworkFile (4)
[2016.08.04-01.37.08:002][171]LogModuleManager: Shutting down and abandoning module StreamingFile (3)
[2016.08.04-01.37.08:015][171]LogModuleManager: Shutting down and abandoning module SandboxFile (2)
[2016.08.04-01.37.08:024][171]LogModuleManager: Shutting down and abandoning module PakFile (1)
[2016.08.04-01.37.08:049][171]LogExit: Exiting.
[2016.08.04-01.37.08:051][171]Log file closed, 08/04/16 09:37:08
