Log file open, 08/01/16 20:12:07
LogInit:Display: Running engine for game: MyProject
LogPlatformFile: Not using cached read wrapper
LogInit:Display: RandInit(-182761708) SRandInit(-182761699).
LogTaskGraph: Started task graph with 4 named threads and 7 total threads.
LogStats: Stats thread started at 0.081612
LogInit: Version: 4.11.2-2946394+++UE4+Release-4.11
LogInit: API Version: 2927265
LogInit: Compiled (64-bit): Apr 18 2016 02:18:46
LogInit: Compiled with Visual C++: 19.00.23026.00
LogInit: Build Configuration: Development
LogInit: Branch Name: ++UE4+Release-4.11
LogInit: Command line:  
LogInit: Base directory: C:/Program Files/Epic Games/4.11/Engine/Binaries/Win64/
LogInit: Installed Engine Build: 1
LogInit: Using libcurl 7.41.0
LogInit:  - built for x86_64-pc-win32
LogInit:  - supports SSL with WinSSL
LogInit:  - other features:
LogInit:      CURL_VERSION_SSL
LogInit:      CURL_VERSION_IPV6
LogInit:      CURL_VERSION_ASYNCHDNS
LogInit:      CURL_VERSION_LARGEFILE
LogInit:      CURL_VERSION_IDN
LogInit:  CurlRequestOptions (configurable via config and command line):
LogInit:  - bVerifyPeer = true  - Libcurl will verify peer certificate
LogInit:  - bUseHttpProxy = false  - Libcurl will NOT use HTTP proxy
LogInit:  - bDontReuseConnections = false  - Libcurl will reuse connections
LogInit:  - CertBundlePath = nullptr  - Libcurl will use whatever was configured at build time.
LogInit: Presizing for max 16777216 objects, including 0 objects not considered by GC, pre-allocating 0 bytes for permanent pool.
LogInit: Object subsystem initialized
[2016.08.01-12.12.08:232][  0]LogInit: Selected Device Profile: [Windows]
[2016.08.01-12.12.08:232][  0]LogInit: Applying CVar settings loaded from the selected device profile: [Windows]
[2016.08.01-12.12.08:336][  0]LogInit: Computer: PC
[2016.08.01-12.12.08:345][  0]LogInit: User: Olivia
[2016.08.01-12.12.08:345][  0]LogInit: CPU Page size=65536, Cores=4
[2016.08.01-12.12.08:345][  0]LogInit: High frequency timer resolution =3.417971 MHz
[2016.08.01-12.12.08:345][  0]LogMemory: Memory total: Physical=7.9GB (8GB approx)
[2016.08.01-12.12.08:352][  0]LogMemory: Platform Memory Stats for Windows
[2016.08.01-12.12.08:352][  0]LogMemory: Process Physical Memory: 310.16 MB used, 310.16 MB peak
[2016.08.01-12.12.08:352][  0]LogMemory: Process Virtual Memory: 315.19 MB used, 315.19 MB peak
[2016.08.01-12.12.08:352][  0]LogMemory: Physical Memory: 5126.98 MB used, 8066.59 MB total
[2016.08.01-12.12.08:352][  0]LogMemory: Virtual Memory: 631.02 MB used, 134217728.00 MB total
[2016.08.01-12.12.09:325][  0]LogTextLocalizationManager: No specific translations for ('en-US') exist, so ('en') translations will be used.
[2016.08.01-12.12.10:767][  0]LogD3D11RHI: D3D11 adapters:
[2016.08.01-12.12.10:776][  0]LogD3D11RHI:    0. 'AMD Radeon R9 200 Series' (Feature Level 11_0)
[2016.08.01-12.12.10:776][  0]LogD3D11RHI:       3051MB of dedicated video memory, 0MB of dedicated system memory, and 3840MB of shared system memory, 2 output[s]
[2016.08.01-12.12.10:991][  0]LogD3D11RHI:    1. 'Intel(R) HD Graphics 4600' (Feature Level 11_0)
[2016.08.01-12.12.10:991][  0]LogD3D11RHI:       128MB of dedicated video memory, 0MB of dedicated system memory, and 1792MB of shared system memory, 0 output[s]
[2016.08.01-12.12.10:992][  0]LogD3D11RHI:    2. 'Microsoft Basic Render Driver' (Feature Level 11_0)
[2016.08.01-12.12.10:992][  0]LogD3D11RHI:       0MB of dedicated video memory, 0MB of dedicated system memory, and 256MB of shared system memory, 0 output[s]
[2016.08.01-12.12.10:992][  0]LogD3D11RHI: Chosen D3D11 Adapter: 0
[2016.08.01-12.12.11:001][  0]LogD3D11RHI: Creating new Direct3DDevice
[2016.08.01-12.12.11:001][  0]LogD3D11RHI:     Adapter Name: AMD Radeon R9 200 Series
[2016.08.01-12.12.11:001][  0]LogD3D11RHI:   Driver Version: Unknown (internal Unknown)
[2016.08.01-12.12.11:001][  0]LogD3D11RHI:      Driver Date: Unknown
[2016.08.01-12.12.11:001][  0]LogRHI: Texture pool is 1361 MB (70% of 1945 MB)
[2016.08.01-12.12.11:006][  0]LogD3D11RHI: Async texture creation disabled: no driver support
[2016.08.01-12.12.11:328][  0]LogShaderCompilers: Guid format shader working directory is -19 characters bigger than the processId version (../../../../../../Users/Olivia/Documents/Unreal Projects/MyProject/Intermediate/Shaders/WorkingDirectory/6072/).
[2016.08.01-12.12.11:328][  0]LogShaderCompilers: Cleaned the shader compiler working directory 'C:/Users/Olivia/AppData/Local/Temp/UnrealShaderWorkingDir/55EC363E439A7EBCE5A6BE867B8185E3/'.
[2016.08.01-12.12.11:328][  0]LogShaderCompilers:Display: Using Local Shader Compiler.
[2016.08.01-12.12.35:224][  0]LogTemp:Display: Loaded TP AllDesktopTargetPlatform
[2016.08.01-12.12.35:240][  0]LogTemp:Display: Loaded TP WindowsClientTargetPlatform
[2016.08.01-12.12.35:274][  0]LogTemp:Display: Loaded TP WindowsNoEditorTargetPlatform
[2016.08.01-12.12.35:288][  0]LogTemp:Display: Loaded TP WindowsServerTargetPlatform
[2016.08.01-12.12.35:435][  0]LogTemp:Display: Loaded TP WindowsTargetPlatform
[2016.08.01-12.12.35:720][  0]LogTemp:Display: Loaded TP AndroidTargetPlatform
[2016.08.01-12.12.35:867][  0]LogTemp:Display: Loaded TP Android_ASTCTargetPlatform
[2016.08.01-12.12.36:081][  0]LogTemp:Display: Loaded TP Android_ATCTargetPlatform
[2016.08.01-12.12.36:375][  0]LogTemp:Display: Loaded TP Android_DXTTargetPlatform
[2016.08.01-12.12.36:561][  0]LogTemp:Display: Loaded TP Android_ETC1TargetPlatform
[2016.08.01-12.12.36:584][  0]LogTemp:Display: Loaded TP Android_ETC2TargetPlatform
[2016.08.01-12.12.36:774][  0]LogTemp:Display: Loaded TP Android_MultiTargetPlatform
[2016.08.01-12.12.36:774][  0]LogTemp:Display: Loaded TP Android_PVRTCTargetPlatform
[2016.08.01-12.12.36:898][  0]LogTemp:Display: Loaded TP HTML5TargetPlatform
[2016.08.01-12.12.37:128][  0]LogTemp:Display: Loaded TP IOSTargetPlatform
[2016.08.01-12.12.37:134][  0]LogTemp:Display: Loaded TP TVOSTargetPlatform
[2016.08.01-12.12.37:144][  0]LogTemp:Display: Loaded TP LinuxNoEditorTargetPlatform
[2016.08.01-12.12.37:176][  0]LogTemp:Display: Loaded TP LinuxServerTargetPlatform
[2016.08.01-12.12.37:227][  0]LogTemp:Display: Loaded TP LinuxTargetPlatform
[2016.08.01-12.12.37:227][  0]LogTargetPlatformManager:Display: Building Assets For Windows
[2016.08.01-12.12.39:330][  0]LogDerivedDataCache:Display: Max Cache Size: 512 MB
[2016.08.01-12.12.40:062][  0]LogDerivedDataCache: Loaded boot cache 0.71s 46MB C:/Users/Olivia/AppData/Local/UnrealEngine/4.11/DerivedDataCache/Boot.ddc.
[2016.08.01-12.12.40:062][  0]LogDerivedDataCache:Display: Loaded Boot cache: C:/Users/Olivia/AppData/Local/UnrealEngine/4.11/DerivedDataCache/Boot.ddc
[2016.08.01-12.12.40:062][  0]LogDerivedDataCache: FDerivedDataBackendGraph:  Pak pak cache file ../../../../../../Users/Olivia/Documents/Unreal Projects/MyProject/DerivedDataCache/DDC.ddp not found, will not use a pak cache.
[2016.08.01-12.12.40:062][  0]LogDerivedDataCache: Unable to find inner node Pak for hierarchical cache Hierarchy.
[2016.08.01-12.12.40:062][  0]LogDerivedDataCache: FDerivedDataBackendGraph:  CompressedPak pak cache file ../../../../../../Users/Olivia/Documents/Unreal Projects/MyProject/DerivedDataCache/Compressed.ddp not found, will not use a pak cache.
[2016.08.01-12.12.40:062][  0]LogDerivedDataCache: Unable to find inner node CompressedPak for hierarchical cache Hierarchy.
[2016.08.01-12.12.40:130][  0]LogDerivedDataCache:Display: Pak cache opened for reading ../../../Engine/DerivedDataCache/Compressed.ddp.
[2016.08.01-12.12.40:142][  0]LogDerivedDataCache: Using Local data cache path C:/Users/Olivia/AppData/Local/UnrealEngine/Common/DerivedDataCache: Writable
[2016.08.01-12.12.48:844][  0]LogInit: Selected Device Profile: [Windows]
[2016.08.01-12.12.48:901][  0]LogContentStreaming: Texture pool size is 0.00 MB
[2016.08.01-12.12.49:916][  0]LogMaterial: Uniform references updated for custom material expression Custom.
[2016.08.01-12.12.52:143][  0]LogMeshUtilities: No automatic mesh reduction module available
[2016.08.01-12.12.52:143][  0]LogMeshUtilities: No automatic mesh merging module available
[2016.08.01-12.12.52:143][  0]LogMeshUtilities: No distributed automatic mesh merging module available
[2016.08.01-12.13.01:563][  0]LogUObjectArray: 27679 objects as part of root set at end of initial load.
[2016.08.01-12.13.01:570][  0]LogUObjectAllocator: 5591592 out of 0 bytes used by permanent object pool.
[2016.08.01-12.13.01:570][  0]LogUObjectArray: CloseDisregardForGC: 0/0 objects in disregard for GC pool
[2016.08.01-12.13.01:649][  0]LogInit: WinSock: version 1.1 (2.2), MaxSocks=32767, MaxUdp=65467
[2016.08.01-12.13.09:394][  0]LogSlate: SlateFontCache - WITH_FREETYPE: 1, WITH_HARFBUZZ: 1
[2016.08.01-12.13.09:394][  0]LogSlate: SlateFontCache - WITH_FREETYPE: 1, WITH_HARFBUZZ: 1
[2016.08.01-12.13.17:324][  0]LogStreaming:Warning: Failed to read file '../../../Engine/Content/Editor/Slate/Common/Selection_16x.png' error.
[2016.08.01-12.13.17:324][  0]LogSlate: Could not find file for Slate resource: ../../../Engine/Content/Editor/Slate/Common/Selection_16x.png
[2016.08.01-12.13.17:337][  0]LogStreaming:Warning: Failed to read file '../../../Engine/Content/Editor/Slate/Common/Selection_16x.png' error.
[2016.08.01-12.13.17:337][  0]LogSlate: Could not find file for Slate resource: ../../../Engine/Content/Editor/Slate/Common/Selection_16x.png
[2016.08.01-12.13.17:337][  0]LogStreaming:Warning: Failed to read file '../../../Engine/Content/Editor/Slate/Common/Selection_16x.png' error.
[2016.08.01-12.13.17:337][  0]LogSlate: Could not find file for Slate resource: ../../../Engine/Content/Editor/Slate/Common/Selection_16x.png
[2016.08.01-12.13.33:120][  0]LogUdpMessaging: Initializing bridge on interface 0.0.0.0:0 to multicast group 230.0.0.1:6666.
[2016.08.01-12.13.33:830][  0]LogAssetRegistry: FAssetRegistry took 0.0229 seconds to start up
[2016.08.01-12.13.40:338][  0]SourceControl: Info Source control is disabled
[2016.08.01-12.13.40:341][  0]SourceControl: Info Source control is disabled
[2016.08.01-12.13.40:374][  0]SourceControl: Info Source control is disabled
[2016.08.01-12.13.40:499][  0]SourceControl: Info Source control is disabled
[2016.08.01-12.13.41:282][  0]LogHMD: Failed to initialize OpenVR with code 110
[2016.08.01-12.13.41:948][  0]LogEngine: Initializing Engine...
[2016.08.01-12.13.43:184][  0]LogAIModule: Creating AISystem for world NewWorld
[2016.08.01-12.13.43:376][  0]LogInit: XAudio2 using 'Speakers (2- High Definition Audio Device)' : 2 channels at 44.1 kHz using 16 bits per sample (channel mask 0x3)
[2016.08.01-12.13.43:391][  0]LogInit: FAudioDevice initialized.
[2016.08.01-12.13.43:415][  0]LogDerivedDataCache: Saved boot cache 0.02s 46MB C:/Users/Olivia/AppData/Local/UnrealEngine/4.11/DerivedDataCache/Boot.ddc.
[2016.08.01-12.13.43:523][  0]LogInit: Texture streaming: Enabled
[2016.08.01-12.13.46:366][  0]LogInit: Transaction tracking system initialized
[2016.08.01-12.13.47:117][  0]BlueprintLog: New page: Editor Load
[2016.08.01-12.13.48:300][  0]LocalizationService: Info Localization service is disabled
[2016.08.01-12.13.49:150][  0]LogConsoleResponse:Display: 
[2016.08.01-12.13.52:775][  0]LogFileCache: Scanning file cache for directory 'C:/Users/Olivia/Documents/Unreal Projects/MyProject/Content/' took 0.05s
[2016.08.01-12.13.52:775][  0]LogCook:Display: Max memory allowance for cook 8192mb
[2016.08.01-12.13.52:775][  0]LogCook:Display: Mobile HDR setting 1
[2016.08.01-12.13.52:805][  0]LogCook:Display: Done creating registry. It took  0.00s.
[2016.08.01-12.13.55:945][  0]SourceControl: Info Source control is disabled
[2016.08.01-12.13.56:087][  0]Cmd: MAP LOAD FILE="../../../../../../Users/Olivia/Documents/Unreal Projects/MyProject/Content/StarterContent/Maps/Minimal_Default.umap" TEMPLATE=0 SHOWPROGRESS=1 FEATURELEVEL=3
[2016.08.01-12.13.56:199][  0]LightingResults: New page: Lighting Build
[2016.08.01-12.13.56:823][  0]MapCheck: New page: Map Check
[2016.08.01-12.13.56:823][  0]LightingResults: New page: Lighting Build
[2016.08.01-12.14.02:748][  0]LogAIModule: Creating AISystem for world Minimal_Default
[2016.08.01-12.14.03:322][  0]LogEditorServer: Finished looking for orphan Actors (0.006 secs)
[2016.08.01-12.14.03:333][  0]Cmd: MAP CHECKDEP NOCLEARLOG
[2016.08.01-12.14.03:372][  0]MapCheck: Info Map check complete: 0 Error(s), 0 Warning(s), took 38.705ms to complete.
[2016.08.01-12.14.03:372][  0]LogFileHelpers: Loading map 'Minimal_Default' took 7.302
[2016.08.01-12.14.04:817][  0]LogCollectionManager: Loaded 0 collections in 0.004401 seconds
[2016.08.01-12.14.04:938][  0]LogFileCache: Scanning file cache for directory 'C:/Users/Olivia/Documents/Unreal Projects/MyProject/Saved/Collections/' took 0.01s
[2016.08.01-12.14.04:938][  0]LogFileCache: Scanning file cache for directory 'C:/Users/Olivia/Documents/Unreal Projects/MyProject/Content/Developers/Olivia/Collections/' took 0.01s
[2016.08.01-12.14.04:938][  0]LogFileCache: Scanning file cache for directory 'C:/Users/Olivia/Documents/Unreal Projects/MyProject/Content/Collections/' took 0.01s
[2016.08.01-12.14.04:938][  0]LogCollectionManager: Rebuilt the GUID cache for 0 collections in 0.000004 seconds
[2016.08.01-12.14.04:964][  0]LogContentBrowser: Native class hierarchy populated in 0.0172 seconds. Added 1979 classes and 343 folders.
[2016.08.01-12.14.04:993][  0]LogStats: UGameplayTagsManager::ConstructGameplayTagTree: Construct from data asset -  0.000 s
[2016.08.01-12.14.04:993][  0]LogStats: UGameplayTagsManager::ConstructGameplayTagTree: GameplayTagTreeChangedEvent.Broadcast -  0.000 s
[2016.08.01-12.14.04:994][  0]LogContentBrowser: Native class hierarchy updated for 'GameplayTags' in 0.0006 seconds. Added 12 classes and 0 folders.
[2016.08.01-12.14.05:019][  0]LogContentBrowser: Native class hierarchy updated for 'WidgetCarousel' in 0.0003 seconds. Added 0 classes and 0 folders.
[2016.08.01-12.14.05:259][  0]LogContentBrowser: Native class hierarchy updated for 'SuperSearch' in 0.0003 seconds. Added 1 classes and 2 folders.
[2016.08.01-12.14.07:022][  0]LogContentBrowser: Native class hierarchy updated for 'AddContentDialog' in 0.0011 seconds. Added 0 classes and 0 folders.
[2016.08.01-12.14.07:076][  0]LogContentBrowser: Native class hierarchy updated for 'SceneOutliner' in 0.0008 seconds. Added 1 classes and 2 folders.
[2016.08.01-12.14.07:782][  0]LogCrashTracker: Crashtracker disabled due to settings.
[2016.08.01-12.14.07:881][  0]LogUObjectGlobals:Warning: Failed to find object 'Class None.'
[2016.08.01-12.14.08:027][  0]LogContentBrowser: Native class hierarchy updated for 'HierarchicalLODOutliner' in 0.0003 seconds. Added 1 classes and 2 folders.
[2016.08.01-12.14.08:027][  0]LogLoad: Full Startup: 122.71 seconds (BP compile: 0.91 seconds)
[2016.08.01-12.14.08:027][  0]LogExternalProfiler:Warning: No registered external profiler was matched with a command-line switch (or the DLL could not be loaded).  External profiling features will not be available.
[2016.08.01-12.14.08:372][  0]LogOcInput: OculusInput pre-init called
[2016.08.01-12.14.08:922][  0]LogContentStreaming: Texture pool size now 1000 MB
[2016.08.01-12.14.09:736][  0]LogRenderer: Reallocating scene render targets to support 1168x600 (Frame:2).
[2016.08.01-12.14.10:425][  2]LogAssetRegistry: Asset discovery search completed in 36.6170 seconds
[2016.08.01-12.14.10:437][  2]LogCollectionManager: Rebuilt the object cache for 0 collections in 0.000001 seconds (found 0 objects)
[2016.08.01-12.14.10:437][  2]LogCollectionManager: Fixed up redirectors for 0 collections in 0.012189 seconds (updated 0 objects)
[2016.08.01-12.15.56:392][699]LogFactory: FactoryCreateBinary: Texture with ReimportTextureFactory (0 0 C:\Users\Olivia\Desktop\adv3d\floor walls ceiling spec.tga)
[2016.08.01-12.15.56:477][699]LogTexture:Display: Building textures: floor_walls_ceiling_spec (AutoDXT)
[2016.08.01-12.15.58:472][705]LogMaterial: Missing cached shader map for material floorceiling, compiling. 
[2016.08.01-12.15.59:190][705]LogMaterial: Missing cached shader map for material floorceiling, compiling. 
[2016.08.01-12.15.59:228][705]LogMaterial: 0.00 seconds spent updating 1 materials, 1 interfaces, 0 instances, 0 with static permutations.
[2016.08.01-12.15.59:263][705]LogMaterial: Missing cached shader map for material FMatExpressionPreview MaterialExpressionTextureSample_1, compiling. 
[2016.08.01-12.15.59:269][705]LogMaterial: Missing cached shader map for material FMatExpressionPreview MaterialExpressionTextureSample_2, compiling. 
[2016.08.01-12.16.01:507][796]LogMaterial: Missing cached shader map for material floorceiling, compiling. 
[2016.08.01-12.16.01:516][796]LogMaterial: 0.00 seconds spent updating 1 materials, 1 interfaces, 0 instances, 0 with static permutations.
[2016.08.01-12.16.01:517][796]LogMaterial: Missing cached shader map for material FMatExpressionPreview MaterialExpressionTextureSample_0, compiling. 
[2016.08.01-12.16.01:545][796]LogMaterial: Missing cached shader map for material FMatExpressionPreview MaterialExpressionTextureSample_1, compiling. 
[2016.08.01-12.16.01:548][796]LogMaterial: Missing cached shader map for material FMatExpressionPreview MaterialExpressionTextureSample_2, compiling. 
[2016.08.01-12.16.01:554][796]LogMaterial: Missing cached shader map for material FMatExpressionPreview MaterialExpressionTextureSample_0, compiling. 
[2016.08.01-12.16.03:870][997]MaterialEditorStats: Info Base pass shader with static lighting: 65 instructions
[2016.08.01-12.16.03:870][997]MaterialEditorStats: Info Base pass shader with only dynamic lighting: 36 instructions
[2016.08.01-12.16.03:870][997]MaterialEditorStats: Info Vertex shader: 33 instructions
[2016.08.01-12.16.03:870][997]MaterialEditorStats: Info Texture samplers: 4/16
[2016.08.01-12.16.04:214][ 33]LogMaterial: Missing cached shader map for material floorceiling, compiling. 
[2016.08.01-12.16.04:223][ 33]LogMaterial: 0.00 seconds spent updating 1 materials, 1 interfaces, 0 instances, 0 with static permutations.
[2016.08.01-12.16.04:247][ 33]LogMaterial: Missing cached shader map for material FMatExpressionPreview MaterialExpressionTextureSample_0, compiling. 
[2016.08.01-12.16.06:832][278]MaterialEditorStats: Info Base pass shader with static lighting: 67 instructions
[2016.08.01-12.16.06:832][278]MaterialEditorStats: Info Base pass shader with only dynamic lighting: 38 instructions
[2016.08.01-12.16.06:832][278]MaterialEditorStats: Info Vertex shader: 33 instructions
[2016.08.01-12.16.06:832][278]MaterialEditorStats: Info Texture samplers: 5/16
[2016.08.01-12.16.09:370][527]LogMaterialEditor: Applying material floorceiling
[2016.08.01-12.16.09:736][527]LogMaterial: Missing cached shader map for material floorceiling, compiling. 
[2016.08.01-12.16.09:759][527]LogMaterial: 0.00 seconds spent updating 1 materials, 1 interfaces, 0 instances, 0 with static permutations.
[2016.08.01-12.16.09:792][527]LogMaterial: Missing cached shader map for material floorceiling, compiling. 
[2016.08.01-12.16.09:839][527]LogMaterial: Missing cached shader map for material floorceiling, compiling. 
[2016.08.01-12.16.09:855][527]LogMaterial: 0.00 seconds spent updating 1 materials, 1 interfaces, 0 instances, 0 with static permutations.
[2016.08.01-12.16.15:845][865]MaterialEditorStats: Info Base pass shader with static lighting: 95 instructions
[2016.08.01-12.16.15:845][865]MaterialEditorStats: Info Base pass shader with only dynamic lighting: 65 instructions
[2016.08.01-12.16.15:845][865]MaterialEditorStats: Info Vertex shader: 41 instructions
[2016.08.01-12.16.15:845][865]MaterialEditorStats: Info Texture samplers: 6/16
[2016.08.01-12.16.39:237][249]LogMaterialEditor: Applying material floorceiling
[2016.08.01-12.16.39:606][249]LogMaterial: Missing cached shader map for material floorceiling, compiling. 
[2016.08.01-12.16.39:628][249]LogMaterial: 0.00 seconds spent updating 1 materials, 1 interfaces, 0 instances, 0 with static permutations.
[2016.08.01-12.16.39:661][249]LogMaterial: Missing cached shader map for material floorceiling, compiling. 
[2016.08.01-12.16.39:708][249]LogMaterial: Missing cached shader map for material floorceiling, compiling. 
[2016.08.01-12.16.39:723][249]LogMaterial: 0.00 seconds spent updating 1 materials, 1 interfaces, 0 instances, 0 with static permutations.
[2016.08.01-12.17.26:526][189]LogMaterial: Missing cached shader map for material trolley, compiling. 
[2016.08.01-12.17.26:602][189]LogMaterial: Missing cached shader map for material trolley, compiling. 
[2016.08.01-12.17.26:607][189]LogMaterial: 0.00 seconds spent updating 1 materials, 1 interfaces, 0 instances, 0 with static permutations.
[2016.08.01-12.17.26:633][189]LogMaterial: Missing cached shader map for material FMatExpressionPreview MaterialExpressionTextureSample_1, compiling. 
[2016.08.01-12.17.26:636][189]LogMaterial: Missing cached shader map for material FMatExpressionPreview MaterialExpressionTextureSample_0, compiling. 
[2016.08.01-12.17.26:638][189]LogMaterial: Missing cached shader map for material FMatExpressionPreview MaterialExpressionVectorParameter_4, compiling. 
[2016.08.01-12.17.28:336][311]MaterialEditorStats: Info Base pass shader with static lighting: 67 instructions
[2016.08.01-12.17.28:336][311]MaterialEditorStats: Info Base pass shader with only dynamic lighting: 38 instructions
[2016.08.01-12.17.28:336][311]MaterialEditorStats: Info Vertex shader: 31 instructions
[2016.08.01-12.17.28:336][311]MaterialEditorStats: Info Texture samplers: 4/16
[2016.08.01-12.17.31:467][538]LogMaterial: Missing cached shader map for material PreviewMaterial_0, compiling. 
[2016.08.01-12.17.31:519][538]LogMaterial: Missing cached shader map for material PreviewMaterial_0, compiling. 
[2016.08.01-12.17.31:528][538]LogMaterial: 0.00 seconds spent updating 1 materials, 1 interfaces, 0 instances, 0 with static permutations.
[2016.08.01-12.17.31:553][538]LogMaterial: Missing cached shader map for material FMatExpressionPreview MaterialExpressionTextureSample_1, compiling. 
[2016.08.01-12.17.31:555][538]LogMaterial: Missing cached shader map for material FMatExpressionPreview MaterialExpressionTextureSample_0, compiling. 
[2016.08.01-12.17.31:558][538]LogMaterial: Missing cached shader map for material FMatExpressionPreview MaterialExpressionTextureSample_2, compiling. 
[2016.08.01-12.17.33:924][718]MaterialEditorStats: Info Base pass shader with static lighting: 67 instructions
[2016.08.01-12.17.33:924][718]MaterialEditorStats: Info Base pass shader with only dynamic lighting: 38 instructions
[2016.08.01-12.17.33:924][718]MaterialEditorStats: Info Vertex shader: 33 instructions
[2016.08.01-12.17.33:924][718]MaterialEditorStats: Info Texture samplers: 5/16
[2016.08.01-12.17.36:272][956]LogMaterial: Missing cached shader map for material PreviewMaterial_0, compiling. 
[2016.08.01-12.17.36:280][956]LogMaterial: 0.00 seconds spent updating 1 materials, 1 interfaces, 0 instances, 0 with static permutations.
[2016.08.01-12.17.36:309][956]LogMaterial: Missing cached shader map for material FMatExpressionPreview MaterialExpressionTextureSample_0, compiling. 
[2016.08.01-12.17.37:803][ 48]LogMaterial: Uniform references updated for custom material expression Custom.
[2016.08.01-12.17.38:059][ 48]LogMaterial: Uniform references updated for custom material expression TemporalAA SampleID.
[2016.08.01-12.17.38:362][ 48]LogMaterial: Uniform references updated for custom material expression Ambient Cubemap Intensity.
[2016.08.01-12.17.38:367][ 48]LogMaterial: Uniform references updated for custom material expression Ambient Cubemap Tint.
[2016.08.01-12.17.38:456][ 49]MaterialEditorStats: Info Base pass shader with static lighting: 67 instructions
[2016.08.01-12.17.38:456][ 49]MaterialEditorStats: Info Base pass shader with only dynamic lighting: 38 instructions
[2016.08.01-12.17.38:456][ 49]MaterialEditorStats: Info Vertex shader: 33 instructions
[2016.08.01-12.17.38:456][ 49]MaterialEditorStats: Info Texture samplers: 5/16
[2016.08.01-12.17.39:107][105]LogMaterialEditor: Applying material floorceiling
[2016.08.01-12.17.39:468][105]LogMaterial: Missing cached shader map for material PreviewMaterial_0, compiling. 
[2016.08.01-12.17.39:491][105]LogMaterial: 0.00 seconds spent updating 1 materials, 1 interfaces, 0 instances, 0 with static permutations.
[2016.08.01-12.17.39:542][105]LogMaterial: Missing cached shader map for material floorceiling, compiling. 
[2016.08.01-12.17.39:596][105]LogMaterial: Missing cached shader map for material floorceiling, compiling. 
[2016.08.01-12.17.39:613][105]LogMaterial: 0.00 seconds spent updating 1 materials, 1 interfaces, 0 instances, 0 with static permutations.
[2016.08.01-12.17.42:270][344]LogMaterial: Missing cached shader map for material PreviewMaterial_0, compiling. 
[2016.08.01-12.17.42:278][344]LogMaterial: 0.00 seconds spent updating 1 materials, 1 interfaces, 0 instances, 0 with static permutations.
[2016.08.01-12.17.43:151][417]LogMaterialEditor: Applying material floorceiling
[2016.08.01-12.17.43:516][417]LogMaterial: Missing cached shader map for material PreviewMaterial_0, compiling. 
[2016.08.01-12.17.43:539][417]LogMaterial: 0.00 seconds spent updating 1 materials, 1 interfaces, 0 instances, 0 with static permutations.
[2016.08.01-12.17.43:575][417]LogMaterial: Missing cached shader map for material floorceiling, compiling. 
[2016.08.01-12.17.43:609][417]LogMaterial: Missing cached shader map for material floorceiling, compiling. 
[2016.08.01-12.17.43:626][417]LogMaterial: 0.00 seconds spent updating 1 materials, 1 interfaces, 0 instances, 0 with static permutations.
[2016.08.01-12.17.53:589][303]MaterialEditorStats: Info Base pass shader with static lighting: 97 instructions
[2016.08.01-12.17.53:589][303]MaterialEditorStats: Info Base pass shader with only dynamic lighting: 67 instructions
[2016.08.01-12.17.53:589][303]MaterialEditorStats: Info Vertex shader: 41 instructions
[2016.08.01-12.17.53:589][303]MaterialEditorStats: Info Texture samplers: 6/16
[2016.08.01-12.19.31:480][186]Cmd: OBJ SAVEPACKAGE PACKAGE="/Game/help/mats/floorceiling" FILE="../../../../../../Users/Olivia/Documents/Unreal Projects/MyProject/Content/help/mats/floorceiling.uasset" SILENT=true
[2016.08.01-12.19.31:564][186]LogSavePackage: Save=21.26ms
[2016.08.01-12.19.31:564][186]LogSavePackage: Moving '../../../../../../Users/Olivia/Documents/Unreal Projects/MyProject/Saved/floorceilingAA7756D848B8A3344422599032787DF0.tmp' to '../../../../../../Users/Olivia/Documents/Unreal Projects/MyProject/Content/help/mats/floorceiling.uasset'
[2016.08.01-12.19.31:565][186]LogSavePackage: Total save time: 84.72ms
[2016.08.01-12.19.31:565][186]LogSavePackage:Display: Finished SavePackage ../../../../../../Users/Olivia/Documents/Unreal Projects/MyProject/Content/help/mats/floorceiling.uasset
[2016.08.01-12.19.31:613][186]LogSavePackage: Save=34.20ms
[2016.08.01-12.19.31:613][186]LogSavePackage: Moving '../../../../../../Users/Olivia/Documents/Unreal Projects/MyProject/Saved/floor_walls_ceiling_specFC39B25A4A6896044123B5A96B40FC7B.tmp' to '../../../../../../Users/Olivia/Documents/Unreal Projects/MyProject/Content/help/mats/floor_walls_ceiling_spec.uasset'
[2016.08.01-12.19.31:614][186]LogSavePackage: Total save time: 35.27ms
[2016.08.01-12.19.31:614][186]LogSavePackage:Display: Finished SavePackage ../../../../../../Users/Olivia/Documents/Unreal Projects/MyProject/Content/help/mats/floor_walls_ceiling_spec.uasset
[2016.08.01-12.27.39:472][759]LogEditorFactories: Performing atomic reimport of [C:/Users/Olivia/Desktop/adv3d/floor walls ceiling spec.tga]
[2016.08.01-12.27.39:472][759]LogFactory: FactoryCreateBinary: Texture2D with ReimportTextureFactory (0 0 C:/Users/Olivia/Desktop/adv3d/floor walls ceiling spec.tga)
[2016.08.01-12.27.39:493][759]LogTexture:Display: Building textures: floor_walls_ceiling_spec (AutoDXT)
[2016.08.01-12.27.39:647][759]LogEditorFactories: -- imported successfully
[2016.08.01-12.27.40:519][799]LogSavePackage: Save=34.35ms
[2016.08.01-12.27.40:519][799]LogSavePackage: Moving '../../../../../../Users/Olivia/Documents/Unreal Projects/MyProject/Saved/floor_walls_ceiling_spec5962DCB4450E5994434D5C83558B864B.tmp' to '../../../../../../Users/Olivia/Documents/Unreal Projects/MyProject/Content/help/mats/floor_walls_ceiling_spec.uasset'
[2016.08.01-12.27.40:520][799]LogSavePackage: Total save time: 42.70ms
[2016.08.01-12.27.40:520][799]LogSavePackage:Display: Finished SavePackage ../../../../../../Users/Olivia/Documents/Unreal Projects/MyProject/Content/help/mats/floor_walls_ceiling_spec.uasset
[2016.08.01-12.28.56:160][912]LogMaterial: Missing cached shader map for material PreviewMaterial_0, compiling. 
[2016.08.01-12.28.56:161][912]LogMaterial:Warning: Failed to compile Material /Engine/Transient.PreviewMaterial_0 for platform PCD3D_SM5, Default Material will be used in game.
[2016.08.01-12.28.56:161][912]LogMaterial:Warning: 	(Node TextureSample) TextureSample> Sampler type is Grayscale, should be Color for /Game/help/mats/floor_walls_ceiling_spec.floor_walls_ceiling_spec
[2016.08.01-12.28.56:161][912]LogMaterial: 0.00 seconds spent updating 1 materials, 1 interfaces, 0 instances, 0 with static permutations.
[2016.08.01-12.28.56:188][912]LogMaterial: Missing cached shader map for material FMatExpressionPreview MaterialExpressionTextureSample_0, compiling. 
[2016.08.01-12.28.56:193][912]MaterialEditorStats:Error: Error [SM5] (Node TextureSample) TextureSample> Sampler type is Grayscale, should be Color for /Game/help/mats/floor_walls_ceiling_spec.floor_walls_ceiling_spec
[2016.08.01-12.28.58:524][135]LogMaterial: Missing cached shader map for material PreviewMaterial_0, compiling. 
[2016.08.01-12.28.58:533][135]LogMaterial: 0.00 seconds spent updating 1 materials, 1 interfaces, 0 instances, 0 with static permutations.
[2016.08.01-12.28.58:563][135]LogMaterial: Missing cached shader map for material FMatExpressionPreview MaterialExpressionTextureSample_0, compiling. 
[2016.08.01-12.29.01:240][374]MaterialEditorStats: Info Base pass shader with static lighting: 67 instructions
[2016.08.01-12.29.01:240][374]MaterialEditorStats: Info Base pass shader with only dynamic lighting: 38 instructions
[2016.08.01-12.29.01:240][374]MaterialEditorStats: Info Vertex shader: 33 instructions
[2016.08.01-12.29.01:240][374]MaterialEditorStats: Info Texture samplers: 5/16
[2016.08.01-12.29.38:119][938]LogEditorFactories: Performing atomic reimport of [C:/Users/Olivia/Desktop/adv3d/floor walls ceiling spec.tga]
[2016.08.01-12.29.38:119][938]LogFactory: FactoryCreateBinary: Texture2D with ReimportTextureFactory (0 0 C:/Users/Olivia/Desktop/adv3d/floor walls ceiling spec.tga)
[2016.08.01-12.29.38:137][938]LogTexture:Display: Building textures: floor_walls_ceiling_spec (AutoDXT)
[2016.08.01-12.29.38:283][938]LogEditorFactories: -- imported successfully
[2016.08.01-12.29.42:302][243]LogSavePackage: Save=34.08ms
[2016.08.01-12.29.42:302][243]LogSavePackage: Moving '../../../../../../Users/Olivia/Documents/Unreal Projects/MyProject/Saved/floor_walls_ceiling_specCA440E3942897E7DAAE2DB8641D2FFE2.tmp' to '../../../../../../Users/Olivia/Documents/Unreal Projects/MyProject/Content/help/mats/floor_walls_ceiling_spec.uasset'
[2016.08.01-12.29.42:303][243]LogSavePackage: Total save time: 41.86ms
[2016.08.01-12.29.42:303][243]LogSavePackage:Display: Finished SavePackage ../../../../../../Users/Olivia/Documents/Unreal Projects/MyProject/Content/help/mats/floor_walls_ceiling_spec.uasset
[2016.08.01-12.31.19:923][934]LogEditorFactories: Performing atomic reimport of [C:/Users/Olivia/Desktop/adv3d/floor walls ceiling spec.tga]
[2016.08.01-12.31.19:923][934]LogFactory: FactoryCreateBinary: Texture2D with ReimportTextureFactory (0 0 C:/Users/Olivia/Desktop/adv3d/floor walls ceiling spec.tga)
[2016.08.01-12.31.19:941][934]LogTexture:Display: Building textures: floor_walls_ceiling_spec (AutoDXT)
[2016.08.01-12.31.20:105][934]LogEditorFactories: -- imported successfully
[2016.08.01-12.31.42:357][943]MapCheck: New page: Map Check
[2016.08.01-12.31.42:385][943]Cmd: MAP REBUILD ALLVISIBLE
[2016.08.01-12.31.42:387][943]LogEditorServer: Rebuildmap Clear paths rebuilt
[2016.08.01-12.31.42:711][943]LightingResults: New page: Lighting Build - Aug 2, 2016, 4:31:42 AM
[2016.08.01-12.31.42:973][943]LogSwarmInterface: [OpenConnection] Registering TCP channel ...
[2016.08.01-12.31.43:074][943]LogSwarmInterface: [OpenConnection] Connecting to agent ...
[2016.08.01-12.31.43:187][943]LogSwarmInterface: [TryOpenConnection] Testing the Agent
[2016.08.01-12.31.45:115][943]LogSwarmInterface: [TryOpenConnection] Opening Connection to Agent
[2016.08.01-12.31.45:115][943]LogSwarmInterface: [TryOpenConnection] Local Process ID is 6072
[2016.08.01-12.31.53:054][943]LogStaticLightingSystem:Warning: No importance volume found, so the scene bounding box was used.  You can optimize your scene's quality and lighting build times by adding importance volumes.
[2016.08.01-12.31.53:061][943]LogStaticLightingSystem: Running Lightmass w/ ImmediateImport mode ENABLED
[2016.08.01-12.31.53:061][943]LogStaticLightingSystem: Running Lightmass w/ ImmediateProcess mode ENABLED
[2016.08.01-12.31.53:061][943]LogStaticLightingSystem: Running Lightmass w/ Sorting mode ENABLED
[2016.08.01-12.31.53:061][943]LogStaticLightingSystem: Running Lightmass w/ Mapping paddings ENABLED
[2016.08.01-12.31.53:061][943]LogStaticLightingSystem: Running Lightmass w/ Mapping debug paddings DISABLED
[2016.08.01-12.31.53:436][943]Cmd: MAP CHECK DONTDISPLAYDIALOG
[2016.08.01-12.31.53:436][943]MapCheck: New page: Minimal_Default - Aug 2, 2016, 4:31:53 AM
[2016.08.01-12.31.53:531][943]MapCheck: Info Map check complete: 0 Error(s), 0 Warning(s), took 95.54ms to complete.
[2016.08.01-12.31.53:553][943]LogEditorBuildUtils: Build time 0:00:11
[2016.08.01-12.31.53:654][944]LogMaterial: Missing cached shader map for material FLightmassMaterialRenderer floorceiling, compiling. 
[2016.08.01-12.31.53:670][944]LogMaterial: Missing cached shader map for material FLightmassMaterialRenderer floorceiling, compiling. 
[2016.08.01-12.31.53:682][944]LogMaterial: Missing cached shader map for material FLightmassMaterialRenderer floorceiling, compiling. 
[2016.08.01-12.31.57:766][955]LogSavePackage: Save=617.17ms
[2016.08.01-12.31.57:766][955]LogSavePackage: Moving '../../../../../../Users/Olivia/Documents/Unreal Projects/MyProject/Saved/Minimal_Default_Auto191A510E34243AA11FE7DFCBFF9624BA0.tmp' to '../../../../../../Users/Olivia/Documents/Unreal Projects/MyProject/Saved/Autosaves/Game/StarterContent/Maps/Minimal_Default_Auto1.umap'
[2016.08.01-12.31.57:767][955]LogSavePackage: Total save time: 666.32ms
[2016.08.01-12.31.57:767][955]LogSavePackage:Display: Finished SavePackage ../../../../../../Users/Olivia/Documents/Unreal Projects/MyProject/Saved/Autosaves/Game/StarterContent/Maps/Minimal_Default_Auto1.umap
[2016.08.01-12.31.57:791][955]LogFileHelpers: Editor autosave (incl. sublevels) for '/Game/StarterContent/Maps/Minimal_Default' took 0.756
[2016.08.01-12.31.57:791][955]LogFileHelpers: Editor autosave (incl. sublevels) for all levels took 0.756
[2016.08.01-12.31.57:833][955]OBJ SavePackage: Generating thumbnails for [1] asset(s) in package [/Game/help/mats/floor_walls_ceiling_spec] ([1] browsable assets)...
[2016.08.01-12.31.57:842][955]OBJ SavePackage:     Rendered thumbnail for [Texture2D /Game/help/mats/floor_walls_ceiling_spec.floor_walls_ceiling_spec]
[2016.08.01-12.31.57:842][955]OBJ SavePackage: Finished generating thumbnails for package [/Game/help/mats/floor_walls_ceiling_spec]
[2016.08.01-12.31.57:853][955]LogSavePackage: Save=5.27ms
[2016.08.01-12.31.57:853][955]LogSavePackage: Moving '../../../../../../Users/Olivia/Documents/Unreal Projects/MyProject/Saved/floor_walls_ceiling_spec_Auto175D914E444449964A6748DA8E2FF43DB.tmp' to '../../../../../../Users/Olivia/Documents/Unreal Projects/MyProject/Saved/Autosaves/Game/help/mats/floor_walls_ceiling_spec_Auto1.uasset'
[2016.08.01-12.31.57:865][955]LogSavePackage: Total save time: 22.62ms
[2016.08.01-12.31.57:865][955]LogSavePackage:Display: Finished SavePackage ../../../../../../Users/Olivia/Documents/Unreal Projects/MyProject/Saved/Autosaves/Game/help/mats/floor_walls_ceiling_spec_Auto1.uasset
[2016.08.01-12.31.57:865][955]LogFileHelpers: Auto-saving content packages took 0.073
[2016.08.01-12.31.58:548][958]Job is a success!
[2016.08.01-12.31.59:323][959]LogTexture:Display: Building textures: SkyOcclusion1_1 (AutoDXT)
[2016.08.01-12.31.59:323][959]LogTexture:Display: Building textures: HQ_Lightmap1_1 (AutoDXT)
[2016.08.01-12.31.59:323][959]LogTexture:Display: Building textures: LQ_Lightmap_1_1 (DXT1)
[2016.08.01-12.31.59:323][959]LogTexture:Display: Building textures: HQ_Lightmap0_2 (AutoDXT)
[2016.08.01-12.31.59:323][959]LogTexture:Display: Building textures: LQ_Lightmap_0_2 (DXT1)
[2016.08.01-12.31.59:323][959]LogTexture:Display: Building textures: SkyOcclusion0_2 (AutoDXT)
[2016.08.01-12.31.59:349][959]LogTexture:Display: Building textures: ShadowMapTexture2D_0 (G8)
[2016.08.01-12.31.59:349][959]LogTexture:Display: Building textures: ShadowMapTexture2D_1 (G8)
[2016.08.01-12.31.59:703][959]Lightmass on PC: 2.19 sec total, 431 ms importing, 68 ms setup, 161 ms photons, 1.49 sec processing, 0 ms extra exporting [10/10 mappings]. Threads: 5.94 sec total, 1.08 sec processing.
[2016.08.01-12.31.59:724][959]LogStaticLightingSystem: Illumination: 16.7 sec (220 ms encoding lightmaps, 24 ms encoding shadowmaps)
[2016.08.01-12.31.59:724][959]LogStaticLightingSystem: Lightmap texture memory:  0.7 MB (0.7 MB streaming, 0.0 MB non-streaming), 4 textures
[2016.08.01-12.31.59:724][959]LogStaticLightingSystem: Shadowmap texture memory: 0.0 MB (0.0 MB streaming, 0.0 MB non-streaming), 2 textures
[2016.08.01-12.32.00:060][960]Cmd: MAP CHECK NOTIFYRESULTS
[2016.08.01-12.32.00:061][960]MapCheck: New page: Minimal_Default - Aug 2, 2016, 4:32:00 AM
[2016.08.01-12.32.00:126][960]MapCheck: Info Map check complete: 0 Error(s), 0 Warning(s), took 65.345ms to complete.
[2016.08.01-12.32.05:133][975]LogTexture:Warning: Failed to stream mip data from the derived data cache for /Game/StarterContent/Maps/Minimal_Default.HQ_Lightmap0_1. Streaming mips will be recached.
[2016.08.01-12.32.05:133][975]LogTexture:Display: Building textures: HQ_Lightmap0_1 (AutoDXT)
[2016.08.01-12.32.34:157][ 62]LogEditorViewport: Clicking on Actor (LMB): StaticMeshActor (floor)
[2016.08.01-12.36.41:661][ 68]LogEditorFactories: Performing atomic reimport of [C:/Users/Olivia/Desktop/adv3d/floor walls ceiling spec.tga]
[2016.08.01-12.36.41:661][ 68]LogFactory: FactoryCreateBinary: Texture2D with ReimportTextureFactory (0 0 C:/Users/Olivia/Desktop/adv3d/floor walls ceiling spec.tga)
[2016.08.01-12.36.41:679][ 68]LogTexture:Display: Building textures: floor_walls_ceiling_spec (AutoDXT)
[2016.08.01-12.36.42:122][ 68]LogEditorFactories: -- imported successfully
[2016.08.01-12.37.15:477][982]LogEditorViewport: Clicking on Actor (LMB): StaticMeshActor (walls)
[2016.08.01-12.37.16:072][ 30]LogEditorViewport: Clicking on Actor (LMB): PointLight (PointLight)
[2016.08.01-12.37.41:626][435]EditorErrors: New page: Actor attachment
[2016.08.01-12.37.42:531][513]Cmd: TRANSACTION UNDO
[2016.08.01-12.37.42:531][513]LogEditorTransaction: Undo Attach actors
[2016.08.01-12.37.42:564][513]LogMaterial: Missing cached shader map for material trolley, compiling. 
[2016.08.01-12.37.42:569][513]LogMaterial: 0.00 seconds spent updating 1 materials, 1 interfaces, 0 instances, 0 with static permutations.
[2016.08.01-12.37.42:576][513]LogMaterial: Missing cached shader map for material PreviewMaterial_0, compiling. 
[2016.08.01-12.37.42:584][513]LogMaterial: 0.00 seconds spent updating 1 materials, 1 interfaces, 0 instances, 0 with static permutations.
[2016.08.01-12.37.44:462][665]MaterialEditorStats: Info Base pass shader with static lighting: 67 instructions
[2016.08.01-12.37.44:462][665]MaterialEditorStats: Info Base pass shader with only dynamic lighting: 38 instructions
[2016.08.01-12.37.44:462][665]MaterialEditorStats: Info Vertex shader: 31 instructions
[2016.08.01-12.37.44:462][665]MaterialEditorStats: Info Texture samplers: 4/16
[2016.08.01-12.37.46:726][846]MaterialEditorStats: Info Base pass shader with static lighting: 67 instructions
[2016.08.01-12.37.46:726][846]MaterialEditorStats: Info Base pass shader with only dynamic lighting: 38 instructions
[2016.08.01-12.37.46:726][846]MaterialEditorStats: Info Vertex shader: 33 instructions
[2016.08.01-12.37.46:726][846]MaterialEditorStats: Info Texture samplers: 5/16
[2016.08.01-12.37.52:052][323]Cmd: DUPLICATE
[2016.08.01-12.37.52:052][323]Cmd: ACTOR DUPLICATE
[2016.08.01-12.38.02:958][263]Cmd: TRANSACTION UNDO
[2016.08.01-12.38.02:958][263]LogEditorTransaction: Undo Move Actors
[2016.08.01-12.38.02:971][263]LogMaterial: Missing cached shader map for material trolley, compiling. 
[2016.08.01-12.38.02:976][263]LogMaterial: 0.00 seconds spent updating 1 materials, 1 interfaces, 0 instances, 0 with static permutations.
[2016.08.01-12.38.02:978][263]LogMaterial: Missing cached shader map for material PreviewMaterial_0, compiling. 
[2016.08.01-12.38.02:987][263]LogMaterial: 0.00 seconds spent updating 1 materials, 1 interfaces, 0 instances, 0 with static permutations.
[2016.08.01-12.38.04:596][380]MaterialEditorStats: Info Base pass shader with static lighting: 67 instructions
[2016.08.01-12.38.04:596][380]MaterialEditorStats: Info Base pass shader with only dynamic lighting: 38 instructions
[2016.08.01-12.38.04:596][380]MaterialEditorStats: Info Vertex shader: 31 instructions
[2016.08.01-12.38.04:596][380]MaterialEditorStats: Info Texture samplers: 4/16
[2016.08.01-12.38.07:163][591]MaterialEditorStats: Info Base pass shader with static lighting: 67 instructions
[2016.08.01-12.38.07:163][591]MaterialEditorStats: Info Base pass shader with only dynamic lighting: 38 instructions
[2016.08.01-12.38.07:163][591]MaterialEditorStats: Info Vertex shader: 33 instructions
[2016.08.01-12.38.07:163][591]MaterialEditorStats: Info Texture samplers: 5/16
[2016.08.01-12.39.08:002][198]LogEditorViewport: Clicking on Actor (LMB): PointLight (PointLight)
[2016.08.01-12.39.26:572][699]LogEditorViewport: Clicking on Actor (LMB): PointLight (PointLight2)
[2016.08.01-12.39.48:140][495]LogEditorViewport: Clicking on Actor (LMB): PointLight (PointLight)
[2016.08.01-12.39.50:512][696]LogEditorViewport: Clicking on Actor (LMB): PointLight (PointLight2)
[2016.08.01-12.40.09:058][344]LogEditorViewport: Clicking on Actor (LMB): StaticMeshActor (floor)
[2016.08.01-12.40.18:709][234]LogEditorViewport: Clicking on Actor (LMB): PointLight (PointLight)
[2016.08.01-12.40.21:790][543]LogEditorViewport: Clicking on Actor (LMB): PointLight (PointLight2)
[2016.08.01-12.40.26:066][935]LogEditorViewport: Clicking on Actor (LMB): StaticMeshActor (wm)
[2016.08.01-12.40.27:340][ 61]LogEditorViewport: Clicking on Actor (LMB): PointLight (PointLight)
[2016.08.01-12.40.58:431][155]Cmd: DUPLICATE
[2016.08.01-12.40.58:431][155]Cmd: ACTOR DUPLICATE
[2016.08.01-12.42.23:168][723]LogEditorActor: Deleted Actor: PointLight
[2016.08.01-12.42.23:205][723]LogEditorActor: Deleted 1 Actors (0.037 secs)
[2016.08.01-12.42.45:567][974]LogEditorActor: Deleted Actor: PointLight
[2016.08.01-12.42.45:581][974]LogEditorActor: Deleted 1 Actors (0.015 secs)
[2016.08.01-12.44.59:560][472]LogSavePackage: Save=99.95ms
[2016.08.01-12.44.59:560][472]LogSavePackage: Moving '../../../../../../Users/Olivia/Documents/Unreal Projects/MyProject/Saved/Minimal_DefaultE7E9E38743BA0980327C118C4F7B8FC8.tmp' to '../../../../../../Users/Olivia/Documents/Unreal Projects/MyProject/Content/StarterContent/Maps/Minimal_Default.umap'
[2016.08.01-12.44.59:562][472]LogSavePackage: Total save time: 110.10ms
[2016.08.01-12.44.59:562][472]LogSavePackage:Display: Finished SavePackage ../../../../../../Users/Olivia/Documents/Unreal Projects/MyProject/Content/StarterContent/Maps/Minimal_Default.umap
[2016.08.01-12.44.59:584][472]LogFileHelpers: Saving map 'Minimal_Default' took 0.173
[2016.08.01-12.44.59:639][472]LogSavePackage: Save=39.47ms
[2016.08.01-12.44.59:639][472]LogSavePackage: Moving '../../../../../../Users/Olivia/Documents/Unreal Projects/MyProject/Saved/floor_walls_ceiling_specD514EA324BC946994E1290B5FDC5BFF0.tmp' to '../../../../../../Users/Olivia/Documents/Unreal Projects/MyProject/Content/help/mats/floor_walls_ceiling_spec.uasset'
[2016.08.01-12.44.59:640][472]LogSavePackage: Total save time: 45.30ms
[2016.08.01-12.44.59:640][472]LogSavePackage:Display: Finished SavePackage ../../../../../../Users/Olivia/Documents/Unreal Projects/MyProject/Content/help/mats/floor_walls_ceiling_spec.uasset
[2016.08.01-12.45.08:480][238]LogBlueprintUserMessages: Early PlayInEditor Detection: Level '/Game/StarterContent/Maps/Minimal_Default.Minimal_Default:PersistentLevel' has LevelScriptBlueprint '/Game/StarterContent/Maps/Minimal_Default.Minimal_Default:PersistentLevel.Minimal_Default' with GeneratedClass '/Game/StarterContent/Maps/Minimal_Default.Minimal_Default_C' with ClassGeneratedBy '/Game/StarterContent/Maps/Minimal_Default.Minimal_Default:PersistentLevel.Minimal_Default'
[2016.08.01-12.45.08:480][238]LogPlayLevel: PlayLevel: No blueprints needed recompiling
[2016.08.01-12.45.08:480][238]PIE: New page: PIE session: Minimal_Default (Aug 2, 2016, 4:45:08 AM)
[2016.08.01-12.45.08:480][238]LogPlayLevel: Creating play world package: /Game/StarterContent/Maps/UEDPIE_0_Minimal_Default
[2016.08.01-12.45.08:542][238]LogPlayLevel: PIE: StaticDuplicateObject took: (0.062313s)
[2016.08.01-12.45.08:543][238]LogAIModule: Creating AISystem for world Minimal_Default
[2016.08.01-12.45.08:543][238]LogPlayLevel: PIE: World Init took: (0.000613s)
[2016.08.01-12.45.08:552][238]LogPlayLevel: PIE: Created PIE world by copying editor world from /Game/StarterContent/Maps/Minimal_Default.Minimal_Default to /Game/StarterContent/Maps/UEDPIE_0_Minimal_Default.Minimal_Default (0.071938s)
[2016.08.01-12.45.08:569][238]LogInit: XAudio2 using 'Speakers (2- High Definition Audio Device)' : 2 channels at 44.1 kHz using 16 bits per sample (channel mask 0x3)
[2016.08.01-12.45.08:581][238]LogInit: FAudioDevice initialized.
[2016.08.01-12.45.08:721][238]LogWorld: Game class is 'GameMode'
[2016.08.01-12.45.08:764][238]LogWorld: Bringing World /Game/StarterContent/Maps/UEDPIE_0_Minimal_Default.Minimal_Default up for play (max tick rate 0) at 2016.08.01-20.45.08
[2016.08.01-12.45.08:764][238]LogWorld: Bringing up level for play took: 0.003846
[2016.08.01-12.45.08:887][238]LogContentBrowser: Native class hierarchy updated for 'MovieSceneCapture' in 0.0014 seconds. Added 9 classes and 0 folders.
[2016.08.01-12.45.08:959][238]PIE: Info Play in editor start time for /Game/StarterContent/Maps/UEDPIE_0_Minimal_Default -0.069
[2016.08.01-12.45.08:960][238]LogBlueprintUserMessages: Late PlayInEditor Detection: Level '/Game/StarterContent/Maps/Minimal_Default.Minimal_Default:PersistentLevel' has LevelScriptBlueprint '/Game/StarterContent/Maps/Minimal_Default.Minimal_Default:PersistentLevel.Minimal_Default' with GeneratedClass '/Game/StarterContent/Maps/Minimal_Default.Minimal_Default_C' with ClassGeneratedBy '/Game/StarterContent/Maps/Minimal_Default.Minimal_Default:PersistentLevel.Minimal_Default'
[2016.08.01-12.45.09:093][239]LogRenderer: Reallocating scene render targets to support 1280x720 (Frame:151302).
[2016.08.01-12.45.23:732][585]LogBlueprintUserMessages: Early EndPlayMap Detection: Level '/Game/StarterContent/Maps/Minimal_Default.Minimal_Default:PersistentLevel' has LevelScriptBlueprint '/Game/StarterContent/Maps/Minimal_Default.Minimal_Default:PersistentLevel.Minimal_Default' with GeneratedClass '/Game/StarterContent/Maps/Minimal_Default.Minimal_Default_C' with ClassGeneratedBy '/Game/StarterContent/Maps/Minimal_Default.Minimal_Default:PersistentLevel.Minimal_Default'
[2016.08.01-12.45.23:799][585]LogBlueprintUserMessages: Late EndPlayMap Detection: Level '/Game/StarterContent/Maps/Minimal_Default.Minimal_Default:PersistentLevel' has LevelScriptBlueprint '/Game/StarterContent/Maps/Minimal_Default.Minimal_Default:PersistentLevel.Minimal_Default' with GeneratedClass '/Game/StarterContent/Maps/Minimal_Default.Minimal_Default_C' with ClassGeneratedBy '/Game/StarterContent/Maps/Minimal_Default.Minimal_Default:PersistentLevel.Minimal_Default'
[2016.08.01-12.45.35:891][550]MapCheck: New page: Map Check
[2016.08.01-12.45.35:910][550]Cmd: MAP REBUILD ALLVISIBLE
[2016.08.01-12.45.35:910][550]LogEditorServer: Rebuildmap Clear paths rebuilt
[2016.08.01-12.45.35:930][550]LightingResults: New page: Lighting Build - Aug 2, 2016, 4:45:35 AM
[2016.08.01-12.45.35:934][550]LogSwarmInterface: [OpenConnection] Registering TCP channel ...
[2016.08.01-12.45.35:935][550]LogSwarmInterface: [OpenConnection] Connecting to agent ...
[2016.08.01-12.45.35:935][550]LogSwarmInterface: [TryOpenConnection] Testing the Agent
[2016.08.01-12.45.35:936][550]LogSwarmInterface: [TryOpenConnection] Opening Connection to Agent
[2016.08.01-12.45.35:936][550]LogSwarmInterface: [TryOpenConnection] Local Process ID is 6072
[2016.08.01-12.45.40:446][550]LogStaticLightingSystem:Warning: No importance volume found, so the scene bounding box was used.  You can optimize your scene's quality and lighting build times by adding importance volumes.
[2016.08.01-12.45.40:446][550]LogStaticLightingSystem: Running Lightmass w/ ImmediateImport mode ENABLED
[2016.08.01-12.45.40:446][550]LogStaticLightingSystem: Running Lightmass w/ ImmediateProcess mode ENABLED
[2016.08.01-12.45.40:446][550]LogStaticLightingSystem: Running Lightmass w/ Sorting mode ENABLED
[2016.08.01-12.45.40:446][550]LogStaticLightingSystem: Running Lightmass w/ Mapping paddings ENABLED
[2016.08.01-12.45.40:446][550]LogStaticLightingSystem: Running Lightmass w/ Mapping debug paddings DISABLED
[2016.08.01-12.45.40:546][550]Cmd: MAP CHECK DONTDISPLAYDIALOG
[2016.08.01-12.45.40:546][550]MapCheck: New page: Minimal_Default - Aug 2, 2016, 4:45:40 AM
[2016.08.01-12.45.40:560][550]MapCheck:Error: Error WorldSettings_1 Maps need lighting rebuilt 
[2016.08.01-12.45.40:592][550]MapCheck: Info Map check complete: 1 Error(s), 0 Warning(s), took 45.537ms to complete.
[2016.08.01-12.45.40:614][550]LogEditorBuildUtils: Build time 0:00:04
[2016.08.01-12.45.42:684][560]Job is a success!
[2016.08.01-12.45.43:339][561]LogTexture:Display: Building textures: HQ_Lightmap0_1 (AutoDXT)
[2016.08.01-12.45.43:339][561]LogTexture:Display: Building textures: SkyOcclusion0_1 (AutoDXT)
[2016.08.01-12.45.43:339][561]LogTexture:Display: Building textures: LQ_Lightmap_0_1 (DXT1)
[2016.08.01-12.45.43:339][561]LogTexture:Display: Building textures: SkyOcclusion1_2 (AutoDXT)
[2016.08.01-12.45.43:339][561]LogTexture:Display: Building textures: HQ_Lightmap1_2 (AutoDXT)
[2016.08.01-12.45.43:339][561]LogTexture:Display: Building textures: LQ_Lightmap_1_2 (DXT1)
[2016.08.01-12.45.43:350][561]LogTexture:Display: Building textures: ShadowMapTexture2D_2 (G8)
[2016.08.01-12.45.43:350][561]LogTexture:Display: Building textures: ShadowMapTexture2D_3 (G8)
[2016.08.01-12.45.43:362][561]Lightmass on PC: 1.50 sec total, 80 ms importing, 9 ms setup, 164 ms photons, 1.21 sec processing, 0 ms extra exporting [10/10 mappings]. Threads: 4.83 sec total, 1.20 sec processing.
[2016.08.01-12.45.43:364][561]LogStaticLightingSystem: Illumination: 7.06 sec (194 ms encoding lightmaps, 8 ms encoding shadowmaps)
[2016.08.01-12.45.43:364][561]LogStaticLightingSystem: Lightmap texture memory:  0.7 MB (0.7 MB streaming, 0.0 MB non-streaming), 4 textures
[2016.08.01-12.45.43:364][561]LogStaticLightingSystem: Shadowmap texture memory: 0.0 MB (0.0 MB streaming, 0.0 MB non-streaming), 2 textures
[2016.08.01-12.45.43:459][562]Cmd: MAP CHECK NOTIFYRESULTS
[2016.08.01-12.45.43:459][562]MapCheck: New page: Minimal_Default - Aug 2, 2016, 4:45:43 AM
[2016.08.01-12.45.43:491][562]MapCheck: Info Map check complete: 0 Error(s), 0 Warning(s), took 32.006ms to complete.
[2016.08.01-12.49.48:227][451]MapCheck: New page: Map Check
[2016.08.01-12.49.48:246][451]Cmd: MAP REBUILD ALLVISIBLE
[2016.08.01-12.49.48:246][451]LogEditorServer: Rebuildmap Clear paths rebuilt
[2016.08.01-12.49.48:251][451]LightingResults: New page: Lighting Build - Aug 2, 2016, 4:49:48 AM
[2016.08.01-12.49.48:255][451]LogSwarmInterface: [OpenConnection] Registering TCP channel ...
[2016.08.01-12.49.48:256][451]LogSwarmInterface: [OpenConnection] Connecting to agent ...
[2016.08.01-12.49.48:256][451]LogSwarmInterface: [TryOpenConnection] Testing the Agent
[2016.08.01-12.49.48:257][451]LogSwarmInterface: [TryOpenConnection] Opening Connection to Agent
[2016.08.01-12.49.48:257][451]LogSwarmInterface: [TryOpenConnection] Local Process ID is 6072
[2016.08.01-12.49.52:766][451]LogStaticLightingSystem:Warning: No importance volume found, so the scene bounding box was used.  You can optimize your scene's quality and lighting build times by adding importance volumes.
[2016.08.01-12.49.52:766][451]LogStaticLightingSystem: Running Lightmass w/ ImmediateImport mode ENABLED
[2016.08.01-12.49.52:766][451]LogStaticLightingSystem: Running Lightmass w/ ImmediateProcess mode ENABLED
[2016.08.01-12.49.52:766][451]LogStaticLightingSystem: Running Lightmass w/ Sorting mode ENABLED
[2016.08.01-12.49.52:766][451]LogStaticLightingSystem: Running Lightmass w/ Mapping paddings ENABLED
[2016.08.01-12.49.52:766][451]LogStaticLightingSystem: Running Lightmass w/ Mapping debug paddings DISABLED
[2016.08.01-12.49.52:841][451]Cmd: MAP CHECK DONTDISPLAYDIALOG
[2016.08.01-12.49.52:842][451]MapCheck: New page: Minimal_Default - Aug 2, 2016, 4:49:52 AM
[2016.08.01-12.49.52:842][451]MapCheck:Error: Error WorldSettings_1 Maps need lighting rebuilt 
[2016.08.01-12.49.52:874][451]MapCheck: Info Map check complete: 1 Error(s), 0 Warning(s), took 32.97ms to complete.
[2016.08.01-12.49.52:897][451]LogEditorBuildUtils: Build time 0:00:04
[2016.08.01-12.49.54:637][457]Job is a success!
[2016.08.01-12.49.55:308][458]LogTexture:Display: Building textures: SkyOcclusion1_1 (AutoDXT)
[2016.08.01-12.49.55:308][458]LogTexture:Display: Building textures: HQ_Lightmap2_1 (AutoDXT)
[2016.08.01-12.49.55:308][458]LogTexture:Display: Building textures: LQ_Lightmap_1_1 (DXT1)
[2016.08.01-12.49.55:308][458]LogTexture:Display: Building textures: SkyOcclusion0_2 (AutoDXT)
[2016.08.01-12.49.55:308][458]LogTexture:Display: Building textures: LQ_Lightmap_0_2 (DXT1)
[2016.08.01-12.49.55:308][458]LogTexture:Display: Building textures: HQ_Lightmap2_2 (AutoDXT)
[2016.08.01-12.49.55:320][458]LogTexture:Display: Building textures: ShadowMapTexture2D_4 (G8)
[2016.08.01-12.49.55:320][458]LogTexture:Display: Building textures: ShadowMapTexture2D_5 (G8)
[2016.08.01-12.49.55:342][458]Lightmass on PC: 1.50 sec total, 63 ms importing, 7 ms setup, 126 ms photons, 1.27 sec processing, 0 ms extra exporting [10/10 mappings]. Threads: 5.07 sec total, 1.20 sec processing.
[2016.08.01-12.49.55:344][458]LogStaticLightingSystem: Illumination: 6.72 sec (194 ms encoding lightmaps, 8 ms encoding shadowmaps)
[2016.08.01-12.49.55:344][458]LogStaticLightingSystem: Lightmap texture memory:  0.7 MB (0.7 MB streaming, 0.0 MB non-streaming), 4 textures
[2016.08.01-12.49.55:344][458]LogStaticLightingSystem: Shadowmap texture memory: 0.0 MB (0.0 MB streaming, 0.0 MB non-streaming), 2 textures
[2016.08.01-12.49.55:791][459]Cmd: MAP CHECK NOTIFYRESULTS
[2016.08.01-12.49.55:791][459]MapCheck: New page: Minimal_Default - Aug 2, 2016, 4:49:55 AM
[2016.08.01-12.49.55:861][459]MapCheck: Info Map check complete: 0 Error(s), 0 Warning(s), took 70.265ms to complete.
[2016.08.01-12.50.07:185][142]LogEditorViewport: Clicking on Actor (LMB): StaticMeshActor (walls)
[2016.08.01-12.50.11:651][514]LogEditorViewport: Clicking on Actor (LMB): PointLight (PointLight)
[2016.08.01-12.50.34:154][312]MapCheck: New page: Map Check
[2016.08.01-12.50.34:180][312]Cmd: MAP REBUILD ALLVISIBLE
[2016.08.01-12.50.34:180][312]LogEditorServer: Rebuildmap Clear paths rebuilt
[2016.08.01-12.50.34:185][312]LightingResults: New page: Lighting Build - Aug 2, 2016, 4:50:34 AM
[2016.08.01-12.50.34:190][312]LogSwarmInterface: [OpenConnection] Registering TCP channel ...
[2016.08.01-12.50.34:191][312]LogSwarmInterface: [OpenConnection] Connecting to agent ...
[2016.08.01-12.50.34:191][312]LogSwarmInterface: [TryOpenConnection] Testing the Agent
[2016.08.01-12.50.34:191][312]LogSwarmInterface: [TryOpenConnection] Opening Connection to Agent
[2016.08.01-12.50.34:191][312]LogSwarmInterface: [TryOpenConnection] Local Process ID is 6072
[2016.08.01-12.50.38:706][312]LogStaticLightingSystem:Warning: No importance volume found, so the scene bounding box was used.  You can optimize your scene's quality and lighting build times by adding importance volumes.
[2016.08.01-12.50.38:707][312]LogStaticLightingSystem: Running Lightmass w/ ImmediateImport mode ENABLED
[2016.08.01-12.50.38:707][312]LogStaticLightingSystem: Running Lightmass w/ ImmediateProcess mode ENABLED
[2016.08.01-12.50.38:707][312]LogStaticLightingSystem: Running Lightmass w/ Sorting mode ENABLED
[2016.08.01-12.50.38:707][312]LogStaticLightingSystem: Running Lightmass w/ Mapping paddings ENABLED
[2016.08.01-12.50.38:707][312]LogStaticLightingSystem: Running Lightmass w/ Mapping debug paddings DISABLED
[2016.08.01-12.50.38:785][312]Cmd: MAP CHECK DONTDISPLAYDIALOG
[2016.08.01-12.50.38:785][312]MapCheck: New page: Minimal_Default - Aug 2, 2016, 4:50:38 AM
[2016.08.01-12.50.38:817][312]MapCheck: Info Map check complete: 0 Error(s), 0 Warning(s), took 31.546ms to complete.
[2016.08.01-12.50.38:838][312]LogEditorBuildUtils: Build time 0:00:04
[2016.08.01-12.50.40:542][420]Job is a success!
[2016.08.01-12.50.40:790][421]LogTexture:Display: Building textures: SkyOcclusion0_1 (AutoDXT)
[2016.08.01-12.50.40:790][421]LogTexture:Display: Building textures: HQ_Lightmap0_1 (AutoDXT)
[2016.08.01-12.50.40:790][421]LogTexture:Display: Building textures: LQ_Lightmap_0_1 (DXT1)
[2016.08.01-12.50.40:790][421]LogTexture:Display: Building textures: SkyOcclusion1_2 (AutoDXT)
[2016.08.01-12.50.40:790][421]LogTexture:Display: Building textures: HQ_Lightmap0_2 (AutoDXT)
[2016.08.01-12.50.40:790][421]LogTexture:Display: Building textures: LQ_Lightmap_1_2 (DXT1)
[2016.08.01-12.50.40:790][421]LogTexture:Display: Building textures: ShadowMapTexture2D_6 (G8)
[2016.08.01-12.50.40:790][421]LogTexture:Display: Building textures: ShadowMapTexture2D_7 (G8)
[2016.08.01-12.50.40:811][421]Lightmass on PC: 1.12 sec total, 77 ms importing, 8 ms setup, 135 ms photons, 879 ms processing, 0 ms extra exporting [10/10 mappings]. Threads: 3.48 sec total, 1.66 sec processing.
[2016.08.01-12.50.40:866][421]LogStaticLightingSystem: Illumination: 6.63 sec (170 ms encoding lightmaps, 7 ms encoding shadowmaps)
[2016.08.01-12.50.40:866][421]LogStaticLightingSystem: Lightmap texture memory:  0.7 MB (0.7 MB streaming, 0.0 MB non-streaming), 4 textures
[2016.08.01-12.50.40:866][421]LogStaticLightingSystem: Shadowmap texture memory: 0.0 MB (0.0 MB streaming, 0.0 MB non-streaming), 2 textures
[2016.08.01-12.50.41:753][422]Cmd: MAP CHECK NOTIFYRESULTS
[2016.08.01-12.50.41:753][422]MapCheck: New page: Minimal_Default - Aug 2, 2016, 4:50:41 AM
[2016.08.01-12.50.41:811][422]MapCheck: Info Map check complete: 0 Error(s), 0 Warning(s), took 57.6ms to complete.
[2016.08.01-12.50.50:266][118]MapCheck: New page: Map Check
[2016.08.01-12.50.50:279][118]Cmd: MAP REBUILD ALLVISIBLE
[2016.08.01-12.50.50:280][118]LogEditorServer: Rebuildmap Clear paths rebuilt
[2016.08.01-12.50.50:284][118]LightingResults: New page: Lighting Build - Aug 2, 2016, 4:50:50 AM
[2016.08.01-12.50.50:289][118]LogSwarmInterface: [OpenConnection] Registering TCP channel ...
[2016.08.01-12.50.50:290][118]LogSwarmInterface: [OpenConnection] Connecting to agent ...
[2016.08.01-12.50.50:290][118]LogSwarmInterface: [TryOpenConnection] Testing the Agent
[2016.08.01-12.50.50:290][118]LogSwarmInterface: [TryOpenConnection] Opening Connection to Agent
[2016.08.01-12.50.50:290][118]LogSwarmInterface: [TryOpenConnection] Local Process ID is 6072
[2016.08.01-12.50.54:804][118]LogStaticLightingSystem:Warning: No importance volume found, so the scene bounding box was used.  You can optimize your scene's quality and lighting build times by adding importance volumes.
[2016.08.01-12.50.54:804][118]LogStaticLightingSystem: Running Lightmass w/ ImmediateImport mode ENABLED
[2016.08.01-12.50.54:805][118]LogStaticLightingSystem: Running Lightmass w/ ImmediateProcess mode ENABLED
[2016.08.01-12.50.54:805][118]LogStaticLightingSystem: Running Lightmass w/ Sorting mode ENABLED
[2016.08.01-12.50.54:805][118]LogStaticLightingSystem: Running Lightmass w/ Mapping paddings ENABLED
[2016.08.01-12.50.54:805][118]LogStaticLightingSystem: Running Lightmass w/ Mapping debug paddings DISABLED
[2016.08.01-12.50.54:902][118]Cmd: MAP CHECK DONTDISPLAYDIALOG
[2016.08.01-12.50.54:902][118]MapCheck: New page: Minimal_Default - Aug 2, 2016, 4:50:54 AM
[2016.08.01-12.50.54:903][118]MapCheck:Error: Error WorldSettings_1 Maps need lighting rebuilt 
[2016.08.01-12.50.54:935][118]MapCheck: Info Map check complete: 1 Error(s), 0 Warning(s), took 33.001ms to complete.
[2016.08.01-12.50.54:958][118]LogEditorBuildUtils: Build time 0:00:04
[2016.08.01-12.50.56:403][198]Job is a success!
[2016.08.01-12.50.56:634][199]LogTexture:Display: Building textures: SkyOcclusion1_1 (AutoDXT)
[2016.08.01-12.50.56:634][199]LogTexture:Display: Building textures: HQ_Lightmap1_1 (AutoDXT)
[2016.08.01-12.50.56:634][199]LogTexture:Display: Building textures: LQ_Lightmap_1_1 (DXT1)
[2016.08.01-12.50.56:634][199]LogTexture:Display: Building textures: SkyOcclusion0_2 (AutoDXT)
[2016.08.01-12.50.56:634][199]LogTexture:Display: Building textures: HQ_Lightmap1_2 (AutoDXT)
[2016.08.01-12.50.56:634][199]LogTexture:Display: Building textures: LQ_Lightmap_0_2 (DXT1)
[2016.08.01-12.50.56:634][199]LogTexture:Display: Building textures: ShadowMapTexture2D_8 (BGRA8)
[2016.08.01-12.50.56:634][199]LogTexture:Display: Building textures: ShadowMapTexture2D_9 (BGRA8)
[2016.08.01-12.50.56:663][199]Lightmass on PC: 1.10 sec total, 71 ms importing, 9 ms setup, 138 ms photons, 861 ms processing, 0 ms extra exporting [10/10 mappings]. Threads: 3.41 sec total, 1.59 sec processing.
[2016.08.01-12.50.56:715][199]LogStaticLightingSystem: Illumination: 6.38 sec (163 ms encoding lightmaps, 7 ms encoding shadowmaps)
[2016.08.01-12.50.56:716][199]LogStaticLightingSystem: Lightmap texture memory:  0.7 MB (0.7 MB streaming, 0.0 MB non-streaming), 4 textures
[2016.08.01-12.50.56:716][199]LogStaticLightingSystem: Shadowmap texture memory: 0.2 MB (0.2 MB streaming, 0.0 MB non-streaming), 2 textures
[2016.08.01-12.50.56:827][200]Cmd: MAP CHECK NOTIFYRESULTS
[2016.08.01-12.50.56:827][200]MapCheck: New page: Minimal_Default - Aug 2, 2016, 4:50:56 AM
[2016.08.01-12.50.56:857][200]MapCheck: Info Map check complete: 0 Error(s), 0 Warning(s), took 30.426ms to complete.
[2016.08.01-12.51.29:359][765]LogSavePackage: Save=112.69ms
[2016.08.01-12.51.29:359][765]LogSavePackage: Moving '../../../../../../Users/Olivia/Documents/Unreal Projects/MyProject/Saved/Minimal_Default304C5E2E4C06C352CDAC2795EE20E444.tmp' to '../../../../../../Users/Olivia/Documents/Unreal Projects/MyProject/Content/StarterContent/Maps/Minimal_Default.umap'
[2016.08.01-12.51.29:360][765]LogSavePackage: Total save time: 122.72ms
[2016.08.01-12.51.29:360][765]LogSavePackage:Display: Finished SavePackage ../../../../../../Users/Olivia/Documents/Unreal Projects/MyProject/Content/StarterContent/Maps/Minimal_Default.umap
[2016.08.01-12.51.29:375][765]LogFileHelpers: Saving map 'Minimal_Default' took 0.178
[2016.08.01-12.51.45:263][647]LogEditorViewport: Clicking on Actor (LMB): PointLight (PointLight)
[2016.08.01-12.52.05:744][127]LogSavePackage: Save=117.24ms
[2016.08.01-12.52.05:744][127]LogSavePackage: Moving '../../../../../../Users/Olivia/Documents/Unreal Projects/MyProject/Saved/Minimal_DefaultC322071A40CDADD10E035FBD31E8D67C.tmp' to '../../../../../../Users/Olivia/Documents/Unreal Projects/MyProject/Content/StarterContent/Maps/Minimal_Default.umap'
[2016.08.01-12.52.05:746][127]LogSavePackage: Total save time: 123.74ms
[2016.08.01-12.52.05:746][127]LogSavePackage:Display: Finished SavePackage ../../../../../../Users/Olivia/Documents/Unreal Projects/MyProject/Content/StarterContent/Maps/Minimal_Default.umap
[2016.08.01-12.52.05:789][127]LogFileHelpers: Saving map 'Minimal_Default' took 0.207
[2016.08.01-12.52.06:613][188]LogEditorViewport: Clicking on Actor (LMB): StaticMeshActor (floor)
[2016.08.01-12.52.07:167][228]LogEditorViewport: Clicking on Actor (LMB): StaticMeshActor (floor)
[2016.08.01-12.58.51:303][129]LogMaterial: Missing cached shader map for material PreviewMaterial_0, compiling. 
[2016.08.01-12.58.51:349][129]LogMaterial: 0.00 seconds spent updating 1 materials, 1 interfaces, 0 instances, 0 with static permutations.
[2016.08.01-12.58.51:565][129]LogMaterial: Missing cached shader map for material floorceiling, compiling. 
[2016.08.01-12.58.51:651][129]LogMaterial: Missing cached shader map for material floorceiling, compiling. 
[2016.08.01-12.58.51:707][129]LogMaterial: 0.00 seconds spent updating 1 materials, 1 interfaces, 0 instances, 0 with static permutations.
[2016.08.01-12.58.58:649][129]Cmd: OBJ SAVEPACKAGE PACKAGE="/Game/help/mats/floorceiling" FILE="../../../../../../Users/Olivia/Documents/Unreal Projects/MyProject/Content/help/mats/floorceiling.uasset" SILENT=true
[2016.08.01-12.58.58:677][129]LogSavePackage: Save=12.52ms
[2016.08.01-12.58.58:677][129]LogSavePackage: Moving '../../../../../../Users/Olivia/Documents/Unreal Projects/MyProject/Saved/floorceiling9ED0AA814307D58038A412877FCD4895.tmp' to '../../../../../../Users/Olivia/Documents/Unreal Projects/MyProject/Content/help/mats/floorceiling.uasset'
[2016.08.01-12.58.58:679][129]LogSavePackage: Total save time: 28.41ms
[2016.08.01-12.58.58:679][129]LogSavePackage:Display: Finished SavePackage ../../../../../../Users/Olivia/Documents/Unreal Projects/MyProject/Content/help/mats/floorceiling.uasset
[2016.08.01-12.58.59:629][129]LogWindowsTextInputMethodSystem:Display: IME system now deactivated.
[2016.08.01-12.58.59:629][129]LogWindowsTextInputMethodSystem:Display: IME system now deactivated.
[2016.08.01-12.59.00:232][130]Cmd: QUIT_EDITOR
[2016.08.01-12.59.02:374][130]LogExit: Preparing to exit.
[2016.08.01-12.59.04:234][130]LogExit: Editor shut down
[2016.08.01-12.59.04:235][130]LogExit: Transaction tracking system shut down
[2016.08.01-12.59.06:937][130]LogObj: Freed 0b from 0 cluster array pools.
[2016.08.01-12.59.06:938][130]LogExit: Object subsystem successfully closed.
[2016.08.01-12.59.07:209][130]LogD3D11RHI: Shutdown
[2016.08.01-12.59.07:210][130]LogD3D11RHI: CleanupD3DDevice
[2016.08.01-12.59.07:375][130]LogD3D11RHI: ~FD3D11DynamicRHI
[2016.08.01-12.59.09:015][130]LogDerivedDataCache: Shutdown
[2016.08.01-12.59.10:104][130]LogModuleManager: Shutting down and abandoning module MovieSceneCapture (206)
[2016.08.01-12.59.10:104][130]LogModuleManager: Shutting down and abandoning module MaterialEditor (205)
[2016.08.01-12.59.10:104][130]LogModuleManager: Shutting down and abandoning module HierarchicalLODOutliner (204)
[2016.08.01-12.59.10:104][130]LogModuleManager: Shutting down and abandoning module CrashTracker (203)
[2016.08.01-12.59.10:125][130]LogModuleManager: Shutting down and abandoning module SceneOutliner (202)
[2016.08.01-12.59.10:141][130]LogModuleManager: Shutting down and abandoning module SuperSearch (201)
[2016.08.01-12.59.10:141][130]LogModuleManager: Shutting down and abandoning module WidgetCarousel (200)
[2016.08.01-12.59.10:148][130]LogModuleManager: Shutting down and abandoning module AddContentDialog (199)
[2016.08.01-12.59.10:185][130]LogModuleManager: Shutting down and abandoning module GameplayTags (198)
[2016.08.01-12.59.10:185][130]LogModuleManager: Shutting down and abandoning module EditorWidgets (197)
[2016.08.01-12.59.10:185][130]LogModuleManager: Shutting down and abandoning module CollectionManager (196)
[2016.08.01-12.59.10:229][130]LogModuleManager: Shutting down and abandoning module StatsViewer (195)
[2016.08.01-12.59.10:230][130]LogModuleManager: Shutting down and abandoning module FoliageEdit (194)
[2016.08.01-12.59.10:230][130]LogModuleManager: Shutting down and abandoning module LandscapeEditor (193)
[2016.08.01-12.59.10:278][130]LogModuleManager: Shutting down and abandoning module ActorPickerMode (192)
[2016.08.01-12.59.10:278][130]LogModuleManager: Shutting down and abandoning module GeometryMode (191)
[2016.08.01-12.59.10:278][130]LogModuleManager: Shutting down and abandoning module TextureAlignMode (190)
[2016.08.01-12.59.10:278][130]LogModuleManager: Shutting down and abandoning module BspMode (189)
[2016.08.01-12.59.10:278][130]LogModuleManager: Shutting down and abandoning module PlacementMode (188)
[2016.08.01-12.59.10:278][130]LogModuleManager: Shutting down and abandoning module AutomationWorker (187)
[2016.08.01-12.59.10:296][130]LogModuleManager: Shutting down and abandoning module CharacterAI (186)
[2016.08.01-12.59.10:296][130]LogModuleManager: Shutting down and abandoning module SmartSnapping (185)
[2016.08.01-12.59.10:296][130]LogModuleManager: Shutting down and abandoning module ViewportSnapping (184)
[2016.08.01-12.59.10:308][130]LogModuleManager: Shutting down and abandoning module LogVisualizer (183)
[2016.08.01-12.59.10:348][130]LogModuleManager: Shutting down and abandoning module GameProjectGeneration (182)
[2016.08.01-12.59.10:375][130]LogModuleManager: Shutting down and abandoning module IntroTutorials (181)
[2016.08.01-12.59.10:397][130]LogModuleManager: Shutting down and abandoning module EditorLiveStreaming (180)
[2016.08.01-12.59.10:417][130]LogModuleManager: Shutting down and abandoning module IOSPlatformEditor (179)
[2016.08.01-12.59.10:426][130]LogModuleManager: Shutting down and abandoning module HTML5PlatformEditor (178)
[2016.08.01-12.59.10:426][130]LogModuleManager: Shutting down and abandoning module AndroidDeviceDetection (177)
[2016.08.01-12.59.10:734][130]LogModuleManager: Shutting down and abandoning module AndroidPlatformEditor (176)
[2016.08.01-12.59.10:745][130]LogModuleManager: Shutting down and abandoning module IOSRuntimeSettings (175)
[2016.08.01-12.59.10:745][130]LogModuleManager: Shutting down and abandoning module AndroidRuntimeSettings (174)
[2016.08.01-12.59.10:745][130]LogModuleManager: Shutting down and abandoning module MergeActors (173)
[2016.08.01-12.59.10:780][130]LogModuleManager: Shutting down and abandoning module SizeMap (172)
[2016.08.01-12.59.10:810][130]LogModuleManager: Shutting down and abandoning module TreeMap (171)
[2016.08.01-12.59.10:837][130]LogModuleManager: Shutting down and abandoning module ReferenceViewer (170)
[2016.08.01-12.59.10:844][130]LogModuleManager: Shutting down and abandoning module LocalizationService (169)
[2016.08.01-12.59.10:858][130]LogModuleManager: Shutting down and abandoning module LocalizationDashboard (168)
[2016.08.01-12.59.10:879][130]LogModuleManager: Shutting down and abandoning module HardwareTargeting (167)
[2016.08.01-12.59.10:879][130]LogModuleManager: Shutting down and abandoning module DeviceProfileEditor (166)
[2016.08.01-12.59.10:908][130]LogModuleManager: Shutting down and abandoning module UndoHistory (165)
[2016.08.01-12.59.10:908][130]LogModuleManager: Shutting down and abandoning module UserFeedback (164)
[2016.08.01-12.59.10:908][130]LogModuleManager: Shutting down and abandoning module XmlParser (163)
[2016.08.01-12.59.10:927][130]LogModuleManager: Shutting down and abandoning module Blutility (162)
[2016.08.01-12.59.10:927][130]LogModuleManager: Shutting down and abandoning module ProjectTargetPlatformEditor (161)
[2016.08.01-12.59.10:943][130]LogModuleManager: Shutting down and abandoning module ProjectSettingsViewer (160)
[2016.08.01-12.59.10:956][130]LogModuleManager: Shutting down and abandoning module InputBindingEditor (159)
[2016.08.01-12.59.10:980][130]LogModuleManager: Shutting down and abandoning module EditorSettingsViewer (158)
[2016.08.01-12.59.10:997][130]LogModuleManager: Shutting down and abandoning module SettingsEditor (157)
[2016.08.01-12.59.11:028][130]LogModuleManager: Shutting down and abandoning module ProjectLauncher (156)
[2016.08.01-12.59.11:054][130]LogModuleManager: Shutting down and abandoning module SessionFrontend (155)
[2016.08.01-12.59.11:057][130]LogModuleManager: Shutting down and abandoning module ProfilerClient (154)
[2016.08.01-12.59.11:090][130]LogModuleManager: Shutting down and abandoning module TargetDeviceServices (153)
[2016.08.01-12.59.11:091][130]LogModuleManager: Shutting down and abandoning module DeviceManager (152)
[2016.08.01-12.59.11:194][130]LogModuleManager: Shutting down and abandoning module AutomationController (151)
[2016.08.01-12.59.11:212][130]LogModuleManager: Shutting down and abandoning module AutomationWindow (150)
[2016.08.01-12.59.11:228][130]LogModuleManager: Shutting down and abandoning module Layers (149)
[2016.08.01-12.59.11:252][130]LogModuleManager: Shutting down and abandoning module ComponentVisualizers (148)
[2016.08.01-12.59.11:252][130]LogModuleManager: Shutting down and abandoning module DetailCustomizations (147)
[2016.08.01-12.59.11:275][130]LogModuleManager: Shutting down and abandoning module PackagesDialog (146)
[2016.08.01-12.59.11:276][130]LogModuleManager: Shutting down and abandoning module Persona (145)
[2016.08.01-12.59.11:313][130]LogModuleManager: Shutting down and abandoning module Kismet (144)
[2016.08.01-12.59.11:364][130]LogModuleManager: Shutting down and abandoning module GraphEditor (143)
[2016.08.01-12.59.11:372][130]LogModuleManager: Shutting down and abandoning module ClassViewer (142)
[2016.08.01-12.59.11:385][130]LogModuleManager: Shutting down and abandoning module Toolbox (141)
[2016.08.01-12.59.11:394][130]LogModuleManager: Shutting down and abandoning module ModuleUI (140)
[2016.08.01-12.59.11:423][130]LogModuleManager: Shutting down and abandoning module MovieSceneTools (139)
[2016.08.01-12.59.11:459][130]LogModuleManager: Shutting down and abandoning module OutputLog (138)
[2016.08.01-12.59.11:462][130]LogModuleManager: Shutting down and abandoning module GammaUI (137)
[2016.08.01-12.59.11:472][130]LogModuleManager: Shutting down and abandoning module Documentation (136)
[2016.08.01-12.59.11:472][130]LogModuleManager: Shutting down and abandoning module StreamingPauseRendering (135)
[2016.08.01-12.59.11:484][130]LogModuleManager: Shutting down and abandoning module AnalyticsET (134)
[2016.08.01-12.59.11:484][130]LogModuleManager: Shutting down and abandoning module Analytics (133)
[2016.08.01-12.59.11:484][130]LogModuleManager: Shutting down and abandoning module PortalServices (132)
[2016.08.01-12.59.11:484][130]LogModuleManager: Shutting down and abandoning module PortalRpc (131)
[2016.08.01-12.59.11:484][130]LogModuleManager: Shutting down and abandoning module MessagingRpc (130)
[2016.08.01-12.59.11:484][130]LogModuleManager: Shutting down and abandoning module AITestSuite (129)
[2016.08.01-12.59.11:496][130]LogModuleManager: Shutting down and abandoning module GameplayDebugger (128)
[2016.08.01-12.59.11:506][130]LogModuleManager: Shutting down and abandoning module AIModule (127)
[2016.08.01-12.59.11:506][130]LogModuleManager: Shutting down and abandoning module ProfilerService (126)
[2016.08.01-12.59.11:691][130]LogModuleManager: Shutting down and abandoning module TaskGraph (125)
[2016.08.01-12.59.11:711][130]LogModuleManager: Shutting down and abandoning module SlateRemote (124)
[2016.08.01-12.59.11:730][130]LogModuleManager: Shutting down and abandoning module SteamVRController (123)
[2016.08.01-12.59.11:731][130]LogModuleManager: Shutting down and abandoning module SteamVR (122)
[2016.08.01-12.59.11:741][130]LogModuleManager: Shutting down and abandoning module ProceduralMeshComponent (121)
[2016.08.01-12.59.11:741][130]LogModuleManager: Shutting down and abandoning module OculusLibrary (120)
[2016.08.01-12.59.11:742][130]LogModuleManager: Shutting down and abandoning module OculusInput (119)
[2016.08.01-12.59.11:742][130]LogModuleManager: Shutting down and abandoning module CustomMeshComponent (118)
[2016.08.01-12.59.11:752][130]LogModuleManager: Shutting down and abandoning module CableComponent (117)
[2016.08.01-12.59.11:764][130]LogModuleManager: Shutting down and abandoning module ArchVisCharacter (116)
[2016.08.01-12.59.11:764][130]LogModuleManager: Shutting down and abandoning module MediaPlayerEditor (115)
[2016.08.01-12.59.11:788][130]LogModuleManager: Shutting down and abandoning module HTML5Networking (114)
[2016.08.01-12.59.11:788][130]LogModuleManager: Shutting down and abandoning module SpeedTreeImporter (113)
[2016.08.01-12.59.11:788][130]LogModuleManager: Shutting down and abandoning module PluginBrowser (112)
[2016.08.01-12.59.11:801][130]LogModuleManager: Shutting down and abandoning module EpicSurvey (111)
[2016.08.01-12.59.11:822][130]LogModuleManager: Shutting down and abandoning module DesktopPlatform (110)
[2016.08.01-12.59.11:841][130]LogModuleManager: Shutting down and abandoning module VisualStudioSourceCodeAccess (109)
[2016.08.01-12.59.11:862][130]LogModuleManager: Shutting down and abandoning module UObjectPlugin (108)
[2016.08.01-12.59.11:862][130]LogModuleManager: Shutting down and abandoning module SubversionSourceControl (107)
[2016.08.01-12.59.11:886][130]LogModuleManager: Shutting down and abandoning module PerforceSourceControl (106)
[2016.08.01-12.59.11:914][130]LogModuleManager: Shutting down and abandoning module SourceControl (105)
[2016.08.01-12.59.11:932][130]LogModuleManager: Shutting down and abandoning module GitSourceControl (104)
[2016.08.01-12.59.11:958][130]LogModuleManager: Shutting down and abandoning module LightPropagationVolumeEditor (103)
[2016.08.01-12.59.11:958][130]LogModuleManager: Shutting down and abandoning module PaperTiledImporter (102)
[2016.08.01-12.59.11:978][130]LogModuleManager: Shutting down and abandoning module PaperSpriteSheetImporter (101)
[2016.08.01-12.59.11:983][130]LogModuleManager: Shutting down and abandoning module MeshPaint (100)
[2016.08.01-12.59.11:983][130]LogModuleManager: Shutting down and abandoning module HotReload (99)
[2016.08.01-12.59.12:042][130]LogModuleManager: Shutting down and abandoning module MainFrame (98)
[2016.08.01-12.59.12:087][130]LogModuleManager: Shutting down and abandoning module LevelEditor (97)
[2016.08.01-12.59.12:127][130]LogModuleManager: Shutting down and abandoning module DirectoryWatcher (96)
[2016.08.01-12.59.12:129][130]LogModuleManager: Shutting down and abandoning module AssetRegistry (95)
[2016.08.01-12.59.12:409][130]LogModuleManager: Shutting down and abandoning module ContentBrowser (94)
[2016.08.01-12.59.12:410][130]LogModuleManager: Shutting down and abandoning module Paper2DEditor (93)
[2016.08.01-12.59.12:532][130]LogModuleManager: Shutting down and abandoning module UdpMessaging (92)
[2016.08.01-12.59.12:659][130]LogModuleManager: Shutting down and abandoning module LightPropagationVolumeRuntime (91)
[2016.08.01-12.59.12:659][130]LogModuleManager: Shutting down and abandoning module Paper2D (90)
[2016.08.01-12.59.12:659][130]LogModuleManager: Shutting down and abandoning module WindowsMoviePlayer (89)
[2016.08.01-12.59.12:673][130]LogModuleManager: Shutting down and abandoning module Media (88)
[2016.08.01-12.59.12:673][130]LogModuleManager: Shutting down and abandoning module WmfMedia (87)
[2016.08.01-12.59.12:701][130]LogModuleManager: Shutting down and abandoning module MediaAssets (86)
[2016.08.01-12.59.12:701][130]LogModuleManager: Shutting down and abandoning module GameLiveStreaming (85)
[2016.08.01-12.59.12:713][130]LogModuleManager: Shutting down and abandoning module GameplayTagsEditor (84)
[2016.08.01-12.59.12:728][130]LogModuleManager: Shutting down and abandoning module OnlineBlueprintSupport (83)
[2016.08.01-12.59.12:728][130]LogModuleManager: Shutting down and abandoning module GameplayTasksEditor (82)
[2016.08.01-12.59.12:728][130]LogModuleManager: Shutting down and abandoning module PropertyEditor (81)
[2016.08.01-12.59.12:743][130]LogModuleManager: Shutting down and abandoning module BehaviorTreeEditor (80)
[2016.08.01-12.59.12:758][130]LogModuleManager: Shutting down and abandoning module FunctionalTesting (79)
[2016.08.01-12.59.12:767][130]LogModuleManager: Shutting down and abandoning module CollisionAnalyzer (78)
[2016.08.01-12.59.12:872][130]LogModuleManager: Shutting down and abandoning module WorkspaceMenuStructure (77)
[2016.08.01-12.59.12:916][130]LogModuleManager: Shutting down and abandoning module MessageLog (76)
[2016.08.01-12.59.12:916][130]LogModuleManager: Shutting down and abandoning module Sequencer (75)
[2016.08.01-12.59.12:976][130]LogModuleManager: Shutting down and abandoning module AssetTools (74)
[2016.08.01-12.59.13:027][130]LogModuleManager: Shutting down and abandoning module UMGEditor (73)
[2016.08.01-12.59.13:046][130]LogModuleManager: Shutting down and abandoning module UMG (72)
[2016.08.01-12.59.13:068][130]LogModuleManager: Shutting down and abandoning module SlateReflector (71)
[2016.08.01-12.59.13:083][130]LogModuleManager: Shutting down and abandoning module Slate (70)
[2016.08.01-12.59.13:083][130]LogModuleManager: Shutting down and abandoning module EditorStyle (69)
[2016.08.01-12.59.13:160][130]LogModuleManager: Shutting down and abandoning module SessionServices (68)
[2016.08.01-12.59.13:160][130]LogModuleManager: Shutting down and abandoning module SourceCodeAccess (67)
[2016.08.01-12.59.13:178][130]LogModuleManager: Shutting down and abandoning module HeadMountedDisplay (66)
[2016.08.01-12.59.13:178][130]LogModuleManager: Shutting down and abandoning module XAudio2 (65)
[2016.08.01-12.59.13:178][130]LogModuleManager: Shutting down and abandoning module Networking (63)
[2016.08.01-12.59.13:178][130]LogModuleManager: Shutting down and abandoning module Core (62)
[2016.08.01-12.59.13:178][130]LogModuleManager: Shutting down and abandoning module KismetCompiler (61)
[2016.08.01-12.59.13:193][130]LogModuleManager: Shutting down and abandoning module PhysXFormats (60)
[2016.08.01-12.59.13:215][130]LogModuleManager: Shutting down and abandoning module MeshUtilities (59)
[2016.08.01-12.59.13:236][130]LogModuleManager: Shutting down and abandoning module CookingStats (58)
[2016.08.01-12.59.13:253][130]LogModuleManager: Shutting down and abandoning module DerivedDataCache (57)
[2016.08.01-12.59.13:253][130]LogDerivedDataCache: Shutdown
[2016.08.01-12.59.13:253][130]LogModuleManager: Shutting down and abandoning module ShaderFormatOpenGL (56)
[2016.08.01-12.59.13:297][130]LogModuleManager: Shutting down and abandoning module ShaderFormatD3D (55)
[2016.08.01-12.59.13:331][130]LogModuleManager: Shutting down and abandoning module MetalShaderFormat (54)
[2016.08.01-12.59.13:372][130]LogModuleManager: Shutting down and abandoning module TextureFormatUncompressed (53)
[2016.08.01-12.59.13:372][130]LogModuleManager: Shutting down and abandoning module TextureFormatPVR (52)
[2016.08.01-12.59.13:372][130]LogModuleManager: Shutting down and abandoning module TextureFormatIntelISPCTexComp (51)
[2016.08.01-12.59.13:394][130]LogModuleManager: Shutting down and abandoning module TextureFormatDXT (50)
[2016.08.01-12.59.13:394][130]LogModuleManager: Shutting down and abandoning module ImageWrapper (49)
[2016.08.01-12.59.13:394][130]LogModuleManager: Shutting down and abandoning module TextureFormatASTC (48)
[2016.08.01-12.59.13:405][130]LogModuleManager: Shutting down and abandoning module TextureFormatAndroid (47)
[2016.08.01-12.59.13:413][130]LogModuleManager: Shutting down and abandoning module AudioFormatOpus (46)
[2016.08.01-12.59.13:413][130]LogModuleManager: Shutting down and abandoning module AudioFormatOgg (45)
[2016.08.01-12.59.13:414][130]LogModuleManager: Shutting down and abandoning module AudioFormatADPCM (44)
[2016.08.01-12.59.13:414][130]LogModuleManager: Shutting down and abandoning module LinuxTargetPlatform (43)
[2016.08.01-12.59.13:427][130]LogModuleManager: Shutting down and abandoning module LinuxServerTargetPlatform (42)
[2016.08.01-12.59.13:436][130]LogModuleManager: Shutting down and abandoning module LinuxNoEditorTargetPlatform (41)
[2016.08.01-12.59.13:444][130]LogModuleManager: Shutting down and abandoning module TVOSTargetPlatform (40)
[2016.08.01-12.59.13:444][130]LogModuleManager: Shutting down and abandoning module Messaging (39)
[2016.08.01-12.59.13:444][130]LogModuleManager: Shutting down and abandoning module IOSTargetPlatform (38)
[2016.08.01-12.59.13:458][130]LogModuleManager: Shutting down and abandoning module HTML5TargetPlatform (37)
[2016.08.01-12.59.13:466][130]LogModuleManager: Shutting down and abandoning module Android_PVRTCTargetPlatform (36)
[2016.08.01-12.59.13:482][130]LogModuleManager: Shutting down and abandoning module Android_MultiTargetPlatform (35)
[2016.08.01-12.59.13:486][130]LogModuleManager: Shutting down and abandoning module Android_ETC2TargetPlatform (34)
[2016.08.01-12.59.13:493][130]LogModuleManager: Shutting down and abandoning module Android_ETC1TargetPlatform (33)
[2016.08.01-12.59.13:521][130]LogModuleManager: Shutting down and abandoning module Android_DXTTargetPlatform (32)
[2016.08.01-12.59.13:521][130]LogModuleManager: Shutting down and abandoning module Android_ATCTargetPlatform (31)
[2016.08.01-12.59.13:549][130]LogModuleManager: Shutting down and abandoning module Android_ASTCTargetPlatform (30)
[2016.08.01-12.59.13:598][130]LogModuleManager: Shutting down and abandoning module AndroidTargetPlatform (29)
[2016.08.01-12.59.13:621][130]LogModuleManager: Shutting down and abandoning module WindowsTargetPlatform (28)
[2016.08.01-12.59.13:621][130]LogModuleManager: Shutting down and abandoning module WindowsServerTargetPlatform (27)
[2016.08.01-12.59.13:639][130]LogModuleManager: Shutting down and abandoning module WindowsNoEditorTargetPlatform (26)
[2016.08.01-12.59.13:660][130]LogModuleManager: Shutting down and abandoning module WindowsClientTargetPlatform (25)
[2016.08.01-12.59.13:670][130]LogModuleManager: Shutting down and abandoning module AllDesktopTargetPlatform (24)
[2016.08.01-12.59.13:693][130]LogModuleManager: Shutting down and abandoning module TargetPlatform (23)
[2016.08.01-12.59.13:720][130]LogModuleManager: Shutting down and abandoning module InputCore (22)
[2016.08.01-12.59.13:759][130]LogModuleManager: Shutting down and abandoning module Settings (21)
[2016.08.01-12.59.13:759][130]LogModuleManager: Shutting down and abandoning module OnlineSubsystem (19)
[2016.08.01-12.59.13:760][130]LogModuleManager: Shutting down and abandoning module HTTP (18)
[2016.08.01-12.59.15:762][130]LogModuleManager: Shutting down and abandoning module XMPP (17)
[2016.08.01-12.59.15:789][130]LogModuleManager: Shutting down and abandoning module OculusRift (16)
[2016.08.01-12.59.15:807][130]LogModuleManager: Shutting down and abandoning module ExampleDeviceProfileSelector (15)
[2016.08.01-12.59.15:807][130]LogModuleManager: Shutting down and abandoning module TextureCompressor (14)
[2016.08.01-12.59.15:815][130]LogModuleManager: Shutting down and abandoning module ShaderCore (13)
[2016.08.01-12.59.15:815][130]LogModuleManager: Shutting down and abandoning module Landscape (12)
[2016.08.01-12.59.15:815][130]LogModuleManager: Shutting down and abandoning module SlateRHIRenderer (11)
[2016.08.01-12.59.15:845][130]LogModuleManager: Shutting down and abandoning module OpenGLDrv (10)
[2016.08.01-12.59.15:854][130]LogModuleManager: Shutting down and abandoning module D3D11RHI (9)
[2016.08.01-12.59.15:854][130]LogModuleManager: Shutting down and abandoning module AnimGraphRuntime (8)
[2016.08.01-12.59.15:859][130]LogModuleManager: Shutting down and abandoning module Renderer (7)
[2016.08.01-12.59.15:859][130]LogModuleManager: Shutting down and abandoning module Engine (6)
[2016.08.01-12.59.15:859][130]LogModuleManager: Shutting down and abandoning module CoreUObject (5)
[2016.08.01-12.59.15:859][130]LogModuleManager: Shutting down and abandoning module NetworkFile (4)
[2016.08.01-12.59.15:884][130]LogModuleManager: Shutting down and abandoning module StreamingFile (3)
[2016.08.01-12.59.15:900][130]LogModuleManager: Shutting down and abandoning module SandboxFile (2)
[2016.08.01-12.59.15:909][130]LogModuleManager: Shutting down and abandoning module PakFile (1)
[2016.08.01-12.59.15:984][130]LogExit: Exiting.
[2016.08.01-12.59.16:000][130]Log file closed, 08/01/16 20:59:16
