Log file open, 08/04/16 23:22:45
LogInit:Display: Running engine for game: MyProject
LogPlatformFile: Not using cached read wrapper
LogInit:Display: RandInit(1462488620) SRandInit(1462488621).
LogTaskGraph: Started task graph with 4 named threads and 7 total threads.
LogStats: Stats thread started at 0.065240
LogInit: Version: 4.11.2-2946394+++UE4+Release-4.11
LogInit: API Version: 2927265
LogInit: Compiled (64-bit): Apr 18 2016 02:18:46
LogInit: Compiled with Visual C++: 19.00.23026.00
LogInit: Build Configuration: Development
LogInit: Branch Name: ++UE4+Release-4.11
LogInit: Command line:  
LogInit: Base directory: C:/Program Files/Epic Games/4.11/Engine/Binaries/Win64/
LogInit: Installed Engine Build: 1
LogInit: Using libcurl 7.41.0
LogInit:  - built for x86_64-pc-win32
LogInit:  - supports SSL with WinSSL
LogInit:  - other features:
LogInit:      CURL_VERSION_SSL
LogInit:      CURL_VERSION_IPV6
LogInit:      CURL_VERSION_ASYNCHDNS
LogInit:      CURL_VERSION_LARGEFILE
LogInit:      CURL_VERSION_IDN
LogInit:  CurlRequestOptions (configurable via config and command line):
LogInit:  - bVerifyPeer = true  - Libcurl will verify peer certificate
LogInit:  - bUseHttpProxy = false  - Libcurl will NOT use HTTP proxy
LogInit:  - bDontReuseConnections = false  - Libcurl will reuse connections
LogInit:  - CertBundlePath = nullptr  - Libcurl will use whatever was configured at build time.
LogInit: Presizing for max 16777216 objects, including 0 objects not considered by GC, pre-allocating 0 bytes for permanent pool.
LogInit: Object subsystem initialized
[2016.08.04-15.22.45:896][  0]LogInit: Selected Device Profile: [Windows]
[2016.08.04-15.22.45:896][  0]LogInit: Applying CVar settings loaded from the selected device profile: [Windows]
[2016.08.04-15.22.45:901][  0]LogInit: Computer: PC
[2016.08.04-15.22.45:901][  0]LogInit: User: Olivia
[2016.08.04-15.22.45:901][  0]LogInit: CPU Page size=65536, Cores=4
[2016.08.04-15.22.45:901][  0]LogInit: High frequency timer resolution =3.417971 MHz
[2016.08.04-15.22.45:901][  0]LogMemory: Memory total: Physical=7.9GB (8GB approx)
[2016.08.04-15.22.45:901][  0]LogMemory: Platform Memory Stats for Windows
[2016.08.04-15.22.45:901][  0]LogMemory: Process Physical Memory: 310.26 MB used, 310.26 MB peak
[2016.08.04-15.22.45:901][  0]LogMemory: Process Virtual Memory: 315.23 MB used, 315.23 MB peak
[2016.08.04-15.22.45:901][  0]LogMemory: Physical Memory: 5205.49 MB used, 8066.59 MB total
[2016.08.04-15.22.45:901][  0]LogMemory: Virtual Memory: 627.13 MB used, 134217728.00 MB total
[2016.08.04-15.22.45:926][  0]LogTextLocalizationManager: No specific translations for ('en-US') exist, so ('en') translations will be used.
[2016.08.04-15.22.46:289][  0]LogD3D11RHI: D3D11 adapters:
[2016.08.04-15.22.46:310][  0]LogD3D11RHI:    0. 'AMD Radeon R9 200 Series' (Feature Level 11_0)
[2016.08.04-15.22.46:310][  0]LogD3D11RHI:       3051MB of dedicated video memory, 0MB of dedicated system memory, and 3840MB of shared system memory, 2 output[s]
[2016.08.04-15.22.46:315][  0]LogD3D11RHI:    1. 'Intel(R) HD Graphics 4600' (Feature Level 11_0)
[2016.08.04-15.22.46:315][  0]LogD3D11RHI:       128MB of dedicated video memory, 0MB of dedicated system memory, and 1792MB of shared system memory, 0 output[s]
[2016.08.04-15.22.46:315][  0]LogD3D11RHI:    2. 'Microsoft Basic Render Driver' (Feature Level 11_0)
[2016.08.04-15.22.46:316][  0]LogD3D11RHI:       0MB of dedicated video memory, 0MB of dedicated system memory, and 256MB of shared system memory, 0 output[s]
[2016.08.04-15.22.46:316][  0]LogD3D11RHI: Chosen D3D11 Adapter: 0
[2016.08.04-15.22.46:318][  0]LogD3D11RHI: Creating new Direct3DDevice
[2016.08.04-15.22.46:319][  0]LogD3D11RHI:     Adapter Name: AMD Radeon R9 200 Series
[2016.08.04-15.22.46:319][  0]LogD3D11RHI:   Driver Version: Unknown (internal Unknown)
[2016.08.04-15.22.46:319][  0]LogD3D11RHI:      Driver Date: Unknown
[2016.08.04-15.22.46:319][  0]LogRHI: Texture pool is 1361 MB (70% of 1945 MB)
[2016.08.04-15.22.46:322][  0]LogD3D11RHI: Async texture creation disabled: no driver support
[2016.08.04-15.22.46:335][  0]LogShaderCompilers: Guid format shader working directory is -19 characters bigger than the processId version (../../../../../../Users/Olivia/Documents/Unreal Projects/MyProject/Intermediate/Shaders/WorkingDirectory/8968/).
[2016.08.04-15.22.46:335][  0]LogShaderCompilers: Cleaned the shader compiler working directory 'C:/Users/Olivia/AppData/Local/Temp/UnrealShaderWorkingDir/4A58B9F2491A612DC9E65F9B172F801E/'.
[2016.08.04-15.22.46:335][  0]LogShaderCompilers:Display: Using Local Shader Compiler.
[2016.08.04-15.22.49:973][  0]LogTemp:Display: Loaded TP AllDesktopTargetPlatform
[2016.08.04-15.22.49:977][  0]LogTemp:Display: Loaded TP WindowsClientTargetPlatform
[2016.08.04-15.22.49:980][  0]LogTemp:Display: Loaded TP WindowsNoEditorTargetPlatform
[2016.08.04-15.22.49:982][  0]LogTemp:Display: Loaded TP WindowsServerTargetPlatform
[2016.08.04-15.22.49:985][  0]LogTemp:Display: Loaded TP WindowsTargetPlatform
[2016.08.04-15.22.49:988][  0]LogTemp:Display: Loaded TP AndroidTargetPlatform
[2016.08.04-15.22.49:990][  0]LogTemp:Display: Loaded TP Android_ASTCTargetPlatform
[2016.08.04-15.22.49:993][  0]LogTemp:Display: Loaded TP Android_ATCTargetPlatform
[2016.08.04-15.22.49:995][  0]LogTemp:Display: Loaded TP Android_DXTTargetPlatform
[2016.08.04-15.22.49:998][  0]LogTemp:Display: Loaded TP Android_ETC1TargetPlatform
[2016.08.04-15.22.50:000][  0]LogTemp:Display: Loaded TP Android_ETC2TargetPlatform
[2016.08.04-15.22.50:005][  0]LogTemp:Display: Loaded TP Android_MultiTargetPlatform
[2016.08.04-15.22.50:005][  0]LogTemp:Display: Loaded TP Android_PVRTCTargetPlatform
[2016.08.04-15.22.50:005][  0]LogTemp:Display: Loaded TP HTML5TargetPlatform
[2016.08.04-15.22.50:021][  0]LogTemp:Display: Loaded TP IOSTargetPlatform
[2016.08.04-15.22.50:023][  0]LogTemp:Display: Loaded TP TVOSTargetPlatform
[2016.08.04-15.22.50:025][  0]LogTemp:Display: Loaded TP LinuxNoEditorTargetPlatform
[2016.08.04-15.22.50:028][  0]LogTemp:Display: Loaded TP LinuxServerTargetPlatform
[2016.08.04-15.22.50:030][  0]LogTemp:Display: Loaded TP LinuxTargetPlatform
[2016.08.04-15.22.50:030][  0]LogTargetPlatformManager:Display: Building Assets For Windows
[2016.08.04-15.22.50:075][  0]LogDerivedDataCache:Display: Max Cache Size: 512 MB
[2016.08.04-15.22.51:125][  0]LogDerivedDataCache: Loaded boot cache 1.02s 50MB C:/Users/Olivia/AppData/Local/UnrealEngine/4.11/DerivedDataCache/Boot.ddc.
[2016.08.04-15.22.51:125][  0]LogDerivedDataCache:Display: Loaded Boot cache: C:/Users/Olivia/AppData/Local/UnrealEngine/4.11/DerivedDataCache/Boot.ddc
[2016.08.04-15.22.51:125][  0]LogDerivedDataCache: FDerivedDataBackendGraph:  Pak pak cache file ../../../../../../Users/Olivia/Documents/Unreal Projects/MyProject/DerivedDataCache/DDC.ddp not found, will not use a pak cache.
[2016.08.04-15.22.51:125][  0]LogDerivedDataCache: Unable to find inner node Pak for hierarchical cache Hierarchy.
[2016.08.04-15.22.51:125][  0]LogDerivedDataCache: FDerivedDataBackendGraph:  CompressedPak pak cache file ../../../../../../Users/Olivia/Documents/Unreal Projects/MyProject/DerivedDataCache/Compressed.ddp not found, will not use a pak cache.
[2016.08.04-15.22.51:125][  0]LogDerivedDataCache: Unable to find inner node CompressedPak for hierarchical cache Hierarchy.
[2016.08.04-15.22.51:137][  0]LogDerivedDataCache:Display: Pak cache opened for reading ../../../Engine/DerivedDataCache/Compressed.ddp.
[2016.08.04-15.22.51:149][  0]LogDerivedDataCache: Using Local data cache path C:/Users/Olivia/AppData/Local/UnrealEngine/Common/DerivedDataCache: Writable
[2016.08.04-15.22.57:509][  0]LogInit: Selected Device Profile: [Windows]
[2016.08.04-15.22.57:532][  0]LogContentStreaming: Texture pool size is 0.00 MB
[2016.08.04-15.22.58:162][  0]LogMaterial: Uniform references updated for custom material expression Custom.
[2016.08.04-15.22.59:353][  0]LogMeshUtilities: No automatic mesh reduction module available
[2016.08.04-15.22.59:353][  0]LogMeshUtilities: No automatic mesh merging module available
[2016.08.04-15.22.59:353][  0]LogMeshUtilities: No distributed automatic mesh merging module available
[2016.08.04-15.23.01:779][  0]LogUObjectArray: 27679 objects as part of root set at end of initial load.
[2016.08.04-15.23.01:799][  0]LogUObjectAllocator: 5591592 out of 0 bytes used by permanent object pool.
[2016.08.04-15.23.01:799][  0]LogUObjectArray: CloseDisregardForGC: 0/0 objects in disregard for GC pool
[2016.08.04-15.23.01:818][  0]LogInit: WinSock: version 1.1 (2.2), MaxSocks=32767, MaxUdp=65467
[2016.08.04-15.23.03:697][  0]LogSlate: SlateFontCache - WITH_FREETYPE: 1, WITH_HARFBUZZ: 1
[2016.08.04-15.23.03:697][  0]LogSlate: SlateFontCache - WITH_FREETYPE: 1, WITH_HARFBUZZ: 1
[2016.08.04-15.23.07:607][  0]LogStreaming:Warning: Failed to read file '../../../Engine/Content/Editor/Slate/Common/Selection_16x.png' error.
[2016.08.04-15.23.07:607][  0]LogSlate: Could not find file for Slate resource: ../../../Engine/Content/Editor/Slate/Common/Selection_16x.png
[2016.08.04-15.23.07:621][  0]LogStreaming:Warning: Failed to read file '../../../Engine/Content/Editor/Slate/Common/Selection_16x.png' error.
[2016.08.04-15.23.07:621][  0]LogSlate: Could not find file for Slate resource: ../../../Engine/Content/Editor/Slate/Common/Selection_16x.png
[2016.08.04-15.23.07:621][  0]LogStreaming:Warning: Failed to read file '../../../Engine/Content/Editor/Slate/Common/Selection_16x.png' error.
[2016.08.04-15.23.07:621][  0]LogSlate: Could not find file for Slate resource: ../../../Engine/Content/Editor/Slate/Common/Selection_16x.png
[2016.08.04-15.23.22:113][  0]LogUdpMessaging: Initializing bridge on interface 0.0.0.0:0 to multicast group 230.0.0.1:6666.
[2016.08.04-15.23.22:680][  0]LogAssetRegistry: FAssetRegistry took 0.0233 seconds to start up
[2016.08.04-15.23.26:660][  0]SourceControl: Info Source control is disabled
[2016.08.04-15.23.26:661][  0]SourceControl: Info Source control is disabled
[2016.08.04-15.23.26:705][  0]SourceControl: Info Source control is disabled
[2016.08.04-15.23.26:766][  0]SourceControl: Info Source control is disabled
[2016.08.04-15.23.27:316][  0]LogHMD: Failed to initialize OpenVR with code 110
[2016.08.04-15.23.27:958][  0]LogEngine: Initializing Engine...
[2016.08.04-15.23.29:219][  0]LogAIModule: Creating AISystem for world NewWorld
[2016.08.04-15.23.29:287][  0]LogInit: XAudio2 using 'Speakers (2- High Definition Audio Device)' : 2 channels at 44.1 kHz using 16 bits per sample (channel mask 0x3)
[2016.08.04-15.23.29:357][  0]LogInit: FAudioDevice initialized.
[2016.08.04-15.23.29:425][  0]LogDerivedDataCache: Saved boot cache 0.07s 72MB C:/Users/Olivia/AppData/Local/UnrealEngine/4.11/DerivedDataCache/Boot.ddc.
[2016.08.04-15.23.29:497][  0]LogInit: Texture streaming: Enabled
[2016.08.04-15.23.29:744][  0]LogInit: Transaction tracking system initialized
[2016.08.04-15.23.30:026][  0]BlueprintLog: New page: Editor Load
[2016.08.04-15.23.31:144][  0]LocalizationService: Info Localization service is disabled
[2016.08.04-15.23.31:761][  0]LogConsoleResponse:Display: 
[2016.08.04-15.23.34:279][  0]LogFileCache: Scanning file cache for directory 'C:/Users/Olivia/Documents/Unreal Projects/MyProject/Content/' took 0.04s
[2016.08.04-15.23.34:279][  0]LogCook:Display: Max memory allowance for cook 8192mb
[2016.08.04-15.23.34:296][  0]LogCook:Display: Mobile HDR setting 1
[2016.08.04-15.23.34:315][  0]LogCook:Display: Done creating registry. It took  0.00s.
[2016.08.04-15.23.36:555][  0]SourceControl: Info Source control is disabled
[2016.08.04-15.23.36:604][  0]Cmd: MAP LOAD FILE="../../../../../../Users/Olivia/Documents/Unreal Projects/MyProject/Content/StarterContent/Maps/Minimal_Default.umap" TEMPLATE=0 SHOWPROGRESS=1 FEATURELEVEL=3
[2016.08.04-15.23.36:744][  0]LightingResults: New page: Lighting Build
[2016.08.04-15.23.36:799][  0]MapCheck: New page: Map Check
[2016.08.04-15.23.36:799][  0]LightingResults: New page: Lighting Build
[2016.08.04-15.23.44:445][  0]LogAIModule: Creating AISystem for world Minimal_Default
[2016.08.04-15.23.44:824][  0]LogEditorServer: Finished looking for orphan Actors (0.008 secs)
[2016.08.04-15.23.44:922][  0]Cmd: MAP CHECKDEP NOCLEARLOG
[2016.08.04-15.23.44:991][  0]MapCheck: Info Map check complete: 0 Error(s), 0 Warning(s), took 69.473ms to complete.
[2016.08.04-15.23.44:991][  0]LogFileHelpers: Loading map 'Minimal_Default' took 8.390
[2016.08.04-15.23.46:247][  0]LogCollectionManager: Loaded 0 collections in 0.004194 seconds
[2016.08.04-15.23.46:361][  0]LogFileCache: Scanning file cache for directory 'C:/Users/Olivia/Documents/Unreal Projects/MyProject/Saved/Collections/' took 0.01s
[2016.08.04-15.23.46:361][  0]LogFileCache: Scanning file cache for directory 'C:/Users/Olivia/Documents/Unreal Projects/MyProject/Content/Developers/Olivia/Collections/' took 0.01s
[2016.08.04-15.23.46:361][  0]LogFileCache: Scanning file cache for directory 'C:/Users/Olivia/Documents/Unreal Projects/MyProject/Content/Collections/' took 0.01s
[2016.08.04-15.23.46:361][  0]LogCollectionManager: Rebuilt the GUID cache for 0 collections in 0.000007 seconds
[2016.08.04-15.23.46:390][  0]LogContentBrowser: Native class hierarchy populated in 0.0285 seconds. Added 1979 classes and 343 folders.
[2016.08.04-15.23.46:429][  0]LogStats: UGameplayTagsManager::ConstructGameplayTagTree: Construct from data asset -  0.000 s
[2016.08.04-15.23.46:429][  0]LogStats: UGameplayTagsManager::ConstructGameplayTagTree: GameplayTagTreeChangedEvent.Broadcast -  0.000 s
[2016.08.04-15.23.46:430][  0]LogContentBrowser: Native class hierarchy updated for 'GameplayTags' in 0.0010 seconds. Added 12 classes and 0 folders.
[2016.08.04-15.23.46:453][  0]LogContentBrowser: Native class hierarchy updated for 'WidgetCarousel' in 0.0008 seconds. Added 0 classes and 0 folders.
[2016.08.04-15.23.46:610][  0]LogContentBrowser: Native class hierarchy updated for 'SuperSearch' in 0.0004 seconds. Added 1 classes and 2 folders.
[2016.08.04-15.23.47:962][  0]LogContentBrowser: Native class hierarchy updated for 'AddContentDialog' in 0.0011 seconds. Added 0 classes and 0 folders.
[2016.08.04-15.23.48:003][  0]LogContentBrowser: Native class hierarchy updated for 'SceneOutliner' in 0.0011 seconds. Added 1 classes and 2 folders.
[2016.08.04-15.23.48:741][  0]LogCrashTracker: Crashtracker disabled due to settings.
[2016.08.04-15.23.48:995][  0]LogUObjectGlobals:Warning: Failed to find object 'Class None.'
[2016.08.04-15.23.49:102][  0]LogContentBrowser: Native class hierarchy updated for 'HierarchicalLODOutliner' in 0.0012 seconds. Added 1 classes and 2 folders.
[2016.08.04-15.23.49:103][  0]LogLoad: Full Startup: 63.76 seconds (BP compile: 0.99 seconds)
[2016.08.04-15.23.49:103][  0]LogExternalProfiler:Warning: No registered external profiler was matched with a command-line switch (or the DLL could not be loaded).  External profiling features will not be available.
[2016.08.04-15.23.49:114][  0]LogWindowsTextInputMethodSystem:Display: IME system now deactivated.
[2016.08.04-15.23.49:115][  0]LogWindowsTextInputMethodSystem:Display: IME system now deactivated.
[2016.08.04-15.23.49:116][  0]LogOcInput: OculusInput pre-init called
[2016.08.04-15.23.49:572][  0]LogContentStreaming: Texture pool size now 1000 MB
[2016.08.04-15.23.50:038][  0]LogRenderer: Reallocating scene render targets to support 1188x748 (Frame:2).
[2016.08.04-15.23.50:712][  2]LogAssetRegistry: Asset discovery search completed in 28.0541 seconds
[2016.08.04-15.23.50:717][  2]LogCollectionManager: Rebuilt the object cache for 0 collections in 0.000001 seconds (found 0 objects)
[2016.08.04-15.23.50:717][  2]LogCollectionManager: Fixed up redirectors for 0 collections in 0.004574 seconds (updated 0 objects)
[2016.08.04-15.24.51:554][211]LogEditorViewport: Clicking on Actor (LMB): DecalActor (DecalActor3)
[2016.08.04-15.25.10:599][152]LogEditorViewport: Clicking on Actor (LMB): StaticMeshActor (floor)
[2016.08.04-15.25.12:054][296]LogRenderer: Reallocating scene render targets to support 1188x764 (Frame:1813).
[2016.08.04-15.27.41:786][382]LogWindowsTextInputMethodSystem:Display: IME system now deactivated.
[2016.08.04-15.27.41:787][382]LogWindowsTextInputMethodSystem:Display: IME system now deactivated.
[2016.08.04-15.27.42:302][383]Cmd: QUIT_EDITOR
[2016.08.04-15.27.42:666][383]LogExit: Preparing to exit.
[2016.08.04-15.27.43:771][383]LogExit: Editor shut down
[2016.08.04-15.27.43:771][383]LogExit: Transaction tracking system shut down
[2016.08.04-15.27.44:474][383]LogObj: Freed 0b from 0 cluster array pools.
[2016.08.04-15.27.44:474][383]LogExit: Object subsystem successfully closed.
[2016.08.04-15.27.45:683][383]LogD3D11RHI: Shutdown
[2016.08.04-15.27.45:683][383]LogD3D11RHI: CleanupD3DDevice
[2016.08.04-15.27.45:796][383]LogD3D11RHI: ~FD3D11DynamicRHI
[2016.08.04-15.27.45:859][383]LogDerivedDataCache: Shutdown
[2016.08.04-15.27.46:485][383]LogModuleManager: Shutting down and abandoning module HierarchicalLODOutliner (205)
[2016.08.04-15.27.46:514][383]LogModuleManager: Shutting down and abandoning module ExternalImagePicker (204)
[2016.08.04-15.27.46:514][383]LogModuleManager: Shutting down and abandoning module CrashTracker (203)
[2016.08.04-15.27.46:514][383]LogModuleManager: Shutting down and abandoning module SceneOutliner (202)
[2016.08.04-15.27.46:528][383]LogModuleManager: Shutting down and abandoning module SuperSearch (201)
[2016.08.04-15.27.46:528][383]LogModuleManager: Shutting down and abandoning module WidgetCarousel (200)
[2016.08.04-15.27.46:528][383]LogModuleManager: Shutting down and abandoning module AddContentDialog (199)
[2016.08.04-15.27.46:565][383]LogModuleManager: Shutting down and abandoning module GameplayTags (198)
[2016.08.04-15.27.46:566][383]LogModuleManager: Shutting down and abandoning module EditorWidgets (197)
[2016.08.04-15.27.46:566][383]LogModuleManager: Shutting down and abandoning module CollectionManager (196)
[2016.08.04-15.27.46:566][383]LogModuleManager: Shutting down and abandoning module StatsViewer (195)
[2016.08.04-15.27.46:625][383]LogModuleManager: Shutting down and abandoning module FoliageEdit (194)
[2016.08.04-15.27.46:625][383]LogModuleManager: Shutting down and abandoning module LandscapeEditor (193)
[2016.08.04-15.27.46:700][383]LogModuleManager: Shutting down and abandoning module ActorPickerMode (192)
[2016.08.04-15.27.46:700][383]LogModuleManager: Shutting down and abandoning module GeometryMode (191)
[2016.08.04-15.27.46:700][383]LogModuleManager: Shutting down and abandoning module TextureAlignMode (190)
[2016.08.04-15.27.46:700][383]LogModuleManager: Shutting down and abandoning module BspMode (189)
[2016.08.04-15.27.46:700][383]LogModuleManager: Shutting down and abandoning module PlacementMode (188)
[2016.08.04-15.27.46:700][383]LogModuleManager: Shutting down and abandoning module AutomationWorker (187)
[2016.08.04-15.27.46:700][383]LogModuleManager: Shutting down and abandoning module CharacterAI (186)
[2016.08.04-15.27.46:700][383]LogModuleManager: Shutting down and abandoning module SmartSnapping (185)
[2016.08.04-15.27.46:700][383]LogModuleManager: Shutting down and abandoning module ViewportSnapping (184)
[2016.08.04-15.27.46:701][383]LogModuleManager: Shutting down and abandoning module LogVisualizer (183)
[2016.08.04-15.27.46:758][383]LogModuleManager: Shutting down and abandoning module GameProjectGeneration (182)
[2016.08.04-15.27.46:802][383]LogModuleManager: Shutting down and abandoning module IntroTutorials (181)
[2016.08.04-15.27.46:817][383]LogModuleManager: Shutting down and abandoning module EditorLiveStreaming (180)
[2016.08.04-15.27.46:817][383]LogModuleManager: Shutting down and abandoning module IOSPlatformEditor (179)
[2016.08.04-15.27.46:817][383]LogModuleManager: Shutting down and abandoning module HTML5PlatformEditor (178)
[2016.08.04-15.27.46:817][383]LogModuleManager: Shutting down and abandoning module AndroidDeviceDetection (177)
[2016.08.04-15.27.47:598][383]LogModuleManager: Shutting down and abandoning module AndroidPlatformEditor (176)
[2016.08.04-15.27.47:598][383]LogModuleManager: Shutting down and abandoning module IOSRuntimeSettings (175)
[2016.08.04-15.27.47:598][383]LogModuleManager: Shutting down and abandoning module AndroidRuntimeSettings (174)
[2016.08.04-15.27.47:598][383]LogModuleManager: Shutting down and abandoning module MergeActors (173)
[2016.08.04-15.27.47:631][383]LogModuleManager: Shutting down and abandoning module SizeMap (172)
[2016.08.04-15.27.47:631][383]LogModuleManager: Shutting down and abandoning module TreeMap (171)
[2016.08.04-15.27.47:663][383]LogModuleManager: Shutting down and abandoning module ReferenceViewer (170)
[2016.08.04-15.27.47:663][383]LogModuleManager: Shutting down and abandoning module LocalizationService (169)
[2016.08.04-15.27.47:708][383]LogModuleManager: Shutting down and abandoning module LocalizationDashboard (168)
[2016.08.04-15.27.47:740][383]LogModuleManager: Shutting down and abandoning module HardwareTargeting (167)
[2016.08.04-15.27.47:748][383]LogModuleManager: Shutting down and abandoning module DeviceProfileEditor (166)
[2016.08.04-15.27.47:779][383]LogModuleManager: Shutting down and abandoning module UndoHistory (165)
[2016.08.04-15.27.47:814][383]LogModuleManager: Shutting down and abandoning module UserFeedback (164)
[2016.08.04-15.27.47:814][383]LogModuleManager: Shutting down and abandoning module XmlParser (163)
[2016.08.04-15.27.47:814][383]LogModuleManager: Shutting down and abandoning module Blutility (162)
[2016.08.04-15.27.47:814][383]LogModuleManager: Shutting down and abandoning module ProjectTargetPlatformEditor (161)
[2016.08.04-15.27.47:814][383]LogModuleManager: Shutting down and abandoning module ProjectSettingsViewer (160)
[2016.08.04-15.27.47:814][383]LogModuleManager: Shutting down and abandoning module InputBindingEditor (159)
[2016.08.04-15.27.47:840][383]LogModuleManager: Shutting down and abandoning module EditorSettingsViewer (158)
[2016.08.04-15.27.47:841][383]LogModuleManager: Shutting down and abandoning module SettingsEditor (157)
[2016.08.04-15.27.47:841][383]LogModuleManager: Shutting down and abandoning module ProjectLauncher (156)
[2016.08.04-15.27.47:933][383]LogModuleManager: Shutting down and abandoning module SessionFrontend (155)
[2016.08.04-15.27.47:963][383]LogModuleManager: Shutting down and abandoning module ProfilerClient (154)
[2016.08.04-15.27.48:025][383]LogModuleManager: Shutting down and abandoning module TargetDeviceServices (153)
[2016.08.04-15.27.48:025][383]LogModuleManager: Shutting down and abandoning module DeviceManager (152)
[2016.08.04-15.27.48:084][383]LogModuleManager: Shutting down and abandoning module AutomationController (151)
[2016.08.04-15.27.48:093][383]LogModuleManager: Shutting down and abandoning module AutomationWindow (150)
[2016.08.04-15.27.48:101][383]LogModuleManager: Shutting down and abandoning module Layers (149)
[2016.08.04-15.27.48:112][383]LogModuleManager: Shutting down and abandoning module ComponentVisualizers (148)
[2016.08.04-15.27.48:112][383]LogModuleManager: Shutting down and abandoning module DetailCustomizations (147)
[2016.08.04-15.27.48:120][383]LogModuleManager: Shutting down and abandoning module PackagesDialog (146)
[2016.08.04-15.27.48:128][383]LogModuleManager: Shutting down and abandoning module Persona (145)
[2016.08.04-15.27.48:143][383]LogModuleManager: Shutting down and abandoning module Kismet (144)
[2016.08.04-15.27.48:150][383]LogModuleManager: Shutting down and abandoning module GraphEditor (143)
[2016.08.04-15.27.48:150][383]LogModuleManager: Shutting down and abandoning module ClassViewer (142)
[2016.08.04-15.27.48:155][383]LogModuleManager: Shutting down and abandoning module Toolbox (141)
[2016.08.04-15.27.48:156][383]LogModuleManager: Shutting down and abandoning module ModuleUI (140)
[2016.08.04-15.27.48:162][383]LogModuleManager: Shutting down and abandoning module MovieSceneTools (139)
[2016.08.04-15.27.48:162][383]LogModuleManager: Shutting down and abandoning module OutputLog (138)
[2016.08.04-15.27.48:162][383]LogModuleManager: Shutting down and abandoning module GammaUI (137)
[2016.08.04-15.27.48:164][383]LogModuleManager: Shutting down and abandoning module Documentation (136)
[2016.08.04-15.27.48:164][383]LogModuleManager: Shutting down and abandoning module StreamingPauseRendering (135)
[2016.08.04-15.27.48:164][383]LogModuleManager: Shutting down and abandoning module AnalyticsET (134)
[2016.08.04-15.27.48:164][383]LogModuleManager: Shutting down and abandoning module Analytics (133)
[2016.08.04-15.27.48:164][383]LogModuleManager: Shutting down and abandoning module PortalServices (132)
[2016.08.04-15.27.48:164][383]LogModuleManager: Shutting down and abandoning module PortalRpc (131)
[2016.08.04-15.27.48:164][383]LogModuleManager: Shutting down and abandoning module MessagingRpc (130)
[2016.08.04-15.27.48:164][383]LogModuleManager: Shutting down and abandoning module AITestSuite (129)
[2016.08.04-15.27.48:164][383]LogModuleManager: Shutting down and abandoning module GameplayDebugger (128)
[2016.08.04-15.27.48:164][383]LogModuleManager: Shutting down and abandoning module AIModule (127)
[2016.08.04-15.27.48:164][383]LogModuleManager: Shutting down and abandoning module ProfilerService (126)
[2016.08.04-15.27.48:304][383]LogModuleManager: Shutting down and abandoning module TaskGraph (125)
[2016.08.04-15.27.48:325][383]LogModuleManager: Shutting down and abandoning module SlateRemote (124)
[2016.08.04-15.27.48:325][383]LogModuleManager: Shutting down and abandoning module SteamVRController (123)
[2016.08.04-15.27.48:325][383]LogModuleManager: Shutting down and abandoning module SteamVR (122)
[2016.08.04-15.27.48:325][383]LogModuleManager: Shutting down and abandoning module ProceduralMeshComponent (121)
[2016.08.04-15.27.48:332][383]LogModuleManager: Shutting down and abandoning module OculusLibrary (120)
[2016.08.04-15.27.48:332][383]LogModuleManager: Shutting down and abandoning module OculusInput (119)
[2016.08.04-15.27.48:332][383]LogModuleManager: Shutting down and abandoning module CustomMeshComponent (118)
[2016.08.04-15.27.48:332][383]LogModuleManager: Shutting down and abandoning module CableComponent (117)
[2016.08.04-15.27.48:332][383]LogModuleManager: Shutting down and abandoning module ArchVisCharacter (116)
[2016.08.04-15.27.48:332][383]LogModuleManager: Shutting down and abandoning module MediaPlayerEditor (115)
[2016.08.04-15.27.48:340][383]LogModuleManager: Shutting down and abandoning module HTML5Networking (114)
[2016.08.04-15.27.48:340][383]LogModuleManager: Shutting down and abandoning module SpeedTreeImporter (113)
[2016.08.04-15.27.48:340][383]LogModuleManager: Shutting down and abandoning module PluginBrowser (112)
[2016.08.04-15.27.48:340][383]LogModuleManager: Shutting down and abandoning module EpicSurvey (111)
[2016.08.04-15.27.48:340][383]LogModuleManager: Shutting down and abandoning module DesktopPlatform (110)
[2016.08.04-15.27.48:340][383]LogModuleManager: Shutting down and abandoning module VisualStudioSourceCodeAccess (109)
[2016.08.04-15.27.48:340][383]LogModuleManager: Shutting down and abandoning module UObjectPlugin (108)
[2016.08.04-15.27.48:340][383]LogModuleManager: Shutting down and abandoning module SubversionSourceControl (107)
[2016.08.04-15.27.48:340][383]LogModuleManager: Shutting down and abandoning module PerforceSourceControl (106)
[2016.08.04-15.27.48:340][383]LogModuleManager: Shutting down and abandoning module SourceControl (105)
[2016.08.04-15.27.48:340][383]LogModuleManager: Shutting down and abandoning module GitSourceControl (104)
[2016.08.04-15.27.48:340][383]LogModuleManager: Shutting down and abandoning module LightPropagationVolumeEditor (103)
[2016.08.04-15.27.48:340][383]LogModuleManager: Shutting down and abandoning module PaperTiledImporter (102)
[2016.08.04-15.27.48:340][383]LogModuleManager: Shutting down and abandoning module PaperSpriteSheetImporter (101)
[2016.08.04-15.27.48:340][383]LogModuleManager: Shutting down and abandoning module MeshPaint (100)
[2016.08.04-15.27.48:340][383]LogModuleManager: Shutting down and abandoning module HotReload (99)
[2016.08.04-15.27.48:341][383]LogModuleManager: Shutting down and abandoning module MainFrame (98)
[2016.08.04-15.27.48:342][383]LogModuleManager: Shutting down and abandoning module LevelEditor (97)
[2016.08.04-15.27.48:343][383]LogModuleManager: Shutting down and abandoning module DirectoryWatcher (96)
[2016.08.04-15.27.48:346][383]LogModuleManager: Shutting down and abandoning module AssetRegistry (95)
[2016.08.04-15.27.48:578][383]LogModuleManager: Shutting down and abandoning module ContentBrowser (94)
[2016.08.04-15.27.48:579][383]LogModuleManager: Shutting down and abandoning module Paper2DEditor (93)
[2016.08.04-15.27.48:579][383]LogModuleManager: Shutting down and abandoning module UdpMessaging (92)
[2016.08.04-15.27.48:679][383]LogModuleManager: Shutting down and abandoning module LightPropagationVolumeRuntime (91)
[2016.08.04-15.27.48:679][383]LogModuleManager: Shutting down and abandoning module Paper2D (90)
[2016.08.04-15.27.48:679][383]LogModuleManager: Shutting down and abandoning module WindowsMoviePlayer (89)
[2016.08.04-15.27.48:679][383]LogModuleManager: Shutting down and abandoning module Media (88)
[2016.08.04-15.27.48:679][383]LogModuleManager: Shutting down and abandoning module WmfMedia (87)
[2016.08.04-15.27.48:693][383]LogModuleManager: Shutting down and abandoning module MediaAssets (86)
[2016.08.04-15.27.48:693][383]LogModuleManager: Shutting down and abandoning module GameLiveStreaming (85)
[2016.08.04-15.27.48:693][383]LogModuleManager: Shutting down and abandoning module GameplayTagsEditor (84)
[2016.08.04-15.27.48:693][383]LogModuleManager: Shutting down and abandoning module OnlineBlueprintSupport (83)
[2016.08.04-15.27.48:693][383]LogModuleManager: Shutting down and abandoning module GameplayTasksEditor (82)
[2016.08.04-15.27.48:693][383]LogModuleManager: Shutting down and abandoning module PropertyEditor (81)
[2016.08.04-15.27.48:693][383]LogModuleManager: Shutting down and abandoning module BehaviorTreeEditor (80)
[2016.08.04-15.27.48:704][383]LogModuleManager: Shutting down and abandoning module FunctionalTesting (79)
[2016.08.04-15.27.48:704][383]LogModuleManager: Shutting down and abandoning module CollisionAnalyzer (78)
[2016.08.04-15.27.48:711][383]LogModuleManager: Shutting down and abandoning module WorkspaceMenuStructure (77)
[2016.08.04-15.27.48:711][383]LogModuleManager: Shutting down and abandoning module MessageLog (76)
[2016.08.04-15.27.48:711][383]LogModuleManager: Shutting down and abandoning module Sequencer (75)
[2016.08.04-15.27.48:723][383]LogModuleManager: Shutting down and abandoning module AssetTools (74)
[2016.08.04-15.27.48:737][383]LogModuleManager: Shutting down and abandoning module UMGEditor (73)
[2016.08.04-15.27.48:753][383]LogModuleManager: Shutting down and abandoning module UMG (72)
[2016.08.04-15.27.48:762][383]LogModuleManager: Shutting down and abandoning module SlateReflector (71)
[2016.08.04-15.27.48:777][383]LogModuleManager: Shutting down and abandoning module Slate (70)
[2016.08.04-15.27.48:777][383]LogModuleManager: Shutting down and abandoning module EditorStyle (69)
[2016.08.04-15.27.48:783][383]LogModuleManager: Shutting down and abandoning module SessionServices (68)
[2016.08.04-15.27.48:783][383]LogModuleManager: Shutting down and abandoning module SourceCodeAccess (67)
[2016.08.04-15.27.48:783][383]LogModuleManager: Shutting down and abandoning module HeadMountedDisplay (66)
[2016.08.04-15.27.48:783][383]LogModuleManager: Shutting down and abandoning module XAudio2 (65)
[2016.08.04-15.27.48:783][383]LogModuleManager: Shutting down and abandoning module Networking (63)
[2016.08.04-15.27.48:783][383]LogModuleManager: Shutting down and abandoning module Core (62)
[2016.08.04-15.27.48:783][383]LogModuleManager: Shutting down and abandoning module KismetCompiler (61)
[2016.08.04-15.27.48:783][383]LogModuleManager: Shutting down and abandoning module PhysXFormats (60)
[2016.08.04-15.27.48:783][383]LogModuleManager: Shutting down and abandoning module MeshUtilities (59)
[2016.08.04-15.27.48:787][383]LogModuleManager: Shutting down and abandoning module CookingStats (58)
[2016.08.04-15.27.48:787][383]LogModuleManager: Shutting down and abandoning module DerivedDataCache (57)
[2016.08.04-15.27.48:787][383]LogDerivedDataCache: Shutdown
[2016.08.04-15.27.48:787][383]LogModuleManager: Shutting down and abandoning module ShaderFormatOpenGL (56)
[2016.08.04-15.27.48:794][383]LogModuleManager: Shutting down and abandoning module ShaderFormatD3D (55)
[2016.08.04-15.27.48:794][383]LogModuleManager: Shutting down and abandoning module MetalShaderFormat (54)
[2016.08.04-15.27.48:798][383]LogModuleManager: Shutting down and abandoning module TextureFormatUncompressed (53)
[2016.08.04-15.27.48:798][383]LogModuleManager: Shutting down and abandoning module TextureFormatPVR (52)
[2016.08.04-15.27.48:798][383]LogModuleManager: Shutting down and abandoning module TextureFormatIntelISPCTexComp (51)
[2016.08.04-15.27.48:798][383]LogModuleManager: Shutting down and abandoning module TextureFormatDXT (50)
[2016.08.04-15.27.48:798][383]LogModuleManager: Shutting down and abandoning module ImageWrapper (49)
[2016.08.04-15.27.48:798][383]LogModuleManager: Shutting down and abandoning module TextureFormatASTC (48)
[2016.08.04-15.27.48:798][383]LogModuleManager: Shutting down and abandoning module TextureFormatAndroid (47)
[2016.08.04-15.27.48:798][383]LogModuleManager: Shutting down and abandoning module AudioFormatOpus (46)
[2016.08.04-15.27.48:798][383]LogModuleManager: Shutting down and abandoning module AudioFormatOgg (45)
[2016.08.04-15.27.48:798][383]LogModuleManager: Shutting down and abandoning module AudioFormatADPCM (44)
[2016.08.04-15.27.48:798][383]LogModuleManager: Shutting down and abandoning module LinuxTargetPlatform (43)
[2016.08.04-15.27.48:798][383]LogModuleManager: Shutting down and abandoning module LinuxServerTargetPlatform (42)
[2016.08.04-15.27.48:802][383]LogModuleManager: Shutting down and abandoning module LinuxNoEditorTargetPlatform (41)
[2016.08.04-15.27.48:802][383]LogModuleManager: Shutting down and abandoning module TVOSTargetPlatform (40)
[2016.08.04-15.27.48:802][383]LogModuleManager: Shutting down and abandoning module Messaging (39)
[2016.08.04-15.27.48:802][383]LogModuleManager: Shutting down and abandoning module IOSTargetPlatform (38)
[2016.08.04-15.27.48:802][383]LogModuleManager: Shutting down and abandoning module HTML5TargetPlatform (37)
[2016.08.04-15.27.48:802][383]LogModuleManager: Shutting down and abandoning module Android_PVRTCTargetPlatform (36)
[2016.08.04-15.27.48:802][383]LogModuleManager: Shutting down and abandoning module Android_MultiTargetPlatform (35)
[2016.08.04-15.27.48:804][383]LogModuleManager: Shutting down and abandoning module Android_ETC2TargetPlatform (34)
[2016.08.04-15.27.48:804][383]LogModuleManager: Shutting down and abandoning module Android_ETC1TargetPlatform (33)
[2016.08.04-15.27.48:804][383]LogModuleManager: Shutting down and abandoning module Android_DXTTargetPlatform (32)
[2016.08.04-15.27.48:805][383]LogModuleManager: Shutting down and abandoning module Android_ATCTargetPlatform (31)
[2016.08.04-15.27.48:805][383]LogModuleManager: Shutting down and abandoning module Android_ASTCTargetPlatform (30)
[2016.08.04-15.27.48:805][383]LogModuleManager: Shutting down and abandoning module AndroidTargetPlatform (29)
[2016.08.04-15.27.48:805][383]LogModuleManager: Shutting down and abandoning module WindowsTargetPlatform (28)
[2016.08.04-15.27.48:805][383]LogModuleManager: Shutting down and abandoning module WindowsServerTargetPlatform (27)
[2016.08.04-15.27.48:805][383]LogModuleManager: Shutting down and abandoning module WindowsNoEditorTargetPlatform (26)
[2016.08.04-15.27.48:805][383]LogModuleManager: Shutting down and abandoning module WindowsClientTargetPlatform (25)
[2016.08.04-15.27.48:805][383]LogModuleManager: Shutting down and abandoning module AllDesktopTargetPlatform (24)
[2016.08.04-15.27.48:805][383]LogModuleManager: Shutting down and abandoning module TargetPlatform (23)
[2016.08.04-15.27.48:805][383]LogModuleManager: Shutting down and abandoning module InputCore (22)
[2016.08.04-15.27.48:805][383]LogModuleManager: Shutting down and abandoning module Settings (21)
[2016.08.04-15.27.48:805][383]LogModuleManager: Shutting down and abandoning module OnlineSubsystem (19)
[2016.08.04-15.27.48:805][383]LogModuleManager: Shutting down and abandoning module HTTP (18)
[2016.08.04-15.27.50:809][383]LogModuleManager: Shutting down and abandoning module XMPP (17)
[2016.08.04-15.27.50:835][383]LogModuleManager: Shutting down and abandoning module OculusRift (16)
[2016.08.04-15.27.50:857][383]LogModuleManager: Shutting down and abandoning module ExampleDeviceProfileSelector (15)
[2016.08.04-15.27.50:857][383]LogModuleManager: Shutting down and abandoning module TextureCompressor (14)
[2016.08.04-15.27.50:876][383]LogModuleManager: Shutting down and abandoning module ShaderCore (13)
[2016.08.04-15.27.50:876][383]LogModuleManager: Shutting down and abandoning module Landscape (12)
[2016.08.04-15.27.50:876][383]LogModuleManager: Shutting down and abandoning module SlateRHIRenderer (11)
[2016.08.04-15.27.50:887][383]LogModuleManager: Shutting down and abandoning module OpenGLDrv (10)
[2016.08.04-15.27.50:918][383]LogModuleManager: Shutting down and abandoning module D3D11RHI (9)
[2016.08.04-15.27.50:918][383]LogModuleManager: Shutting down and abandoning module AnimGraphRuntime (8)
[2016.08.04-15.27.50:918][383]LogModuleManager: Shutting down and abandoning module Renderer (7)
[2016.08.04-15.27.50:918][383]LogModuleManager: Shutting down and abandoning module Engine (6)
[2016.08.04-15.27.50:918][383]LogModuleManager: Shutting down and abandoning module CoreUObject (5)
[2016.08.04-15.27.50:918][383]LogModuleManager: Shutting down and abandoning module NetworkFile (4)
[2016.08.04-15.27.50:923][383]LogModuleManager: Shutting down and abandoning module StreamingFile (3)
[2016.08.04-15.27.50:927][383]LogModuleManager: Shutting down and abandoning module SandboxFile (2)
[2016.08.04-15.27.50:931][383]LogModuleManager: Shutting down and abandoning module PakFile (1)
[2016.08.04-15.27.50:943][383]LogExit: Exiting.
[2016.08.04-15.27.50:954][383]Log file closed, 08/04/16 23:27:50
