Log file open, 08/04/16 14:49:31
LogInit:Display: Running engine for game: MyProject
LogPlatformFile: Not using cached read wrapper
LogInit:Display: RandInit(-713525920) SRandInit(-713525919).
LogTaskGraph: Started task graph with 4 named threads and 7 total threads.
LogStats: Stats thread started at 0.064798
LogInit: Version: 4.11.2-2946394+++UE4+Release-4.11
LogInit: API Version: 2927265
LogInit: Compiled (64-bit): Apr 18 2016 02:18:46
LogInit: Compiled with Visual C++: 19.00.23026.00
LogInit: Build Configuration: Development
LogInit: Branch Name: ++UE4+Release-4.11
LogInit: Command line:  
LogInit: Base directory: C:/Program Files/Epic Games/4.11/Engine/Binaries/Win64/
LogInit: Installed Engine Build: 1
LogInit: Using libcurl 7.41.0
LogInit:  - built for x86_64-pc-win32
LogInit:  - supports SSL with WinSSL
LogInit:  - other features:
LogInit:      CURL_VERSION_SSL
LogInit:      CURL_VERSION_IPV6
LogInit:      CURL_VERSION_ASYNCHDNS
LogInit:      CURL_VERSION_LARGEFILE
LogInit:      CURL_VERSION_IDN
LogInit:  CurlRequestOptions (configurable via config and command line):
LogInit:  - bVerifyPeer = true  - Libcurl will verify peer certificate
LogInit:  - bUseHttpProxy = false  - Libcurl will NOT use HTTP proxy
LogInit:  - bDontReuseConnections = false  - Libcurl will reuse connections
LogInit:  - CertBundlePath = nullptr  - Libcurl will use whatever was configured at build time.
LogInit: Presizing for max 16777216 objects, including 0 objects not considered by GC, pre-allocating 0 bytes for permanent pool.
LogInit: Object subsystem initialized
[2016.08.04-06.49.32:059][  0]LogInit: Selected Device Profile: [Windows]
[2016.08.04-06.49.32:059][  0]LogInit: Applying CVar settings loaded from the selected device profile: [Windows]
[2016.08.04-06.49.32:064][  0]LogInit: Computer: PC
[2016.08.04-06.49.32:064][  0]LogInit: User: Olivia
[2016.08.04-06.49.32:064][  0]LogInit: CPU Page size=65536, Cores=4
[2016.08.04-06.49.32:064][  0]LogInit: High frequency timer resolution =3.417971 MHz
[2016.08.04-06.49.32:064][  0]LogMemory: Memory total: Physical=7.9GB (8GB approx)
[2016.08.04-06.49.32:064][  0]LogMemory: Platform Memory Stats for Windows
[2016.08.04-06.49.32:064][  0]LogMemory: Process Physical Memory: 310.24 MB used, 310.24 MB peak
[2016.08.04-06.49.32:064][  0]LogMemory: Process Virtual Memory: 315.21 MB used, 315.21 MB peak
[2016.08.04-06.49.32:064][  0]LogMemory: Physical Memory: 3801.36 MB used, 8066.59 MB total
[2016.08.04-06.49.32:064][  0]LogMemory: Virtual Memory: 627.13 MB used, 134217728.00 MB total
[2016.08.04-06.49.32:161][  0]LogTextLocalizationManager: No specific translations for ('en-US') exist, so ('en') translations will be used.
[2016.08.04-06.49.32:497][  0]LogD3D11RHI: D3D11 adapters:
[2016.08.04-06.49.32:504][  0]LogD3D11RHI:    0. 'AMD Radeon R9 200 Series' (Feature Level 11_0)
[2016.08.04-06.49.32:504][  0]LogD3D11RHI:       3051MB of dedicated video memory, 0MB of dedicated system memory, and 3840MB of shared system memory, 2 output[s]
[2016.08.04-06.49.32:559][  0]LogD3D11RHI:    1. 'Intel(R) HD Graphics 4600' (Feature Level 11_0)
[2016.08.04-06.49.32:559][  0]LogD3D11RHI:       128MB of dedicated video memory, 0MB of dedicated system memory, and 1792MB of shared system memory, 0 output[s]
[2016.08.04-06.49.32:707][  0]LogD3D11RHI:    2. 'Microsoft Basic Render Driver' (Feature Level 11_0)
[2016.08.04-06.49.32:707][  0]LogD3D11RHI:       0MB of dedicated video memory, 0MB of dedicated system memory, and 256MB of shared system memory, 0 output[s]
[2016.08.04-06.49.32:707][  0]LogD3D11RHI: Chosen D3D11 Adapter: 0
[2016.08.04-06.49.32:710][  0]LogD3D11RHI: Creating new Direct3DDevice
[2016.08.04-06.49.32:710][  0]LogD3D11RHI:     Adapter Name: AMD Radeon R9 200 Series
[2016.08.04-06.49.32:710][  0]LogD3D11RHI:   Driver Version: Unknown (internal Unknown)
[2016.08.04-06.49.32:710][  0]LogD3D11RHI:      Driver Date: Unknown
[2016.08.04-06.49.32:710][  0]LogRHI: Texture pool is 1361 MB (70% of 1945 MB)
[2016.08.04-06.49.32:714][  0]LogD3D11RHI: Async texture creation disabled: no driver support
[2016.08.04-06.49.32:726][  0]LogShaderCompilers: Guid format shader working directory is -20 characters bigger than the processId version (../../../../../../Users/Olivia/Documents/Unreal Projects/MyProject/Intermediate/Shaders/WorkingDirectory/11128/).
[2016.08.04-06.49.32:726][  0]LogShaderCompilers: Cleaned the shader compiler working directory 'C:/Users/Olivia/AppData/Local/Temp/UnrealShaderWorkingDir/9CBA343E45135B210F1081B69C0E1378/'.
[2016.08.04-06.49.32:726][  0]LogShaderCompilers:Display: Using Local Shader Compiler.
[2016.08.04-06.49.35:608][  0]LogTemp:Display: Loaded TP AllDesktopTargetPlatform
[2016.08.04-06.49.35:612][  0]LogTemp:Display: Loaded TP WindowsClientTargetPlatform
[2016.08.04-06.49.35:615][  0]LogTemp:Display: Loaded TP WindowsNoEditorTargetPlatform
[2016.08.04-06.49.35:619][  0]LogTemp:Display: Loaded TP WindowsServerTargetPlatform
[2016.08.04-06.49.35:622][  0]LogTemp:Display: Loaded TP WindowsTargetPlatform
[2016.08.04-06.49.35:626][  0]LogTemp:Display: Loaded TP AndroidTargetPlatform
[2016.08.04-06.49.35:628][  0]LogTemp:Display: Loaded TP Android_ASTCTargetPlatform
[2016.08.04-06.49.35:631][  0]LogTemp:Display: Loaded TP Android_ATCTargetPlatform
[2016.08.04-06.49.35:633][  0]LogTemp:Display: Loaded TP Android_DXTTargetPlatform
[2016.08.04-06.49.35:636][  0]LogTemp:Display: Loaded TP Android_ETC1TargetPlatform
[2016.08.04-06.49.35:639][  0]LogTemp:Display: Loaded TP Android_ETC2TargetPlatform
[2016.08.04-06.49.35:644][  0]LogTemp:Display: Loaded TP Android_MultiTargetPlatform
[2016.08.04-06.49.35:644][  0]LogTemp:Display: Loaded TP Android_PVRTCTargetPlatform
[2016.08.04-06.49.35:645][  0]LogTemp:Display: Loaded TP HTML5TargetPlatform
[2016.08.04-06.49.35:660][  0]LogTemp:Display: Loaded TP IOSTargetPlatform
[2016.08.04-06.49.35:662][  0]LogTemp:Display: Loaded TP TVOSTargetPlatform
[2016.08.04-06.49.35:664][  0]LogTemp:Display: Loaded TP LinuxNoEditorTargetPlatform
[2016.08.04-06.49.35:666][  0]LogTemp:Display: Loaded TP LinuxServerTargetPlatform
[2016.08.04-06.49.35:669][  0]LogTemp:Display: Loaded TP LinuxTargetPlatform
[2016.08.04-06.49.35:669][  0]LogTargetPlatformManager:Display: Building Assets For Windows
[2016.08.04-06.49.35:716][  0]LogDerivedDataCache:Display: Max Cache Size: 512 MB
[2016.08.04-06.49.36:220][  0]LogDerivedDataCache: Loaded boot cache 0.49s 46MB C:/Users/Olivia/AppData/Local/UnrealEngine/4.11/DerivedDataCache/Boot.ddc.
[2016.08.04-06.49.36:220][  0]LogDerivedDataCache:Display: Loaded Boot cache: C:/Users/Olivia/AppData/Local/UnrealEngine/4.11/DerivedDataCache/Boot.ddc
[2016.08.04-06.49.36:220][  0]LogDerivedDataCache: FDerivedDataBackendGraph:  Pak pak cache file ../../../../../../Users/Olivia/Documents/Unreal Projects/MyProject/DerivedDataCache/DDC.ddp not found, will not use a pak cache.
[2016.08.04-06.49.36:220][  0]LogDerivedDataCache: Unable to find inner node Pak for hierarchical cache Hierarchy.
[2016.08.04-06.49.36:220][  0]LogDerivedDataCache: FDerivedDataBackendGraph:  CompressedPak pak cache file ../../../../../../Users/Olivia/Documents/Unreal Projects/MyProject/DerivedDataCache/Compressed.ddp not found, will not use a pak cache.
[2016.08.04-06.49.36:220][  0]LogDerivedDataCache: Unable to find inner node CompressedPak for hierarchical cache Hierarchy.
[2016.08.04-06.49.36:246][  0]LogDerivedDataCache:Display: Pak cache opened for reading ../../../Engine/DerivedDataCache/Compressed.ddp.
[2016.08.04-06.49.36:258][  0]LogDerivedDataCache: Using Local data cache path C:/Users/Olivia/AppData/Local/UnrealEngine/Common/DerivedDataCache: Writable
[2016.08.04-06.49.39:797][  0]LogInit: Selected Device Profile: [Windows]
[2016.08.04-06.49.39:834][  0]LogContentStreaming: Texture pool size is 0.00 MB
[2016.08.04-06.49.40:157][  0]LogMaterial: Uniform references updated for custom material expression Custom.
[2016.08.04-06.49.40:743][  0]LogMeshUtilities: No automatic mesh reduction module available
[2016.08.04-06.49.40:743][  0]LogMeshUtilities: No automatic mesh merging module available
[2016.08.04-06.49.40:743][  0]LogMeshUtilities: No distributed automatic mesh merging module available
[2016.08.04-06.49.42:565][  0]LogUObjectArray: 27679 objects as part of root set at end of initial load.
[2016.08.04-06.49.42:584][  0]LogUObjectAllocator: 5591592 out of 0 bytes used by permanent object pool.
[2016.08.04-06.49.42:584][  0]LogUObjectArray: CloseDisregardForGC: 0/0 objects in disregard for GC pool
[2016.08.04-06.49.42:593][  0]LogInit: WinSock: version 1.1 (2.2), MaxSocks=32767, MaxUdp=65467
[2016.08.04-06.49.43:888][  0]LogSlate: SlateFontCache - WITH_FREETYPE: 1, WITH_HARFBUZZ: 1
[2016.08.04-06.49.43:888][  0]LogSlate: SlateFontCache - WITH_FREETYPE: 1, WITH_HARFBUZZ: 1
[2016.08.04-06.49.47:818][  0]LogStreaming:Warning: Failed to read file '../../../Engine/Content/Editor/Slate/Common/Selection_16x.png' error.
[2016.08.04-06.49.47:818][  0]LogSlate: Could not find file for Slate resource: ../../../Engine/Content/Editor/Slate/Common/Selection_16x.png
[2016.08.04-06.49.47:818][  0]LogStreaming:Warning: Failed to read file '../../../Engine/Content/Editor/Slate/Common/Selection_16x.png' error.
[2016.08.04-06.49.47:818][  0]LogSlate: Could not find file for Slate resource: ../../../Engine/Content/Editor/Slate/Common/Selection_16x.png
[2016.08.04-06.49.47:818][  0]LogStreaming:Warning: Failed to read file '../../../Engine/Content/Editor/Slate/Common/Selection_16x.png' error.
[2016.08.04-06.49.47:818][  0]LogSlate: Could not find file for Slate resource: ../../../Engine/Content/Editor/Slate/Common/Selection_16x.png
[2016.08.04-06.50.03:035][  0]LogUdpMessaging: Initializing bridge on interface 0.0.0.0:0 to multicast group 230.0.0.1:6666.
[2016.08.04-06.50.03:633][  0]LogAssetRegistry: FAssetRegistry took 0.0241 seconds to start up
[2016.08.04-06.50.05:123][  0]SourceControl: Info Source control is disabled
[2016.08.04-06.50.05:147][  0]SourceControl: Info Source control is disabled
[2016.08.04-06.50.05:245][  0]SourceControl: Info Source control is disabled
[2016.08.04-06.50.05:325][  0]SourceControl: Info Source control is disabled
[2016.08.04-06.50.07:226][  0]LogHMD: Failed to initialize OpenVR with code 110
[2016.08.04-06.50.07:669][  0]LogEngine: Initializing Engine...
[2016.08.04-06.50.08:146][  0]LogAIModule: Creating AISystem for world NewWorld
[2016.08.04-06.50.08:201][  0]LogInit: XAudio2 using 'Speakers (2- High Definition Audio Device)' : 2 channels at 44.1 kHz using 16 bits per sample (channel mask 0x3)
[2016.08.04-06.50.08:220][  0]LogInit: FAudioDevice initialized.
[2016.08.04-06.50.08:264][  0]LogDerivedDataCache: Saved boot cache 0.04s 46MB C:/Users/Olivia/AppData/Local/UnrealEngine/4.11/DerivedDataCache/Boot.ddc.
[2016.08.04-06.50.08:471][  0]LogInit: Texture streaming: Enabled
[2016.08.04-06.50.08:696][  0]LogInit: Transaction tracking system initialized
[2016.08.04-06.50.08:897][  0]BlueprintLog: New page: Editor Load
[2016.08.04-06.50.09:760][  0]LocalizationService: Info Localization service is disabled
[2016.08.04-06.50.10:622][  0]LogConsoleResponse:Display: 
[2016.08.04-06.50.12:494][  0]LogFileCache: Scanning file cache for directory 'C:/Users/Olivia/Documents/Unreal Projects/MyProject/Content/' took 0.04s
[2016.08.04-06.50.12:494][  0]LogCook:Display: Max memory allowance for cook 8192mb
[2016.08.04-06.50.12:494][  0]LogCook:Display: Mobile HDR setting 1
[2016.08.04-06.50.12:494][  0]LogCook:Display: Done creating registry. It took  0.00s.
[2016.08.04-06.50.15:024][  0]SourceControl: Info Source control is disabled
[2016.08.04-06.50.15:047][  0]Cmd: MAP LOAD FILE="../../../../../../Users/Olivia/Documents/Unreal Projects/MyProject/Content/StarterContent/Maps/Minimal_Default.umap" TEMPLATE=0 SHOWPROGRESS=1 FEATURELEVEL=3
[2016.08.04-06.50.15:048][  0]LightingResults: New page: Lighting Build
[2016.08.04-06.50.15:173][  0]MapCheck: New page: Map Check
[2016.08.04-06.50.15:173][  0]LightingResults: New page: Lighting Build
[2016.08.04-06.50.21:501][  0]LogAIModule: Creating AISystem for world Minimal_Default
[2016.08.04-06.50.21:588][  0]LogEditorServer: Finished looking for orphan Actors (0.000 secs)
[2016.08.04-06.50.21:595][  0]Cmd: MAP CHECKDEP NOCLEARLOG
[2016.08.04-06.50.21:641][  0]MapCheck: Info Map check complete: 0 Error(s), 0 Warning(s), took 46.766ms to complete.
[2016.08.04-06.50.21:641][  0]LogFileHelpers: Loading map 'Minimal_Default' took 6.595
[2016.08.04-06.50.22:121][  0]LogCollectionManager: Loaded 0 collections in 0.001391 seconds
[2016.08.04-06.50.22:187][  0]LogFileCache: Scanning file cache for directory 'C:/Users/Olivia/Documents/Unreal Projects/MyProject/Saved/Collections/' took 0.01s
[2016.08.04-06.50.22:187][  0]LogFileCache: Scanning file cache for directory 'C:/Users/Olivia/Documents/Unreal Projects/MyProject/Content/Developers/Olivia/Collections/' took 0.01s
[2016.08.04-06.50.22:187][  0]LogFileCache: Scanning file cache for directory 'C:/Users/Olivia/Documents/Unreal Projects/MyProject/Content/Collections/' took 0.01s
[2016.08.04-06.50.22:187][  0]LogCollectionManager: Rebuilt the GUID cache for 0 collections in 0.000004 seconds
[2016.08.04-06.50.22:194][  0]LogContentBrowser: Native class hierarchy populated in 0.0072 seconds. Added 1979 classes and 343 folders.
[2016.08.04-06.50.22:230][  0]LogStats: UGameplayTagsManager::ConstructGameplayTagTree: Construct from data asset -  0.000 s
[2016.08.04-06.50.22:230][  0]LogStats: UGameplayTagsManager::ConstructGameplayTagTree: GameplayTagTreeChangedEvent.Broadcast -  0.000 s
[2016.08.04-06.50.22:238][  0]LogContentBrowser: Native class hierarchy updated for 'GameplayTags' in 0.0003 seconds. Added 12 classes and 0 folders.
[2016.08.04-06.50.22:246][  0]LogContentBrowser: Native class hierarchy updated for 'WidgetCarousel' in 0.0002 seconds. Added 0 classes and 0 folders.
[2016.08.04-06.50.22:438][  0]LogContentBrowser: Native class hierarchy updated for 'SuperSearch' in 0.0005 seconds. Added 1 classes and 2 folders.
[2016.08.04-06.50.24:104][  0]LogContentBrowser: Native class hierarchy updated for 'AddContentDialog' in 0.0006 seconds. Added 0 classes and 0 folders.
[2016.08.04-06.50.24:166][  0]LogContentBrowser: Native class hierarchy updated for 'SceneOutliner' in 0.0004 seconds. Added 1 classes and 2 folders.
[2016.08.04-06.50.24:708][  0]LogCrashTracker: Crashtracker disabled due to settings.
[2016.08.04-06.50.24:721][  0]LogUObjectGlobals:Warning: Failed to find object 'Class None.'
[2016.08.04-06.50.24:794][  0]LogContentBrowser: Native class hierarchy updated for 'HierarchicalLODOutliner' in 0.0003 seconds. Added 1 classes and 2 folders.
[2016.08.04-06.50.24:794][  0]LogLoad: Full Startup: 53.28 seconds (BP compile: 0.43 seconds)
[2016.08.04-06.50.24:794][  0]LogExternalProfiler:Warning: No registered external profiler was matched with a command-line switch (or the DLL could not be loaded).  External profiling features will not be available.
[2016.08.04-06.50.25:149][  0]LogOcInput: OculusInput pre-init called
[2016.08.04-06.50.25:633][  0]LogContentStreaming: Texture pool size now 1000 MB
[2016.08.04-06.50.25:954][  0]LogRenderer: Reallocating scene render targets to support 1168x600 (Frame:2).
[2016.08.04-06.50.26:292][  1]LogAssetRegistry: Asset discovery search completed in 22.6836 seconds
[2016.08.04-06.50.26:302][  1]LogCollectionManager: Rebuilt the object cache for 0 collections in 0.000001 seconds (found 0 objects)
[2016.08.04-06.50.26:302][  1]LogCollectionManager: Fixed up redirectors for 0 collections in 0.009678 seconds (updated 0 objects)
[2016.08.04-06.50.37:551][112]LogRenderer: Reallocating scene render targets to support 1168x680 (Frame:175).
[2016.08.04-06.51.02:777][382]LogFactory: FactoryCreateBinary: Texture with ReimportTextureFactory (0 0 C:\Users\Olivia\Desktop\adv3d\normals\wm text spec.tga)
[2016.08.04-06.51.02:815][382]LogTexture:Display: Building textures: wm_text_spec (AutoDXT)
[2016.08.04-06.51.03:445][382]LogFactory: FactoryCreateBinary: Texture with ReimportTextureFactory (0 0 C:\Users\Olivia\Desktop\adv3d\normals\bleach bottles.tga)
[2016.08.04-06.51.03:464][382]LogTexture:Display: Building textures: bleach_bottles (AutoDXT)
[2016.08.04-06.51.04:289][382]LogFactory: FactoryCreateBinary: Texture with ReimportTextureFactory (0 0 C:\Users\Olivia\Desktop\adv3d\normals\board texts.tga)
[2016.08.04-06.51.04:312][382]LogTexture:Display: Building textures: board_texts (AutoDXT)
[2016.08.04-06.51.07:329][390]LogMaterial: Missing cached shader map for material lockerdoor, compiling. 
[2016.08.04-06.51.07:429][390]LogMaterial: Missing cached shader map for material lockerdoor, compiling. 
[2016.08.04-06.51.07:438][390]LogMaterial: 0.00 seconds spent updating 1 materials, 1 interfaces, 0 instances, 0 with static permutations.
[2016.08.04-06.51.07:464][390]LogMaterial: Missing cached shader map for material FMatExpressionPreview MaterialExpressionTextureSample_1, compiling. 
[2016.08.04-06.51.07:467][390]LogMaterial: Missing cached shader map for material FMatExpressionPreview MaterialExpressionTextureSample_0, compiling. 
[2016.08.04-06.51.09:827][571]MaterialEditorStats: Info Base pass shader with static lighting: 65 instructions
[2016.08.04-06.51.09:827][571]MaterialEditorStats: Info Base pass shader with only dynamic lighting: 36 instructions
[2016.08.04-06.51.09:827][571]MaterialEditorStats: Info Vertex shader: 33 instructions
[2016.08.04-06.51.09:827][571]MaterialEditorStats: Info Texture samplers: 4/16
[2016.08.04-06.51.17:225][179]LogMaterial: Missing cached shader map for material lockerdoor, compiling. 
[2016.08.04-06.51.17:233][179]LogMaterial: 0.00 seconds spent updating 1 materials, 1 interfaces, 0 instances, 0 with static permutations.
[2016.08.04-06.51.17:233][179]LogMaterial: Missing cached shader map for material FMatExpressionPreview MaterialExpressionTextureSample_2, compiling. 
[2016.08.04-06.51.17:259][179]LogMaterial: Missing cached shader map for material FMatExpressionPreview MaterialExpressionTextureSample_1, compiling. 
[2016.08.04-06.51.17:305][179]LogMaterial: Missing cached shader map for material FMatExpressionPreview MaterialExpressionTextureSample_0, compiling. 
[2016.08.04-06.51.17:343][179]LogMaterial: Missing cached shader map for material FMatExpressionPreview MaterialExpressionTextureSample_2, compiling. 
[2016.08.04-06.51.19:476][364]MaterialEditorStats: Info Base pass shader with static lighting: 65 instructions
[2016.08.04-06.51.19:476][364]MaterialEditorStats: Info Base pass shader with only dynamic lighting: 36 instructions
[2016.08.04-06.51.19:476][364]MaterialEditorStats: Info Vertex shader: 33 instructions
[2016.08.04-06.51.19:476][364]MaterialEditorStats: Info Texture samplers: 4/16
[2016.08.04-06.51.21:051][531]LogMaterial: Missing cached shader map for material lockerdoor, compiling. 
[2016.08.04-06.51.21:059][531]LogMaterial: 0.00 seconds spent updating 1 materials, 1 interfaces, 0 instances, 0 with static permutations.
[2016.08.04-06.51.21:113][531]LogMaterial: Missing cached shader map for material FMatExpressionPreview MaterialExpressionTextureSample_2, compiling. 
[2016.08.04-06.51.23:188][667]MaterialEditorStats: Info Base pass shader with static lighting: 67 instructions
[2016.08.04-06.51.23:188][667]MaterialEditorStats: Info Base pass shader with only dynamic lighting: 38 instructions
[2016.08.04-06.51.23:188][667]MaterialEditorStats: Info Vertex shader: 33 instructions
[2016.08.04-06.51.23:188][667]MaterialEditorStats: Info Texture samplers: 5/16
[2016.08.04-06.51.23:312][673]LogMaterial: Missing cached shader map for material miscitems, compiling. 
[2016.08.04-06.51.23:362][673]LogMaterial: Missing cached shader map for material miscitems, compiling. 
[2016.08.04-06.51.23:370][673]LogMaterial: 0.00 seconds spent updating 1 materials, 1 interfaces, 0 instances, 0 with static permutations.
[2016.08.04-06.51.23:434][673]LogMaterial: Missing cached shader map for material FMatExpressionPreview MaterialExpressionTextureSample_2, compiling. 
[2016.08.04-06.51.23:437][673]LogMaterial: Missing cached shader map for material FMatExpressionPreview MaterialExpressionTextureSample_3, compiling. 
[2016.08.04-06.51.25:541][793]MaterialEditorStats: Info Base pass shader with static lighting: 69 instructions
[2016.08.04-06.51.25:541][793]MaterialEditorStats: Info Base pass shader with only dynamic lighting: 40 instructions
[2016.08.04-06.51.25:541][793]MaterialEditorStats: Info Vertex shader: 33 instructions
[2016.08.04-06.51.25:541][793]MaterialEditorStats: Info Texture samplers: 4/16
[2016.08.04-06.51.27:121][943]LogMaterial: Missing cached shader map for material miscitems, compiling. 
[2016.08.04-06.51.27:129][943]LogMaterial: 0.00 seconds spent updating 1 materials, 1 interfaces, 0 instances, 0 with static permutations.
[2016.08.04-06.51.27:129][943]LogMaterial: Missing cached shader map for material FMatExpressionPreview MaterialExpressionTextureSample_4, compiling. 
[2016.08.04-06.51.27:192][943]LogMaterial: Missing cached shader map for material FMatExpressionPreview MaterialExpressionTextureSample_2, compiling. 
[2016.08.04-06.51.27:195][943]LogMaterial: Missing cached shader map for material FMatExpressionPreview MaterialExpressionTextureSample_3, compiling. 
[2016.08.04-06.51.27:198][943]LogMaterial: Missing cached shader map for material FMatExpressionPreview MaterialExpressionTextureSample_4, compiling. 
[2016.08.04-06.51.29:303][141]MaterialEditorStats: Info Base pass shader with static lighting: 69 instructions
[2016.08.04-06.51.29:303][141]MaterialEditorStats: Info Base pass shader with only dynamic lighting: 40 instructions
[2016.08.04-06.51.29:303][141]MaterialEditorStats: Info Vertex shader: 33 instructions
[2016.08.04-06.51.29:303][141]MaterialEditorStats: Info Texture samplers: 4/16
[2016.08.04-06.51.29:491][160]LogMaterial: Missing cached shader map for material miscitems, compiling. 
[2016.08.04-06.51.29:500][160]LogMaterial: 0.00 seconds spent updating 1 materials, 1 interfaces, 0 instances, 0 with static permutations.
[2016.08.04-06.51.29:529][160]LogMaterial: Missing cached shader map for material FMatExpressionPreview MaterialExpressionTextureSample_4, compiling. 
[2016.08.04-06.51.32:048][390]MaterialEditorStats: Info Base pass shader with static lighting: 71 instructions
[2016.08.04-06.51.32:048][390]MaterialEditorStats: Info Base pass shader with only dynamic lighting: 42 instructions
[2016.08.04-06.51.32:048][390]MaterialEditorStats: Info Vertex shader: 33 instructions
[2016.08.04-06.51.32:048][390]MaterialEditorStats: Info Texture samplers: 5/16
[2016.08.04-06.51.33:114][455]Cmd: OBJ SAVEPACKAGE PACKAGE="/Game/help/mats/wm_text_spec" FILE="../../../../../../Users/Olivia/Documents/Unreal Projects/MyProject/Content/help/mats/wm_text_spec.uasset" SILENT=true
[2016.08.04-06.51.33:258][455]LogSavePackage: Save=143.55ms
[2016.08.04-06.51.33:258][455]LogSavePackage: Moving '../../../../../../Users/Olivia/Documents/Unreal Projects/MyProject/Saved/wm_text_spec95A5CC9F4E3D23433681758953B3C6AA.tmp' to '../../../../../../Users/Olivia/Documents/Unreal Projects/MyProject/Content/help/mats/wm_text_spec.uasset'
[2016.08.04-06.51.33:259][455]LogSavePackage: Total save time: 144.89ms
[2016.08.04-06.51.33:259][455]LogSavePackage:Display: Finished SavePackage ../../../../../../Users/Olivia/Documents/Unreal Projects/MyProject/Content/help/mats/wm_text_spec.uasset
[2016.08.04-06.51.33:272][455]Cmd: OBJ SAVEPACKAGE PACKAGE="/Game/help/mats/bleach_bottles" FILE="../../../../../../Users/Olivia/Documents/Unreal Projects/MyProject/Content/help/mats/bleach_bottles.uasset" SILENT=true
[2016.08.04-06.51.33:412][455]LogSavePackage: Save=138.68ms
[2016.08.04-06.51.33:412][455]LogSavePackage: Moving '../../../../../../Users/Olivia/Documents/Unreal Projects/MyProject/Saved/bleach_bottles8DF58C444043A29EE1DF1EBE71FCAA3B.tmp' to '../../../../../../Users/Olivia/Documents/Unreal Projects/MyProject/Content/help/mats/bleach_bottles.uasset'
[2016.08.04-06.51.33:413][455]LogSavePackage: Total save time: 139.86ms
[2016.08.04-06.51.33:413][455]LogSavePackage:Display: Finished SavePackage ../../../../../../Users/Olivia/Documents/Unreal Projects/MyProject/Content/help/mats/bleach_bottles.uasset
[2016.08.04-06.51.33:424][455]Cmd: OBJ SAVEPACKAGE PACKAGE="/Game/help/mats/board_texts" FILE="../../../../../../Users/Olivia/Documents/Unreal Projects/MyProject/Content/help/mats/board_texts.uasset" SILENT=true
[2016.08.04-06.51.33:554][455]LogSavePackage: Save=129.41ms
[2016.08.04-06.51.33:554][455]LogSavePackage: Moving '../../../../../../Users/Olivia/Documents/Unreal Projects/MyProject/Saved/board_texts11E05710448E525BFF9EB2A1C32C6BDF.tmp' to '../../../../../../Users/Olivia/Documents/Unreal Projects/MyProject/Content/help/mats/board_texts.uasset'
[2016.08.04-06.51.33:555][455]LogSavePackage: Total save time: 130.52ms
[2016.08.04-06.51.33:555][455]LogSavePackage:Display: Finished SavePackage ../../../../../../Users/Olivia/Documents/Unreal Projects/MyProject/Content/help/mats/board_texts.uasset
[2016.08.04-06.51.38:534][805]LogContentBrowser: Native class hierarchy updated for 'TextureEditor' in 0.0003 seconds. Added 1 classes and 2 folders.
[2016.08.04-06.51.43:697][204]LogMaterial: Missing cached shader map for material wm, compiling. 
[2016.08.04-06.51.43:776][204]LogMaterial: Missing cached shader map for material wm, compiling. 
[2016.08.04-06.51.43:780][204]LogMaterial: 0.00 seconds spent updating 1 materials, 1 interfaces, 0 instances, 0 with static permutations.
[2016.08.04-06.51.43:805][204]LogMaterial: Missing cached shader map for material FMatExpressionPreview MaterialExpressionTextureSample_1, compiling. 
[2016.08.04-06.51.43:808][204]LogMaterial: Missing cached shader map for material FMatExpressionPreview MaterialExpressionTextureSample_0, compiling. 
[2016.08.04-06.51.45:059][314]MaterialEditorStats: Info Base pass shader with static lighting: 62 instructions
[2016.08.04-06.51.45:059][314]MaterialEditorStats: Info Base pass shader with only dynamic lighting: 33 instructions
[2016.08.04-06.51.45:059][314]MaterialEditorStats: Info Vertex shader: 31 instructions
[2016.08.04-06.51.45:059][314]MaterialEditorStats: Info Texture samplers: 4/16
[2016.08.04-06.51.50:472][734]LogMaterial: Missing cached shader map for material wm, compiling. 
[2016.08.04-06.51.50:477][734]LogMaterial: 0.00 seconds spent updating 1 materials, 1 interfaces, 0 instances, 0 with static permutations.
[2016.08.04-06.51.50:488][734]LogMaterial: Missing cached shader map for material FMatExpressionPreview MaterialExpressionTextureSample_5, compiling. 
[2016.08.04-06.51.50:515][734]LogMaterial: Missing cached shader map for material FMatExpressionPreview MaterialExpressionTextureSample_1, compiling. 
[2016.08.04-06.51.50:518][734]LogMaterial: Missing cached shader map for material FMatExpressionPreview MaterialExpressionTextureSample_0, compiling. 
[2016.08.04-06.51.50:527][734]LogMaterial: Missing cached shader map for material FMatExpressionPreview MaterialExpressionTextureSample_5, compiling. 
[2016.08.04-06.51.51:936][852]MaterialEditorStats: Info Base pass shader with static lighting: 62 instructions
[2016.08.04-06.51.51:936][852]MaterialEditorStats: Info Base pass shader with only dynamic lighting: 33 instructions
[2016.08.04-06.51.51:936][852]MaterialEditorStats: Info Vertex shader: 31 instructions
[2016.08.04-06.51.51:936][852]MaterialEditorStats: Info Texture samplers: 4/16
[2016.08.04-06.51.52:890][961]LogMaterial: Missing cached shader map for material wm, compiling. 
[2016.08.04-06.51.52:895][961]LogMaterial: 0.00 seconds spent updating 1 materials, 1 interfaces, 0 instances, 0 with static permutations.
[2016.08.04-06.51.52:920][961]LogMaterial: Missing cached shader map for material FMatExpressionPreview MaterialExpressionTextureSample_5, compiling. 
[2016.08.04-06.51.54:344][ 95]MaterialEditorStats: Info Base pass shader with static lighting: 64 instructions
[2016.08.04-06.51.54:344][ 95]MaterialEditorStats: Info Base pass shader with only dynamic lighting: 35 instructions
[2016.08.04-06.51.54:344][ 95]MaterialEditorStats: Info Vertex shader: 31 instructions
[2016.08.04-06.51.54:344][ 95]MaterialEditorStats: Info Texture samplers: 5/16
[2016.08.04-06.51.57:331][365]LogMaterialEditor: Applying material wm
[2016.08.04-06.51.57:691][365]LogMaterial: Missing cached shader map for material wm, compiling. 
[2016.08.04-06.51.57:721][365]LogMaterial: 0.00 seconds spent updating 1 materials, 1 interfaces, 0 instances, 0 with static permutations.
[2016.08.04-06.51.57:744][365]LogMaterial: Missing cached shader map for material wm, compiling. 
[2016.08.04-06.51.57:765][365]LogMaterial: Missing cached shader map for material wm, compiling. 
[2016.08.04-06.51.57:775][365]LogMaterial: 0.00 seconds spent updating 1 materials, 1 interfaces, 0 instances, 0 with static permutations.
[2016.08.04-06.51.58:965][465]LogMaterialEditor: Applying material miscitems
[2016.08.04-06.51.59:308][465]LogMaterial: Missing cached shader map for material miscitems, compiling. 
[2016.08.04-06.51.59:331][465]LogMaterial: 0.00 seconds spent updating 1 materials, 1 interfaces, 0 instances, 0 with static permutations.
[2016.08.04-06.51.59:378][465]LogMaterial: Missing cached shader map for material miscitems, compiling. 
[2016.08.04-06.51.59:413][465]LogMaterial: Missing cached shader map for material miscitems, compiling. 
[2016.08.04-06.51.59:428][465]LogMaterial: 0.00 seconds spent updating 1 materials, 1 interfaces, 0 instances, 0 with static permutations.
[2016.08.04-06.52.00:169][529]LogMaterialEditor: Applying material lockerdoor
[2016.08.04-06.52.00:540][529]LogMaterial: Missing cached shader map for material lockerdoor, compiling. 
[2016.08.04-06.52.00:562][529]LogMaterial: 0.00 seconds spent updating 1 materials, 1 interfaces, 0 instances, 0 with static permutations.
[2016.08.04-06.52.00:600][529]LogMaterial: Missing cached shader map for material lockerdoor, compiling. 
[2016.08.04-06.52.00:636][529]LogMaterial: Missing cached shader map for material lockerdoor, compiling. 
[2016.08.04-06.52.00:653][529]LogMaterial: 0.00 seconds spent updating 1 materials, 1 interfaces, 0 instances, 0 with static permutations.
[2016.08.04-06.52.07:625][ 50]MaterialEditorStats: Info Base pass shader with static lighting: 94 instructions
[2016.08.04-06.52.07:625][ 50]MaterialEditorStats: Info Base pass shader with only dynamic lighting: 64 instructions
[2016.08.04-06.52.07:625][ 50]MaterialEditorStats: Info Vertex shader: 31 instructions
[2016.08.04-06.52.07:625][ 50]MaterialEditorStats: Info Texture samplers: 6/16
[2016.08.04-06.52.11:752][363]MaterialEditorStats: Info Base pass shader with static lighting: 101 instructions
[2016.08.04-06.52.11:752][363]MaterialEditorStats: Info Base pass shader with only dynamic lighting: 71 instructions
[2016.08.04-06.52.11:752][363]MaterialEditorStats: Info Vertex shader: 41 instructions
[2016.08.04-06.52.11:752][363]MaterialEditorStats: Info Texture samplers: 6/16
[2016.08.04-06.52.15:875][674]MaterialEditorStats: Info Base pass shader with static lighting: 97 instructions
[2016.08.04-06.52.15:876][674]MaterialEditorStats: Info Base pass shader with only dynamic lighting: 67 instructions
[2016.08.04-06.52.15:876][674]MaterialEditorStats: Info Vertex shader: 41 instructions
[2016.08.04-06.52.15:876][674]MaterialEditorStats: Info Texture samplers: 6/16
[2016.08.04-06.52.19:539][ 12]LogMaterial: Missing cached shader map for material lockerdoor, compiling. 
[2016.08.04-06.52.19:547][ 12]LogMaterial: 0.00 seconds spent updating 1 materials, 1 interfaces, 0 instances, 0 with static permutations.
[2016.08.04-06.52.19:582][ 12]LogMaterial: Missing cached shader map for material FMatExpressionPreview MaterialExpressionTextureSample_2, compiling. 
[2016.08.04-06.52.21:264][152]LogMaterialEditor: Applying material lockerdoor
[2016.08.04-06.52.21:611][152]LogMaterial: Missing cached shader map for material lockerdoor, compiling. 
[2016.08.04-06.52.21:634][152]LogMaterial: 0.00 seconds spent updating 1 materials, 1 interfaces, 0 instances, 0 with static permutations.
[2016.08.04-06.52.21:668][152]LogMaterial: Missing cached shader map for material lockerdoor, compiling. 
[2016.08.04-06.52.21:729][152]LogMaterial: Missing cached shader map for material lockerdoor, compiling. 
[2016.08.04-06.52.21:744][152]LogMaterial: 0.00 seconds spent updating 1 materials, 1 interfaces, 0 instances, 0 with static permutations.
[2016.08.04-06.52.29:378][726]MaterialEditorStats: Info Base pass shader with static lighting: 100 instructions
[2016.08.04-06.52.29:378][726]MaterialEditorStats: Info Base pass shader with only dynamic lighting: 70 instructions
[2016.08.04-06.52.29:378][726]MaterialEditorStats: Info Vertex shader: 41 instructions
[2016.08.04-06.52.29:378][726]MaterialEditorStats: Info Texture samplers: 6/16
[2016.08.04-06.52.43:483][792]LogEditorViewport: Clicking on Actor (LMB): StaticMeshActor (wm)
[2016.08.04-06.52.43:641][793]LogEditorViewport: Clicking on Component (LMB): StaticMeshComponent (StaticMeshComponent0)
[2016.08.04-06.52.53:437][593]MapCheck: New page: Map Check
[2016.08.04-06.52.53:532][593]LightingResults: New page: Lighting Build - Aug 4, 2016, 10:52:53 PM
[2016.08.04-06.52.53:632][593]LogSwarmInterface: [OpenConnection] Registering TCP channel ...
[2016.08.04-06.52.54:041][593]LogSwarmInterface: [OpenConnection] Connecting to agent ...
[2016.08.04-06.52.54:056][593]LogSwarmInterface: [TryOpenConnection] Testing the Agent
[2016.08.04-06.52.55:070][593]LogSwarmInterface: [TryOpenConnection] Opening Connection to Agent
[2016.08.04-06.52.55:070][593]LogSwarmInterface: [TryOpenConnection] Local Process ID is 11128
[2016.08.04-06.52.58:923][593]LogStaticLightingSystem:Warning: No importance volume found, so the scene bounding box was used.  You can optimize your scene's quality and lighting build times by adding importance volumes.
[2016.08.04-06.52.58:924][593]LogStaticLightingSystem: Running Lightmass w/ ImmediateImport mode ENABLED
[2016.08.04-06.52.58:924][593]LogStaticLightingSystem: Running Lightmass w/ ImmediateProcess mode ENABLED
[2016.08.04-06.52.58:924][593]LogStaticLightingSystem: Running Lightmass w/ Sorting mode ENABLED
[2016.08.04-06.52.58:924][593]LogStaticLightingSystem: Running Lightmass w/ Mapping paddings ENABLED
[2016.08.04-06.52.58:924][593]LogStaticLightingSystem: Running Lightmass w/ Mapping debug paddings DISABLED
[2016.08.04-06.52.59:384][593]LogEditorBuildUtils: Build time 0:00:05
[2016.08.04-06.52.59:395][593]LogMaterial: Missing cached shader map for material FLightmassMaterialRenderer wm, compiling. 
[2016.08.04-06.52.59:400][593]LogMaterial: Missing cached shader map for material FLightmassMaterialRenderer wm, compiling. 
[2016.08.04-06.52.59:417][594]LogMaterial: Missing cached shader map for material FLightmassMaterialRenderer miscitems, compiling. 
[2016.08.04-06.52.59:423][594]LogMaterial: Missing cached shader map for material FLightmassMaterialRenderer miscitems, compiling. 
[2016.08.04-06.52.59:429][594]LogMaterial: Missing cached shader map for material FLightmassMaterialRenderer miscitems, compiling. 
[2016.08.04-06.52.59:451][595]LogMaterial: Missing cached shader map for material FLightmassMaterialRenderer lockerdoor, compiling. 
[2016.08.04-06.52.59:457][595]LogMaterial: Missing cached shader map for material FLightmassMaterialRenderer lockerdoor, compiling. 
[2016.08.04-06.52.59:463][595]LogMaterial: Missing cached shader map for material FLightmassMaterialRenderer lockerdoor, compiling. 
[2016.08.04-06.53.19:670][889]Job is a success!
[2016.08.04-06.53.21:346][890]LogTexture:Display: Building textures: SkyOcclusion1_1 (AutoDXT)
[2016.08.04-06.53.21:346][890]LogTexture:Display: Building textures: AOMaterialMask1_1 (BC4)
[2016.08.04-06.53.21:346][890]LogTexture:Display: Building textures: HQ_Lightmap1_1 (AutoDXT)
[2016.08.04-06.53.21:346][890]LogTexture:Display: Building textures: LQ_Lightmap_1_1 (DXT1)
[2016.08.04-06.53.21:346][890]LogTexture:Display: Building textures: AOMaterialMask1_2 (BC4)
[2016.08.04-06.53.21:346][890]LogTexture:Display: Building textures: SkyOcclusion0_2 (AutoDXT)
[2016.08.04-06.53.21:346][890]LogTexture:Display: Building textures: HQ_Lightmap0_2 (AutoDXT)
[2016.08.04-06.53.21:346][890]LogTexture:Display: Building textures: LQ_Lightmap_0_2 (DXT1)
[2016.08.04-06.53.21:346][890]LogTexture:Display: Building textures: SkyOcclusion1_3 (AutoDXT)
[2016.08.04-06.53.21:346][890]LogTexture:Display: Building textures: AOMaterialMask1_3 (BC4)
[2016.08.04-06.53.21:346][890]LogTexture:Display: Building textures: HQ_Lightmap1_3 (AutoDXT)
[2016.08.04-06.53.21:346][890]LogTexture:Display: Building textures: LQ_Lightmap_1_3 (DXT1)
[2016.08.04-06.53.21:403][890]Lightmass on PC: 19.6 sec total, 88 ms importing, 9 ms setup, 2.61 sec photons, 16.8 sec processing, 0 ms extra exporting [41/41 mappings]. Threads: 1:07 min total, 44.8 sec processing.
[2016.08.04-06.53.21:416][890]LogStaticLightingSystem: Illumination: 27.9 sec (1.55 sec encoding lightmaps, 0 ms encoding shadowmaps)
[2016.08.04-06.53.21:416][890]LogStaticLightingSystem: Lightmap texture memory:  6.0 MB (6.0 MB streaming, 0.0 MB non-streaming), 6 textures
[2016.08.04-06.53.21:416][890]LogStaticLightingSystem: Shadowmap texture memory: 0.0 MB (0.0 MB streaming, 0.0 MB non-streaming), 0 textures
[2016.08.04-06.53.21:967][891]Cmd: MAP CHECK NOTIFYRESULTS
[2016.08.04-06.53.21:967][891]MapCheck: New page: Minimal_Default - Aug 4, 2016, 10:53:21 PM
[2016.08.04-06.53.22:020][891]MapCheck: Info Map check complete: 0 Error(s), 0 Warning(s), took 53.227ms to complete.
[2016.08.04-06.53.28:176][305]MapCheck: New page: Map Check
[2016.08.04-06.53.28:203][305]Cmd: MAP REBUILD ALLVISIBLE
[2016.08.04-06.53.28:204][305]LogEditorServer: Rebuildmap Clear paths rebuilt
[2016.08.04-06.53.28:240][305]LightingResults: New page: Lighting Build - Aug 4, 2016, 10:53:28 PM
[2016.08.04-06.53.28:245][305]LogSwarmInterface: [OpenConnection] Registering TCP channel ...
[2016.08.04-06.53.28:246][305]LogSwarmInterface: [OpenConnection] Connecting to agent ...
[2016.08.04-06.53.28:246][305]LogSwarmInterface: [TryOpenConnection] Testing the Agent
[2016.08.04-06.53.28:246][305]LogSwarmInterface: [TryOpenConnection] Opening Connection to Agent
[2016.08.04-06.53.28:247][305]LogSwarmInterface: [TryOpenConnection] Local Process ID is 11128
[2016.08.04-06.53.32:765][305]LogStaticLightingSystem:Warning: No importance volume found, so the scene bounding box was used.  You can optimize your scene's quality and lighting build times by adding importance volumes.
[2016.08.04-06.53.32:765][305]LogStaticLightingSystem: Running Lightmass w/ ImmediateImport mode ENABLED
[2016.08.04-06.53.32:765][305]LogStaticLightingSystem: Running Lightmass w/ ImmediateProcess mode ENABLED
[2016.08.04-06.53.32:765][305]LogStaticLightingSystem: Running Lightmass w/ Sorting mode ENABLED
[2016.08.04-06.53.32:765][305]LogStaticLightingSystem: Running Lightmass w/ Mapping paddings ENABLED
[2016.08.04-06.53.32:765][305]LogStaticLightingSystem: Running Lightmass w/ Mapping debug paddings DISABLED
[2016.08.04-06.53.32:867][305]Cmd: MAP CHECK DONTDISPLAYDIALOG
[2016.08.04-06.53.32:867][305]MapCheck: New page: Minimal_Default - Aug 4, 2016, 10:53:32 PM
[2016.08.04-06.53.32:898][305]MapCheck: Info Map check complete: 0 Error(s), 0 Warning(s), took 31.415ms to complete.
[2016.08.04-06.53.32:920][305]LogEditorBuildUtils: Build time 0:00:04
[2016.08.04-06.53.35:632][438]LogSavePackage: Save=326.45ms
[2016.08.04-06.53.35:632][438]LogSavePackage: Moving '../../../../../../Users/Olivia/Documents/Unreal Projects/MyProject/Saved/Minimal_DefaultC6AAED244AEA108208563695EF24A89D.tmp' to '../../../../../../Users/Olivia/Documents/Unreal Projects/MyProject/Content/StarterContent/Maps/Minimal_Default.umap'
[2016.08.04-06.53.35:634][438]LogSavePackage: Total save time: 343.13ms
[2016.08.04-06.53.35:634][438]LogSavePackage:Display: Finished SavePackage ../../../../../../Users/Olivia/Documents/Unreal Projects/MyProject/Content/StarterContent/Maps/Minimal_Default.umap
[2016.08.04-06.53.35:649][438]LogFileHelpers: Saving map 'Minimal_Default' took 0.394
[2016.08.04-06.53.35:668][438]Cmd: OBJ SAVEPACKAGE PACKAGE="/Game/help/mats/lockerdoor" FILE="../../../../../../Users/Olivia/Documents/Unreal Projects/MyProject/Content/help/mats/lockerdoor.uasset" SILENT=true
[2016.08.04-06.53.35:688][438]LogSavePackage: Save=10.24ms
[2016.08.04-06.53.35:688][438]LogSavePackage: Moving '../../../../../../Users/Olivia/Documents/Unreal Projects/MyProject/Saved/lockerdoor8B8084734F7A12A5237DBBB5E46AD640.tmp' to '../../../../../../Users/Olivia/Documents/Unreal Projects/MyProject/Content/help/mats/lockerdoor.uasset'
[2016.08.04-06.53.35:689][438]LogSavePackage: Total save time: 19.05ms
[2016.08.04-06.53.35:689][438]LogSavePackage:Display: Finished SavePackage ../../../../../../Users/Olivia/Documents/Unreal Projects/MyProject/Content/help/mats/lockerdoor.uasset
[2016.08.04-06.53.35:706][438]Cmd: OBJ SAVEPACKAGE PACKAGE="/Game/help/mats/miscitems" FILE="../../../../../../Users/Olivia/Documents/Unreal Projects/MyProject/Content/help/mats/miscitems.uasset" SILENT=true
[2016.08.04-06.53.35:724][438]LogSavePackage: Save=9.48ms
[2016.08.04-06.53.35:724][438]LogSavePackage: Moving '../../../../../../Users/Olivia/Documents/Unreal Projects/MyProject/Saved/miscitems695D1E0B475743EAB9AAAF9A5889D52E.tmp' to '../../../../../../Users/Olivia/Documents/Unreal Projects/MyProject/Content/help/mats/miscitems.uasset'
[2016.08.04-06.53.35:725][438]LogSavePackage: Total save time: 17.77ms
[2016.08.04-06.53.35:725][438]LogSavePackage:Display: Finished SavePackage ../../../../../../Users/Olivia/Documents/Unreal Projects/MyProject/Content/help/mats/miscitems.uasset
[2016.08.04-06.53.35:743][438]Cmd: OBJ SAVEPACKAGE PACKAGE="/Game/help/mats/wm" FILE="../../../../../../Users/Olivia/Documents/Unreal Projects/MyProject/Content/help/mats/wm.uasset" SILENT=true
[2016.08.04-06.53.35:759][438]LogSavePackage: Save=9.02ms
[2016.08.04-06.53.35:759][438]LogSavePackage: Moving '../../../../../../Users/Olivia/Documents/Unreal Projects/MyProject/Saved/wmFC5CC2C04747F90BEEB1E1A56319ACC6.tmp' to '../../../../../../Users/Olivia/Documents/Unreal Projects/MyProject/Content/help/mats/wm.uasset'
[2016.08.04-06.53.35:778][438]LogSavePackage: Total save time: 34.82ms
[2016.08.04-06.53.35:778][438]LogSavePackage:Display: Finished SavePackage ../../../../../../Users/Olivia/Documents/Unreal Projects/MyProject/Content/help/mats/wm.uasset
[2016.08.04-06.53.43:094][793]Job is a success!
[2016.08.04-06.53.44:618][794]LogTexture:Display: Building textures: SkyOcclusion0_1 (AutoDXT)
[2016.08.04-06.53.44:618][794]LogTexture:Display: Building textures: AOMaterialMask0_1 (BC4)
[2016.08.04-06.53.44:618][794]LogTexture:Display: Building textures: HQ_Lightmap0_1 (AutoDXT)
[2016.08.04-06.53.44:618][794]LogTexture:Display: Building textures: LQ_Lightmap_0_1 (DXT1)
[2016.08.04-06.53.44:618][794]LogTexture:Display: Building textures: SkyOcclusion1_2 (AutoDXT)
[2016.08.04-06.53.44:618][794]LogTexture:Display: Building textures: AOMaterialMask0_2 (BC4)
[2016.08.04-06.53.44:618][794]LogTexture:Display: Building textures: HQ_Lightmap1_2 (AutoDXT)
[2016.08.04-06.53.44:618][794]LogTexture:Display: Building textures: LQ_Lightmap_1_2 (DXT1)
[2016.08.04-06.53.44:635][794]Lightmass on PC: 11.0 sec total, 107 ms importing, 8 ms setup, 855 ms photons, 10.0 sec processing, 0 ms extra exporting [40/40 mappings]. Threads: 40.0 sec total, 24.4 sec processing.
[2016.08.04-06.53.44:638][794]LogStaticLightingSystem: Illumination: 16.0 sec (981 ms encoding lightmaps, 0 ms encoding shadowmaps)
[2016.08.04-06.53.44:638][794]LogStaticLightingSystem: Lightmap texture memory:  3.0 MB (3.0 MB streaming, 0.0 MB non-streaming), 4 textures
[2016.08.04-06.53.44:638][794]LogStaticLightingSystem: Shadowmap texture memory: 0.0 MB (0.0 MB streaming, 0.0 MB non-streaming), 0 textures
[2016.08.04-06.53.44:781][795]Cmd: MAP CHECK NOTIFYRESULTS
[2016.08.04-06.53.44:781][795]MapCheck: New page: Minimal_Default - Aug 4, 2016, 10:53:44 PM
[2016.08.04-06.53.44:810][795]MapCheck: Info Map check complete: 0 Error(s), 0 Warning(s), took 29.057ms to complete.
[2016.08.04-06.53.52:484][818]LogEditorViewport: Clicking on Actor (LMB): StaticMeshActor (board)
[2016.08.04-06.53.54:393][960]LogEditorViewport: Clicking on Actor (LMB): StaticMeshActor (wm)
[2016.08.04-06.53.55:809][ 67]LogEditorViewport: Clicking on Actor (context menu): StaticMeshActor (walls)
[2016.08.04-06.53.58:073][245]LogEditorViewport: Clicking on Actor (LMB): StaticMeshActor (wm)
[2016.08.04-06.54.05:853][865]LogEditorViewport: Clicking on Actor (LMB): StaticMeshActor (floor)
[2016.08.04-06.54.05:875][865]LogEditorViewport: Clicking on Component (LMB): StaticMeshComponent (StaticMeshComponent0)
[2016.08.04-06.54.06:952][955]MapCheck: New page: Map Check
[2016.08.04-06.54.06:988][955]LightingResults: New page: Lighting Build - Aug 4, 2016, 10:54:06 PM
[2016.08.04-06.54.06:993][955]LogSwarmInterface: [OpenConnection] Registering TCP channel ...
[2016.08.04-06.54.06:994][955]LogSwarmInterface: [OpenConnection] Connecting to agent ...
[2016.08.04-06.54.06:994][955]LogSwarmInterface: [TryOpenConnection] Testing the Agent
[2016.08.04-06.54.06:995][955]LogSwarmInterface: [TryOpenConnection] Opening Connection to Agent
[2016.08.04-06.54.06:995][955]LogSwarmInterface: [TryOpenConnection] Local Process ID is 11128
[2016.08.04-06.54.11:512][955]LogStaticLightingSystem:Warning: No importance volume found, so the scene bounding box was used.  You can optimize your scene's quality and lighting build times by adding importance volumes.
[2016.08.04-06.54.11:512][955]LogStaticLightingSystem: Running Lightmass w/ ImmediateImport mode ENABLED
[2016.08.04-06.54.11:512][955]LogStaticLightingSystem: Running Lightmass w/ ImmediateProcess mode ENABLED
[2016.08.04-06.54.11:512][955]LogStaticLightingSystem: Running Lightmass w/ Sorting mode ENABLED
[2016.08.04-06.54.11:512][955]LogStaticLightingSystem: Running Lightmass w/ Mapping paddings ENABLED
[2016.08.04-06.54.11:512][955]LogStaticLightingSystem: Running Lightmass w/ Mapping debug paddings DISABLED
[2016.08.04-06.54.11:657][955]LogEditorBuildUtils: Build time 0:00:04
[2016.08.04-06.54.22:125][739]Job is a success!
[2016.08.04-06.54.23:176][740]LogTexture:Display: Building textures: SkyOcclusion1_1 (AutoDXT)
[2016.08.04-06.54.23:176][740]LogTexture:Display: Building textures: AOMaterialMask1_1 (BC4)
[2016.08.04-06.54.23:176][740]LogTexture:Display: Building textures: HQ_Lightmap1_1 (AutoDXT)
[2016.08.04-06.54.23:176][740]LogTexture:Display: Building textures: LQ_Lightmap_1_1 (DXT1)
[2016.08.04-06.54.23:176][740]LogTexture:Display: Building textures: SkyOcclusion0_2 (AutoDXT)
[2016.08.04-06.54.23:176][740]LogTexture:Display: Building textures: AOMaterialMask1_2 (BC4)
[2016.08.04-06.54.23:176][740]LogTexture:Display: Building textures: HQ_Lightmap0_2 (AutoDXT)
[2016.08.04-06.54.23:176][740]LogTexture:Display: Building textures: LQ_Lightmap_0_2 (DXT1)
[2016.08.04-06.54.23:204][740]LogStaticLightingSystem: Illumination: 16.1 sec (965 ms encoding lightmaps, 0 ms encoding shadowmaps)
[2016.08.04-06.54.23:205][740]LogStaticLightingSystem: Lightmap texture memory:  3.0 MB (3.0 MB streaming, 0.0 MB non-streaming), 4 textures
[2016.08.04-06.54.23:205][740]LogStaticLightingSystem: Shadowmap texture memory: 0.0 MB (0.0 MB streaming, 0.0 MB non-streaming), 0 textures
[2016.08.04-06.54.23:551][741]Lightmass on PC: 11.0 sec total, 110 ms importing, 8 ms setup, 814 ms photons, 10.0 sec processing, 0 ms extra exporting [40/40 mappings]. Threads: 40.3 sec total, 26.4 sec processing.
[2016.08.04-06.54.23:551][741]Cmd: MAP CHECK NOTIFYRESULTS
[2016.08.04-06.54.23:551][741]MapCheck: New page: Minimal_Default - Aug 4, 2016, 10:54:23 PM
[2016.08.04-06.54.23:594][741]MapCheck: Info Map check complete: 0 Error(s), 0 Warning(s), took 43.087ms to complete.
[2016.08.04-06.54.26:387][947]LogEditorViewport: Clicking on Actor (LMB): StaticMeshActor (wm)
[2016.08.04-06.54.30:055][129]MapCheck: New page: Map Check
[2016.08.04-06.54.30:121][129]LightingResults: New page: Lighting Build - Aug 4, 2016, 10:54:30 PM
[2016.08.04-06.54.30:127][129]LogSwarmInterface: [OpenConnection] Registering TCP channel ...
[2016.08.04-06.54.30:128][129]LogSwarmInterface: [OpenConnection] Connecting to agent ...
[2016.08.04-06.54.30:128][129]LogSwarmInterface: [TryOpenConnection] Testing the Agent
[2016.08.04-06.54.30:128][129]LogSwarmInterface: [TryOpenConnection] Opening Connection to Agent
[2016.08.04-06.54.30:128][129]LogSwarmInterface: [TryOpenConnection] Local Process ID is 11128
[2016.08.04-06.54.34:645][129]LogStaticLightingSystem:Warning: No importance volume found, so the scene bounding box was used.  You can optimize your scene's quality and lighting build times by adding importance volumes.
[2016.08.04-06.54.34:645][129]LogStaticLightingSystem: Running Lightmass w/ ImmediateImport mode ENABLED
[2016.08.04-06.54.34:645][129]LogStaticLightingSystem: Running Lightmass w/ ImmediateProcess mode ENABLED
[2016.08.04-06.54.34:645][129]LogStaticLightingSystem: Running Lightmass w/ Sorting mode ENABLED
[2016.08.04-06.54.34:645][129]LogStaticLightingSystem: Running Lightmass w/ Mapping paddings ENABLED
[2016.08.04-06.54.34:645][129]LogStaticLightingSystem: Running Lightmass w/ Mapping debug paddings DISABLED
[2016.08.04-06.54.34:763][129]LogEditorBuildUtils: Build time 0:00:04
[2016.08.04-06.54.51:061][779]Job is a success!
[2016.08.04-06.54.52:674][780]LogTexture:Display: Building textures: SkyOcclusion0_1 (AutoDXT)
[2016.08.04-06.54.52:674][780]LogTexture:Display: Building textures: AOMaterialMask0_1 (BC4)
[2016.08.04-06.54.52:674][780]LogTexture:Display: Building textures: HQ_Lightmap2_1 (AutoDXT)
[2016.08.04-06.54.52:674][780]LogTexture:Display: Building textures: LQ_Lightmap_0_1 (DXT1)
[2016.08.04-06.54.52:674][780]LogTexture:Display: Building textures: SkyOcclusion1_2 (AutoDXT)
[2016.08.04-06.54.52:674][780]LogTexture:Display: Building textures: AOMaterialMask0_2 (BC4)
[2016.08.04-06.54.52:674][780]LogTexture:Display: Building textures: HQ_Lightmap2_2 (AutoDXT)
[2016.08.04-06.54.52:674][780]LogTexture:Display: Building textures: LQ_Lightmap_1_2 (DXT1)
[2016.08.04-06.54.52:674][780]LogTexture:Display: Building textures: SkyOcclusion0_3 (AutoDXT)
[2016.08.04-06.54.52:674][780]LogTexture:Display: Building textures: AOMaterialMask0_3 (BC4)
[2016.08.04-06.54.52:675][780]LogTexture:Display: Building textures: HQ_Lightmap0_3 (AutoDXT)
[2016.08.04-06.54.52:675][780]LogTexture:Display: Building textures: LQ_Lightmap_0_3 (DXT1)
[2016.08.04-06.54.52:699][780]Lightmass on PC: 17.4 sec total, 81 ms importing, 9 ms setup, 2.41 sec photons, 14.9 sec processing, 0 ms extra exporting [41/41 mappings]. Threads: 59.6 sec total, 39.2 sec processing.
[2016.08.04-06.54.52:705][780]LogStaticLightingSystem: Illumination: 22.5 sec (1.46 sec encoding lightmaps, 0 ms encoding shadowmaps)
[2016.08.04-06.54.52:705][780]LogStaticLightingSystem: Lightmap texture memory:  6.0 MB (6.0 MB streaming, 0.0 MB non-streaming), 6 textures
[2016.08.04-06.54.52:705][780]LogStaticLightingSystem: Shadowmap texture memory: 0.0 MB (0.0 MB streaming, 0.0 MB non-streaming), 0 textures
[2016.08.04-06.54.53:673][781]Cmd: MAP CHECK NOTIFYRESULTS
[2016.08.04-06.54.53:674][781]MapCheck: New page: Minimal_Default - Aug 4, 2016, 10:54:53 PM
[2016.08.04-06.54.53:711][781]MapCheck: Info Map check complete: 0 Error(s), 0 Warning(s), took 37.07ms to complete.
[2016.08.04-06.56.30:798][703]LogMaterial:Warning: Material /Game/help/mats/blood1.blood1 needed to have new flag set bUsedWithStaticLighting !
[2016.08.04-06.56.30:830][703]LogMaterial: Missing cached shader map for material blood1, compiling. 
[2016.08.04-06.56.30:838][703]LogMaterial: 0.00 seconds spent updating 1 materials, 1 interfaces, 0 instances, 0 with static permutations.
[2016.08.04-06.56.41:420][899]LogMaterial: Missing cached shader map for material blood1, compiling. 
[2016.08.04-06.56.41:467][899]LogMaterial: Missing cached shader map for material blood1, compiling. 
[2016.08.04-06.56.41:473][899]LogMaterial: 0.00 seconds spent updating 1 materials, 1 interfaces, 0 instances, 0 with static permutations.
[2016.08.04-06.56.42:728][967]MaterialEditorStats: Info Base pass shader with static lighting: 51 instructions
[2016.08.04-06.56.42:728][967]MaterialEditorStats: Info Base pass shader with only dynamic lighting: 22 instructions
[2016.08.04-06.56.42:728][967]MaterialEditorStats: Info Vertex shader: 29 instructions
[2016.08.04-06.56.42:728][967]MaterialEditorStats: Info Texture samplers: 2/16
[2016.08.04-06.56.49:112][ 52]LogFactory: FactoryCreateBinary: Texture with ReimportTextureFactory (0 0 C:\Users\Olivia\Desktop\adv3d\blood_splatter_texture_by_ienigmagraphics.png)
[2016.08.04-06.56.49:157][ 52]LogTexture:Display: Building textures: blood_splatter_texture_by_ienigmagraphics (AutoDXT)
[2016.08.04-06.56.53:059][189]LogMaterial: Missing cached shader map for material blood1, compiling. 
[2016.08.04-06.56.53:064][189]LogMaterial: 0.00 seconds spent updating 1 materials, 1 interfaces, 0 instances, 0 with static permutations.
[2016.08.04-06.56.53:065][189]LogMaterial: Missing cached shader map for material FMatExpressionPreview MaterialExpressionTextureSample_6, compiling. 
[2016.08.04-06.56.53:093][189]LogMaterial: Missing cached shader map for material FMatExpressionPreview MaterialExpressionTextureSample_6, compiling. 
[2016.08.04-06.56.54:569][305]MaterialEditorStats: Info Base pass shader with static lighting: 51 instructions
[2016.08.04-06.56.54:569][305]MaterialEditorStats: Info Base pass shader with only dynamic lighting: 22 instructions
[2016.08.04-06.56.54:569][305]MaterialEditorStats: Info Vertex shader: 29 instructions
[2016.08.04-06.56.54:569][305]MaterialEditorStats: Info Texture samplers: 2/16
[2016.08.04-06.56.58:220][647]LogMaterial: Missing cached shader map for material blood1, compiling. 
[2016.08.04-06.56.58:225][647]LogMaterial: 0.00 seconds spent updating 1 materials, 1 interfaces, 0 instances, 0 with static permutations.
[2016.08.04-06.56.58:251][647]LogMaterial: Missing cached shader map for material FMatExpressionPreview MaterialExpressionTextureSample_6, compiling. 
[2016.08.04-06.56.59:897][786]MaterialEditorStats: Info Base pass shader with static lighting: 52 instructions
[2016.08.04-06.56.59:897][786]MaterialEditorStats: Info Base pass shader with only dynamic lighting: 23 instructions
[2016.08.04-06.56.59:898][786]MaterialEditorStats: Info Vertex shader: 31 instructions
[2016.08.04-06.56.59:898][786]MaterialEditorStats: Info Texture samplers: 3/16
[2016.08.04-06.57.03:259][ 51]LogEditorViewport: Clicking on Actor (LMB): StaticMeshActor (floor)
[2016.08.04-06.57.03:481][ 64]LogEditorViewport: Clicking on Component (LMB): StaticMeshComponent (StaticMeshComponent0)
[2016.08.04-06.57.04:569][155]LogEditorViewport: Clicking on Component (LMB): StaticMeshComponent (StaticMeshComponent0)
[2016.08.04-06.57.04:619][156]LogEditorViewport: Clicking on Actor (double click): StaticMeshActor (floor)
[2016.08.04-06.57.15:164][ 43]LogMaterialEditor: Applying material blood1
[2016.08.04-06.57.15:513][ 43]LogMaterial: Missing cached shader map for material blood1, compiling. 
[2016.08.04-06.57.15:526][ 43]LogMaterial: 0.00 seconds spent updating 1 materials, 1 interfaces, 0 instances, 0 with static permutations.
[2016.08.04-06.57.15:546][ 43]LogMaterial: Missing cached shader map for material blood1, compiling. 
[2016.08.04-06.57.15:567][ 43]LogMaterial: Missing cached shader map for material blood1, compiling. 
[2016.08.04-06.57.15:576][ 43]LogMaterial: 0.00 seconds spent updating 1 materials, 1 interfaces, 0 instances, 0 with static permutations.
[2016.08.04-06.57.21:015][482]MaterialEditorStats: Info Base pass shader with static lighting: 89 instructions
[2016.08.04-06.57.21:015][482]MaterialEditorStats: Info Base pass shader with only dynamic lighting: 59 instructions
[2016.08.04-06.57.21:015][482]MaterialEditorStats: Info Vertex shader: 31 instructions
[2016.08.04-06.57.21:015][482]MaterialEditorStats: Info Texture samplers: 4/16
[2016.08.04-06.57.22:953][613]LogSavePackage: Save=299.00ms
[2016.08.04-06.57.22:953][613]LogSavePackage: Moving '../../../../../../Users/Olivia/Documents/Unreal Projects/MyProject/Saved/Minimal_DefaultC2BA59D64332CA3707BA0A86F85B9025.tmp' to '../../../../../../Users/Olivia/Documents/Unreal Projects/MyProject/Content/StarterContent/Maps/Minimal_Default.umap'
[2016.08.04-06.57.22:955][613]LogSavePackage: Total save time: 311.72ms
[2016.08.04-06.57.22:955][613]LogSavePackage:Display: Finished SavePackage ../../../../../../Users/Olivia/Documents/Unreal Projects/MyProject/Content/StarterContent/Maps/Minimal_Default.umap
[2016.08.04-06.57.22:970][613]LogFileHelpers: Saving map 'Minimal_Default' took 0.363
[2016.08.04-06.57.22:990][613]Cmd: OBJ SAVEPACKAGE PACKAGE="/Game/help/mats/blood1" FILE="../../../../../../Users/Olivia/Documents/Unreal Projects/MyProject/Content/help/mats/blood1.uasset" SILENT=true
[2016.08.04-06.57.23:001][613]LogSavePackage: Save=10.28ms
[2016.08.04-06.57.23:001][613]LogSavePackage: Moving '../../../../../../Users/Olivia/Documents/Unreal Projects/MyProject/Saved/blood1DB3AD9394C923690759699B7579038A7.tmp' to '../../../../../../Users/Olivia/Documents/Unreal Projects/MyProject/Content/help/mats/blood1.uasset'
[2016.08.04-06.57.23:002][613]LogSavePackage: Total save time: 11.28ms
[2016.08.04-06.57.23:002][613]LogSavePackage:Display: Finished SavePackage ../../../../../../Users/Olivia/Documents/Unreal Projects/MyProject/Content/help/mats/blood1.uasset
[2016.08.04-06.57.23:055][613]LogSavePackage: Save=40.69ms
[2016.08.04-06.57.23:055][613]LogSavePackage: Moving '../../../../../../Users/Olivia/Documents/Unreal Projects/MyProject/Saved/blood_splatter_texture_by_ienigmagraphics8EDAD2EB46DFF23C243140AC8A3201B8.tmp' to '../../../../../../Users/Olivia/Documents/Unreal Projects/MyProject/Content/help/mats/blood_splatter_texture_by_ienigmagraphics.uasset'
[2016.08.04-06.57.23:056][613]LogSavePackage: Total save time: 41.84ms
[2016.08.04-06.57.23:056][613]LogSavePackage:Display: Finished SavePackage ../../../../../../Users/Olivia/Documents/Unreal Projects/MyProject/Content/help/mats/blood_splatter_texture_by_ienigmagraphics.uasset
[2016.08.04-06.57.46:040][480]LogEditorViewport: Clicking on Actor (context menu): StaticMeshActor (floor)
[2016.08.04-06.57.47:083][579]LogEditorViewport: Clicking on Actor (LMB): StaticMeshActor (floor)
[2016.08.04-06.57.47:633][622]LogEditorViewport: Clicking on Actor (LMB): DecalActor (DecalActor)
[2016.08.04-06.58.41:983][788]LogEditorViewport: Clicking on Actor (LMB): DecalActor (DecalActor)
[2016.08.04-06.58.52:674][682]LogEditorViewport: Clicking on Actor (context menu): StaticMeshActor (floor)
[2016.08.04-06.58.53:990][808]LogEditorViewport: Clicking on Actor (LMB): DecalActor (DecalActor)
[2016.08.04-07.00.35:969][696]LogSavePackage: Save=299.19ms
[2016.08.04-07.00.35:969][696]LogSavePackage: Moving '../../../../../../Users/Olivia/Documents/Unreal Projects/MyProject/Saved/Minimal_Default4C29FB8A442ABC56D30550BB91DFE20B.tmp' to '../../../../../../Users/Olivia/Documents/Unreal Projects/MyProject/Content/StarterContent/Maps/Minimal_Default.umap'
[2016.08.04-07.00.35:970][696]LogSavePackage: Total save time: 325.91ms
[2016.08.04-07.00.35:970][696]LogSavePackage:Display: Finished SavePackage ../../../../../../Users/Olivia/Documents/Unreal Projects/MyProject/Content/StarterContent/Maps/Minimal_Default.umap
[2016.08.04-07.00.35:986][696]LogFileHelpers: Saving map 'Minimal_Default' took 0.378
[2016.08.04-07.00.37:841][850]LogBlueprintUserMessages: Early PlayInEditor Detection: Level '/Game/StarterContent/Maps/Minimal_Default.Minimal_Default:PersistentLevel' has LevelScriptBlueprint '/Game/StarterContent/Maps/Minimal_Default.Minimal_Default:PersistentLevel.Minimal_Default' with GeneratedClass '/Game/StarterContent/Maps/Minimal_Default.Minimal_Default_C' with ClassGeneratedBy '/Game/StarterContent/Maps/Minimal_Default.Minimal_Default:PersistentLevel.Minimal_Default'
[2016.08.04-07.00.37:841][850]LogPlayLevel: PlayLevel: No blueprints needed recompiling
[2016.08.04-07.00.37:842][850]PIE: New page: PIE session: Minimal_Default (Aug 4, 2016, 11:00:37 PM)
[2016.08.04-07.00.37:842][850]LogPlayLevel: Creating play world package: /Game/StarterContent/Maps/UEDPIE_0_Minimal_Default
[2016.08.04-07.00.37:863][850]LogPlayLevel: PIE: StaticDuplicateObject took: (0.020964s)
[2016.08.04-07.00.37:863][850]LogAIModule: Creating AISystem for world Minimal_Default
[2016.08.04-07.00.37:863][850]LogPlayLevel: PIE: World Init took: (0.000707s)
[2016.08.04-07.00.37:864][850]LogPlayLevel: PIE: Created PIE world by copying editor world from /Game/StarterContent/Maps/Minimal_Default.Minimal_Default to /Game/StarterContent/Maps/UEDPIE_0_Minimal_Default.Minimal_Default (0.021878s)
[2016.08.04-07.00.37:874][850]LogInit: XAudio2 using 'Speakers (2- High Definition Audio Device)' : 2 channels at 44.1 kHz using 16 bits per sample (channel mask 0x3)
[2016.08.04-07.00.37:880][850]LogInit: FAudioDevice initialized.
[2016.08.04-07.00.37:944][850]LogWorld: Game class is 'GameMode'
[2016.08.04-07.00.37:949][850]LogWorld: Bringing World /Game/StarterContent/Maps/UEDPIE_0_Minimal_Default.Minimal_Default up for play (max tick rate 0) at 2016.08.04-15.00.37
[2016.08.04-07.00.37:949][850]LogWorld: Bringing up level for play took: 0.004247
[2016.08.04-07.00.37:952][850]LogContentBrowser: Native class hierarchy updated for 'MovieSceneCapture' in 0.0003 seconds. Added 9 classes and 0 folders.
[2016.08.04-07.00.37:963][850]PIE: Info Play in editor start time for /Game/StarterContent/Maps/UEDPIE_0_Minimal_Default 0.989
[2016.08.04-07.00.37:963][850]LogBlueprintUserMessages: Late PlayInEditor Detection: Level '/Game/StarterContent/Maps/Minimal_Default.Minimal_Default:PersistentLevel' has LevelScriptBlueprint '/Game/StarterContent/Maps/Minimal_Default.Minimal_Default:PersistentLevel.Minimal_Default' with GeneratedClass '/Game/StarterContent/Maps/Minimal_Default.Minimal_Default_C' with ClassGeneratedBy '/Game/StarterContent/Maps/Minimal_Default.Minimal_Default:PersistentLevel.Minimal_Default'
[2016.08.04-07.00.38:017][851]LogRenderer: Reallocating scene render targets to support 1280x720 (Frame:52535).
[2016.08.04-07.00.39:717][ 18]LogBlueprintUserMessages: Early EndPlayMap Detection: Level '/Game/StarterContent/Maps/Minimal_Default.Minimal_Default:PersistentLevel' has LevelScriptBlueprint '/Game/StarterContent/Maps/Minimal_Default.Minimal_Default:PersistentLevel.Minimal_Default' with GeneratedClass '/Game/StarterContent/Maps/Minimal_Default.Minimal_Default_C' with ClassGeneratedBy '/Game/StarterContent/Maps/Minimal_Default.Minimal_Default:PersistentLevel.Minimal_Default'
[2016.08.04-07.00.39:761][ 18]LogBlueprintUserMessages: Late EndPlayMap Detection: Level '/Game/StarterContent/Maps/Minimal_Default.Minimal_Default:PersistentLevel' has LevelScriptBlueprint '/Game/StarterContent/Maps/Minimal_Default.Minimal_Default:PersistentLevel.Minimal_Default' with GeneratedClass '/Game/StarterContent/Maps/Minimal_Default.Minimal_Default_C' with ClassGeneratedBy '/Game/StarterContent/Maps/Minimal_Default.Minimal_Default:PersistentLevel.Minimal_Default'
[2016.08.04-07.00.52:288][504]LogEditorViewport: Clicking on Actor (LMB): DecalActor (DecalActor)
[2016.08.04-07.10.38:565][583]LogSavePackage: Save=302.67ms
[2016.08.04-07.10.38:565][583]LogSavePackage: Moving '../../../../../../Users/Olivia/Documents/Unreal Projects/MyProject/Saved/Minimal_Default_Auto16F160124407D346393F5FFBBDA789778.tmp' to '../../../../../../Users/Olivia/Documents/Unreal Projects/MyProject/Saved/Autosaves/Game/StarterContent/Maps/Minimal_Default_Auto1.umap'
[2016.08.04-07.10.38:566][583]LogSavePackage: Total save time: 319.32ms
[2016.08.04-07.10.38:566][583]LogSavePackage:Display: Finished SavePackage ../../../../../../Users/Olivia/Documents/Unreal Projects/MyProject/Saved/Autosaves/Game/StarterContent/Maps/Minimal_Default_Auto1.umap
[2016.08.04-07.10.38:567][583]LogFileHelpers: Editor autosave (incl. sublevels) for '/Game/StarterContent/Maps/Minimal_Default' took 0.331
[2016.08.04-07.10.38:567][583]LogFileHelpers: Editor autosave (incl. sublevels) for all levels took 0.331
[2016.08.04-07.17.00:296][447]LogMaterial: Missing cached shader map for material blood1, compiling. 
[2016.08.04-07.17.04:131][799]LogMaterial: Missing cached shader map for material blood1, compiling. 
[2016.08.04-07.17.04:186][799]LogMaterial: Missing cached shader map for material blood1, compiling. 
[2016.08.04-07.17.04:191][799]LogMaterial: 0.00 seconds spent updating 1 materials, 1 interfaces, 0 instances, 0 with static permutations.
[2016.08.04-07.17.04:219][799]LogMaterial: Missing cached shader map for material FMatExpressionPreview MaterialExpressionTextureSample_7, compiling. 
[2016.08.04-07.17.05:823][911]MaterialEditorStats: Info Base pass shader with only dynamic lighting: 23 instructions
[2016.08.04-07.17.05:823][911]MaterialEditorStats: Info Vertex shader: 31 instructions
[2016.08.04-07.17.05:823][911]MaterialEditorStats: Info Texture samplers: 1/16
[2016.08.04-07.17.07:701][ 97]LogMaterial: Missing cached shader map for material blood1, compiling. 
[2016.08.04-07.17.07:711][ 97]LogMaterial: Missing cached shader map for material blood1, compiling. 
[2016.08.04-07.17.07:716][ 97]LogMaterial: 0.00 seconds spent updating 1 materials, 1 interfaces, 0 instances, 0 with static permutations.
[2016.08.04-07.17.09:667][253]MaterialEditorStats: Info Base pass shader with only dynamic lighting: 23 instructions
[2016.08.04-07.17.09:667][253]MaterialEditorStats: Info Vertex shader: 31 instructions
[2016.08.04-07.17.09:667][253]MaterialEditorStats: Info Texture samplers: 1/16
[2016.08.04-07.17.11:536][411]LogMaterialEditor: Applying material blood1
[2016.08.04-07.17.11:873][411]LogMaterial: Missing cached shader map for material blood1, compiling. 
[2016.08.04-07.17.11:884][411]LogMaterial: 0.00 seconds spent updating 1 materials, 1 interfaces, 0 instances, 0 with static permutations.
[2016.08.04-07.17.11:909][411]LogMaterial: Missing cached shader map for material blood1, compiling. 
[2016.08.04-07.17.11:933][411]LogMaterial: Missing cached shader map for material blood1, compiling. 
[2016.08.04-07.17.11:941][411]LogMaterial: 0.00 seconds spent updating 1 materials, 1 interfaces, 0 instances, 0 with static permutations.
[2016.08.04-07.17.16:158][838]MaterialEditorStats: Info Base pass shader with only dynamic lighting: 59 instructions
[2016.08.04-07.17.16:158][838]MaterialEditorStats: Info Vertex shader: 31 instructions
[2016.08.04-07.17.16:158][838]MaterialEditorStats: Info Texture samplers: 4/16
[2016.08.04-07.18.46:067][443]LogEditorViewport: Clicking on Actor (LMB): StaticMeshActor (trolley)
[2016.08.04-07.18.48:394][712]LogEditorViewport: Clicking on Actor (LMB): DecalActor (DecalActor)
[2016.08.04-07.18.52:713][107]LogSavePackage: Save=306.31ms
[2016.08.04-07.18.52:713][107]LogSavePackage: Moving '../../../../../../Users/Olivia/Documents/Unreal Projects/MyProject/Saved/Minimal_Default5F59195344CB5621ECE2BCB5B3B330D8.tmp' to '../../../../../../Users/Olivia/Documents/Unreal Projects/MyProject/Content/StarterContent/Maps/Minimal_Default.umap'
[2016.08.04-07.18.52:715][107]LogSavePackage: Total save time: 357.53ms
[2016.08.04-07.18.52:715][107]LogSavePackage:Display: Finished SavePackage ../../../../../../Users/Olivia/Documents/Unreal Projects/MyProject/Content/StarterContent/Maps/Minimal_Default.umap
[2016.08.04-07.18.52:732][107]LogFileHelpers: Saving map 'Minimal_Default' took 0.411
[2016.08.04-07.18.52:748][107]Cmd: OBJ SAVEPACKAGE PACKAGE="/Game/help/mats/blood1" FILE="../../../../../../Users/Olivia/Documents/Unreal Projects/MyProject/Content/help/mats/blood1.uasset" SILENT=true
[2016.08.04-07.18.52:759][107]LogSavePackage: Save=10.43ms
[2016.08.04-07.18.52:759][107]LogSavePackage: Moving '../../../../../../Users/Olivia/Documents/Unreal Projects/MyProject/Saved/blood19D412AF34C14DDD4B91AD28F58D01D74.tmp' to '../../../../../../Users/Olivia/Documents/Unreal Projects/MyProject/Content/help/mats/blood1.uasset'
[2016.08.04-07.18.52:760][107]LogSavePackage: Total save time: 11.44ms
[2016.08.04-07.18.52:760][107]LogSavePackage:Display: Finished SavePackage ../../../../../../Users/Olivia/Documents/Unreal Projects/MyProject/Content/help/mats/blood1.uasset
[2016.08.04-07.18.56:126][458]LogMaterial: Missing cached shader map for material blood1, compiling. 
[2016.08.04-07.18.56:133][458]LogMaterial: Missing cached shader map for material blood1, compiling. 
[2016.08.04-07.18.56:138][458]LogMaterial: 0.00 seconds spent updating 1 materials, 1 interfaces, 0 instances, 0 with static permutations.
[2016.08.04-07.18.58:434][674]MaterialEditorStats: Info Base pass shader with only dynamic lighting: 23 instructions
[2016.08.04-07.18.58:434][674]MaterialEditorStats: Info Vertex shader: 31 instructions
[2016.08.04-07.18.58:434][674]MaterialEditorStats: Info Texture samplers: 1/16
[2016.08.04-07.19.09:815][770]LogMaterial: Missing cached shader map for material blood1, compiling. 
[2016.08.04-07.19.09:822][770]LogMaterial: Missing cached shader map for material blood1, compiling. 
[2016.08.04-07.19.09:827][770]LogMaterial: 0.00 seconds spent updating 1 materials, 1 interfaces, 0 instances, 0 with static permutations.
[2016.08.04-07.19.11:436][898]MaterialEditorStats: Info Base pass shader with only dynamic lighting: 22 instructions
[2016.08.04-07.19.11:436][898]MaterialEditorStats: Info Vertex shader: 29 instructions
[2016.08.04-07.19.11:436][898]MaterialEditorStats: Info Texture samplers: 0/16
[2016.08.04-07.19.12:930][ 21]LogMaterialEditor: Applying material blood1
[2016.08.04-07.19.13:263][ 21]LogMaterial: Missing cached shader map for material blood1, compiling. 
[2016.08.04-07.19.13:274][ 21]LogMaterial: 0.00 seconds spent updating 1 materials, 1 interfaces, 0 instances, 0 with static permutations.
[2016.08.04-07.19.13:293][ 21]LogMaterial: Missing cached shader map for material blood1, compiling. 
[2016.08.04-07.19.13:307][ 21]LogMaterial: Missing cached shader map for material blood1, compiling. 
[2016.08.04-07.19.13:314][ 21]LogMaterial: 0.00 seconds spent updating 1 materials, 1 interfaces, 0 instances, 0 with static permutations.
[2016.08.04-07.19.17:684][381]MaterialEditorStats: Info Base pass shader with only dynamic lighting: 58 instructions
[2016.08.04-07.19.17:684][381]MaterialEditorStats: Info Vertex shader: 29 instructions
[2016.08.04-07.19.17:684][381]MaterialEditorStats: Info Texture samplers: 3/16
[2016.08.04-07.21.33:595][352]LogEditorViewport: Clicking on Actor (LMB): DecalActor (DecalActor)
[2016.08.04-07.22.40:752][853]LogMaterial: Missing cached shader map for material blood1, compiling. 
[2016.08.04-07.22.40:759][853]LogMaterial: Missing cached shader map for material blood1, compiling. 
[2016.08.04-07.22.40:763][853]LogMaterial: 0.00 seconds spent updating 1 materials, 1 interfaces, 0 instances, 0 with static permutations.
[2016.08.04-07.22.42:557][  3]MaterialEditorStats: Info Base pass shader with only dynamic lighting: 23 instructions
[2016.08.04-07.22.42:557][  3]MaterialEditorStats: Info Vertex shader: 31 instructions
[2016.08.04-07.22.42:557][  3]MaterialEditorStats: Info Texture samplers: 1/16
[2016.08.04-07.22.45:549][221]LogSavePackage: Save=297.65ms
[2016.08.04-07.22.45:549][221]LogSavePackage: Moving '../../../../../../Users/Olivia/Documents/Unreal Projects/MyProject/Saved/Minimal_Default89E37FA74B330A8E843F42BFD3E191E0.tmp' to '../../../../../../Users/Olivia/Documents/Unreal Projects/MyProject/Content/StarterContent/Maps/Minimal_Default.umap'
[2016.08.04-07.22.45:551][221]LogSavePackage: Total save time: 308.95ms
[2016.08.04-07.22.45:551][221]LogSavePackage:Display: Finished SavePackage ../../../../../../Users/Olivia/Documents/Unreal Projects/MyProject/Content/StarterContent/Maps/Minimal_Default.umap
[2016.08.04-07.22.45:606][221]LogFileHelpers: Saving map 'Minimal_Default' took 0.400
[2016.08.04-07.22.45:625][221]Cmd: OBJ SAVEPACKAGE PACKAGE="/Game/help/mats/blood1" FILE="../../../../../../Users/Olivia/Documents/Unreal Projects/MyProject/Content/help/mats/blood1.uasset" SILENT=true
[2016.08.04-07.22.45:641][221]LogSavePackage: Save=8.89ms
[2016.08.04-07.22.45:641][221]LogSavePackage: Moving '../../../../../../Users/Olivia/Documents/Unreal Projects/MyProject/Saved/blood164A4E7364670B267A6CF6CBAD1AFB9A6.tmp' to '../../../../../../Users/Olivia/Documents/Unreal Projects/MyProject/Content/help/mats/blood1.uasset'
[2016.08.04-07.22.45:643][221]LogSavePackage: Total save time: 17.01ms
[2016.08.04-07.22.45:643][221]LogSavePackage:Display: Finished SavePackage ../../../../../../Users/Olivia/Documents/Unreal Projects/MyProject/Content/help/mats/blood1.uasset
[2016.08.04-07.22.47:358][361]LogMaterialEditor: Applying material blood1
[2016.08.04-07.22.47:712][361]LogMaterial: Missing cached shader map for material blood1, compiling. 
[2016.08.04-07.22.47:723][361]LogMaterial: 0.00 seconds spent updating 1 materials, 1 interfaces, 0 instances, 0 with static permutations.
[2016.08.04-07.22.47:745][361]LogMaterial: Missing cached shader map for material blood1, compiling. 
[2016.08.04-07.22.47:759][361]LogMaterial: Missing cached shader map for material blood1, compiling. 
[2016.08.04-07.22.47:766][361]LogMaterial: 0.00 seconds spent updating 1 materials, 1 interfaces, 0 instances, 0 with static permutations.
[2016.08.04-07.22.51:752][695]MaterialEditorStats: Info Base pass shader with only dynamic lighting: 59 instructions
[2016.08.04-07.22.51:753][695]MaterialEditorStats: Info Vertex shader: 31 instructions
[2016.08.04-07.22.51:753][695]MaterialEditorStats: Info Texture samplers: 4/16
[2016.08.04-07.22.58:632][293]LogMaterial: Missing cached shader map for material blood1, compiling. 
[2016.08.04-07.23.03:699][293]LogCrashTracker: 


[2016.08.04-07.23.03:834][293]LogCrashTracker: 


[2016.08.04-07.23.03:834][293]LogWindows:Error: === Critical error: ===
Fatal error!



[2016.08.04-07.23.03:883][293]LogExit: Executing StaticShutdownAfterError
[2016.08.04-07.23.03:886][293]LogPhysics:Warning: PHYSX: ..\..\PhysX\src\NpScene.cpp (2946) 8 : PxScene::unlockWrite() called without matching call to PxScene::lockWrite(), behaviour will be undefined.
[2016.08.04-07.23.03:886][293]LogPhysics:Warning: PHYSX: ..\..\PhysX\src\NpScene.cpp (2946) 8 : PxScene::unlockWrite() called without matching call to PxScene::lockWrite(), behaviour will be undefined.
[2016.08.04-07.23.03:886][293]LogPhysics:Warning: PHYSX: ..\..\PhysX\src\NpScene.cpp (2946) 8 : PxScene::unlockWrite() called without matching call to PxScene::lockWrite(), behaviour will be undefined.
[2016.08.04-07.23.03:886][293]LogPhysics:Warning: PHYSX: ..\..\PhysX\src\NpScene.cpp (2946) 8 : PxScene::unlockWrite() called without matching call to PxScene::lockWrite(), behaviour will be undefined.
[2016.08.04-07.23.03:886][293]LogWindows: FPlatformMisc::RequestExit(1)
[2016.08.04-07.23.03:886][293]Log file closed, 08/04/16 15:23:03
