Log file open, 08/04/16 18:52:45
LogInit:Display: Running engine for game: MyProject
LogPlatformFile: Not using cached read wrapper
LogInit:Display: RandInit(1930648205) SRandInit(1930648206).
LogTaskGraph: Started task graph with 4 named threads and 7 total threads.
LogStats: Stats thread started at 0.063999
LogInit: Version: 4.11.2-2946394+++UE4+Release-4.11
LogInit: API Version: 2927265
LogInit: Compiled (64-bit): Apr 18 2016 02:18:46
LogInit: Compiled with Visual C++: 19.00.23026.00
LogInit: Build Configuration: Development
LogInit: Branch Name: ++UE4+Release-4.11
LogInit: Command line:  /Temp/Autosaves/Game/StarterContent/Maps/UEDPCMinimal_Default -game -PIEVIACONSOLE -ResX=1280 -ResY=720  -Multiprocess -messaging -SessionName="Play in Standalone Game" -nosound 
LogInit: Base directory: C:/Program Files/Epic Games/4.11/Engine/Binaries/Win64/
LogInit: Installed Engine Build: 1
LogInit: Using libcurl 7.41.0
LogInit:  - built for x86_64-pc-win32
LogInit:  - supports SSL with WinSSL
LogInit:  - other features:
LogInit:      CURL_VERSION_SSL
LogInit:      CURL_VERSION_IPV6
LogInit:      CURL_VERSION_ASYNCHDNS
LogInit:      CURL_VERSION_LARGEFILE
LogInit:      CURL_VERSION_IDN
LogInit:  CurlRequestOptions (configurable via config and command line):
LogInit:  - bVerifyPeer = true  - Libcurl will verify peer certificate
LogInit:  - bUseHttpProxy = false  - Libcurl will NOT use HTTP proxy
LogInit:  - bDontReuseConnections = false  - Libcurl will reuse connections
LogInit:  - CertBundlePath = nullptr  - Libcurl will use whatever was configured at build time.
LogInit: Presizing for max 16777216 objects, including 0 objects not considered by GC, pre-allocating 0 bytes for permanent pool.
LogInit: Object subsystem initialized
[2016.08.04-10.52.45:639][  0]LogInit: Selected Device Profile: [Windows]
[2016.08.04-10.52.45:639][  0]LogInit: Applying CVar settings loaded from the selected device profile: [Windows]
[2016.08.04-10.52.45:642][  0]LogInit: Computer: PC
[2016.08.04-10.52.45:642][  0]LogInit: User: Olivia
[2016.08.04-10.52.45:642][  0]LogInit: CPU Page size=65536, Cores=4
[2016.08.04-10.52.45:642][  0]LogInit: High frequency timer resolution =3.417971 MHz
[2016.08.04-10.52.45:642][  0]LogMemory: Memory total: Physical=7.9GB (8GB approx)
[2016.08.04-10.52.45:642][  0]LogMemory: Platform Memory Stats for Windows
[2016.08.04-10.52.45:642][  0]LogMemory: Process Physical Memory: 309.93 MB used, 309.93 MB peak
[2016.08.04-10.52.45:642][  0]LogMemory: Process Virtual Memory: 315.20 MB used, 315.20 MB peak
[2016.08.04-10.52.45:642][  0]LogMemory: Physical Memory: 6419.52 MB used, 8066.59 MB total
[2016.08.04-10.52.45:642][  0]LogMemory: Virtual Memory: 627.13 MB used, 134217728.00 MB total
[2016.08.04-10.52.45:812][  0]LogTextLocalizationManager: No specific translations for ('en-US') exist, so ('en') translations will be used.
[2016.08.04-10.52.46:238][  0]LogD3D11RHI: D3D11 adapters:
[2016.08.04-10.52.46:245][  0]LogD3D11RHI:    0. 'AMD Radeon R9 200 Series' (Feature Level 11_0)
[2016.08.04-10.52.46:245][  0]LogD3D11RHI:       3051MB of dedicated video memory, 0MB of dedicated system memory, and 3840MB of shared system memory, 2 output[s]
[2016.08.04-10.52.46:274][  0]LogD3D11RHI:    1. 'Intel(R) HD Graphics 4600' (Feature Level 11_0)
[2016.08.04-10.52.46:274][  0]LogD3D11RHI:       128MB of dedicated video memory, 0MB of dedicated system memory, and 1792MB of shared system memory, 0 output[s]
[2016.08.04-10.52.46:333][  0]LogD3D11RHI:    2. 'Microsoft Basic Render Driver' (Feature Level 11_0)
[2016.08.04-10.52.46:333][  0]LogD3D11RHI:       0MB of dedicated video memory, 0MB of dedicated system memory, and 256MB of shared system memory, 0 output[s]
[2016.08.04-10.52.46:333][  0]LogD3D11RHI: Chosen D3D11 Adapter: 0
[2016.08.04-10.52.46:337][  0]LogD3D11RHI: Creating new Direct3DDevice
[2016.08.04-10.52.46:337][  0]LogD3D11RHI:     Adapter Name: AMD Radeon R9 200 Series
[2016.08.04-10.52.46:337][  0]LogD3D11RHI:   Driver Version: Unknown (internal Unknown)
[2016.08.04-10.52.46:337][  0]LogD3D11RHI:      Driver Date: Unknown
[2016.08.04-10.52.46:337][  0]LogRHI: Texture pool is 1361 MB (70% of 1945 MB)
[2016.08.04-10.52.46:341][  0]LogD3D11RHI: Async texture creation disabled: no driver support
[2016.08.04-10.52.46:353][  0]LogShaderCompilers: Guid format shader working directory is -19 characters bigger than the processId version (../../../../../../Users/Olivia/Documents/Unreal Projects/MyProject/Intermediate/Shaders/WorkingDirectory/3684/).
[2016.08.04-10.52.46:353][  0]LogShaderCompilers: Cleaned the shader compiler working directory 'C:/Users/Olivia/AppData/Local/Temp/UnrealShaderWorkingDir/BB191EC04EB771BDCE4EE3910240444F/'.
[2016.08.04-10.52.46:353][  0]LogShaderCompilers:Display: Using Local Shader Compiler.
[2016.08.04-10.52.49:620][  0]LogTemp:Display: Loaded TP AllDesktopTargetPlatform
[2016.08.04-10.52.49:624][  0]LogTemp:Display: Loaded TP WindowsClientTargetPlatform
[2016.08.04-10.52.49:627][  0]LogTemp:Display: Loaded TP WindowsNoEditorTargetPlatform
[2016.08.04-10.52.49:630][  0]LogTemp:Display: Loaded TP WindowsServerTargetPlatform
[2016.08.04-10.52.49:633][  0]LogTemp:Display: Loaded TP WindowsTargetPlatform
[2016.08.04-10.52.49:636][  0]LogTemp:Display: Loaded TP AndroidTargetPlatform
[2016.08.04-10.52.49:639][  0]LogTemp:Display: Loaded TP Android_ASTCTargetPlatform
[2016.08.04-10.52.49:642][  0]LogTemp:Display: Loaded TP Android_ATCTargetPlatform
[2016.08.04-10.52.49:645][  0]LogTemp:Display: Loaded TP Android_DXTTargetPlatform
[2016.08.04-10.52.49:648][  0]LogTemp:Display: Loaded TP Android_ETC1TargetPlatform
[2016.08.04-10.52.49:650][  0]LogTemp:Display: Loaded TP Android_ETC2TargetPlatform
[2016.08.04-10.52.49:656][  0]LogTemp:Display: Loaded TP Android_MultiTargetPlatform
[2016.08.04-10.52.49:656][  0]LogTemp:Display: Loaded TP Android_PVRTCTargetPlatform
[2016.08.04-10.52.49:656][  0]LogTemp:Display: Loaded TP HTML5TargetPlatform
[2016.08.04-10.52.49:671][  0]LogTemp:Display: Loaded TP IOSTargetPlatform
[2016.08.04-10.52.49:674][  0]LogTemp:Display: Loaded TP TVOSTargetPlatform
[2016.08.04-10.52.49:677][  0]LogTemp:Display: Loaded TP LinuxNoEditorTargetPlatform
[2016.08.04-10.52.49:679][  0]LogTemp:Display: Loaded TP LinuxServerTargetPlatform
[2016.08.04-10.52.49:682][  0]LogTemp:Display: Loaded TP LinuxTargetPlatform
[2016.08.04-10.52.49:682][  0]LogTargetPlatformManager:Display: Building Assets For Windows
[2016.08.04-10.52.49:747][  0]LogDerivedDataCache:Display: Max Cache Size: 512 MB
[2016.08.04-10.52.50:232][  0]LogDerivedDataCache: Loaded boot cache 0.47s 50MB C:/Users/Olivia/AppData/Local/UnrealEngine/4.11/DerivedDataCache/Boot.ddc.
[2016.08.04-10.52.50:232][  0]LogDerivedDataCache:Display: Loaded Boot cache: C:/Users/Olivia/AppData/Local/UnrealEngine/4.11/DerivedDataCache/Boot.ddc
[2016.08.04-10.52.50:233][  0]LogDerivedDataCache: FDerivedDataBackendGraph:  Pak pak cache file ../../../../../../Users/Olivia/Documents/Unreal Projects/MyProject/DerivedDataCache/DDC.ddp not found, will not use a pak cache.
[2016.08.04-10.52.50:233][  0]LogDerivedDataCache: Unable to find inner node Pak for hierarchical cache Hierarchy.
[2016.08.04-10.52.50:233][  0]LogDerivedDataCache: FDerivedDataBackendGraph:  CompressedPak pak cache file ../../../../../../Users/Olivia/Documents/Unreal Projects/MyProject/DerivedDataCache/Compressed.ddp not found, will not use a pak cache.
[2016.08.04-10.52.50:233][  0]LogDerivedDataCache: Unable to find inner node CompressedPak for hierarchical cache Hierarchy.
[2016.08.04-10.52.50:253][  0]LogDerivedDataCache:Display: Pak cache opened for reading ../../../Engine/DerivedDataCache/Compressed.ddp.
[2016.08.04-10.52.50:265][  0]LogDerivedDataCache: Using Local data cache path C:/Users/Olivia/AppData/Local/UnrealEngine/Common/DerivedDataCache: Writable
[2016.08.04-10.52.54:576][  0]LogInit: Selected Device Profile: [Windows]
[2016.08.04-10.52.54:668][  0]LogMaterial: Uniform references updated for custom material expression Custom.
[2016.08.04-10.52.54:883][  0]LogContentStreaming: Texture pool size is 1000.00 MB
[2016.08.04-10.52.56:434][  0]LogMeshUtilities: No automatic mesh reduction module available
[2016.08.04-10.52.56:434][  0]LogMeshUtilities: No automatic mesh merging module available
[2016.08.04-10.52.56:434][  0]LogMeshUtilities: No distributed automatic mesh merging module available
[2016.08.04-10.52.59:626][  0]LogInit: WinSock: version 1.1 (2.2), MaxSocks=32767, MaxUdp=65467
[2016.08.04-10.53.00:906][  0]LogSlate: SlateFontCache - WITH_FREETYPE: 1, WITH_HARFBUZZ: 1
[2016.08.04-10.53.00:906][  0]LogSlate: SlateFontCache - WITH_FREETYPE: 1, WITH_HARFBUZZ: 1
[2016.08.04-10.53.03:241][  0]LogWindowsMoviePlayer: Unable to load movie: ../../../../../../Users/Olivia/Documents/Unreal Projects/MyProject/Content/Movies/Default_Startup.mp4
[2016.08.04-10.53.03:685][  0]LogUdpMessaging: Initializing bridge on interface 0.0.0.0:0 to multicast group 230.0.0.1:6666.
[2016.08.04-10.53.03:933][  0]SourceControl: Info Source control is disabled
[2016.08.04-10.53.03:933][  0]SourceControl: Info Source control is disabled
[2016.08.04-10.53.04:008][  0]SourceControl: Info Source control is disabled
[2016.08.04-10.53.04:334][  0]LogHMD: Failed to initialize OpenVR with code 110
[2016.08.04-10.53.04:403][  0]LogUObjectArray: 29224 objects as part of root set at end of initial load.
[2016.08.04-10.53.04:408][  0]LogUObjectAllocator: 6081368 out of 0 bytes used by permanent object pool.
[2016.08.04-10.53.04:408][  0]LogUObjectArray: CloseDisregardForGC: 0/0 objects in disregard for GC pool
[2016.08.04-10.53.04:949][  0]LogEngine: Initializing Engine...
[2016.08.04-10.53.06:144][  0]LogInit: Texture streaming: Enabled
[2016.08.04-10.53.07:150][  0]LogNet: Browse: /Temp/Autosaves/Game/StarterContent/Maps/UEDPCMinimal_Default?Name=Player
[2016.08.04-10.53.07:150][  0]LogLoad: LoadMap: /Temp/Autosaves/Game/StarterContent/Maps/UEDPCMinimal_Default?Name=Player
[2016.08.04-10.53.07:328][  0]LogMemory: Platform Memory Stats for Windows
[2016.08.04-10.53.07:328][  0]LogMemory: Process Physical Memory: 655.14 MB used, 666.57 MB peak
[2016.08.04-10.53.07:328][  0]LogMemory: Process Virtual Memory: 615.43 MB used, 628.51 MB peak
[2016.08.04-10.53.07:328][  0]LogMemory: Physical Memory: 6781.76 MB used, 8066.59 MB total
[2016.08.04-10.53.07:328][  0]LogMemory: Virtual Memory: 1132.63 MB used, 134217728.00 MB total
[2016.08.04-10.53.07:328][  0]LogMemory: 
[2016.08.04-10.53.07:328][  0]Allocator Stats for TBB: (not implemented)
[2016.08.04-10.53.14:919][  0]LogAIModule: Creating AISystem for world Minimal_Default
[2016.08.04-10.53.14:920][  0]LogWorld: Game class is 'GameMode'
[2016.08.04-10.53.15:184][  0]LogWorld: Bringing World /Temp/Autosaves/Game/StarterContent/Maps/UEDPCMinimal_Default.Minimal_Default up for play (max tick rate 0) at 2016.08.04-18.53.15
[2016.08.04-10.53.15:184][  0]LogWorld: Bringing up level for play took: 0.263840
[2016.08.04-10.53.15:297][  0]LogInit:Display: Game Engine Initialized.
[2016.08.04-10.53.16:032][  0]LogLoad: Full Startup: 30.87 seconds (BP compile: 0.22 seconds)
[2016.08.04-10.53.16:032][  0]LogExternalProfiler:Warning: No registered external profiler was matched with a command-line switch (or the DLL could not be loaded).  External profiling features will not be available.
[2016.08.04-10.53.16:082][  0]LogOcInput: OculusInput pre-init called
[2016.08.04-10.53.16:263][  0]LogRenderer: Reallocating scene render targets to support 128x128 (Frame:1).
[2016.08.04-10.53.16:546][  1]LogRenderer: Reallocating scene render targets to support 1280x720 (Frame:2).
[2016.08.04-10.53.26:779][600]LogWindowsTextInputMethodSystem:Display: IME system now deactivated.
[2016.08.04-10.53.26:779][600]LogWindowsTextInputMethodSystem:Display: IME system now deactivated.
[2016.08.04-10.53.26:788][600]LogEngine: All Windows Closed
[2016.08.04-10.53.26:788][600]LogWindows: FPlatformMisc::RequestExit(0)
[2016.08.04-10.53.26:992][601]LogExit: Preparing to exit.
[2016.08.04-10.53.28:091][601]LogExit: Game engine shut down
[2016.08.04-10.53.28:699][601]LogObj: Freed 0b from 0 cluster array pools.
[2016.08.04-10.53.28:699][601]LogExit: Object subsystem successfully closed.
[2016.08.04-10.53.28:888][601]LogD3D11RHI: Shutdown
[2016.08.04-10.53.28:888][601]LogD3D11RHI: CleanupD3DDevice
[2016.08.04-10.53.28:924][601]LogD3D11RHI: ~FD3D11DynamicRHI
[2016.08.04-10.53.29:322][601]LogDerivedDataCache: Shutdown
[2016.08.04-10.53.29:413][601]LogModuleManager: Shutting down and abandoning module AndroidDeviceDetection (124)
[2016.08.04-10.53.30:173][601]LogModuleManager: Shutting down and abandoning module AutomationController (123)
[2016.08.04-10.53.30:197][601]LogModuleManager: Shutting down and abandoning module AutomationWorker (122)
[2016.08.04-10.53.30:197][601]LogModuleManager: Shutting down and abandoning module CharacterAI (121)
[2016.08.04-10.53.30:197][601]LogModuleManager: Shutting down and abandoning module AITestSuite (120)
[2016.08.04-10.53.30:197][601]LogModuleManager: Shutting down and abandoning module GameplayDebugger (119)
[2016.08.04-10.53.30:197][601]LogModuleManager: Shutting down and abandoning module AIModule (118)
[2016.08.04-10.53.30:197][601]LogModuleManager: Shutting down and abandoning module MovieSceneCapture (117)
[2016.08.04-10.53.30:197][601]LogModuleManager: Shutting down and abandoning module StreamingPauseRendering (116)
[2016.08.04-10.53.30:198][601]LogModuleManager: Shutting down and abandoning module PortalServices (115)
[2016.08.04-10.53.30:198][601]LogModuleManager: Shutting down and abandoning module PortalRpc (114)
[2016.08.04-10.53.30:198][601]LogModuleManager: Shutting down and abandoning module MessagingRpc (113)
[2016.08.04-10.53.30:198][601]LogModuleManager: Shutting down and abandoning module ProfilerService (112)
[2016.08.04-10.53.30:402][601]LogModuleManager: Shutting down and abandoning module TaskGraph (111)
[2016.08.04-10.53.30:402][601]LogModuleManager: Shutting down and abandoning module SlateRemote (110)
[2016.08.04-10.53.30:419][601]LogModuleManager: Shutting down and abandoning module SteamVRController (109)
[2016.08.04-10.53.30:419][601]LogModuleManager: Shutting down and abandoning module SteamVR (108)
[2016.08.04-10.53.30:419][601]LogModuleManager: Shutting down and abandoning module ProceduralMeshComponent (107)
[2016.08.04-10.53.30:429][601]LogModuleManager: Shutting down and abandoning module OculusLibrary (106)
[2016.08.04-10.53.30:429][601]LogModuleManager: Shutting down and abandoning module OculusInput (105)
[2016.08.04-10.53.30:429][601]LogModuleManager: Shutting down and abandoning module CustomMeshComponent (104)
[2016.08.04-10.53.30:429][601]LogModuleManager: Shutting down and abandoning module CableComponent (103)
[2016.08.04-10.53.30:429][601]LogModuleManager: Shutting down and abandoning module ArchVisCharacter (102)
[2016.08.04-10.53.30:429][601]LogModuleManager: Shutting down and abandoning module HTML5Networking (101)
[2016.08.04-10.53.30:429][601]LogModuleManager: Shutting down and abandoning module DesktopPlatform (100)
[2016.08.04-10.53.30:429][601]LogModuleManager: Shutting down and abandoning module DirectoryWatcher (99)
[2016.08.04-10.53.30:433][601]LogModuleManager: Shutting down and abandoning module HotReload (98)
[2016.08.04-10.53.30:433][601]LogModuleManager: Shutting down and abandoning module VisualStudioSourceCodeAccess (97)
[2016.08.04-10.53.30:433][601]LogModuleManager: Shutting down and abandoning module UObjectPlugin (96)
[2016.08.04-10.53.30:433][601]LogModuleManager: Shutting down and abandoning module SubversionSourceControl (95)
[2016.08.04-10.53.30:433][601]LogModuleManager: Shutting down and abandoning module SourceControl (94)
[2016.08.04-10.53.30:433][601]LogModuleManager: Shutting down and abandoning module PerforceSourceControl (93)
[2016.08.04-10.53.30:433][601]LogModuleManager: Shutting down and abandoning module UdpMessaging (92)
[2016.08.04-10.53.30:534][601]LogModuleManager: Shutting down and abandoning module LightPropagationVolumeRuntime (91)
[2016.08.04-10.53.30:534][601]LogModuleManager: Shutting down and abandoning module Paper2D (90)
[2016.08.04-10.53.30:534][601]LogModuleManager: Shutting down and abandoning module WindowsMoviePlayer (89)
[2016.08.04-10.53.30:534][601]LogModuleManager: Shutting down and abandoning module Media (88)
[2016.08.04-10.53.30:534][601]LogModuleManager: Shutting down and abandoning module WmfMedia (87)
[2016.08.04-10.53.30:539][601]LogModuleManager: Shutting down and abandoning module MediaAssets (86)
[2016.08.04-10.53.30:539][601]LogModuleManager: Shutting down and abandoning module GameLiveStreaming (85)
[2016.08.04-10.53.30:539][601]LogModuleManager: Shutting down and abandoning module GameplayTagsEditor (84)
[2016.08.04-10.53.30:539][601]LogModuleManager: Shutting down and abandoning module OnlineBlueprintSupport (83)
[2016.08.04-10.53.30:539][601]LogModuleManager: Shutting down and abandoning module GameplayTasksEditor (82)
[2016.08.04-10.53.30:539][601]LogModuleManager: Shutting down and abandoning module PropertyEditor (81)
[2016.08.04-10.53.30:539][601]LogModuleManager: Shutting down and abandoning module BehaviorTreeEditor (80)
[2016.08.04-10.53.30:558][601]LogModuleManager: Shutting down and abandoning module FunctionalTesting (79)
[2016.08.04-10.53.30:558][601]LogModuleManager: Shutting down and abandoning module CollisionAnalyzer (78)
[2016.08.04-10.53.30:566][601]LogModuleManager: Shutting down and abandoning module WorkspaceMenuStructure (77)
[2016.08.04-10.53.30:566][601]LogModuleManager: Shutting down and abandoning module MessageLog (76)
[2016.08.04-10.53.30:566][601]LogModuleManager: Shutting down and abandoning module Sequencer (75)
[2016.08.04-10.53.30:578][601]LogModuleManager: Shutting down and abandoning module AssetTools (74)
[2016.08.04-10.53.30:591][601]LogModuleManager: Shutting down and abandoning module UMGEditor (73)
[2016.08.04-10.53.30:608][601]LogModuleManager: Shutting down and abandoning module UMG (72)
[2016.08.04-10.53.30:617][601]LogModuleManager: Shutting down and abandoning module SlateReflector (71)
[2016.08.04-10.53.30:623][601]LogModuleManager: Shutting down and abandoning module Slate (70)
[2016.08.04-10.53.30:623][601]LogModuleManager: Shutting down and abandoning module EditorStyle (69)
[2016.08.04-10.53.30:633][601]LogModuleManager: Shutting down and abandoning module SessionServices (68)
[2016.08.04-10.53.30:633][601]LogModuleManager: Shutting down and abandoning module SourceCodeAccess (67)
[2016.08.04-10.53.30:633][601]LogModuleManager: Shutting down and abandoning module HeadMountedDisplay (66)
[2016.08.04-10.53.30:633][601]LogModuleManager: Shutting down and abandoning module XAudio2 (65)
[2016.08.04-10.53.30:633][601]LogModuleManager: Shutting down and abandoning module Networking (63)
[2016.08.04-10.53.30:633][601]LogModuleManager: Shutting down and abandoning module Core (62)
[2016.08.04-10.53.30:633][601]LogModuleManager: Shutting down and abandoning module KismetCompiler (61)
[2016.08.04-10.53.30:637][601]LogModuleManager: Shutting down and abandoning module PhysXFormats (60)
[2016.08.04-10.53.30:637][601]LogModuleManager: Shutting down and abandoning module MeshUtilities (59)
[2016.08.04-10.53.30:637][601]LogModuleManager: Shutting down and abandoning module CookingStats (58)
[2016.08.04-10.53.30:637][601]LogModuleManager: Shutting down and abandoning module DerivedDataCache (57)
[2016.08.04-10.53.30:637][601]LogDerivedDataCache: Shutdown
[2016.08.04-10.53.30:637][601]LogModuleManager: Shutting down and abandoning module ShaderFormatOpenGL (56)
[2016.08.04-10.53.30:637][601]LogModuleManager: Shutting down and abandoning module ShaderFormatD3D (55)
[2016.08.04-10.53.30:637][601]LogModuleManager: Shutting down and abandoning module MetalShaderFormat (54)
[2016.08.04-10.53.30:637][601]LogModuleManager: Shutting down and abandoning module TextureFormatUncompressed (53)
[2016.08.04-10.53.30:638][601]LogModuleManager: Shutting down and abandoning module TextureFormatPVR (52)
[2016.08.04-10.53.30:638][601]LogModuleManager: Shutting down and abandoning module TextureFormatIntelISPCTexComp (51)
[2016.08.04-10.53.30:638][601]LogModuleManager: Shutting down and abandoning module TextureFormatDXT (50)
[2016.08.04-10.53.30:638][601]LogModuleManager: Shutting down and abandoning module ImageWrapper (49)
[2016.08.04-10.53.30:638][601]LogModuleManager: Shutting down and abandoning module TextureFormatASTC (48)
[2016.08.04-10.53.30:638][601]LogModuleManager: Shutting down and abandoning module TextureFormatAndroid (47)
[2016.08.04-10.53.30:638][601]LogModuleManager: Shutting down and abandoning module AudioFormatOpus (46)
[2016.08.04-10.53.30:638][601]LogModuleManager: Shutting down and abandoning module AudioFormatOgg (45)
[2016.08.04-10.53.30:638][601]LogModuleManager: Shutting down and abandoning module AudioFormatADPCM (44)
[2016.08.04-10.53.30:638][601]LogModuleManager: Shutting down and abandoning module LinuxTargetPlatform (43)
[2016.08.04-10.53.30:638][601]LogModuleManager: Shutting down and abandoning module LinuxServerTargetPlatform (42)
[2016.08.04-10.53.30:640][601]LogModuleManager: Shutting down and abandoning module LinuxNoEditorTargetPlatform (41)
[2016.08.04-10.53.30:640][601]LogModuleManager: Shutting down and abandoning module TVOSTargetPlatform (40)
[2016.08.04-10.53.30:640][601]LogModuleManager: Shutting down and abandoning module Messaging (39)
[2016.08.04-10.53.30:640][601]LogModuleManager: Shutting down and abandoning module IOSTargetPlatform (38)
[2016.08.04-10.53.30:640][601]LogModuleManager: Shutting down and abandoning module HTML5TargetPlatform (37)
[2016.08.04-10.53.30:640][601]LogModuleManager: Shutting down and abandoning module Android_PVRTCTargetPlatform (36)
[2016.08.04-10.53.30:640][601]LogModuleManager: Shutting down and abandoning module Android_MultiTargetPlatform (35)
[2016.08.04-10.53.30:643][601]LogModuleManager: Shutting down and abandoning module Android_ETC2TargetPlatform (34)
[2016.08.04-10.53.30:643][601]LogModuleManager: Shutting down and abandoning module Android_ETC1TargetPlatform (33)
[2016.08.04-10.53.30:643][601]LogModuleManager: Shutting down and abandoning module Android_DXTTargetPlatform (32)
[2016.08.04-10.53.30:643][601]LogModuleManager: Shutting down and abandoning module Android_ATCTargetPlatform (31)
[2016.08.04-10.53.30:643][601]LogModuleManager: Shutting down and abandoning module Android_ASTCTargetPlatform (30)
[2016.08.04-10.53.30:643][601]LogModuleManager: Shutting down and abandoning module AndroidTargetPlatform (29)
[2016.08.04-10.53.30:643][601]LogModuleManager: Shutting down and abandoning module WindowsTargetPlatform (28)
[2016.08.04-10.53.30:643][601]LogModuleManager: Shutting down and abandoning module WindowsServerTargetPlatform (27)
[2016.08.04-10.53.30:643][601]LogModuleManager: Shutting down and abandoning module WindowsNoEditorTargetPlatform (26)
[2016.08.04-10.53.30:643][601]LogModuleManager: Shutting down and abandoning module WindowsClientTargetPlatform (25)
[2016.08.04-10.53.30:643][601]LogModuleManager: Shutting down and abandoning module AllDesktopTargetPlatform (24)
[2016.08.04-10.53.30:643][601]LogModuleManager: Shutting down and abandoning module TargetPlatform (23)
[2016.08.04-10.53.30:643][601]LogModuleManager: Shutting down and abandoning module InputCore (22)
[2016.08.04-10.53.30:643][601]LogModuleManager: Shutting down and abandoning module Settings (21)
[2016.08.04-10.53.30:643][601]LogModuleManager: Shutting down and abandoning module OnlineSubsystem (19)
[2016.08.04-10.53.30:643][601]LogModuleManager: Shutting down and abandoning module HTTP (18)
[2016.08.04-10.53.30:643][601]LogModuleManager: Shutting down and abandoning module XMPP (17)
[2016.08.04-10.53.30:644][601]LogModuleManager: Shutting down and abandoning module OculusRift (16)
[2016.08.04-10.53.30:645][601]LogModuleManager: Shutting down and abandoning module ExampleDeviceProfileSelector (15)
[2016.08.04-10.53.30:645][601]LogModuleManager: Shutting down and abandoning module TextureCompressor (14)
[2016.08.04-10.53.30:645][601]LogModuleManager: Shutting down and abandoning module ShaderCore (13)
[2016.08.04-10.53.30:645][601]LogModuleManager: Shutting down and abandoning module Landscape (12)
[2016.08.04-10.53.30:645][601]LogModuleManager: Shutting down and abandoning module SlateRHIRenderer (11)
[2016.08.04-10.53.30:664][601]LogModuleManager: Shutting down and abandoning module OpenGLDrv (10)
[2016.08.04-10.53.30:689][601]LogModuleManager: Shutting down and abandoning module D3D11RHI (9)
[2016.08.04-10.53.30:689][601]LogModuleManager: Shutting down and abandoning module AnimGraphRuntime (8)
[2016.08.04-10.53.30:689][601]LogModuleManager: Shutting down and abandoning module Renderer (7)
[2016.08.04-10.53.30:689][601]LogModuleManager: Shutting down and abandoning module Engine (6)
[2016.08.04-10.53.30:689][601]LogModuleManager: Shutting down and abandoning module CoreUObject (5)
[2016.08.04-10.53.30:689][601]LogModuleManager: Shutting down and abandoning module NetworkFile (4)
[2016.08.04-10.53.30:689][601]LogModuleManager: Shutting down and abandoning module StreamingFile (3)
[2016.08.04-10.53.30:698][601]LogModuleManager: Shutting down and abandoning module SandboxFile (2)
[2016.08.04-10.53.30:702][601]LogModuleManager: Shutting down and abandoning module PakFile (1)
[2016.08.04-10.53.30:710][601]LogExit: Exiting.
[2016.08.04-10.53.30:712][601]Log file closed, 08/04/16 18:53:30
