Log file open, 08/03/16 15:25:48
LogInit:Display: Running engine for game: MyProject
LogPlatformFile: Not using cached read wrapper
LogInit:Display: RandInit(-835280205) SRandInit(-835280199).
LogTaskGraph: Started task graph with 4 named threads and 7 total threads.
LogStats: Stats thread started at 0.069904
LogInit: Version: 4.11.2-2946394+++UE4+Release-4.11
LogInit: API Version: 2927265
LogInit: Compiled (64-bit): Apr 18 2016 02:18:46
LogInit: Compiled with Visual C++: 19.00.23026.00
LogInit: Build Configuration: Development
LogInit: Branch Name: ++UE4+Release-4.11
LogInit: Command line:  
LogInit: Base directory: C:/Program Files/Epic Games/4.11/Engine/Binaries/Win64/
LogInit: Installed Engine Build: 1
LogInit: Using libcurl 7.41.0
LogInit:  - built for x86_64-pc-win32
LogInit:  - supports SSL with WinSSL
LogInit:  - other features:
LogInit:      CURL_VERSION_SSL
LogInit:      CURL_VERSION_IPV6
LogInit:      CURL_VERSION_ASYNCHDNS
LogInit:      CURL_VERSION_LARGEFILE
LogInit:      CURL_VERSION_IDN
LogInit:  CurlRequestOptions (configurable via config and command line):
LogInit:  - bVerifyPeer = true  - Libcurl will verify peer certificate
LogInit:  - bUseHttpProxy = false  - Libcurl will NOT use HTTP proxy
LogInit:  - bDontReuseConnections = false  - Libcurl will reuse connections
LogInit:  - CertBundlePath = nullptr  - Libcurl will use whatever was configured at build time.
LogInit: Presizing for max 16777216 objects, including 0 objects not considered by GC, pre-allocating 0 bytes for permanent pool.
LogInit: Object subsystem initialized
[2016.08.03-07.25.48:506][  0]LogInit: Selected Device Profile: [Windows]
[2016.08.03-07.25.48:506][  0]LogInit: Applying CVar settings loaded from the selected device profile: [Windows]
[2016.08.03-07.25.48:512][  0]LogInit: Computer: PC
[2016.08.03-07.25.48:512][  0]LogInit: User: Olivia
[2016.08.03-07.25.48:512][  0]LogInit: CPU Page size=65536, Cores=4
[2016.08.03-07.25.48:512][  0]LogInit: High frequency timer resolution =3.417971 MHz
[2016.08.03-07.25.48:512][  0]LogMemory: Memory total: Physical=7.9GB (8GB approx)
[2016.08.03-07.25.48:512][  0]LogMemory: Platform Memory Stats for Windows
[2016.08.03-07.25.48:512][  0]LogMemory: Process Physical Memory: 310.27 MB used, 310.27 MB peak
[2016.08.03-07.25.48:512][  0]LogMemory: Process Virtual Memory: 315.20 MB used, 315.20 MB peak
[2016.08.03-07.25.48:512][  0]LogMemory: Physical Memory: 5673.38 MB used, 8066.59 MB total
[2016.08.03-07.25.48:512][  0]LogMemory: Virtual Memory: 631.02 MB used, 134217728.00 MB total
[2016.08.03-07.25.48:650][  0]LogTextLocalizationManager: No specific translations for ('en-US') exist, so ('en') translations will be used.
[2016.08.03-07.25.49:043][  0]LogD3D11RHI: D3D11 adapters:
[2016.08.03-07.25.49:050][  0]LogD3D11RHI:    0. 'AMD Radeon R9 200 Series' (Feature Level 11_0)
[2016.08.03-07.25.49:050][  0]LogD3D11RHI:       3051MB of dedicated video memory, 0MB of dedicated system memory, and 3840MB of shared system memory, 2 output[s]
[2016.08.03-07.25.49:055][  0]LogD3D11RHI:    1. 'Intel(R) HD Graphics 4600' (Feature Level 11_0)
[2016.08.03-07.25.49:055][  0]LogD3D11RHI:       128MB of dedicated video memory, 0MB of dedicated system memory, and 1792MB of shared system memory, 0 output[s]
[2016.08.03-07.25.49:056][  0]LogD3D11RHI:    2. 'Microsoft Basic Render Driver' (Feature Level 11_0)
[2016.08.03-07.25.49:056][  0]LogD3D11RHI:       0MB of dedicated video memory, 0MB of dedicated system memory, and 256MB of shared system memory, 0 output[s]
[2016.08.03-07.25.49:056][  0]LogD3D11RHI: Chosen D3D11 Adapter: 0
[2016.08.03-07.25.49:059][  0]LogD3D11RHI: Creating new Direct3DDevice
[2016.08.03-07.25.49:059][  0]LogD3D11RHI:     Adapter Name: AMD Radeon R9 200 Series
[2016.08.03-07.25.49:059][  0]LogD3D11RHI:   Driver Version: Unknown (internal Unknown)
[2016.08.03-07.25.49:059][  0]LogD3D11RHI:      Driver Date: Unknown
[2016.08.03-07.25.49:059][  0]LogRHI: Texture pool is 1361 MB (70% of 1945 MB)
[2016.08.03-07.25.49:063][  0]LogD3D11RHI: Async texture creation disabled: no driver support
[2016.08.03-07.25.49:479][  0]LogShaderCompilers: Guid format shader working directory is -19 characters bigger than the processId version (../../../../../../Users/Olivia/Documents/Unreal Projects/MyProject/Intermediate/Shaders/WorkingDirectory/8092/).
[2016.08.03-07.25.49:479][  0]LogShaderCompilers: Cleaned the shader compiler working directory 'C:/Users/Olivia/AppData/Local/Temp/UnrealShaderWorkingDir/DEC823464BF321E93A03EEA190E5A523/'.
[2016.08.03-07.25.49:486][  0]LogShaderCompilers:Display: Using Local Shader Compiler.
[2016.08.03-07.25.57:717][  0]LogTemp:Display: Loaded TP AllDesktopTargetPlatform
[2016.08.03-07.25.57:721][  0]LogTemp:Display: Loaded TP WindowsClientTargetPlatform
[2016.08.03-07.25.57:724][  0]LogTemp:Display: Loaded TP WindowsNoEditorTargetPlatform
[2016.08.03-07.25.57:728][  0]LogTemp:Display: Loaded TP WindowsServerTargetPlatform
[2016.08.03-07.25.57:732][  0]LogTemp:Display: Loaded TP WindowsTargetPlatform
[2016.08.03-07.25.57:736][  0]LogTemp:Display: Loaded TP AndroidTargetPlatform
[2016.08.03-07.25.57:740][  0]LogTemp:Display: Loaded TP Android_ASTCTargetPlatform
[2016.08.03-07.25.57:743][  0]LogTemp:Display: Loaded TP Android_ATCTargetPlatform
[2016.08.03-07.25.57:747][  0]LogTemp:Display: Loaded TP Android_DXTTargetPlatform
[2016.08.03-07.25.57:750][  0]LogTemp:Display: Loaded TP Android_ETC1TargetPlatform
[2016.08.03-07.25.57:779][  0]LogTemp:Display: Loaded TP Android_ETC2TargetPlatform
[2016.08.03-07.25.57:786][  0]LogTemp:Display: Loaded TP Android_MultiTargetPlatform
[2016.08.03-07.25.57:786][  0]LogTemp:Display: Loaded TP Android_PVRTCTargetPlatform
[2016.08.03-07.25.57:800][  0]LogTemp:Display: Loaded TP HTML5TargetPlatform
[2016.08.03-07.25.57:841][  0]LogTemp:Display: Loaded TP IOSTargetPlatform
[2016.08.03-07.25.57:844][  0]LogTemp:Display: Loaded TP TVOSTargetPlatform
[2016.08.03-07.25.57:847][  0]LogTemp:Display: Loaded TP LinuxNoEditorTargetPlatform
[2016.08.03-07.25.57:849][  0]LogTemp:Display: Loaded TP LinuxServerTargetPlatform
[2016.08.03-07.25.57:860][  0]LogTemp:Display: Loaded TP LinuxTargetPlatform
[2016.08.03-07.25.57:860][  0]LogTargetPlatformManager:Display: Building Assets For Windows
[2016.08.03-07.25.58:437][  0]LogDerivedDataCache:Display: Max Cache Size: 512 MB
[2016.08.03-07.25.58:754][  0]LogDerivedDataCache: Loaded boot cache 0.31s 46MB C:/Users/Olivia/AppData/Local/UnrealEngine/4.11/DerivedDataCache/Boot.ddc.
[2016.08.03-07.25.58:754][  0]LogDerivedDataCache:Display: Loaded Boot cache: C:/Users/Olivia/AppData/Local/UnrealEngine/4.11/DerivedDataCache/Boot.ddc
[2016.08.03-07.25.58:754][  0]LogDerivedDataCache: FDerivedDataBackendGraph:  Pak pak cache file ../../../../../../Users/Olivia/Documents/Unreal Projects/MyProject/DerivedDataCache/DDC.ddp not found, will not use a pak cache.
[2016.08.03-07.25.58:754][  0]LogDerivedDataCache: Unable to find inner node Pak for hierarchical cache Hierarchy.
[2016.08.03-07.25.58:754][  0]LogDerivedDataCache: FDerivedDataBackendGraph:  CompressedPak pak cache file ../../../../../../Users/Olivia/Documents/Unreal Projects/MyProject/DerivedDataCache/Compressed.ddp not found, will not use a pak cache.
[2016.08.03-07.25.58:754][  0]LogDerivedDataCache: Unable to find inner node CompressedPak for hierarchical cache Hierarchy.
[2016.08.03-07.25.58:798][  0]LogDerivedDataCache:Display: Pak cache opened for reading ../../../Engine/DerivedDataCache/Compressed.ddp.
[2016.08.03-07.25.58:851][  0]LogDerivedDataCache: Using Local data cache path C:/Users/Olivia/AppData/Local/UnrealEngine/Common/DerivedDataCache: Writable
[2016.08.03-07.26.05:484][  0]LogInit: Selected Device Profile: [Windows]
[2016.08.03-07.26.05:571][  0]LogContentStreaming: Texture pool size is 0.00 MB
[2016.08.03-07.26.06:712][  0]LogMaterial: Uniform references updated for custom material expression Custom.
[2016.08.03-07.26.08:206][  0]LogMeshUtilities: No automatic mesh reduction module available
[2016.08.03-07.26.08:206][  0]LogMeshUtilities: No automatic mesh merging module available
[2016.08.03-07.26.08:206][  0]LogMeshUtilities: No distributed automatic mesh merging module available
[2016.08.03-07.26.13:614][  0]LogUObjectArray: 27679 objects as part of root set at end of initial load.
[2016.08.03-07.26.13:614][  0]LogUObjectAllocator: 5591592 out of 0 bytes used by permanent object pool.
[2016.08.03-07.26.13:614][  0]LogUObjectArray: CloseDisregardForGC: 0/0 objects in disregard for GC pool
[2016.08.03-07.26.13:679][  0]LogInit: WinSock: version 1.1 (2.2), MaxSocks=32767, MaxUdp=65467
[2016.08.03-07.26.15:535][  0]LogSlate: SlateFontCache - WITH_FREETYPE: 1, WITH_HARFBUZZ: 1
[2016.08.03-07.26.15:543][  0]LogSlate: SlateFontCache - WITH_FREETYPE: 1, WITH_HARFBUZZ: 1
[2016.08.03-07.26.19:016][  0]LogStreaming:Warning: Failed to read file '../../../Engine/Content/Editor/Slate/Common/Selection_16x.png' error.
[2016.08.03-07.26.19:016][  0]LogSlate: Could not find file for Slate resource: ../../../Engine/Content/Editor/Slate/Common/Selection_16x.png
[2016.08.03-07.26.19:025][  0]LogStreaming:Warning: Failed to read file '../../../Engine/Content/Editor/Slate/Common/Selection_16x.png' error.
[2016.08.03-07.26.19:025][  0]LogSlate: Could not find file for Slate resource: ../../../Engine/Content/Editor/Slate/Common/Selection_16x.png
[2016.08.03-07.26.19:025][  0]LogStreaming:Warning: Failed to read file '../../../Engine/Content/Editor/Slate/Common/Selection_16x.png' error.
[2016.08.03-07.26.19:025][  0]LogSlate: Could not find file for Slate resource: ../../../Engine/Content/Editor/Slate/Common/Selection_16x.png
[2016.08.03-07.26.33:284][  0]LogUdpMessaging: Initializing bridge on interface 0.0.0.0:0 to multicast group 230.0.0.1:6666.
[2016.08.03-07.26.33:843][  0]LogAssetRegistry: FAssetRegistry took 0.0237 seconds to start up
[2016.08.03-07.26.36:078][  0]SourceControl: Info Source control is disabled
[2016.08.03-07.26.36:111][  0]SourceControl: Info Source control is disabled
[2016.08.03-07.26.36:193][  0]SourceControl: Info Source control is disabled
[2016.08.03-07.26.36:277][  0]SourceControl: Info Source control is disabled
[2016.08.03-07.26.37:108][  0]LogHMD: Failed to initialize OpenVR with code 110
[2016.08.03-07.26.37:837][  0]LogEngine: Initializing Engine...
[2016.08.03-07.26.38:992][  0]LogAIModule: Creating AISystem for world NewWorld
[2016.08.03-07.26.39:067][  0]LogInit: XAudio2 using 'Speakers (2- High Definition Audio Device)' : 2 channels at 44.1 kHz using 16 bits per sample (channel mask 0x3)
[2016.08.03-07.26.39:074][  0]LogInit: FAudioDevice initialized.
[2016.08.03-07.26.39:096][  0]LogDerivedDataCache: Saved boot cache 0.02s 46MB C:/Users/Olivia/AppData/Local/UnrealEngine/4.11/DerivedDataCache/Boot.ddc.
[2016.08.03-07.26.39:106][  0]LogInit: Texture streaming: Enabled
[2016.08.03-07.26.39:371][  0]LogInit: Transaction tracking system initialized
[2016.08.03-07.26.39:687][  0]BlueprintLog: New page: Editor Load
[2016.08.03-07.26.41:175][  0]LocalizationService: Info Localization service is disabled
[2016.08.03-07.26.42:096][  0]LogConsoleResponse:Display: 
[2016.08.03-07.26.45:214][  0]LogFileCache: Scanning file cache for directory 'C:/Users/Olivia/Documents/Unreal Projects/MyProject/Content/' took 0.03s
[2016.08.03-07.26.45:214][  0]LogCook:Display: Max memory allowance for cook 8192mb
[2016.08.03-07.26.45:214][  0]LogCook:Display: Mobile HDR setting 1
[2016.08.03-07.26.45:214][  0]LogCook:Display: Done creating registry. It took  0.00s.
[2016.08.03-07.26.45:912][  0]SourceControl: Info Source control is disabled
[2016.08.03-07.26.45:949][  0]Cmd: MAP LOAD FILE="../../../../../../Users/Olivia/Documents/Unreal Projects/MyProject/Content/StarterContent/Maps/Minimal_Default.umap" TEMPLATE=0 SHOWPROGRESS=1 FEATURELEVEL=3
[2016.08.03-07.26.45:966][  0]LightingResults: New page: Lighting Build
[2016.08.03-07.26.46:116][  0]MapCheck: New page: Map Check
[2016.08.03-07.26.46:116][  0]LightingResults: New page: Lighting Build
[2016.08.03-07.26.49:842][  0]LogAIModule: Creating AISystem for world Minimal_Default
[2016.08.03-07.26.50:404][  0]LogEditorServer: Finished looking for orphan Actors (0.000 secs)
[2016.08.03-07.26.50:455][  0]Cmd: MAP CHECKDEP NOCLEARLOG
[2016.08.03-07.26.50:543][  0]MapCheck: Info Map check complete: 0 Error(s), 0 Warning(s), took 87.411ms to complete.
[2016.08.03-07.26.50:543][  0]LogFileHelpers: Loading map 'Minimal_Default' took 4.614
[2016.08.03-07.26.52:040][  0]LogCollectionManager: Loaded 0 collections in 0.002292 seconds
[2016.08.03-07.26.52:207][  0]LogFileCache: Scanning file cache for directory 'C:/Users/Olivia/Documents/Unreal Projects/MyProject/Saved/Collections/' took 0.01s
[2016.08.03-07.26.52:207][  0]LogFileCache: Scanning file cache for directory 'C:/Users/Olivia/Documents/Unreal Projects/MyProject/Content/Developers/Olivia/Collections/' took 0.01s
[2016.08.03-07.26.52:207][  0]LogFileCache: Scanning file cache for directory 'C:/Users/Olivia/Documents/Unreal Projects/MyProject/Content/Collections/' took 0.01s
[2016.08.03-07.26.52:207][  0]LogCollectionManager: Rebuilt the GUID cache for 0 collections in 0.000007 seconds
[2016.08.03-07.26.52:233][  0]LogContentBrowser: Native class hierarchy populated in 0.0248 seconds. Added 1979 classes and 343 folders.
[2016.08.03-07.26.52:302][  0]LogStats: UGameplayTagsManager::ConstructGameplayTagTree: Construct from data asset -  0.000 s
[2016.08.03-07.26.52:302][  0]LogStats: UGameplayTagsManager::ConstructGameplayTagTree: GameplayTagTreeChangedEvent.Broadcast -  0.000 s
[2016.08.03-07.26.52:303][  0]LogContentBrowser: Native class hierarchy updated for 'GameplayTags' in 0.0008 seconds. Added 12 classes and 0 folders.
[2016.08.03-07.26.52:330][  0]LogContentBrowser: Native class hierarchy updated for 'WidgetCarousel' in 0.0006 seconds. Added 0 classes and 0 folders.
[2016.08.03-07.26.52:606][  0]LogContentBrowser: Native class hierarchy updated for 'SuperSearch' in 0.0006 seconds. Added 1 classes and 2 folders.
[2016.08.03-07.26.53:973][  0]LogContentBrowser: Native class hierarchy updated for 'AddContentDialog' in 0.0011 seconds. Added 0 classes and 0 folders.
[2016.08.03-07.26.54:026][  0]LogContentBrowser: Native class hierarchy updated for 'SceneOutliner' in 0.0006 seconds. Added 1 classes and 2 folders.
[2016.08.03-07.26.54:799][  0]LogCrashTracker: Crashtracker disabled due to settings.
[2016.08.03-07.26.54:978][  0]LogUObjectGlobals:Warning: Failed to find object 'Class None.'
[2016.08.03-07.26.55:093][  0]LogContentBrowser: Native class hierarchy updated for 'HierarchicalLODOutliner' in 0.0004 seconds. Added 1 classes and 2 folders.
[2016.08.03-07.26.55:093][  0]LogLoad: Full Startup: 67.20 seconds (BP compile: 0.59 seconds)
[2016.08.03-07.26.55:093][  0]LogExternalProfiler:Warning: No registered external profiler was matched with a command-line switch (or the DLL could not be loaded).  External profiling features will not be available.
[2016.08.03-07.26.55:108][  0]LogWindowsTextInputMethodSystem:Display: IME system now deactivated.
[2016.08.03-07.26.55:108][  0]LogWindowsTextInputMethodSystem:Display: IME system now deactivated.
[2016.08.03-07.26.55:109][  0]LogOcInput: OculusInput pre-init called
[2016.08.03-07.26.55:423][  0]LogContentStreaming: Texture pool size now 1000 MB
[2016.08.03-07.26.56:111][  1]LogRenderer: Reallocating scene render targets to support 860x420 (Frame:2).
[2016.08.03-07.26.56:747][  2]LogAssetRegistry: Asset discovery search completed in 22.9274 seconds
[2016.08.03-07.26.56:761][  2]LogCollectionManager: Rebuilt the object cache for 0 collections in 0.000001 seconds (found 0 objects)
[2016.08.03-07.26.56:761][  2]LogCollectionManager: Fixed up redirectors for 0 collections in 0.012700 seconds (updated 0 objects)
[2016.08.03-07.29.13:495][991]LogRenderer: Reallocating scene render targets to support 1168x600 (Frame:720).
[2016.08.03-07.29.53:750][146]LogFactory: FactoryCreateBinary: StaticMesh with FbxFactory (0 0 C:\Users\Olivia\Desktop\adv3d\objects\wheelie basket.FBX)
[2016.08.03-07.29.54:497][146]LogFbx: ItemName: GlobalSettings, ItemCount : 1
[2016.08.03-07.29.54:498][146]LogFbx: ItemName: AnimationStack, ItemCount : 1
[2016.08.03-07.29.54:498][146]LogFbx: ItemName: AnimationLayer, ItemCount : 1
[2016.08.03-07.29.54:498][146]LogFbx: ItemName: Model, ItemCount : 2
[2016.08.03-07.29.54:498][146]LogFbx: ItemName: Geometry, ItemCount : 2
[2016.08.03-07.29.54:498][146]LogFbx: ItemName: Material, ItemCount : 2
[2016.08.03-07.29.54:553][146]LogFbx: Loading FBX Scene from C:\Users\Olivia\Desktop\adv3d\objects\wheelie basket.FBX
[2016.08.03-07.29.54:580][146]LogFbx: FBX Scene Loaded Succesfully
[2016.08.03-07.32.10:733][146]LogFbx: Loading FBX Scene from C:\Users\Olivia\Desktop\adv3d\objects\wheelie basket.FBX
[2016.08.03-07.32.10:739][146]LogFbx: FBX Scene Loaded Succesfully
[2016.08.03-07.32.10:764][146]LogFbx:Warning: Triangulating static mesh Plane002
[2016.08.03-07.32.10:820][146]LogFbx:Warning: Triangulating static mesh wheelie basket
[2016.08.03-07.32.10:880][146]LogStaticMesh: Building static mesh wheelie_basket...
[2016.08.03-07.32.10:921][146]LogStaticMesh: Built static mesh [0.05s] /Game/help/wheelie_basket.wheelie_basket
[2016.08.03-07.32.11:242][146]LogFactory: FactoryCreateBinary: StaticMesh with FbxFactory (0 0 C:\Users\Olivia\Desktop\adv3d\objects\bleach bottle.FBX)
[2016.08.03-07.32.11:261][146]LogFbx: Loading FBX Scene from C:\Users\Olivia\Desktop\adv3d\objects\bleach bottle.FBX
[2016.08.03-07.32.11:273][146]LogFbx: FBX Scene Loaded Succesfully
[2016.08.03-07.32.11:277][146]LogFbx:Warning: Triangulating static mesh Cylinder014
[2016.08.03-07.32.11:336][146]LogStaticMesh: Building static mesh bleach_bottle...
[2016.08.03-07.32.11:342][146]LogStaticMesh: Built static mesh [0.04s] /Game/help/bleach_bottle.bleach_bottle
[2016.08.03-07.32.11:383][146]LogFactory: FactoryCreateBinary: StaticMesh with FbxFactory (0 0 C:\Users\Olivia\Desktop\adv3d\objects\detergent bottle.FBX)
[2016.08.03-07.32.11:395][146]LogFbx: Loading FBX Scene from C:\Users\Olivia\Desktop\adv3d\objects\detergent bottle.FBX
[2016.08.03-07.32.11:402][146]LogFbx: FBX Scene Loaded Succesfully
[2016.08.03-07.32.11:405][146]LogFbx:Warning: Triangulating static mesh Box274
[2016.08.03-07.32.11:440][146]LogStaticMesh: Building static mesh detergent_bottle...
[2016.08.03-07.32.11:447][146]LogStaticMesh: Built static mesh [0.01s] /Game/help/detergent_bottle.detergent_bottle
[2016.08.03-07.32.11:462][146]LogFactory: FactoryCreateBinary: StaticMesh with FbxFactory (0 0 C:\Users\Olivia\Desktop\adv3d\objects\detergent box.FBX)
[2016.08.03-07.32.11:472][146]LogFbx: Loading FBX Scene from C:\Users\Olivia\Desktop\adv3d\objects\detergent box.FBX
[2016.08.03-07.32.11:476][146]LogFbx: FBX Scene Loaded Succesfully
[2016.08.03-07.32.11:509][146]LogStaticMesh: Building static mesh detergent_box...
[2016.08.03-07.32.11:511][146]LogStaticMesh: Built static mesh [0.03s] /Game/help/detergent_box.detergent_box
[2016.08.03-07.32.11:517][146]LogFactory: FactoryCreateBinary: StaticMesh with FbxFactory (0 0 C:\Users\Olivia\Desktop\adv3d\objects\machine basket.FBX)
[2016.08.03-07.32.11:526][146]LogFbx: Loading FBX Scene from C:\Users\Olivia\Desktop\adv3d\objects\machine basket.FBX
[2016.08.03-07.32.11:531][146]LogFbx: FBX Scene Loaded Succesfully
[2016.08.03-07.32.11:533][146]LogFbx:Warning: Triangulating static mesh Box261
[2016.08.03-07.32.11:578][146]LogFbx:Warning: Triangulating static mesh basket machine
[2016.08.03-07.32.11:609][146]LogStaticMesh: Building static mesh machine_basket...
[2016.08.03-07.32.11:620][146]LogStaticMesh: Built static mesh [0.04s] /Game/help/machine_basket.machine_basket
[2016.08.03-07.32.11:640][146]LogFactory: FactoryCreateBinary: StaticMesh with FbxFactory (0 0 C:\Users\Olivia\Desktop\adv3d\objects\counter basket.FBX)
[2016.08.03-07.32.11:652][146]LogFbx: Loading FBX Scene from C:\Users\Olivia\Desktop\adv3d\objects\counter basket.FBX
[2016.08.03-07.32.11:665][146]LogFbx: FBX Scene Loaded Succesfully
[2016.08.03-07.32.11:672][146]LogLinker:Warning: Can't find file '/Game/help/UnwrapChecker'
[2016.08.03-07.32.11:686][146]LogLinker:Warning: Can't find file '/Game/help/UnwrapChecker'
[2016.08.03-07.32.11:706][146]LogPackageName:Error: DoesPackageExist: DoesPackageExist FAILED: '/Game/help/' is not a standard unreal filename or a long path name. Reason: Path may not end with a '/'
[2016.08.03-07.32.11:707][146]LogLinker:Warning: Can't find file '/Game/help/'
[2016.08.03-07.32.11:707][146]LogPackageName:Error: DoesPackageExist: DoesPackageExist FAILED: '/Game/help/' is not a standard unreal filename or a long path name. Reason: Path may not end with a '/'
[2016.08.03-07.32.11:707][146]LogLinker:Warning: Can't find file '/Game/help/'
[2016.08.03-07.32.11:707][146]LogUObjectGlobals:Warning: Failed to find object 'Texture /Game/help/.'
[2016.08.03-07.32.11:707][146]LogStreaming:Warning: Failed to read file '' error.
[2016.08.03-07.32.11:707][146]LogStreaming:Warning: Failed to read file 'C:\Users\Olivia\Desktop\adv3d\objects/' error.
[2016.08.03-07.32.11:707][146]LogStreaming:Warning: Failed to read file 'C:\Users\Olivia\Desktop\adv3d\objects/' error.
[2016.08.03-07.32.11:707][146]LogFbxMaterialImport:Warning: Unable to find TEXTure file . Tried:
 - 
 - C:\Users\Olivia\Desktop\adv3d\objects/
 - C:\Users\Olivia\Desktop\adv3d\objects/
[2016.08.03-07.32.11:743][146]LogMaterial: Missing cached shader map for material UnwrapChecker, compiling. 
[2016.08.03-07.32.11:876][146]LogFbx:Warning: Triangulating static mesh basket counter
[2016.08.03-07.32.11:880][146]LogStaticMesh: Building static mesh counter_basket...
[2016.08.03-07.32.11:883][146]LogStaticMesh: Built static mesh [0.00s] /Game/help/counter_basket.counter_basket
[2016.08.03-07.32.18:878][167]LogFactory: FactoryCreateBinary: StaticMesh with FbxFactory (0 0 C:\Users\Olivia\Desktop\adv3d\objects\pipe.FBX)
[2016.08.03-07.32.18:892][167]LogFbx: ItemName: GlobalSettings, ItemCount : 1
[2016.08.03-07.32.18:892][167]LogFbx: ItemName: AnimationStack, ItemCount : 1
[2016.08.03-07.32.18:892][167]LogFbx: ItemName: AnimationLayer, ItemCount : 1
[2016.08.03-07.32.18:892][167]LogFbx: ItemName: Model, ItemCount : 1
[2016.08.03-07.32.18:892][167]LogFbx: ItemName: Geometry, ItemCount : 1
[2016.08.03-07.32.18:892][167]LogFbx: ItemName: Material, ItemCount : 1
[2016.08.03-07.32.18:911][167]LogFbx: Loading FBX Scene from C:\Users\Olivia\Desktop\adv3d\objects\pipe.FBX
[2016.08.03-07.32.18:924][167]LogFbx: FBX Scene Loaded Succesfully
[2016.08.03-07.32.20:696][167]LogFbx: Loading FBX Scene from C:\Users\Olivia\Desktop\adv3d\objects\pipe.FBX
[2016.08.03-07.32.20:700][167]LogFbx: FBX Scene Loaded Succesfully
[2016.08.03-07.32.20:702][167]LogLinker:Warning: Can't find file '/Game/help/Material__42'
[2016.08.03-07.32.20:702][167]LogLinker:Warning: Can't find file '/Game/help/Material__42'
[2016.08.03-07.32.20:710][167]LogMaterial: Missing cached shader map for material Material__42, compiling. 
[2016.08.03-07.32.20:717][167]LogFbx:Warning: Triangulating static mesh Cylinder013
[2016.08.03-07.32.20:723][167]LogStaticMesh: Building static mesh pipe...
[2016.08.03-07.32.20:725][167]LogStaticMesh: Built static mesh [0.00s] /Game/help/pipe.pipe
[2016.08.03-07.32.20:776][167]LogFactory: FactoryCreateBinary: StaticMesh with FbxFactory (0 0 C:\Users\Olivia\Desktop\adv3d\objects\board.FBX)
[2016.08.03-07.32.20:783][167]LogFbx: Loading FBX Scene from C:\Users\Olivia\Desktop\adv3d\objects\board.FBX
[2016.08.03-07.32.20:787][167]LogFbx: FBX Scene Loaded Succesfully
[2016.08.03-07.32.20:789][167]LogFbx:Warning: Triangulating static mesh Box269
[2016.08.03-07.32.20:797][167]LogStaticMesh: Building static mesh board...
[2016.08.03-07.32.20:800][167]LogStaticMesh: Built static mesh [0.00s] /Game/help/board.board
[2016.08.03-07.32.20:822][167]LogStaticMesh:Warning: board has degenerate tangent bases which will result in incorrect shading.  MikkTSpace relies on tangent bases and may result in mesh corruption, consider disabling this option.
[2016.08.03-07.32.20:845][167]FBXImport:Warning: Warning board has degenerate tangent bases which will result in incorrect shading.  MikkTSpace relies on tangent bases and may result in mesh corruption, consider disabling this option. 
[2016.08.03-07.32.20:868][167]LogFactory: FactoryCreateBinary: StaticMesh with FbxFactory (0 0 C:\Users\Olivia\Desktop\adv3d\objects\counter.FBX)
[2016.08.03-07.32.20:874][167]LogFbx: Loading FBX Scene from C:\Users\Olivia\Desktop\adv3d\objects\counter.FBX
[2016.08.03-07.32.20:879][167]LogFbx: FBX Scene Loaded Succesfully
[2016.08.03-07.32.20:895][167]LogStaticMesh: Building static mesh counter...
[2016.08.03-07.32.20:897][167]LogStaticMesh: Built static mesh [0.02s] /Game/help/counter.counter
[2016.08.03-07.32.20:923][167]LogFactory: FactoryCreateBinary: StaticMesh with FbxFactory (0 0 C:\Users\Olivia\Desktop\adv3d\objects\locker.FBX)
[2016.08.03-07.32.20:930][167]LogFbx: Loading FBX Scene from C:\Users\Olivia\Desktop\adv3d\objects\locker.FBX
[2016.08.03-07.32.20:935][167]LogFbx: FBX Scene Loaded Succesfully
[2016.08.03-07.32.20:975][167]LogStaticMesh: Building static mesh locker...
[2016.08.03-07.32.20:977][167]LogStaticMesh: Built static mesh [0.04s] /Game/help/locker.locker
[2016.08.03-07.32.21:016][167]LogFactory: FactoryCreateBinary: StaticMesh with FbxFactory (0 0 C:\Users\Olivia\Desktop\adv3d\objects\under locker.FBX)
[2016.08.03-07.32.21:023][167]LogFbx: Loading FBX Scene from C:\Users\Olivia\Desktop\adv3d\objects\under locker.FBX
[2016.08.03-07.32.21:028][167]LogFbx: FBX Scene Loaded Succesfully
[2016.08.03-07.32.21:041][167]LogStaticMesh: Building static mesh under_locker...
[2016.08.03-07.32.21:043][167]LogStaticMesh: Built static mesh [0.01s] /Game/help/under_locker.under_locker
[2016.08.03-07.32.21:048][167]LogFactory: FactoryCreateBinary: StaticMesh with FbxFactory (0 0 C:\Users\Olivia\Desktop\adv3d\objects\door.FBX)
[2016.08.03-07.32.21:055][167]LogFbx: Loading FBX Scene from C:\Users\Olivia\Desktop\adv3d\objects\door.FBX
[2016.08.03-07.32.21:060][167]LogFbx: FBX Scene Loaded Succesfully
[2016.08.03-07.32.21:061][167]LogFbx:Warning: Triangulating static mesh door002spare002
[2016.08.03-07.32.21:076][167]LogStaticMesh: Building static mesh door...
[2016.08.03-07.32.21:082][167]LogStaticMesh: Built static mesh [0.01s] /Game/help/door.door
[2016.08.03-07.33.01:880][456]LogActorFactory: Actor Factory created bleach_bottle
[2016.08.03-07.33.01:925][456]LogActorFactory: Actor Factory created pipe
[2016.08.03-07.33.01:926][456]LogActorFactory: Actor Factory created board
[2016.08.03-07.33.01:927][456]LogActorFactory: Actor Factory created detergent_bottle
[2016.08.03-07.33.01:927][456]LogActorFactory: Actor Factory created detergent_box
[2016.08.03-07.33.01:928][456]LogActorFactory: Actor Factory created counter_basket
[2016.08.03-07.33.01:929][456]LogActorFactory: Actor Factory created counter
[2016.08.03-07.33.01:930][456]LogActorFactory: Actor Factory created under_locker
[2016.08.03-07.33.01:930][456]LogActorFactory: Actor Factory created locker
[2016.08.03-07.33.01:931][456]LogActorFactory: Actor Factory created machine_basket
[2016.08.03-07.33.01:932][456]LogActorFactory: Actor Factory created wheelie_basket
[2016.08.03-07.33.02:098][458]LogActorFactory: Actor Factory created bleach_bottle
[2016.08.03-07.33.02:565][458]LogActorFactory: Actor Factory created pipe
[2016.08.03-07.33.02:592][458]LogActorFactory: Actor Factory created board
[2016.08.03-07.33.02:621][458]LogActorFactory: Actor Factory created detergent_bottle
[2016.08.03-07.33.02:636][458]LogActorFactory: Actor Factory created detergent_box
[2016.08.03-07.33.02:652][458]LogActorFactory: Actor Factory created counter_basket
[2016.08.03-07.33.02:663][458]LogActorFactory: Actor Factory created counter
[2016.08.03-07.33.02:675][458]LogActorFactory: Actor Factory created under_locker
[2016.08.03-07.33.02:686][458]LogActorFactory: Actor Factory created locker
[2016.08.03-07.33.02:698][458]LogActorFactory: Actor Factory created machine_basket
[2016.08.03-07.33.02:709][458]LogActorFactory: Actor Factory created wheelie_basket
[2016.08.03-07.33.03:207][459]LogEditorViewport: Clicking on Actor (LMB): StaticMeshActor (floor)
[2016.08.03-07.33.03:622][477]LogEditorViewport: Clicking on Actor (LMB): StaticMeshActor (board)
[2016.08.03-07.33.04:273][543]Cmd: TRANSACTION UNDO
[2016.08.03-07.33.04:273][543]LogEditorTransaction: Undo Clicking on Actors
[2016.08.03-07.33.05:009][599]LogEditorViewport: Clicking on Actor (LMB): StaticMeshActor (board)
[2016.08.03-07.33.18:448][110]LogEditorViewport: Clicking on Actor (context menu): StaticMeshActor (wm)
[2016.08.03-07.33.19:277][182]LogEditorViewport: Clicking on Actor (LMB): StaticMeshActor (board)
[2016.08.03-07.33.21:704][463]Cmd: TRANSACTION UNDO
[2016.08.03-07.33.21:704][463]LogEditorTransaction: Undo Move Actors
[2016.08.03-07.33.30:282][375]Cmd: TRANSACTION UNDO
[2016.08.03-07.33.30:282][375]LogEditorTransaction: Undo Rotate Actors
[2016.08.03-07.33.31:314][465]LogEditorViewport: Clicking on Actor (LMB): StaticMeshActor (board)
[2016.08.03-07.33.31:681][499]LogEditorViewport: Clicking on Component (LMB): StaticMeshComponent (StaticMeshComponent0)
[2016.08.03-07.33.31:959][522]LogEditorViewport: Clicking on Component (LMB): StaticMeshComponent (StaticMeshComponent0)
[2016.08.03-07.33.39:859][397]LogEditorViewport: Clicking on Actor (LMB): StaticMeshActor (floor)
[2016.08.03-07.33.40:658][488]LogEditorViewport: Clicking on Actor (LMB): StaticMeshActor (locker)
[2016.08.03-07.33.47:414][278]LogEditorViewport: Clicking on Actor (LMB): StaticMeshActor (locker)
[2016.08.03-07.33.50:425][636]LogEditorViewport: Clicking on Actor (LMB): StaticMeshActor (counter)
[2016.08.03-07.33.53:624][ 15]LogEditorViewport: Clicking on Actor (LMB): StaticMeshActor (locker)
[2016.08.03-07.33.54:893][163]LogEditorViewport: Clicking on Actor (LMB): StaticMeshActor (counter)
[2016.08.03-07.34.02:343][ 51]Cmd: CAMERA ALIGN ACTIVEVIEWPORTONLY
[2016.08.03-07.35.01:795][ 52]LogEditorFactories: Performing atomic reimport of [C:/Users/Olivia/Desktop/adv3d/objects/counter.FBX]
[2016.08.03-07.35.01:833][ 52]LogFbx: Loading FBX Scene from C:/Users/Olivia/Desktop/adv3d/objects/counter.FBX
[2016.08.03-07.35.01:838][ 52]LogFbx: FBX Scene Loaded Succesfully
[2016.08.03-07.35.01:887][ 52]LogStaticMesh: Building static mesh counter...
[2016.08.03-07.35.01:889][ 52]LogStaticMesh: Built static mesh [0.02s] /Game/help/counter.counter
[2016.08.03-07.35.01:905][ 52]LogEditorFactories: -- imported successfully
[2016.08.03-07.35.04:070][288]LogEditorViewport: Clicking on Actor (LMB): StaticMeshActor (counter)
[2016.08.03-07.35.12:991][820]LogEditorViewport: Clicking on Actor (LMB): StaticMeshActor (board)
[2016.08.03-07.35.39:032][909]LogEditorViewport: Clicking on Actor (LMB): StaticMeshActor (counter)
[2016.08.03-07.36.07:294][260]LogEditorViewport: Clicking on Actor (LMB): StaticMeshActor (wm)
[2016.08.03-07.36.08:335][381]LogEditorViewport: Clicking on Actor (LMB): StaticMeshActor (locker)
[2016.08.03-07.36.11:987][812]LogEditorViewport: Clicking on Actor (LMB): StaticMeshActor (wheelie_basket)
[2016.08.03-07.36.12:729][897]LogEditorViewport: Clicking on Actor (LMB): StaticMeshActor (locker)
[2016.08.03-07.36.13:739][ 14]LogEditorViewport: Clicking on Actor (LMB): StaticMeshActor (locker)
[2016.08.03-07.36.14:302][ 80]LogEditorViewport: Clicking on Actor (LMB): StaticMeshActor (wheelie_basket)
[2016.08.03-07.36.22:212][ 19]LogEditorViewport: Clicking on Actor (LMB): StaticMeshActor (counter_basket)
[2016.08.03-07.36.32:711][263]LogEditorViewport: Clicking on Actor (LMB): StaticMeshActor (under_locker)
[2016.08.03-07.36.34:758][505]LogEditorViewport: Clicking on Actor (LMB): StaticMeshActor (machine_basket)
[2016.08.03-07.36.40:956][ 18]LogSavePackage: Save=704.18ms
[2016.08.03-07.36.40:956][ 18]LogSavePackage: Moving '../../../../../../Users/Olivia/Documents/Unreal Projects/MyProject/Saved/Minimal_Default06559B30418BD77CBFD6DA802144C75D.tmp' to '../../../../../../Users/Olivia/Documents/Unreal Projects/MyProject/Content/StarterContent/Maps/Minimal_Default.umap'
[2016.08.03-07.36.40:981][ 18]LogSavePackage: Total save time: 1480.42ms
[2016.08.03-07.36.40:981][ 18]LogSavePackage:Display: Finished SavePackage ../../../../../../Users/Olivia/Documents/Unreal Projects/MyProject/Content/StarterContent/Maps/Minimal_Default.umap
[2016.08.03-07.36.41:223][ 18]LogFileHelpers: Saving map 'Minimal_Default' took 2.049
[2016.08.03-07.36.41:294][ 18]Cmd: OBJ SAVEPACKAGE PACKAGE="/Game/help/wheelie_basket" FILE="../../../../../../Users/Olivia/Documents/Unreal Projects/MyProject/Content/help/wheelie_basket.uasset" SILENT=true
[2016.08.03-07.36.41:336][ 18]LogSavePackage: Save=40.45ms
[2016.08.03-07.36.41:336][ 18]LogSavePackage: Moving '../../../../../../Users/Olivia/Documents/Unreal Projects/MyProject/Saved/wheelie_basketDC4159C046F255009C926EB2DD32910E.tmp' to '../../../../../../Users/Olivia/Documents/Unreal Projects/MyProject/Content/help/wheelie_basket.uasset'
[2016.08.03-07.36.41:338][ 18]LogSavePackage: Total save time: 43.08ms
[2016.08.03-07.36.41:338][ 18]LogSavePackage:Display: Finished SavePackage ../../../../../../Users/Olivia/Documents/Unreal Projects/MyProject/Content/help/wheelie_basket.uasset
[2016.08.03-07.36.41:362][ 18]Cmd: OBJ SAVEPACKAGE PACKAGE="/Game/help/bleach_bottle" FILE="../../../../../../Users/Olivia/Documents/Unreal Projects/MyProject/Content/help/bleach_bottle.uasset" SILENT=true
[2016.08.03-07.36.41:385][ 18]LogSavePackage: Save=11.52ms
[2016.08.03-07.36.41:385][ 18]LogSavePackage: Moving '../../../../../../Users/Olivia/Documents/Unreal Projects/MyProject/Saved/bleach_bottleF14344F349CBE8ECC601468A3F00B9C8.tmp' to '../../../../../../Users/Olivia/Documents/Unreal Projects/MyProject/Content/help/bleach_bottle.uasset'
[2016.08.03-07.36.41:386][ 18]LogSavePackage: Total save time: 13.28ms
[2016.08.03-07.36.41:386][ 18]LogSavePackage:Display: Finished SavePackage ../../../../../../Users/Olivia/Documents/Unreal Projects/MyProject/Content/help/bleach_bottle.uasset
[2016.08.03-07.36.41:407][ 18]Cmd: OBJ SAVEPACKAGE PACKAGE="/Game/help/detergent_bottle" FILE="../../../../../../Users/Olivia/Documents/Unreal Projects/MyProject/Content/help/detergent_bottle.uasset" SILENT=true
[2016.08.03-07.36.41:417][ 18]LogSavePackage: Save=8.58ms
[2016.08.03-07.36.41:417][ 18]LogSavePackage: Moving '../../../../../../Users/Olivia/Documents/Unreal Projects/MyProject/Saved/detergent_bottleA210CFD04CE070370D6C8BACBA71E625.tmp' to '../../../../../../Users/Olivia/Documents/Unreal Projects/MyProject/Content/help/detergent_bottle.uasset'
[2016.08.03-07.36.41:418][ 18]LogSavePackage: Total save time: 9.75ms
[2016.08.03-07.36.41:418][ 18]LogSavePackage:Display: Finished SavePackage ../../../../../../Users/Olivia/Documents/Unreal Projects/MyProject/Content/help/detergent_bottle.uasset
[2016.08.03-07.36.41:435][ 18]Cmd: OBJ SAVEPACKAGE PACKAGE="/Game/help/detergent_box" FILE="../../../../../../Users/Olivia/Documents/Unreal Projects/MyProject/Content/help/detergent_box.uasset" SILENT=true
[2016.08.03-07.36.41:444][ 18]LogSavePackage: Save=7.96ms
[2016.08.03-07.36.41:444][ 18]LogSavePackage: Moving '../../../../../../Users/Olivia/Documents/Unreal Projects/MyProject/Saved/detergent_boxA5F1E3CD4F37B101B32036ABC043837C.tmp' to '../../../../../../Users/Olivia/Documents/Unreal Projects/MyProject/Content/help/detergent_box.uasset'
[2016.08.03-07.36.41:445][ 18]LogSavePackage: Total save time: 9.19ms
[2016.08.03-07.36.41:445][ 18]LogSavePackage:Display: Finished SavePackage ../../../../../../Users/Olivia/Documents/Unreal Projects/MyProject/Content/help/detergent_box.uasset
[2016.08.03-07.36.41:462][ 18]Cmd: OBJ SAVEPACKAGE PACKAGE="/Game/help/machine_basket" FILE="../../../../../../Users/Olivia/Documents/Unreal Projects/MyProject/Content/help/machine_basket.uasset" SILENT=true
[2016.08.03-07.36.41:479][ 18]LogSavePackage: Save=7.77ms
[2016.08.03-07.36.41:479][ 18]LogSavePackage: Moving '../../../../../../Users/Olivia/Documents/Unreal Projects/MyProject/Saved/machine_basket1BD6A66841788E0A3B79A8824D52EEC1.tmp' to '../../../../../../Users/Olivia/Documents/Unreal Projects/MyProject/Content/help/machine_basket.uasset'
[2016.08.03-07.36.41:480][ 18]LogSavePackage: Total save time: 8.91ms
[2016.08.03-07.36.41:480][ 18]LogSavePackage:Display: Finished SavePackage ../../../../../../Users/Olivia/Documents/Unreal Projects/MyProject/Content/help/machine_basket.uasset
[2016.08.03-07.36.41:497][ 18]Cmd: OBJ SAVEPACKAGE PACKAGE="/Game/help/counter_basket" FILE="../../../../../../Users/Olivia/Documents/Unreal Projects/MyProject/Content/help/counter_basket.uasset" SILENT=true
[2016.08.03-07.36.41:507][ 18]LogSavePackage: Save=9.15ms
[2016.08.03-07.36.41:507][ 18]LogSavePackage: Moving '../../../../../../Users/Olivia/Documents/Unreal Projects/MyProject/Saved/counter_basketEAE54A9D4D52D7664C615DA145D286A9.tmp' to '../../../../../../Users/Olivia/Documents/Unreal Projects/MyProject/Content/help/counter_basket.uasset'
[2016.08.03-07.36.41:508][ 18]LogSavePackage: Total save time: 10.50ms
[2016.08.03-07.36.41:509][ 18]LogSavePackage:Display: Finished SavePackage ../../../../../../Users/Olivia/Documents/Unreal Projects/MyProject/Content/help/counter_basket.uasset
[2016.08.03-07.36.41:529][ 18]Cmd: OBJ SAVEPACKAGE PACKAGE="/Game/help/UnwrapChecker" FILE="../../../../../../Users/Olivia/Documents/Unreal Projects/MyProject/Content/help/UnwrapChecker.uasset" SILENT=true
[2016.08.03-07.36.41:539][ 18]LogSavePackage: Save=8.41ms
[2016.08.03-07.36.41:539][ 18]LogSavePackage: Moving '../../../../../../Users/Olivia/Documents/Unreal Projects/MyProject/Saved/UnwrapCheckerA24C1A4A43EA5A27A7E3DBBEC877419B.tmp' to '../../../../../../Users/Olivia/Documents/Unreal Projects/MyProject/Content/help/UnwrapChecker.uasset'
[2016.08.03-07.36.41:553][ 18]LogSavePackage: Total save time: 23.01ms
[2016.08.03-07.36.41:553][ 18]LogSavePackage:Display: Finished SavePackage ../../../../../../Users/Olivia/Documents/Unreal Projects/MyProject/Content/help/UnwrapChecker.uasset
[2016.08.03-07.36.41:570][ 18]Cmd: OBJ SAVEPACKAGE PACKAGE="/Game/help/pipe" FILE="../../../../../../Users/Olivia/Documents/Unreal Projects/MyProject/Content/help/pipe.uasset" SILENT=true
[2016.08.03-07.36.41:578][ 18]LogSavePackage: Save=7.36ms
[2016.08.03-07.36.41:578][ 18]LogSavePackage: Moving '../../../../../../Users/Olivia/Documents/Unreal Projects/MyProject/Saved/pipeE3C0BA2942C47726F979CDB6754F7470.tmp' to '../../../../../../Users/Olivia/Documents/Unreal Projects/MyProject/Content/help/pipe.uasset'
[2016.08.03-07.36.41:579][ 18]LogSavePackage: Total save time: 8.46ms
[2016.08.03-07.36.41:579][ 18]LogSavePackage:Display: Finished SavePackage ../../../../../../Users/Olivia/Documents/Unreal Projects/MyProject/Content/help/pipe.uasset
[2016.08.03-07.36.41:598][ 18]Cmd: OBJ SAVEPACKAGE PACKAGE="/Game/help/Material__42" FILE="../../../../../../Users/Olivia/Documents/Unreal Projects/MyProject/Content/help/Material__42.uasset" SILENT=true
[2016.08.03-07.36.41:607][ 18]LogSavePackage: Save=8.83ms
[2016.08.03-07.36.41:607][ 18]LogSavePackage: Moving '../../../../../../Users/Olivia/Documents/Unreal Projects/MyProject/Saved/Material__4223D7672948B1D15DF90AA384A0D767A7.tmp' to '../../../../../../Users/Olivia/Documents/Unreal Projects/MyProject/Content/help/Material__42.uasset'
[2016.08.03-07.36.41:608][ 18]LogSavePackage: Total save time: 9.85ms
[2016.08.03-07.36.41:608][ 18]LogSavePackage:Display: Finished SavePackage ../../../../../../Users/Olivia/Documents/Unreal Projects/MyProject/Content/help/Material__42.uasset
[2016.08.03-07.36.41:625][ 18]Cmd: OBJ SAVEPACKAGE PACKAGE="/Game/help/board" FILE="../../../../../../Users/Olivia/Documents/Unreal Projects/MyProject/Content/help/board.uasset" SILENT=true
[2016.08.03-07.36.41:634][ 18]LogSavePackage: Save=7.11ms
[2016.08.03-07.36.41:634][ 18]LogSavePackage: Moving '../../../../../../Users/Olivia/Documents/Unreal Projects/MyProject/Saved/boardAABC5D334BC39FA6EA3BE681FC53BBF8.tmp' to '../../../../../../Users/Olivia/Documents/Unreal Projects/MyProject/Content/help/board.uasset'
[2016.08.03-07.36.41:635][ 18]LogSavePackage: Total save time: 8.22ms
[2016.08.03-07.36.41:635][ 18]LogSavePackage:Display: Finished SavePackage ../../../../../../Users/Olivia/Documents/Unreal Projects/MyProject/Content/help/board.uasset
[2016.08.03-07.36.41:652][ 18]Cmd: OBJ SAVEPACKAGE PACKAGE="/Game/help/counter" FILE="../../../../../../Users/Olivia/Documents/Unreal Projects/MyProject/Content/help/counter.uasset" SILENT=true
[2016.08.03-07.36.41:662][ 18]LogSavePackage: Save=7.45ms
[2016.08.03-07.36.41:662][ 18]LogSavePackage: Moving '../../../../../../Users/Olivia/Documents/Unreal Projects/MyProject/Saved/counterEA66E93744A3EE2AA76C45A0C46646A0.tmp' to '../../../../../../Users/Olivia/Documents/Unreal Projects/MyProject/Content/help/counter.uasset'
[2016.08.03-07.36.41:663][ 18]LogSavePackage: Total save time: 8.67ms
[2016.08.03-07.36.41:663][ 18]LogSavePackage:Display: Finished SavePackage ../../../../../../Users/Olivia/Documents/Unreal Projects/MyProject/Content/help/counter.uasset
[2016.08.03-07.36.41:679][ 18]Cmd: OBJ SAVEPACKAGE PACKAGE="/Game/help/locker" FILE="../../../../../../Users/Olivia/Documents/Unreal Projects/MyProject/Content/help/locker.uasset" SILENT=true
[2016.08.03-07.36.41:689][ 18]LogSavePackage: Save=8.69ms
[2016.08.03-07.36.41:689][ 18]LogSavePackage: Moving '../../../../../../Users/Olivia/Documents/Unreal Projects/MyProject/Saved/lockerB52563A749B19B6662F765B0D52841FF.tmp' to '../../../../../../Users/Olivia/Documents/Unreal Projects/MyProject/Content/help/locker.uasset'
[2016.08.03-07.36.41:690][ 18]LogSavePackage: Total save time: 9.85ms
[2016.08.03-07.36.41:690][ 18]LogSavePackage:Display: Finished SavePackage ../../../../../../Users/Olivia/Documents/Unreal Projects/MyProject/Content/help/locker.uasset
[2016.08.03-07.36.41:707][ 18]Cmd: OBJ SAVEPACKAGE PACKAGE="/Game/help/under_locker" FILE="../../../../../../Users/Olivia/Documents/Unreal Projects/MyProject/Content/help/under_locker.uasset" SILENT=true
[2016.08.03-07.36.41:716][ 18]LogSavePackage: Save=7.94ms
[2016.08.03-07.36.41:716][ 18]LogSavePackage: Moving '../../../../../../Users/Olivia/Documents/Unreal Projects/MyProject/Saved/under_lockerF7599987489CAD3BC9741CB585BDD4E0.tmp' to '../../../../../../Users/Olivia/Documents/Unreal Projects/MyProject/Content/help/under_locker.uasset'
[2016.08.03-07.36.41:717][ 18]LogSavePackage: Total save time: 9.19ms
[2016.08.03-07.36.41:717][ 18]LogSavePackage:Display: Finished SavePackage ../../../../../../Users/Olivia/Documents/Unreal Projects/MyProject/Content/help/under_locker.uasset
[2016.08.03-07.36.41:735][ 18]Cmd: OBJ SAVEPACKAGE PACKAGE="/Game/help/door" FILE="../../../../../../Users/Olivia/Documents/Unreal Projects/MyProject/Content/help/door.uasset" SILENT=true
[2016.08.03-07.36.41:744][ 18]LogSavePackage: Save=8.58ms
[2016.08.03-07.36.41:744][ 18]LogSavePackage: Moving '../../../../../../Users/Olivia/Documents/Unreal Projects/MyProject/Saved/door12522803497B380E6CC032B6196C7436.tmp' to '../../../../../../Users/Olivia/Documents/Unreal Projects/MyProject/Content/help/door.uasset'
[2016.08.03-07.36.41:745][ 18]LogSavePackage: Total save time: 9.68ms
[2016.08.03-07.36.41:745][ 18]LogSavePackage:Display: Finished SavePackage ../../../../../../Users/Olivia/Documents/Unreal Projects/MyProject/Content/help/door.uasset
[2016.08.03-07.37.20:523][167]LogEditorViewport: Clicking on Actor (LMB): StaticMeshActor (walls)
[2016.08.03-07.37.22:007][341]LogEditorViewport: Clicking on Actor (LMB): StaticMeshActor (machine_basket)
[2016.08.03-07.37.38:423][280]LogEditorViewport: Clicking on Actor (LMB): StaticMeshActor (machine_basket)
[2016.08.03-07.37.39:602][420]LogEditorViewport: Clicking on Actor (LMB): StaticMeshActor (floor)
[2016.08.03-07.37.51:139][321]LogEditorViewport: Clicking on Actor (LMB): StaticMeshActor (locker)
[2016.08.03-07.38.05:089][979]LogEditorViewport: Clicking on Actor (LMB): StaticMeshActor (locker)
[2016.08.03-07.38.21:620][959]LogEditorViewport: Clicking on Actor (LMB): StaticMeshActor (locker)
[2016.08.03-07.38.22:834][103]LogEditorViewport: Clicking on Actor (LMB): StaticMeshActor (wheelie_basket)
[2016.08.03-07.38.24:125][254]LogEditorViewport: Clicking on Actor (LMB): StaticMeshActor (detergent_box)
[2016.08.03-07.38.45:092][356]Cmd: TRANSACTION UNDO
[2016.08.03-07.38.45:092][356]LogEditorTransaction: Undo Move Actors
[2016.08.03-07.38.49:184][821]Cmd: CAMERA ALIGN ACTIVEVIEWPORTONLY
[2016.08.03-07.38.50:436][971]LogEditorViewport: Clicking on Actor (LMB): StaticMeshActor (walls)
[2016.08.03-07.38.51:191][ 58]LogEditorViewport: Clicking on Actor (LMB): StaticMeshActor (detergent_box)
[2016.08.03-07.38.53:193][294]LogEditorViewport: Clicking on Actor (LMB): StaticMeshActor (counter_basket)
[2016.08.03-07.38.58:260][883]Cmd: TRANSACTION UNDO
[2016.08.03-07.38.58:260][883]LogEditorTransaction: Undo Move Actors
[2016.08.03-07.39.13:311][606]LogEditorViewport: Clicking on Actor (LMB): StaticMeshActor (detergent_box)
[2016.08.03-07.39.24:268][913]LogEditorViewport: Clicking on Actor (LMB): StaticMeshActor (bleach_bottle)
[2016.08.03-07.39.28:346][376]LogEditorViewport: Clicking on Actor (LMB): StaticMeshActor (detergent_box)
[2016.08.03-07.39.33:553][995]LogEditorViewport: Clicking on Actor (LMB): StaticMeshActor (detergent_bottle)
[2016.08.03-07.39.34:296][ 81]LogEditorViewport: Clicking on Actor (LMB): StaticMeshActor (bleach_bottle)
[2016.08.03-07.39.37:821][498]LogEditorViewport: Clicking on Actor (LMB): StaticMeshActor (counter_basket)
[2016.08.03-07.39.50:109][229]LogEditorViewport: Clicking on Actor (LMB): StaticMeshActor (counter_basket)
[2016.08.03-07.39.51:259][364]LogEditorViewport: Clicking on Actor (LMB): StaticMeshActor (counter_basket)
[2016.08.03-07.39.51:354][374]LogEditorViewport: Clicking on Component (LMB): StaticMeshComponent (StaticMeshComponent0)
[2016.08.03-07.39.53:429][618]LogEditorViewport: Clicking on Component (context menu): StaticMeshComponent (StaticMeshComponent0)
[2016.08.03-07.39.56:647][980]LogEditorViewport: Clicking on Component (LMB): StaticMeshComponent (StaticMeshComponent0)
[2016.08.03-07.39.56:724][988]LogEditorViewport: Clicking on Actor (double click): StaticMeshActor (counter_basket)
[2016.08.03-07.39.57:021][ 21]LogEditorViewport: Clicking on Actor (LMB): StaticMeshActor (counter_basket)
[2016.08.03-07.40.23:644][600]LogEditorViewport: Clicking on Actor (LMB): StaticMeshActor (walls)
[2016.08.03-07.40.23:923][630]Cmd: CAMERA ALIGN ACTIVEVIEWPORTONLY
[2016.08.03-07.40.27:153][ 15]LogEditorViewport: Clicking on Actor (LMB): StaticMeshActor (floor)
[2016.08.03-07.40.28:065][121]LogEditorViewport: Clicking on Actor (LMB): StaticMeshActor (under_locker)
[2016.08.03-07.40.29:219][256]LogEditorViewport: Clicking on Actor (LMB): StaticMeshActor (detergent_bottle)
[2016.08.03-07.40.30:040][351]LogEditorViewport: Clicking on Actor (LMB): StaticMeshActor (detergent_box)
[2016.08.03-07.40.30:293][378]Cmd: CAMERA ALIGN ACTIVEVIEWPORTONLY
[2016.08.03-07.40.31:965][578]LogEditorViewport: Clicking on Actor (LMB): StaticMeshActor (detergent_bottle)
[2016.08.03-07.40.38:846][397]LogEditorViewport: Clicking on Actor (LMB): StaticMeshActor (detergent_box)
[2016.08.03-07.40.41:510][711]LogEditorViewport: Clicking on Actor (LMB): StaticMeshActor (bleach_bottle)
[2016.08.03-07.40.44:912][115]LogEditorViewport: Clicking on Actor (LMB): StaticMeshActor (detergent_bottle)
[2016.08.03-07.40.46:977][359]Cmd: CAMERA ALIGN ACTIVEVIEWPORTONLY
[2016.08.03-07.40.52:456][996]LogEditorViewport: Clicking on Actor (LMB): StaticMeshActor (under_locker)
[2016.08.03-07.41.05:698][580]LogEditorViewport: Clicking on Actor (LMB): StaticMeshActor (locker)
[2016.08.03-07.41.41:738][875]Cmd: TRANSACTION UNDO
[2016.08.03-07.41.41:738][875]LogEditorTransaction: Undo Move Actors
[2016.08.03-07.42.02:835][370]Cmd: DUPLICATE
[2016.08.03-07.42.02:835][370]Cmd: ACTOR DUPLICATE
[2016.08.03-07.42.09:212][ 89]LogEditorViewport: Clicking on Actor (CTRL LMB): StaticMeshActor (under_locker)
[2016.08.03-07.42.11:098][312]LogEditorViewport: Clicking on Actor (CTRL LMB): StaticMeshActor (walls)
[2016.08.03-07.42.11:972][414]Cmd: TRANSACTION UNDO
[2016.08.03-07.42.11:972][414]LogEditorTransaction: Undo Clicking on Actors
[2016.08.03-07.42.15:293][784]Cmd: DUPLICATE
[2016.08.03-07.42.15:293][784]Cmd: ACTOR DUPLICATE
[2016.08.03-07.42.17:498][ 44]Cmd: TRANSACTION UNDO
[2016.08.03-07.42.17:498][ 44]LogEditorTransaction: Undo Move Actors
[2016.08.03-07.42.28:984][391]LogEditorViewport: Clicking on Actor (LMB): StaticMeshActor (under_locker)
[2016.08.03-07.42.31:069][638]LogEditorViewport: Clicking on Actor (CTRL LMB): StaticMeshActor (under_locker2)
[2016.08.03-07.42.31:601][699]LogEditorViewport: Clicking on Actor (CTRL LMB): StaticMeshActor (under_locker)
[2016.08.03-07.42.33:919][974]LogEditorViewport: Clicking on Actor (CTRL LMB): StaticMeshActor (locker)
[2016.08.03-07.42.43:341][ 97]LogEditorViewport: Clicking on Actor (LMB): StaticMeshActor (locker2)
[2016.08.03-07.42.44:693][255]Cmd: TRANSACTION UNDO
[2016.08.03-07.42.44:693][255]LogEditorTransaction: Undo Clicking on Actors
[2016.08.03-07.42.46:497][448]Cmd: TRANSACTION UNDO
[2016.08.03-07.42.46:497][448]LogEditorTransaction: Undo Move Actors
[2016.08.03-07.43.23:230][396]LogEditorViewport: Clicking Background
[2016.08.03-07.43.23:980][484]LogEditorViewport: Clicking on Actor (LMB): StaticMeshActor (under_locker2)
[2016.08.03-07.43.33:107][567]LogEditorViewport: Clicking on Actor (LMB): StaticMeshActor (under_locker2)
[2016.08.03-07.43.33:583][623]LogEditorViewport: Clicking on Actor (LMB): StaticMeshActor (under_locker)
[2016.08.03-07.43.34:062][677]LogEditorViewport: Clicking on Actor (LMB): StaticMeshActor (locker)
[2016.08.03-07.43.37:590][ 95]LogEditorViewport: Clicking on Actor (LMB): StaticMeshActor (under_locker)
[2016.08.03-07.43.38:318][179]LogEditorViewport: Clicking on Actor (CTRL LMB): StaticMeshActor (under_locker2)
[2016.08.03-07.43.38:844][239]LogEditorViewport: Clicking on Actor (CTRL LMB): StaticMeshActor (under_locker3)
[2016.08.03-07.43.39:304][291]LogEditorViewport: Clicking on Actor (CTRL LMB): StaticMeshActor (walls)
[2016.08.03-07.43.40:074][380]LogEditorViewport: Clicking on Actor (CTRL LMB): StaticMeshActor (under_locker4)
[2016.08.03-07.43.56:139][287]Cmd: TRANSACTION UNDO
[2016.08.03-07.43.56:139][287]LogEditorTransaction: Undo Move Actors
[2016.08.03-07.43.57:045][376]LogEditorViewport: Clicking on Actor (CTRL LMB): StaticMeshActor (under_locker2)
[2016.08.03-07.44.02:929][ 76]Cmd: TRANSACTION UNDO
[2016.08.03-07.44.02:929][ 76]LogEditorTransaction: Undo Move Actors
[2016.08.03-07.44.03:973][179]LogEditorViewport: Clicking on Actor (LMB): StaticMeshActor (floor)
[2016.08.03-07.44.05:679][379]Cmd: TRANSACTION UNDO
[2016.08.03-07.44.05:679][379]LogEditorTransaction: Undo Clicking on Actors
[2016.08.03-07.44.08:636][727]LogEditorViewport: Clicking on Actor (LMB): StaticMeshActor (ceiling_whole)
[2016.08.03-07.44.09:749][856]Cmd: TRANSACTION UNDO
[2016.08.03-07.44.09:749][856]LogEditorTransaction: Undo Clicking on Actors
[2016.08.03-07.44.10:868][968]Cmd: CAMERA ALIGN ACTIVEVIEWPORTONLY
[2016.08.03-07.44.12:537][168]LogEditorViewport: Clicking on Actor (LMB): StaticMeshActor (floor)
[2016.08.03-07.44.13:450][274]Cmd: CAMERA ALIGN ACTIVEVIEWPORTONLY
[2016.08.03-07.44.14:709][425]Cmd: TRANSACTION UNDO
[2016.08.03-07.44.14:709][425]LogEditorTransaction: Undo Clicking on Actors
[2016.08.03-07.44.18:416][845]Cmd: TRANSACTION UNDO
[2016.08.03-07.44.18:416][845]LogEditorTransaction: Undo Clicking on Actors
[2016.08.03-07.44.18:929][885]Cmd: TRANSACTION UNDO
[2016.08.03-07.44.18:929][885]LogEditorTransaction: Undo Clicking on Actors
[2016.08.03-07.44.19:211][916]Cmd: TRANSACTION UNDO
[2016.08.03-07.44.19:212][916]LogEditorTransaction: Undo Clicking on Actors
[2016.08.03-07.44.20:173][ 29]Cmd: TRANSACTION UNDO
[2016.08.03-07.44.20:173][ 29]LogEditorTransaction: Undo Clicking on Actors
[2016.08.03-07.44.21:252][155]Cmd: CAMERA ALIGN ACTIVEVIEWPORTONLY
[2016.08.03-07.44.30:562][243]LogSavePackage: Save=75.78ms
[2016.08.03-07.44.30:562][243]LogSavePackage: Moving '../../../../../../Users/Olivia/Documents/Unreal Projects/MyProject/Saved/Minimal_Default6AA195354311D7EA71157C904A9F9A1D.tmp' to '../../../../../../Users/Olivia/Documents/Unreal Projects/MyProject/Content/StarterContent/Maps/Minimal_Default.umap'
[2016.08.03-07.44.30:564][243]LogSavePackage: Total save time: 86.45ms
[2016.08.03-07.44.30:564][243]LogSavePackage:Display: Finished SavePackage ../../../../../../Users/Olivia/Documents/Unreal Projects/MyProject/Content/StarterContent/Maps/Minimal_Default.umap
[2016.08.03-07.44.30:583][243]LogFileHelpers: Saving map 'Minimal_Default' took 0.139
[2016.08.03-07.44.30:599][243]Cmd: OBJ SAVEPACKAGE PACKAGE="/Game/help/counter_basket" FILE="../../../../../../Users/Olivia/Documents/Unreal Projects/MyProject/Content/help/counter_basket.uasset" SILENT=true
[2016.08.03-07.44.30:612][243]LogSavePackage: Save=7.68ms
[2016.08.03-07.44.30:612][243]LogSavePackage: Moving '../../../../../../Users/Olivia/Documents/Unreal Projects/MyProject/Saved/counter_basketC6DE607D42193032549873B57360B83B.tmp' to '../../../../../../Users/Olivia/Documents/Unreal Projects/MyProject/Content/help/counter_basket.uasset'
[2016.08.03-07.44.30:613][243]LogSavePackage: Total save time: 13.90ms
[2016.08.03-07.44.30:613][243]LogSavePackage:Display: Finished SavePackage ../../../../../../Users/Olivia/Documents/Unreal Projects/MyProject/Content/help/counter_basket.uasset
[2016.08.03-07.45.46:263][ 13]LogEditorViewport: Clicking on Actor (LMB): StaticMeshActor (under_locker3)
[2016.08.03-07.45.47:346][140]Cmd: TRANSACTION UNDO
[2016.08.03-07.45.47:346][140]LogEditorTransaction: Undo Clicking on Actors
[2016.08.03-07.45.50:829][528]LogEditorViewport: Clicking on Actor (LMB): StaticMeshActor (under_locker2)
[2016.08.03-07.45.51:980][663]LogEditorViewport: Clicking on Actor (CTRL LMB): StaticMeshActor (under_locker)
[2016.08.03-07.45.52:538][727]LogEditorViewport: Clicking on Actor (CTRL LMB): StaticMeshActor (under_locker3)
[2016.08.03-07.45.53:058][786]LogEditorViewport: Clicking on Actor (CTRL LMB): StaticMeshActor (under_locker4)
[2016.08.03-07.46.18:761][448]LogSavePackage: Save=75.19ms
[2016.08.03-07.46.18:761][448]LogSavePackage: Moving '../../../../../../Users/Olivia/Documents/Unreal Projects/MyProject/Saved/Minimal_Default882428C44303BD0DC2F0D88CC7697015.tmp' to '../../../../../../Users/Olivia/Documents/Unreal Projects/MyProject/Content/StarterContent/Maps/Minimal_Default.umap'
[2016.08.03-07.46.18:763][448]LogSavePackage: Total save time: 84.68ms
[2016.08.03-07.46.18:763][448]LogSavePackage:Display: Finished SavePackage ../../../../../../Users/Olivia/Documents/Unreal Projects/MyProject/Content/StarterContent/Maps/Minimal_Default.umap
[2016.08.03-07.46.18:780][448]LogFileHelpers: Saving map 'Minimal_Default' took 0.136
[2016.08.03-07.46.38:199][944]Cmd: CAMERA ALIGN ACTIVEVIEWPORTONLY
[2016.08.03-07.47.24:798][778]LogEditorViewport: Clicking on Actor (LMB): MatineeActor (MatineeActor)
[2016.08.03-07.47.33:619][785]LogEditorActor: Deleted Actor: MatineeActor
[2016.08.03-07.47.33:625][785]LogEditorActor: Deleted 1 Actors (0.014 secs)
[2016.08.03-07.47.34:964][946]LogEditorViewport: Clicking on Actor (LMB): StaticMeshActor (under_locker)
[2016.08.03-07.47.35:583][ 16]LogEditorViewport: Clicking on Actor (CTRL LMB): StaticMeshActor (under_locker2)
[2016.08.03-07.47.36:326][100]LogEditorViewport: Clicking on Actor (CTRL LMB): StaticMeshActor (under_locker3)
[2016.08.03-07.47.36:798][152]LogEditorViewport: Clicking on Actor (CTRL LMB): StaticMeshActor (under_locker4)
[2016.08.03-07.47.52:213][960]LogSavePackage: Save=74.16ms
[2016.08.03-07.47.52:213][960]LogSavePackage: Moving '../../../../../../Users/Olivia/Documents/Unreal Projects/MyProject/Saved/Minimal_Default45B834534498E802BD29FBAAC0413CBC.tmp' to '../../../../../../Users/Olivia/Documents/Unreal Projects/MyProject/Content/StarterContent/Maps/Minimal_Default.umap'
[2016.08.03-07.47.52:214][960]LogSavePackage: Total save time: 83.45ms
[2016.08.03-07.47.52:214][960]LogSavePackage:Display: Finished SavePackage ../../../../../../Users/Olivia/Documents/Unreal Projects/MyProject/Content/StarterContent/Maps/Minimal_Default.umap
[2016.08.03-07.47.52:233][960]LogFileHelpers: Saving map 'Minimal_Default' took 0.138
[2016.08.03-07.47.58:826][439]LogSavePackage: Save=73.32ms
[2016.08.03-07.47.58:826][439]LogSavePackage: Moving '../../../../../../Users/Olivia/Documents/Unreal Projects/MyProject/Saved/Minimal_DefaultCFD40568430964D79FF094AABF971BAD.tmp' to '../../../../../../Users/Olivia/Documents/Unreal Projects/MyProject/Content/StarterContent/Maps/Minimal_Default.umap'
[2016.08.03-07.47.58:828][439]LogSavePackage: Total save time: 79.72ms
[2016.08.03-07.47.58:828][439]LogSavePackage:Display: Finished SavePackage ../../../../../../Users/Olivia/Documents/Unreal Projects/MyProject/Content/StarterContent/Maps/Minimal_Default.umap
[2016.08.03-07.47.58:844][439]LogFileHelpers: Saving map 'Minimal_Default' took 0.132
[2016.08.03-07.47.58:934][439]LogWindowsTextInputMethodSystem:Display: IME system now deactivated.
[2016.08.03-07.47.58:934][439]LogWindowsTextInputMethodSystem:Display: IME system now deactivated.
[2016.08.03-07.47.59:328][440]Cmd: QUIT_EDITOR
[2016.08.03-07.47.59:744][440]LogExit: Preparing to exit.
[2016.08.03-07.48.00:732][440]LogExit: Editor shut down
[2016.08.03-07.48.00:732][440]LogExit: Transaction tracking system shut down
[2016.08.03-07.48.02:560][440]LogObj: Freed 0b from 0 cluster array pools.
[2016.08.03-07.48.02:560][440]LogExit: Object subsystem successfully closed.
[2016.08.03-07.48.02:723][440]LogD3D11RHI: Shutdown
[2016.08.03-07.48.02:723][440]LogD3D11RHI: CleanupD3DDevice
[2016.08.03-07.48.02:869][440]LogD3D11RHI: ~FD3D11DynamicRHI
[2016.08.03-07.48.02:962][440]LogDerivedDataCache: Shutdown
[2016.08.03-07.48.03:788][440]LogModuleManager: Shutting down and abandoning module StaticMeshEditor (205)
[2016.08.03-07.48.03:788][440]LogModuleManager: Shutting down and abandoning module HierarchicalLODOutliner (204)
[2016.08.03-07.48.03:802][440]LogModuleManager: Shutting down and abandoning module CrashTracker (203)
[2016.08.03-07.48.03:802][440]LogModuleManager: Shutting down and abandoning module SceneOutliner (202)
[2016.08.03-07.48.03:808][440]LogModuleManager: Shutting down and abandoning module SuperSearch (201)
[2016.08.03-07.48.03:808][440]LogModuleManager: Shutting down and abandoning module WidgetCarousel (200)
[2016.08.03-07.48.03:808][440]LogModuleManager: Shutting down and abandoning module AddContentDialog (199)
[2016.08.03-07.48.03:823][440]LogModuleManager: Shutting down and abandoning module GameplayTags (198)
[2016.08.03-07.48.03:823][440]LogModuleManager: Shutting down and abandoning module EditorWidgets (197)
[2016.08.03-07.48.03:823][440]LogModuleManager: Shutting down and abandoning module CollectionManager (196)
[2016.08.03-07.48.03:845][440]LogModuleManager: Shutting down and abandoning module StatsViewer (195)
[2016.08.03-07.48.03:868][440]LogModuleManager: Shutting down and abandoning module FoliageEdit (194)
[2016.08.03-07.48.03:869][440]LogModuleManager: Shutting down and abandoning module LandscapeEditor (193)
[2016.08.03-07.48.03:887][440]LogModuleManager: Shutting down and abandoning module ActorPickerMode (192)
[2016.08.03-07.48.03:887][440]LogModuleManager: Shutting down and abandoning module GeometryMode (191)
[2016.08.03-07.48.03:887][440]LogModuleManager: Shutting down and abandoning module TextureAlignMode (190)
[2016.08.03-07.48.03:887][440]LogModuleManager: Shutting down and abandoning module BspMode (189)
[2016.08.03-07.48.03:887][440]LogModuleManager: Shutting down and abandoning module PlacementMode (188)
[2016.08.03-07.48.03:887][440]LogModuleManager: Shutting down and abandoning module AutomationWorker (187)
[2016.08.03-07.48.03:887][440]LogModuleManager: Shutting down and abandoning module CharacterAI (186)
[2016.08.03-07.48.03:887][440]LogModuleManager: Shutting down and abandoning module SmartSnapping (185)
[2016.08.03-07.48.03:887][440]LogModuleManager: Shutting down and abandoning module ViewportSnapping (184)
[2016.08.03-07.48.03:887][440]LogModuleManager: Shutting down and abandoning module LogVisualizer (183)
[2016.08.03-07.48.03:914][440]LogModuleManager: Shutting down and abandoning module GameProjectGeneration (182)
[2016.08.03-07.48.03:941][440]LogModuleManager: Shutting down and abandoning module IntroTutorials (181)
[2016.08.03-07.48.03:949][440]LogModuleManager: Shutting down and abandoning module EditorLiveStreaming (180)
[2016.08.03-07.48.03:949][440]LogModuleManager: Shutting down and abandoning module IOSPlatformEditor (179)
[2016.08.03-07.48.03:967][440]LogModuleManager: Shutting down and abandoning module HTML5PlatformEditor (178)
[2016.08.03-07.48.03:968][440]LogModuleManager: Shutting down and abandoning module AndroidDeviceDetection (177)
[2016.08.03-07.48.04:416][440]LogModuleManager: Shutting down and abandoning module AndroidPlatformEditor (176)
[2016.08.03-07.48.04:416][440]LogModuleManager: Shutting down and abandoning module IOSRuntimeSettings (175)
[2016.08.03-07.48.04:416][440]LogModuleManager: Shutting down and abandoning module AndroidRuntimeSettings (174)
[2016.08.03-07.48.04:416][440]LogModuleManager: Shutting down and abandoning module MergeActors (173)
[2016.08.03-07.48.04:446][440]LogModuleManager: Shutting down and abandoning module SizeMap (172)
[2016.08.03-07.48.04:460][440]LogModuleManager: Shutting down and abandoning module TreeMap (171)
[2016.08.03-07.48.04:472][440]LogModuleManager: Shutting down and abandoning module ReferenceViewer (170)
[2016.08.03-07.48.04:484][440]LogModuleManager: Shutting down and abandoning module LocalizationService (169)
[2016.08.03-07.48.04:501][440]LogModuleManager: Shutting down and abandoning module LocalizationDashboard (168)
[2016.08.03-07.48.04:606][440]LogModuleManager: Shutting down and abandoning module HardwareTargeting (167)
[2016.08.03-07.48.04:606][440]LogModuleManager: Shutting down and abandoning module DeviceProfileEditor (166)
[2016.08.03-07.48.04:656][440]LogModuleManager: Shutting down and abandoning module UndoHistory (165)
[2016.08.03-07.48.04:670][440]LogModuleManager: Shutting down and abandoning module UserFeedback (164)
[2016.08.03-07.48.04:670][440]LogModuleManager: Shutting down and abandoning module XmlParser (163)
[2016.08.03-07.48.04:677][440]LogModuleManager: Shutting down and abandoning module Blutility (162)
[2016.08.03-07.48.04:685][440]LogModuleManager: Shutting down and abandoning module ProjectTargetPlatformEditor (161)
[2016.08.03-07.48.04:685][440]LogModuleManager: Shutting down and abandoning module ProjectSettingsViewer (160)
[2016.08.03-07.48.04:686][440]LogModuleManager: Shutting down and abandoning module InputBindingEditor (159)
[2016.08.03-07.48.04:704][440]LogModuleManager: Shutting down and abandoning module EditorSettingsViewer (158)
[2016.08.03-07.48.04:705][440]LogModuleManager: Shutting down and abandoning module SettingsEditor (157)
[2016.08.03-07.48.04:731][440]LogModuleManager: Shutting down and abandoning module ProjectLauncher (156)
[2016.08.03-07.48.04:746][440]LogModuleManager: Shutting down and abandoning module SessionFrontend (155)
[2016.08.03-07.48.04:761][440]LogModuleManager: Shutting down and abandoning module ProfilerClient (154)
[2016.08.03-07.48.04:791][440]LogModuleManager: Shutting down and abandoning module TargetDeviceServices (153)
[2016.08.03-07.48.04:791][440]LogModuleManager: Shutting down and abandoning module DeviceManager (152)
[2016.08.03-07.48.04:836][440]LogModuleManager: Shutting down and abandoning module AutomationController (151)
[2016.08.03-07.48.04:859][440]LogModuleManager: Shutting down and abandoning module AutomationWindow (150)
[2016.08.03-07.48.04:878][440]LogModuleManager: Shutting down and abandoning module Layers (149)
[2016.08.03-07.48.04:903][440]LogModuleManager: Shutting down and abandoning module ComponentVisualizers (148)
[2016.08.03-07.48.04:903][440]LogModuleManager: Shutting down and abandoning module DetailCustomizations (147)
[2016.08.03-07.48.04:903][440]LogModuleManager: Shutting down and abandoning module PackagesDialog (146)
[2016.08.03-07.48.04:904][440]LogModuleManager: Shutting down and abandoning module Persona (145)
[2016.08.03-07.48.04:957][440]LogModuleManager: Shutting down and abandoning module Kismet (144)
[2016.08.03-07.48.04:962][440]LogModuleManager: Shutting down and abandoning module GraphEditor (143)
[2016.08.03-07.48.04:994][440]LogModuleManager: Shutting down and abandoning module ClassViewer (142)
[2016.08.03-07.48.05:009][440]LogModuleManager: Shutting down and abandoning module Toolbox (141)
[2016.08.03-07.48.05:021][440]LogModuleManager: Shutting down and abandoning module ModuleUI (140)
[2016.08.03-07.48.05:051][440]LogModuleManager: Shutting down and abandoning module MovieSceneTools (139)
[2016.08.03-07.48.05:070][440]LogModuleManager: Shutting down and abandoning module OutputLog (138)
[2016.08.03-07.48.05:089][440]LogModuleManager: Shutting down and abandoning module GammaUI (137)
[2016.08.03-07.48.05:121][440]LogModuleManager: Shutting down and abandoning module Documentation (136)
[2016.08.03-07.48.05:121][440]LogModuleManager: Shutting down and abandoning module StreamingPauseRendering (135)
[2016.08.03-07.48.05:121][440]LogModuleManager: Shutting down and abandoning module AnalyticsET (134)
[2016.08.03-07.48.05:121][440]LogModuleManager: Shutting down and abandoning module Analytics (133)
[2016.08.03-07.48.05:121][440]LogModuleManager: Shutting down and abandoning module PortalServices (132)
[2016.08.03-07.48.05:121][440]LogModuleManager: Shutting down and abandoning module PortalRpc (131)
[2016.08.03-07.48.05:121][440]LogModuleManager: Shutting down and abandoning module MessagingRpc (130)
[2016.08.03-07.48.05:121][440]LogModuleManager: Shutting down and abandoning module AITestSuite (129)
[2016.08.03-07.48.05:133][440]LogModuleManager: Shutting down and abandoning module GameplayDebugger (128)
[2016.08.03-07.48.05:133][440]LogModuleManager: Shutting down and abandoning module AIModule (127)
[2016.08.03-07.48.05:133][440]LogModuleManager: Shutting down and abandoning module ProfilerService (126)
[2016.08.03-07.48.05:207][440]LogModuleManager: Shutting down and abandoning module TaskGraph (125)
[2016.08.03-07.48.05:240][440]LogModuleManager: Shutting down and abandoning module SlateRemote (124)
[2016.08.03-07.48.05:240][440]LogModuleManager: Shutting down and abandoning module SteamVRController (123)
[2016.08.03-07.48.05:240][440]LogModuleManager: Shutting down and abandoning module SteamVR (122)
[2016.08.03-07.48.05:240][440]LogModuleManager: Shutting down and abandoning module ProceduralMeshComponent (121)
[2016.08.03-07.48.05:240][440]LogModuleManager: Shutting down and abandoning module OculusLibrary (120)
[2016.08.03-07.48.05:240][440]LogModuleManager: Shutting down and abandoning module OculusInput (119)
[2016.08.03-07.48.05:240][440]LogModuleManager: Shutting down and abandoning module CustomMeshComponent (118)
[2016.08.03-07.48.05:240][440]LogModuleManager: Shutting down and abandoning module CableComponent (117)
[2016.08.03-07.48.05:240][440]LogModuleManager: Shutting down and abandoning module ArchVisCharacter (116)
[2016.08.03-07.48.05:240][440]LogModuleManager: Shutting down and abandoning module MediaPlayerEditor (115)
[2016.08.03-07.48.05:259][440]LogModuleManager: Shutting down and abandoning module HTML5Networking (114)
[2016.08.03-07.48.05:259][440]LogModuleManager: Shutting down and abandoning module SpeedTreeImporter (113)
[2016.08.03-07.48.05:259][440]LogModuleManager: Shutting down and abandoning module PluginBrowser (112)
[2016.08.03-07.48.05:275][440]LogModuleManager: Shutting down and abandoning module EpicSurvey (111)
[2016.08.03-07.48.05:287][440]LogModuleManager: Shutting down and abandoning module DesktopPlatform (110)
[2016.08.03-07.48.05:294][440]LogModuleManager: Shutting down and abandoning module VisualStudioSourceCodeAccess (109)
[2016.08.03-07.48.05:321][440]LogModuleManager: Shutting down and abandoning module UObjectPlugin (108)
[2016.08.03-07.48.05:321][440]LogModuleManager: Shutting down and abandoning module SubversionSourceControl (107)
[2016.08.03-07.48.05:343][440]LogModuleManager: Shutting down and abandoning module PerforceSourceControl (106)
[2016.08.03-07.48.05:365][440]LogModuleManager: Shutting down and abandoning module SourceControl (105)
[2016.08.03-07.48.05:365][440]LogModuleManager: Shutting down and abandoning module GitSourceControl (104)
[2016.08.03-07.48.05:389][440]LogModuleManager: Shutting down and abandoning module LightPropagationVolumeEditor (103)
[2016.08.03-07.48.05:389][440]LogModuleManager: Shutting down and abandoning module PaperTiledImporter (102)
[2016.08.03-07.48.05:389][440]LogModuleManager: Shutting down and abandoning module PaperSpriteSheetImporter (101)
[2016.08.03-07.48.05:389][440]LogModuleManager: Shutting down and abandoning module MeshPaint (100)
[2016.08.03-07.48.05:404][440]LogModuleManager: Shutting down and abandoning module HotReload (99)
[2016.08.03-07.48.05:404][440]LogModuleManager: Shutting down and abandoning module MainFrame (98)
[2016.08.03-07.48.05:404][440]LogModuleManager: Shutting down and abandoning module LevelEditor (97)
[2016.08.03-07.48.05:404][440]LogModuleManager: Shutting down and abandoning module DirectoryWatcher (96)
[2016.08.03-07.48.05:405][440]LogModuleManager: Shutting down and abandoning module AssetRegistry (95)
[2016.08.03-07.48.05:562][440]LogModuleManager: Shutting down and abandoning module ContentBrowser (94)
[2016.08.03-07.48.05:563][440]LogModuleManager: Shutting down and abandoning module Paper2DEditor (93)
[2016.08.03-07.48.05:592][440]LogModuleManager: Shutting down and abandoning module UdpMessaging (92)
[2016.08.03-07.48.05:693][440]LogModuleManager: Shutting down and abandoning module LightPropagationVolumeRuntime (91)
[2016.08.03-07.48.05:693][440]LogModuleManager: Shutting down and abandoning module Paper2D (90)
[2016.08.03-07.48.05:708][440]LogModuleManager: Shutting down and abandoning module WindowsMoviePlayer (89)
[2016.08.03-07.48.05:723][440]LogModuleManager: Shutting down and abandoning module Media (88)
[2016.08.03-07.48.05:723][440]LogModuleManager: Shutting down and abandoning module WmfMedia (87)
[2016.08.03-07.48.05:741][440]LogModuleManager: Shutting down and abandoning module MediaAssets (86)
[2016.08.03-07.48.05:741][440]LogModuleManager: Shutting down and abandoning module GameLiveStreaming (85)
[2016.08.03-07.48.05:741][440]LogModuleManager: Shutting down and abandoning module GameplayTagsEditor (84)
[2016.08.03-07.48.05:741][440]LogModuleManager: Shutting down and abandoning module OnlineBlueprintSupport (83)
[2016.08.03-07.48.05:741][440]LogModuleManager: Shutting down and abandoning module GameplayTasksEditor (82)
[2016.08.03-07.48.05:741][440]LogModuleManager: Shutting down and abandoning module PropertyEditor (81)
[2016.08.03-07.48.05:741][440]LogModuleManager: Shutting down and abandoning module BehaviorTreeEditor (80)
[2016.08.03-07.48.05:767][440]LogModuleManager: Shutting down and abandoning module FunctionalTesting (79)
[2016.08.03-07.48.05:767][440]LogModuleManager: Shutting down and abandoning module CollisionAnalyzer (78)
[2016.08.03-07.48.05:785][440]LogModuleManager: Shutting down and abandoning module WorkspaceMenuStructure (77)
[2016.08.03-07.48.05:785][440]LogModuleManager: Shutting down and abandoning module MessageLog (76)
[2016.08.03-07.48.05:785][440]LogModuleManager: Shutting down and abandoning module Sequencer (75)
[2016.08.03-07.48.05:801][440]LogModuleManager: Shutting down and abandoning module AssetTools (74)
[2016.08.03-07.48.05:807][440]LogModuleManager: Shutting down and abandoning module UMGEditor (73)
[2016.08.03-07.48.05:830][440]LogModuleManager: Shutting down and abandoning module UMG (72)
[2016.08.03-07.48.05:853][440]LogModuleManager: Shutting down and abandoning module SlateReflector (71)
[2016.08.03-07.48.05:867][440]LogModuleManager: Shutting down and abandoning module Slate (70)
[2016.08.03-07.48.05:867][440]LogModuleManager: Shutting down and abandoning module EditorStyle (69)
[2016.08.03-07.48.05:868][440]LogModuleManager: Shutting down and abandoning module SessionServices (68)
[2016.08.03-07.48.05:868][440]LogModuleManager: Shutting down and abandoning module SourceCodeAccess (67)
[2016.08.03-07.48.05:868][440]LogModuleManager: Shutting down and abandoning module HeadMountedDisplay (66)
[2016.08.03-07.48.05:868][440]LogModuleManager: Shutting down and abandoning module XAudio2 (65)
[2016.08.03-07.48.05:868][440]LogModuleManager: Shutting down and abandoning module Networking (63)
[2016.08.03-07.48.05:868][440]LogModuleManager: Shutting down and abandoning module Core (62)
[2016.08.03-07.48.05:868][440]LogModuleManager: Shutting down and abandoning module KismetCompiler (61)
[2016.08.03-07.48.05:876][440]LogModuleManager: Shutting down and abandoning module PhysXFormats (60)
[2016.08.03-07.48.05:876][440]LogModuleManager: Shutting down and abandoning module MeshUtilities (59)
[2016.08.03-07.48.05:876][440]LogModuleManager: Shutting down and abandoning module CookingStats (58)
[2016.08.03-07.48.05:876][440]LogModuleManager: Shutting down and abandoning module DerivedDataCache (57)
[2016.08.03-07.48.05:876][440]LogDerivedDataCache: Shutdown
[2016.08.03-07.48.05:876][440]LogModuleManager: Shutting down and abandoning module ShaderFormatOpenGL (56)
[2016.08.03-07.48.05:904][440]LogModuleManager: Shutting down and abandoning module ShaderFormatD3D (55)
[2016.08.03-07.48.05:904][440]LogModuleManager: Shutting down and abandoning module MetalShaderFormat (54)
[2016.08.03-07.48.05:927][440]LogModuleManager: Shutting down and abandoning module TextureFormatUncompressed (53)
[2016.08.03-07.48.05:927][440]LogModuleManager: Shutting down and abandoning module TextureFormatPVR (52)
[2016.08.03-07.48.05:927][440]LogModuleManager: Shutting down and abandoning module TextureFormatIntelISPCTexComp (51)
[2016.08.03-07.48.05:928][440]LogModuleManager: Shutting down and abandoning module TextureFormatDXT (50)
[2016.08.03-07.48.05:928][440]LogModuleManager: Shutting down and abandoning module ImageWrapper (49)
[2016.08.03-07.48.05:928][440]LogModuleManager: Shutting down and abandoning module TextureFormatASTC (48)
[2016.08.03-07.48.05:928][440]LogModuleManager: Shutting down and abandoning module TextureFormatAndroid (47)
[2016.08.03-07.48.05:928][440]LogModuleManager: Shutting down and abandoning module AudioFormatOpus (46)
[2016.08.03-07.48.05:943][440]LogModuleManager: Shutting down and abandoning module AudioFormatOgg (45)
[2016.08.03-07.48.05:943][440]LogModuleManager: Shutting down and abandoning module AudioFormatADPCM (44)
[2016.08.03-07.48.05:943][440]LogModuleManager: Shutting down and abandoning module LinuxTargetPlatform (43)
[2016.08.03-07.48.05:943][440]LogModuleManager: Shutting down and abandoning module LinuxServerTargetPlatform (42)
[2016.08.03-07.48.05:943][440]LogModuleManager: Shutting down and abandoning module LinuxNoEditorTargetPlatform (41)
[2016.08.03-07.48.05:943][440]LogModuleManager: Shutting down and abandoning module TVOSTargetPlatform (40)
[2016.08.03-07.48.05:943][440]LogModuleManager: Shutting down and abandoning module Messaging (39)
[2016.08.03-07.48.05:943][440]LogModuleManager: Shutting down and abandoning module IOSTargetPlatform (38)
[2016.08.03-07.48.05:943][440]LogModuleManager: Shutting down and abandoning module HTML5TargetPlatform (37)
[2016.08.03-07.48.05:943][440]LogModuleManager: Shutting down and abandoning module Android_PVRTCTargetPlatform (36)
[2016.08.03-07.48.05:943][440]LogModuleManager: Shutting down and abandoning module Android_MultiTargetPlatform (35)
[2016.08.03-07.48.05:953][440]LogModuleManager: Shutting down and abandoning module Android_ETC2TargetPlatform (34)
[2016.08.03-07.48.05:953][440]LogModuleManager: Shutting down and abandoning module Android_ETC1TargetPlatform (33)
[2016.08.03-07.48.05:953][440]LogModuleManager: Shutting down and abandoning module Android_DXTTargetPlatform (32)
[2016.08.03-07.48.05:953][440]LogModuleManager: Shutting down and abandoning module Android_ATCTargetPlatform (31)
[2016.08.03-07.48.05:953][440]LogModuleManager: Shutting down and abandoning module Android_ASTCTargetPlatform (30)
[2016.08.03-07.48.05:953][440]LogModuleManager: Shutting down and abandoning module AndroidTargetPlatform (29)
[2016.08.03-07.48.05:953][440]LogModuleManager: Shutting down and abandoning module WindowsTargetPlatform (28)
[2016.08.03-07.48.05:953][440]LogModuleManager: Shutting down and abandoning module WindowsServerTargetPlatform (27)
[2016.08.03-07.48.05:953][440]LogModuleManager: Shutting down and abandoning module WindowsNoEditorTargetPlatform (26)
[2016.08.03-07.48.05:953][440]LogModuleManager: Shutting down and abandoning module WindowsClientTargetPlatform (25)
[2016.08.03-07.48.05:953][440]LogModuleManager: Shutting down and abandoning module AllDesktopTargetPlatform (24)
[2016.08.03-07.48.05:953][440]LogModuleManager: Shutting down and abandoning module TargetPlatform (23)
[2016.08.03-07.48.05:953][440]LogModuleManager: Shutting down and abandoning module InputCore (22)
[2016.08.03-07.48.05:953][440]LogModuleManager: Shutting down and abandoning module Settings (21)
[2016.08.03-07.48.05:953][440]LogModuleManager: Shutting down and abandoning module OnlineSubsystem (19)
[2016.08.03-07.48.05:954][440]LogModuleManager: Shutting down and abandoning module HTTP (18)
[2016.08.03-07.48.06:955][440]LogModuleManager: Shutting down and abandoning module XMPP (17)
[2016.08.03-07.48.06:982][440]LogModuleManager: Shutting down and abandoning module OculusRift (16)
[2016.08.03-07.48.06:999][440]LogModuleManager: Shutting down and abandoning module ExampleDeviceProfileSelector (15)
[2016.08.03-07.48.06:999][440]LogModuleManager: Shutting down and abandoning module TextureCompressor (14)
[2016.08.03-07.48.07:028][440]LogModuleManager: Shutting down and abandoning module ShaderCore (13)
[2016.08.03-07.48.07:028][440]LogModuleManager: Shutting down and abandoning module Landscape (12)
[2016.08.03-07.48.07:028][440]LogModuleManager: Shutting down and abandoning module SlateRHIRenderer (11)
[2016.08.03-07.48.07:047][440]LogModuleManager: Shutting down and abandoning module OpenGLDrv (10)
[2016.08.03-07.48.07:061][440]LogModuleManager: Shutting down and abandoning module D3D11RHI (9)
[2016.08.03-07.48.07:061][440]LogModuleManager: Shutting down and abandoning module AnimGraphRuntime (8)
[2016.08.03-07.48.07:068][440]LogModuleManager: Shutting down and abandoning module Renderer (7)
[2016.08.03-07.48.07:068][440]LogModuleManager: Shutting down and abandoning module Engine (6)
[2016.08.03-07.48.07:068][440]LogModuleManager: Shutting down and abandoning module CoreUObject (5)
[2016.08.03-07.48.07:068][440]LogModuleManager: Shutting down and abandoning module NetworkFile (4)
[2016.08.03-07.48.07:096][440]LogModuleManager: Shutting down and abandoning module StreamingFile (3)
[2016.08.03-07.48.07:108][440]LogModuleManager: Shutting down and abandoning module SandboxFile (2)
[2016.08.03-07.48.07:117][440]LogModuleManager: Shutting down and abandoning module PakFile (1)
[2016.08.03-07.48.07:133][440]LogExit: Exiting.
[2016.08.03-07.48.07:145][440]Log file closed, 08/03/16 15:48:07
