Log file open, 11/02/16 22:28:28
LogInit:Display: Running engine for game: MyProject3
LogPlatformFile: Not using cached read wrapper
LogInit:Display: RandInit(-1932046011) SRandInit(-1932046008).
LogTaskGraph: Started task graph with 4 named threads and 7 total threads with 1 sets of task threads.
LogStats: Stats thread started at 6.354375
LogInit: Version: 4.12.5-3039270+++UE4+Release-4.12
LogInit: API Version: 2992821
LogInit: Net Version: 3039270
LogDevObjectVersion: Number of dev versions registered: 13
LogDevObjectVersion:   Dev-Blueprints (B0D832E4-1F89-4F0D-ACCF-7EB736FD4AA2): 3
LogDevObjectVersion:   Dev-Build (E1C64328-A22C-4D53-A36C-8E866417BD8C): 0
LogDevObjectVersion:   Dev-Core (375EC13C-06E4-48FB-B500-84F0262A717E): 1
LogDevObjectVersion:   Dev-Editor (E4B068ED-F494-42E9-A231-DA0B2E46BB41): 2
LogDevObjectVersion:   Dev-Framework (CFFC743F-43B0-4480-9391-14DF171D2073): 6
LogDevObjectVersion:   Dev-Mobile (B02B49B5-BB20-44E9-A304-32B752E40360): 0
LogDevObjectVersion:   Dev-Networking (A4E4105C-59A1-49B5-A7C5-40C4547EDFEE): 0
LogDevObjectVersion:   Dev-Online (39C831C9-5AE6-47DC-9A44-9C173E1C8E7C): 0
LogDevObjectVersion:   Dev-Physics (78F01B33-EBEA-4F98-B9B4-84EACCB95AA2): 0
LogDevObjectVersion:   Dev-Platform (6631380F-2D4D-43E0-8009-CF276956A95A): 0
LogDevObjectVersion:   Dev-Rendering (12F88B9F-8875-4AFC-A67C-D90C383ABD29): 2
LogDevObjectVersion:   Dev-Sequencer (7B5AE74C-D270-4C10-A958-57980B212A5A): 0
LogDevObjectVersion:   Dev-VR (D7296918-1DD6-4BDD-9DE2-64A83CC13884): 0
LogInit: Compiled (64-bit): Jul  6 2016 09:09:46
LogInit: Compiled with Visual C++: 19.00.23026.00
LogInit: Build Configuration: Development
LogInit: Branch Name: ++UE4+Release-4.12
LogInit: Command line:  
LogInit: Base directory: C:/Program Files (x86)/Epic Games/4.12/Engine/Binaries/Win64/
LogInit: Installed Engine Build: 1
LogInit: Using libcurl 7.41.0
LogInit:  - built for x86_64-pc-win32
LogInit:  - supports SSL with WinSSL
LogInit:  - other features:
LogInit:      CURL_VERSION_SSL
LogInit:      CURL_VERSION_IPV6
LogInit:      CURL_VERSION_ASYNCHDNS
LogInit:      CURL_VERSION_LARGEFILE
LogInit:      CURL_VERSION_IDN
LogInit:  CurlRequestOptions (configurable via config and command line):
LogInit:  - bVerifyPeer = true  - Libcurl will verify peer certificate
LogInit:  - bUseHttpProxy = false  - Libcurl will NOT use HTTP proxy
LogInit:  - bDontReuseConnections = false  - Libcurl will reuse connections
LogInit:  - CertBundlePath = nullptr  - Libcurl will use whatever was configured at build time.
LogInit: Presizing for max 8388607 objects, including 0 objects not considered by GC, pre-allocating 0 bytes for permanent pool.
LogInit: Object subsystem initialized
[2016.11.02-14.28.29:818][  0]LogInit: Selected Device Profile: [Windows]
[2016.11.02-14.28.29:818][  0]LogInit: Applying CVar settings loaded from the selected device profile: [Windows]
[2016.11.02-14.28.29:887][  0]LogInit: Computer: PC
[2016.11.02-14.28.29:887][  0]LogInit: User: Olivia
[2016.11.02-14.28.29:887][  0]LogInit: CPU Page size=65536, Cores=4
[2016.11.02-14.28.29:887][  0]LogInit: High frequency timer resolution =3.417969 MHz
[2016.11.02-14.28.29:893][  0]LogMemory: Memory total: Physical=7.9GB (8GB approx)
[2016.11.02-14.28.29:893][  0]LogMemory: Platform Memory Stats for Windows
[2016.11.02-14.28.29:893][  0]LogMemory: Process Physical Memory: 186.77 MB used, 186.77 MB peak
[2016.11.02-14.28.29:893][  0]LogMemory: Process Virtual Memory: 194.46 MB used, 194.46 MB peak
[2016.11.02-14.28.29:893][  0]LogMemory: Physical Memory: 4628.48 MB used, 8066.59 MB total
[2016.11.02-14.28.29:893][  0]LogMemory: Virtual Memory: 531.12 MB used, 134217728.00 MB total
[2016.11.02-14.28.30:961][  0]LogTextLocalizationManager: No specific translations for ('en-US') exist, so ('en') translations will be used.
[2016.11.02-14.28.32:099][  0]LogD3D11RHI: D3D11 adapters:
[2016.11.02-14.28.32:105][  0]LogD3D11RHI:    0. 'AMD Radeon R9 200 Series' (Feature Level 11_0)
[2016.11.02-14.28.32:105][  0]LogD3D11RHI:       3051/0/3840 MB DedicatedVideo/DedicatedSystem/SharedSystem, Outputs:2, VendorId:0x1002
[2016.11.02-14.28.32:233][  0]LogD3D11RHI:    1. 'Intel(R) HD Graphics 4600' (Feature Level 11_0)
[2016.11.02-14.28.32:233][  0]LogD3D11RHI:       128/0/1792 MB DedicatedVideo/DedicatedSystem/SharedSystem, Outputs:0, VendorId:0x8086
[2016.11.02-14.28.32:234][  0]LogD3D11RHI:    2. 'Microsoft Basic Render Driver' (Feature Level 11_0)
[2016.11.02-14.28.32:234][  0]LogD3D11RHI:       0/0/256 MB DedicatedVideo/DedicatedSystem/SharedSystem, Outputs:0, VendorId:0x1414
[2016.11.02-14.28.32:234][  0]LogD3D11RHI: Chosen D3D11 Adapter: 0
[2016.11.02-14.28.32:247][  0]LogD3D11RHI: Creating new Direct3DDevice
[2016.11.02-14.28.32:247][  0]LogD3D11RHI:     GPU DeviceId: 0x679a (for the marketing name, search the web for "GPU Device Id")
[2016.11.02-14.28.32:261][  0]LogWindows: EnumDisplayDevices:
[2016.11.02-14.28.32:261][  0]LogWindows:    0. 'AMD Radeon R9 200 Series' (P:0 D:1)
[2016.11.02-14.28.32:262][  0]LogWindows:    1. 'AMD Radeon R9 200 Series' (P:1 D:1)
[2016.11.02-14.28.32:262][  0]LogWindows:    2. 'AMD Radeon R9 200 Series' (P:0 D:0)
[2016.11.02-14.28.32:262][  0]LogWindows:    3. 'AMD Radeon R9 200 Series' (P:0 D:0)
[2016.11.02-14.28.32:262][  0]LogWindows:    4. 'AMD Radeon R9 200 Series' (P:0 D:0)
[2016.11.02-14.28.32:262][  0]LogWindows:    5. 'AMD Radeon R9 200 Series' (P:0 D:0)
[2016.11.02-14.28.32:262][  0]LogWindows:    6. 'Intel(R) HD Graphics 4600' (P:0 D:0)
[2016.11.02-14.28.32:262][  0]LogWindows:    7. 'Intel(R) HD Graphics 4600' (P:0 D:0)
[2016.11.02-14.28.32:262][  0]LogWindows:    8. 'Intel(R) HD Graphics 4600' (P:0 D:0)
[2016.11.02-14.28.32:262][  0]LogWindows: DebugString: PrimaryIsNotTheChoosenAdapter PrimaryIsNotTheChoosenAdapter PrimaryIsNotTheChoosenAdapter FoundDriverCount:6 
[2016.11.02-14.28.32:262][  0]LogD3D11RHI:     Adapter Name: AMD Radeon R9 200 Series
[2016.11.02-14.28.32:262][  0]LogD3D11RHI:   Driver Version: Crimson 15.11 (internal:15.300.1025.0, unified:15.300.1025.0)
[2016.11.02-14.28.32:262][  0]LogD3D11RHI:      Driver Date: 11-17-2015
[2016.11.02-14.28.32:262][  0]LogRHI: Texture pool is 1361 MB (70% of 1945 MB)
[2016.11.02-14.28.32:266][  0]LogD3D11RHI: Async texture creation disabled: no driver support
[2016.11.02-14.28.32:593][  0]LogD3D11RHI: GPU Timing Frequency: 27.000000 (Debug: 2 1)
[2016.11.02-14.28.32:673][  0]LogShaderCompilers: Guid format shader working directory is 14 characters bigger than the processId version (G:/personal git repos/LaundryRoom/Intermediate/Shaders/WorkingDirectory/5964/).
[2016.11.02-14.28.32:673][  0]LogShaderCompilers: Cleaned the shader compiler working directory 'C:/Users/Olivia/AppData/Local/Temp/UnrealShaderWorkingDir/36571BB24CA8710653628C8AD003D48C/'.
[2016.11.02-14.28.32:690][  0]LogShaderCompilers:Display: Using Local Shader Compiler.
[2016.11.02-14.28.37:964][  0]LogTemp:Display: Loaded TP AllDesktopTargetPlatform
[2016.11.02-14.28.37:971][  0]LogTemp:Display: Loaded TP WindowsClientTargetPlatform
[2016.11.02-14.28.37:979][  0]LogTemp:Display: Loaded TP WindowsNoEditorTargetPlatform
[2016.11.02-14.28.37:987][  0]LogTemp:Display: Loaded TP WindowsServerTargetPlatform
[2016.11.02-14.28.37:995][  0]LogTemp:Display: Loaded TP WindowsTargetPlatform
[2016.11.02-14.28.38:039][  0]LogTemp:Display: Loaded TP AndroidTargetPlatform
[2016.11.02-14.28.38:046][  0]LogTemp:Display: Loaded TP Android_ASTCTargetPlatform
[2016.11.02-14.28.38:053][  0]LogTemp:Display: Loaded TP Android_ATCTargetPlatform
[2016.11.02-14.28.38:060][  0]LogTemp:Display: Loaded TP Android_DXTTargetPlatform
[2016.11.02-14.28.38:067][  0]LogTemp:Display: Loaded TP Android_ETC1TargetPlatform
[2016.11.02-14.28.38:074][  0]LogTemp:Display: Loaded TP Android_ETC2TargetPlatform
[2016.11.02-14.28.38:088][  0]LogTemp:Display: Loaded TP Android_MultiTargetPlatform
[2016.11.02-14.28.38:088][  0]LogTemp:Display: Loaded TP Android_PVRTCTargetPlatform
[2016.11.02-14.28.38:090][  0]LogTemp:Display: Loaded TP HTML5TargetPlatform
[2016.11.02-14.28.38:168][  0]LogTemp:Display: Loaded TP IOSTargetPlatform
[2016.11.02-14.28.38:174][  0]LogTemp:Display: Loaded TP TVOSTargetPlatform
[2016.11.02-14.28.38:181][  0]LogTemp:Display: Loaded TP LinuxNoEditorTargetPlatform
[2016.11.02-14.28.38:188][  0]LogTemp:Display: Loaded TP LinuxServerTargetPlatform
[2016.11.02-14.28.38:218][  0]LogTemp:Display: Loaded TP LinuxTargetPlatform
[2016.11.02-14.28.38:218][  0]LogTargetPlatformManager:Display: Building Assets For Windows
[2016.11.02-14.28.38:690][  0]LogDerivedDataCache:Display: Max Cache Size: 512 MB
[2016.11.02-14.28.38:690][  0]LogDerivedDataCache:Display: Starting with empty Boot cache
[2016.11.02-14.28.38:690][  0]LogDerivedDataCache: FDerivedDataBackendGraph:  Pak pak cache file G:/personal git repos/LaundryRoom/DerivedDataCache/DDC.ddp not found, will not use a pak cache.
[2016.11.02-14.28.38:690][  0]LogDerivedDataCache: Unable to find inner node Pak for hierarchical cache Hierarchy.
[2016.11.02-14.28.38:690][  0]LogDerivedDataCache: FDerivedDataBackendGraph:  CompressedPak pak cache file G:/personal git repos/LaundryRoom/DerivedDataCache/Compressed.ddp not found, will not use a pak cache.
[2016.11.02-14.28.38:690][  0]LogDerivedDataCache: Unable to find inner node CompressedPak for hierarchical cache Hierarchy.
[2016.11.02-14.28.38:750][  0]LogDerivedDataCache:Display: Pak cache opened for reading ../../../Engine/DerivedDataCache/Compressed.ddp.
[2016.11.02-14.28.38:762][  0]LogDerivedDataCache: Using Local data cache path C:/Users/Olivia/AppData/Local/UnrealEngine/Common/DerivedDataCache: Writable
[2016.11.02-14.28.44:313][  0]LogInit: Selected Device Profile: [Windows]
[2016.11.02-14.28.44:396][  0]LogContentStreaming: Texture pool size is 0.00 MB
[2016.11.02-14.28.46:867][  0]LogMeshUtilities: No automatic mesh reduction module available
[2016.11.02-14.28.46:867][  0]LogMeshUtilities: No automatic mesh merging module available
[2016.11.02-14.28.46:868][  0]LogMeshUtilities: No distributed automatic mesh merging module available
[2016.11.02-14.28.47:390][  0]LogTexture:Display: Building textures: VR-Basic (BGRA8)
[2016.11.02-14.28.58:487][  0]LogAssetRegistry: FAssetRegistry took 0.2180 seconds to start up
[2016.11.02-14.28.58:945][  0]LogPackageLocalizationCache: Processed 3 localized package path(s) for 2 prioritized culture(s) in 0.057069 seconds
[2016.11.02-14.28.59:211][  0]LogUObjectArray: 28739 objects as part of root set at end of initial load.
[2016.11.02-14.28.59:211][  0]LogUObjectAllocator: 5855624 out of 0 bytes used by permanent object pool.
[2016.11.02-14.28.59:211][  0]LogUObjectArray: CloseDisregardForGC: 0/0 objects in disregard for GC pool
[2016.11.02-14.28.59:390][  0]LogInit: WinSock: version 1.1 (2.2), MaxSocks=32767, MaxUdp=65467
[2016.11.02-14.29.27:580][  0]LogTexture:Display: Building textures: VR_LaserPower_01 (AutoDXT)
[2016.11.02-14.29.28:911][  0]LogTexture:Display: Building textures: GizmoText_RobotoDistanceField_PageA (G8)
[2016.11.02-14.29.29:422][  0]LogTexture:Display: Building textures: UE4_Logo (AutoDXT)
[2016.11.02-14.29.33:079][  0]LogSlate: SlateFontCache - WITH_FREETYPE: 1, WITH_HARFBUZZ: 1
[2016.11.02-14.29.33:079][  0]LogSlate: SlateFontCache - WITH_FREETYPE: 1, WITH_HARFBUZZ: 1
[2016.11.02-14.30.20:829][  0]LogUdpMessaging: Initializing bridge on interface 0.0.0.0:0 to multicast group 230.0.0.1:6666.
[2016.11.02-14.30.22:840][  0]SourceControl: Info Source control is disabled
[2016.11.02-14.30.22:846][  0]SourceControl: Info Source control is disabled
[2016.11.02-14.30.22:880][  0]SourceControl: Info Source control is disabled
[2016.11.02-14.30.22:965][  0]SourceControl: Info Source control is disabled
[2016.11.02-14.30.24:519][  0]LogEngine: Initializing Engine...
[2016.11.02-14.30.24:545][  0]LogHMD: SteamVR failed to initialize.  Err: 110
[2016.11.02-14.30.24:546][  0]LogHMD: SteamVR failed to initialize.  Err: 110
[2016.11.02-14.30.25:331][  0]LogAIModule: Creating AISystem for world NewWorld
[2016.11.02-14.30.25:448][  0]LogInit: XAudio2 using 'Speakers (2- High Definition Audio Device)' : 2 channels at 44.1 kHz using 16 bits per sample (channel mask 0x3)
[2016.11.02-14.30.25:466][  0]LogInit: FAudioDevice initialized.
[2016.11.02-14.30.25:490][  0]LogDerivedDataCache: Saved boot cache 0.02s 49MB C:/Users/Olivia/AppData/Local/UnrealEngine/4.12/DerivedDataCache/Boot.ddc.
[2016.11.02-14.30.25:494][  0]LogInit: Texture streaming: Enabled
[2016.11.02-14.30.26:954][  0]LogInit: Transaction tracking system initialized
[2016.11.02-14.30.31:082][  0]BlueprintLog: New page: Editor Load
[2016.11.02-14.30.32:663][  0]LocalizationService: Info Localization service is disabled
[2016.11.02-14.30.33:394][  0]LogConsoleResponse:Display: 
[2016.11.02-14.30.36:360][  0]LogFileCache: Scanning file cache for directory 'G:/personal git repos/LaundryRoom/Content/' took 0.01s
[2016.11.02-14.30.36:360][  0]LogCook:Display: Max memory allowance for cook 8192mb
[2016.11.02-14.30.36:360][  0]LogCook:Display: Mobile HDR setting 1
[2016.11.02-14.30.39:584][  0]LogTexture:Display: Building textures: Countdown (AutoDXT)
[2016.11.02-14.30.39:659][  0]LogTexture:Display: Building textures: RecordingIndicator (AutoDXT)
[2016.11.02-14.30.46:875][  0]SourceControl: Info Source control is disabled
[2016.11.02-14.30.46:979][  0]Cmd: MAP LOAD FILE="G:/personal git repos/LaundryRoom/Content/StarterContent/Maps/Minimal_Default.umap" TEMPLATE=0 SHOWPROGRESS=1 FEATURELEVEL=3
[2016.11.02-14.30.47:030][  0]LightingResults: New page: Lighting Build
[2016.11.02-14.30.47:386][  0]MapCheck: New page: Map Check
[2016.11.02-14.30.47:386][  0]LightingResults: New page: Lighting Build
[2016.11.02-14.30.48:921][  0]LogTexture:Display: Building textures: Floor_Gloss (AutoDXT)
[2016.11.02-14.30.49:759][  0]LogTexture:Display: Building textures: Floor_Diffuse (AutoDXT)
[2016.11.02-14.30.51:029][  0]LogMaterial: Missing cached shader map for material Floor, compiling. 
[2016.11.02-14.30.51:841][  0]LogTexture:Display: Building textures: Dryer_Normals (BC5)
[2016.11.02-14.30.54:093][  0]LogTexture:Display: Building textures: Dryer_Metals (AutoDXT)
[2016.11.02-14.30.56:661][  0]LogTexture:Display: Building textures: Dryer_GLoss (AutoDXT)
[2016.11.02-14.31.10:325][  0]LogTexture:Display: Building textures: Dryer_Diffuse (AutoDXT)
[2016.11.02-14.31.17:438][  0]LogTexture:Display: Building textures: Washer_2_Metal (AutoDXT)
[2016.11.02-14.31.18:593][  0]LogTexture:Display: Building textures: Washer_2_Gloss (AutoDXT)
[2016.11.02-14.31.19:815][  0]LogTexture:Display: Building textures: Washer2_Normals (BC5)
[2016.11.02-14.31.20:408][  0]LogTexture:Display: Building textures: Washer_2_Diffuse (AutoDXT)
[2016.11.02-14.31.21:600][  0]LogMaterial: Missing cached shader map for material Washer2, compiling. 
[2016.11.02-14.31.21:764][  0]LogTexture:Display: Building textures: Washer_1_Metal (AutoDXT)
[2016.11.02-14.31.22:341][  0]LogTexture:Display: Building textures: Washer_1_Diffuse (AutoDXT)
[2016.11.02-14.31.23:001][  0]LogTexture:Display: Building textures: Wall_Gloss (AutoDXT)
[2016.11.02-14.31.23:911][  0]LogTexture:Display: Building textures: Washer_1_Normals (BC5)
[2016.11.02-14.31.24:356][  0]LogMaterial: Missing cached shader map for material Washer1, compiling. 
[2016.11.02-14.31.24:578][  0]LogTexture:Display: Building textures: Wall_Normals (BC5)
[2016.11.02-14.31.25:441][  0]LogTexture:Display: Building textures: Wall_Diffuse (AutoDXT)
[2016.11.02-14.31.30:032][  0]LogMaterial: Missing cached shader map for material Wall, compiling. 
[2016.11.02-14.31.30:328][  0]LogTexture:Display: Building textures: Locker_Normals (BC5)
[2016.11.02-14.31.30:825][  0]LogTexture:Display: Building textures: Locker_Metal (AutoDXT)
[2016.11.02-14.31.31:768][  0]LogTexture:Display: Building textures: Locker_Gloss (AutoDXT)
[2016.11.02-14.31.32:705][  0]LogTexture:Display: Building textures: Locker_Diffuse (AutoDXT)
[2016.11.02-14.31.34:739][  0]LogMaterial: Missing cached shader map for material Locker, compiling. 
[2016.11.02-14.31.34:772][  0]LogMaterial: Missing cached shader map for material Glass3, compiling. 
[2016.11.02-14.31.34:828][  0]LogMaterial: Missing cached shader map for material Glass2, compiling. 
[2016.11.02-14.31.34:843][  0]LogMaterial: Missing cached shader map for material Glass, compiling. 
[2016.11.02-14.31.35:105][  0]LogTexture:Display: Building textures: Bench_Normals (BC5)
[2016.11.02-14.31.35:937][  0]LogTexture:Display: Building textures: Ceiling_Diffuse (AutoDXT)
[2016.11.02-14.31.40:804][  0]LogMaterial: Missing cached shader map for material Ceiling, compiling. 
[2016.11.02-14.31.41:037][  0]LogTexture:Display: Building textures: Bench_Gloss (AutoDXT)
[2016.11.02-14.31.44:913][  0]LogTexture:Display: Building textures: Bench_Metal (AutoDXT)
[2016.11.02-14.31.49:115][  0]LogTexture:Display: Building textures: Bench_Diffuse+Opacity (AutoDXT)
[2016.11.02-14.31.53:335][  0]LogMaterial: Missing cached shader map for material Bench, compiling. 
[2016.11.02-14.31.53:694][  0]LogBlueprint:Warning: Node '/Game/StarterContent/Audio/Starter_Background_Cue.Starter_Background_Cue:SoundCueGraph_3.SoundCueGraphNode_11' missing NodeGuid because of upgrade from old package version, this can cause deterministic cooking issues please resave package.
[2016.11.02-14.31.53:694][  0]LogBlueprint:Warning: Node '/Game/StarterContent/Audio/Starter_Background_Cue.Starter_Background_Cue:SoundCueGraph_3.SoundCueGraphNode_3' missing NodeGuid because of upgrade from old package version, this can cause deterministic cooking issues please resave package.
[2016.11.02-14.31.53:694][  0]LogBlueprint:Warning: Node '/Game/StarterContent/Audio/Starter_Background_Cue.Starter_Background_Cue:SoundCueGraph_3.SoundCueGraphNode_4' missing NodeGuid because of upgrade from old package version, this can cause deterministic cooking issues please resave package.
[2016.11.02-14.31.53:694][  0]LogBlueprint:Warning: Node '/Game/StarterContent/Audio/Starter_Background_Cue.Starter_Background_Cue:SoundCueGraph_3.SoundCueGraphNode_7' missing NodeGuid because of upgrade from old package version, this can cause deterministic cooking issues please resave package.
[2016.11.02-14.31.53:694][  0]LogBlueprint:Warning: Node '/Game/StarterContent/Audio/Starter_Background_Cue.Starter_Background_Cue:SoundCueGraph_3.SoundCueGraphNode_8' missing NodeGuid because of upgrade from old package version, this can cause deterministic cooking issues please resave package.
[2016.11.02-14.31.53:694][  0]LogBlueprint:Warning: Node '/Game/StarterContent/Audio/Starter_Background_Cue.Starter_Background_Cue:SoundCueGraph_3.SoundCueGraphNode_9' missing NodeGuid because of upgrade from old package version, this can cause deterministic cooking issues please resave package.
[2016.11.02-14.31.53:694][  0]LogBlueprint:Warning: Node '/Game/StarterContent/Audio/Starter_Background_Cue.Starter_Background_Cue:SoundCueGraph_3.SoundCueGraphNode_Root_3' missing NodeGuid because of upgrade from old package version, this can cause deterministic cooking issues please resave package.
[2016.11.02-14.31.53:711][  0]LogStaticMesh: Building static mesh Washer2...
[2016.11.02-14.31.53:772][  0]LogStaticMesh: Built static mesh [0.08s] /Game/Meshes/Washer2.Washer2
[2016.11.02-14.31.54:012][  0]LogStaticMesh: Building static mesh Washer1...
[2016.11.02-14.31.54:028][  0]LogStaticMesh: Built static mesh [0.02s] /Game/Meshes/Washer1.Washer1
[2016.11.02-14.31.54:088][  0]LogStaticMesh: Building static mesh Walls...
[2016.11.02-14.31.54:093][  0]LogStaticMesh: Built static mesh [0.00s] /Game/Meshes/Walls.Walls
[2016.11.02-14.31.54:150][  0]LogStaticMesh: Building static mesh Locker_open...
[2016.11.02-14.31.54:155][  0]LogStaticMesh: Built static mesh [0.01s] /Game/Meshes/Locker_open.Locker_open
[2016.11.02-14.31.54:200][  0]LogStaticMesh: Building static mesh Locker...
[2016.11.02-14.31.54:205][  0]LogStaticMesh: Built static mesh [0.01s] /Game/Meshes/Locker.Locker
[2016.11.02-14.31.54:206][  0]LogStaticMesh: Building static mesh Floor...
[2016.11.02-14.31.54:207][  0]LogStaticMesh: Built static mesh [0.00s] /Game/Meshes/Floor.Floor
[2016.11.02-14.31.54:235][  0]LogStaticMesh: Building static mesh Dryer-Lo2...
[2016.11.02-14.31.54:257][  0]LogStaticMesh: Built static mesh [0.03s] /Game/Meshes/Dryer-Lo2.Dryer-Lo2
[2016.11.02-14.31.54:296][  0]LogStaticMesh: Building static mesh Dryer-Lo...
[2016.11.02-14.31.54:317][  0]LogStaticMesh: Built static mesh [0.02s] /Game/Meshes/Dryer-Lo.Dryer-Lo
[2016.11.02-14.31.54:351][  0]LogStaticMesh: Building static mesh Ceiling...
[2016.11.02-14.31.54:352][  0]LogStaticMesh: Built static mesh [0.00s] /Game/Meshes/Ceiling.Ceiling
[2016.11.02-14.31.54:360][  0]LogStaticMesh: Building static mesh Bench...
[2016.11.02-14.31.54:366][  0]LogStaticMesh: Built static mesh [0.01s] /Game/Meshes/Bench.Bench
[2016.11.02-14.31.54:840][  0]LogTexture:Display: Building textures: HQ_Lightmap1_1 (AutoDXT)
[2016.11.02-14.31.55:678][  0]LogTexture:Display: Building textures: HQ_Lightmap1_2 (AutoDXT)
[2016.11.02-14.31.56:181][  0]LogTexture:Display: Building textures: HQ_Lightmap1_3 (AutoDXT)
[2016.11.02-14.31.56:393][  0]LogTexture:Display: Building textures: LQ_Lightmap_0_1 (DXT1)
[2016.11.02-14.31.56:699][  0]LogTexture:Display: Building textures: LQ_Lightmap_0_3 (DXT1)
[2016.11.02-14.31.56:719][  0]LogTexture:Display: Building textures: LQ_Lightmap_1_2 (DXT1)
[2016.11.02-14.31.56:986][  0]LogTexture:Display: Building textures: ShadowMapTexture2D_0 (BGRA8)
[2016.11.02-14.31.57:098][  0]LogTexture:Display: Building textures: ShadowMapTexture2D_1 (G8)
[2016.11.02-14.31.57:220][  0]LogMaterial: Missing cached shader map for material Dryer, compiling. 
[2016.11.02-14.31.57:256][  0]LogAIModule: Creating AISystem for world Minimal_Default
[2016.11.02-14.31.57:947][  0]LogTexture:Display: Building textures: S_AudioComponent_AutoActivate (BGRA8)
[2016.11.02-14.31.58:046][  0]LogPhysics:Warning: AddConvexElemsToRigidActor: [/Engine/BasicShapes/Cube.Cube] ConvexElem[0] invalid
[2016.11.02-14.31.58:047][  0]LogPhysics:Warning: AddConvexElemsToRigidActor: [/Engine/BasicShapes/Cube.Cube] ConvexElem[0] invalid
[2016.11.02-14.31.59:343][  0]LogEditorServer: Finished looking for orphan Actors (0.015 secs)
[2016.11.02-14.31.59:809][  0]Cmd: MAP CHECKDEP NOCLEARLOG
[2016.11.02-14.31.59:880][  0]MapCheck: Info Map check complete: 0 Error(s), 0 Warning(s), took 70.845ms to complete.
[2016.11.02-14.31.59:880][  0]LogFileHelpers: Loading map 'Minimal_Default' took 72.960
[2016.11.02-14.32.03:134][  0]LogCollectionManager: Loaded 0 collections in 0.001294 seconds
[2016.11.02-14.32.03:314][  0]LogFileCache: Scanning file cache for directory 'G:/personal git repos/LaundryRoom/Saved/Collections/' took 0.01s
[2016.11.02-14.32.03:314][  0]LogFileCache: Scanning file cache for directory 'G:/personal git repos/LaundryRoom/Content/Developers/Olivia/Collections/' took 0.01s
[2016.11.02-14.32.03:314][  0]LogFileCache: Scanning file cache for directory 'G:/personal git repos/LaundryRoom/Content/Collections/' took 0.01s
[2016.11.02-14.32.03:314][  0]LogCollectionManager: Rebuilt the GUID cache for 0 collections in 0.000002 seconds
[2016.11.02-14.32.03:335][  0]LogContentBrowser: Native class hierarchy populated in 0.0199 seconds. Added 2047 classes and 369 folders.
[2016.11.02-14.32.03:752][  0]LogStats: UGameplayTagsManager::ConstructGameplayTagTree: Construct from data asset -  0.000 s
[2016.11.02-14.32.03:767][  0]LogStats: UGameplayTagsManager::ConstructGameplayTagTree: GameplayTagTreeChangedEvent.Broadcast -  0.015 s
[2016.11.02-14.32.04:033][  0]LogContentBrowser: Native class hierarchy updated for 'GameplayTags' in 0.0004 seconds. Added 12 classes and 0 folders.
[2016.11.02-14.32.04:175][  0]LogContentBrowser: Native class hierarchy updated for 'WidgetCarousel' in 0.0004 seconds. Added 0 classes and 0 folders.
[2016.11.02-14.32.06:331][  0]LogContentBrowser: Native class hierarchy updated for 'AddContentDialog' in 0.0003 seconds. Added 0 classes and 0 folders.
[2016.11.02-14.32.06:405][  0]LogContentBrowser: Native class hierarchy updated for 'SceneOutliner' in 0.0004 seconds. Added 1 classes and 2 folders.
[2016.11.02-14.32.06:902][  0]LogCrashTracker: Crashtracker disabled due to settings.
[2016.11.02-14.32.07:256][  0]LogTexture:Display: Building textures: icon_Editor_Preferences_General_40x (BGRA8)
[2016.11.02-14.32.07:268][  0]LogTexture:Display: Building textures: Paper2DSprite_TutorialIcon (BGRA8)
[2016.11.02-14.32.07:286][  0]LogTexture:Display: Building textures: icon_ShowSkeletalMeshes_40x (BGRA8)
[2016.11.02-14.32.07:294][  0]LogTexture:Display: Building textures: Landscape (BGRA8)
[2016.11.02-14.32.07:340][  0]LogTexture:Display: Building textures: Foliage (BGRA8)
[2016.11.02-14.32.07:509][  0]LogContentBrowser: Native class hierarchy updated for 'HierarchicalLODOutliner' in 0.0003 seconds. Added 1 classes and 2 folders.
[2016.11.02-14.32.07:509][  0]LogLoad: Full Startup: 230.24 seconds (BP compile: 2.04 seconds)
[2016.11.02-14.32.07:509][  0]LogExternalProfiler: No external profilers were discovered.  External profiling features will not be available.
[2016.11.02-14.32.07:919][  0]LogOcInput: OculusInput pre-init called
[2016.11.02-14.32.08:452][  0]LogContentStreaming: Texture pool size now 1000 MB
[2016.11.02-14.32.10:402][  0]LogRenderer: Reallocating scene render targets to support 1168x600 (Frame:2).
[2016.11.02-14.32.11:776][  3]LogAssetRegistry: Asset discovery search completed in 193.3914 seconds
[2016.11.02-14.32.11:776][  3]LogCollectionManager: Rebuilt the object cache for 0 collections in 0.000001 seconds (found 0 objects)
[2016.11.02-14.32.11:797][  3]LogCollectionManager: Fixed up redirectors for 0 collections in 0.020686 seconds (updated 0 objects)
[2016.11.02-14.32.45:642][560]LogEditorViewport: Clicking on Actor (context menu): StaticMeshActor (Dryer-Lo)
[2016.11.02-14.32.50:576][942]LogEditorViewport: Clicking on Actor (context menu): StaticMeshActor (Walls)
[2016.11.02-14.32.52:026][ 88]LogEditorViewport: Clicking on Actor (LMB): StaticMeshActor (Walls)
[2016.11.02-14.33.25:933][ 85]LogEditorViewport: Clicking on Actor (LMB): StaticMeshActor (Dryer-Lo2)
[2016.11.02-14.36.47:333][385]Cmd: QUIT_EDITOR
[2016.11.02-14.36.47:677][385]LogWindowsTextInputMethodSystem:Display: IME system now deactivated.
[2016.11.02-14.36.47:677][385]LogWindowsTextInputMethodSystem:Display: IME system now deactivated.
[2016.11.02-14.36.47:749][385]LogExit: Preparing to exit.
[2016.11.02-14.36.48:794][385]LogExit: Editor shut down
[2016.11.02-14.36.48:794][385]LogExit: Transaction tracking system shut down
[2016.11.02-14.36.50:789][385]LogObj: Freed 0b from 0 cluster array pools.
[2016.11.02-14.36.50:789][385]LogExit: Object subsystem successfully closed.
[2016.11.02-14.36.51:184][385]LogD3D11RHI: Shutdown
[2016.11.02-14.36.51:192][385]LogD3D11RHI: CleanupD3DDevice
[2016.11.02-14.36.51:308][385]LogD3D11RHI: ~FD3D11DynamicRHI
[2016.11.02-14.36.52:189][385]LogModuleManager: Shutting down and abandoning module HierarchicalLODOutliner (213)
[2016.11.02-14.36.52:204][385]LogModuleManager: Shutting down and abandoning module CrashTracker (212)
[2016.11.02-14.36.52:204][385]LogModuleManager: Shutting down and abandoning module SceneOutliner (211)
[2016.11.02-14.36.52:204][385]LogModuleManager: Shutting down and abandoning module WidgetCarousel (210)
[2016.11.02-14.36.52:204][385]LogModuleManager: Shutting down and abandoning module AddContentDialog (209)
[2016.11.02-14.36.52:219][385]LogModuleManager: Shutting down and abandoning module GameplayTags (208)
[2016.11.02-14.36.52:219][385]LogModuleManager: Shutting down and abandoning module EditorWidgets (207)
[2016.11.02-14.36.52:219][385]LogModuleManager: Shutting down and abandoning module CollectionManager (206)
[2016.11.02-14.36.52:219][385]LogModuleManager: Shutting down and abandoning module StatsViewer (205)
[2016.11.02-14.36.52:238][385]LogModuleManager: Shutting down and abandoning module FoliageEdit (204)
[2016.11.02-14.36.52:255][385]LogModuleManager: Shutting down and abandoning module LandscapeEditor (203)
[2016.11.02-14.36.52:279][385]LogModuleManager: Shutting down and abandoning module SceneDepthPickerMode (202)
[2016.11.02-14.36.52:279][385]LogModuleManager: Shutting down and abandoning module ActorPickerMode (201)
[2016.11.02-14.36.52:279][385]LogModuleManager: Shutting down and abandoning module GeometryMode (200)
[2016.11.02-14.36.52:279][385]LogModuleManager: Shutting down and abandoning module TextureAlignMode (199)
[2016.11.02-14.36.52:279][385]LogModuleManager: Shutting down and abandoning module BspMode (198)
[2016.11.02-14.36.52:286][385]LogModuleManager: Shutting down and abandoning module HardwareSurvey (197)
[2016.11.02-14.36.52:286][385]LogModuleManager: Shutting down and abandoning module SequenceRecorderSections (196)
[2016.11.02-14.36.52:286][385]LogModuleManager: Shutting down and abandoning module SequenceRecorder (195)
[2016.11.02-14.36.52:303][385]LogModuleManager: Shutting down and abandoning module AutomationWorker (194)
[2016.11.02-14.36.52:303][385]LogModuleManager: Shutting down and abandoning module MatineeToLevelSequence (193)
[2016.11.02-14.36.52:303][385]LogModuleManager: Shutting down and abandoning module PlacementMode (192)
[2016.11.02-14.36.52:318][385]LogModuleManager: Shutting down and abandoning module LevelSequenceEditor (191)
[2016.11.02-14.36.52:346][385]LogModuleManager: Shutting down and abandoning module CharacterAI (190)
[2016.11.02-14.36.52:346][385]LogModuleManager: Shutting down and abandoning module SmartSnapping (189)
[2016.11.02-14.36.52:346][385]LogModuleManager: Shutting down and abandoning module SessionServices (188)
[2016.11.02-14.36.52:346][385]LogModuleManager: Shutting down and abandoning module ViewportSnapping (187)
[2016.11.02-14.36.52:346][385]LogModuleManager: Shutting down and abandoning module LogVisualizer (186)
[2016.11.02-14.36.52:347][385]LogModuleManager: Shutting down and abandoning module GameProjectGeneration (185)
[2016.11.02-14.36.52:378][385]LogModuleManager: Shutting down and abandoning module IntroTutorials (184)
[2016.11.02-14.36.52:378][385]LogModuleManager: Shutting down and abandoning module EditorLiveStreaming (183)
[2016.11.02-14.36.52:378][385]LogModuleManager: Shutting down and abandoning module IOSPlatformEditor (182)
[2016.11.02-14.36.52:394][385]LogModuleManager: Shutting down and abandoning module HTML5PlatformEditor (181)
[2016.11.02-14.36.52:394][385]LogModuleManager: Shutting down and abandoning module AndroidDeviceDetection (180)
[2016.11.02-14.36.53:378][385]LogModuleManager: Shutting down and abandoning module AndroidPlatformEditor (179)
[2016.11.02-14.36.53:390][385]LogModuleManager: Shutting down and abandoning module IOSRuntimeSettings (178)
[2016.11.02-14.36.53:390][385]LogModuleManager: Shutting down and abandoning module AndroidRuntimeSettings (177)
[2016.11.02-14.36.53:390][385]LogModuleManager: Shutting down and abandoning module MergeActors (176)
[2016.11.02-14.36.53:459][385]LogModuleManager: Shutting down and abandoning module SizeMap (175)
[2016.11.02-14.36.53:460][385]LogModuleManager: Shutting down and abandoning module TreeMap (174)
[2016.11.02-14.36.53:497][385]LogModuleManager: Shutting down and abandoning module ReferenceViewer (173)
[2016.11.02-14.36.53:509][385]LogModuleManager: Shutting down and abandoning module LocalizationService (172)
[2016.11.02-14.36.53:556][385]LogModuleManager: Shutting down and abandoning module LocalizationDashboard (171)
[2016.11.02-14.36.53:588][385]LogModuleManager: Shutting down and abandoning module HardwareTargeting (170)
[2016.11.02-14.36.53:603][385]LogModuleManager: Shutting down and abandoning module DeviceProfileEditor (169)
[2016.11.02-14.36.53:620][385]LogModuleManager: Shutting down and abandoning module UndoHistory (168)
[2016.11.02-14.36.53:648][385]LogModuleManager: Shutting down and abandoning module UserFeedback (167)
[2016.11.02-14.36.53:648][385]LogModuleManager: Shutting down and abandoning module XmlParser (166)
[2016.11.02-14.36.53:657][385]LogModuleManager: Shutting down and abandoning module Blutility (165)
[2016.11.02-14.36.53:657][385]LogModuleManager: Shutting down and abandoning module ProjectTargetPlatformEditor (164)
[2016.11.02-14.36.53:696][385]LogModuleManager: Shutting down and abandoning module ProjectSettingsViewer (163)
[2016.11.02-14.36.53:696][385]LogModuleManager: Shutting down and abandoning module InputBindingEditor (162)
[2016.11.02-14.36.53:706][385]LogModuleManager: Shutting down and abandoning module EditorSettingsViewer (161)
[2016.11.02-14.36.53:706][385]LogModuleManager: Shutting down and abandoning module SettingsEditor (160)
[2016.11.02-14.36.53:795][385]LogModuleManager: Shutting down and abandoning module ProjectLauncher (159)
[2016.11.02-14.36.53:867][385]LogModuleManager: Shutting down and abandoning module SessionFrontend (158)
[2016.11.02-14.36.53:957][385]LogModuleManager: Shutting down and abandoning module ProfilerClient (157)
[2016.11.02-14.36.53:988][385]LogModuleManager: Shutting down and abandoning module TargetDeviceServices (156)
[2016.11.02-14.36.53:988][385]LogModuleManager: Shutting down and abandoning module DeviceManager (155)
[2016.11.02-14.36.54:059][385]LogModuleManager: Shutting down and abandoning module AutomationController (154)
[2016.11.02-14.36.54:078][385]LogModuleManager: Shutting down and abandoning module AutomationWindow (153)
[2016.11.02-14.36.54:111][385]LogModuleManager: Shutting down and abandoning module Layers (152)
[2016.11.02-14.36.54:130][385]LogModuleManager: Shutting down and abandoning module ComponentVisualizers (151)
[2016.11.02-14.36.54:130][385]LogModuleManager: Shutting down and abandoning module DetailCustomizations (150)
[2016.11.02-14.36.54:130][385]LogModuleManager: Shutting down and abandoning module PackagesDialog (149)
[2016.11.02-14.36.54:130][385]LogModuleManager: Shutting down and abandoning module Persona (148)
[2016.11.02-14.36.54:155][385]LogModuleManager: Shutting down and abandoning module Kismet (147)
[2016.11.02-14.36.54:155][385]LogModuleManager: Shutting down and abandoning module GraphEditor (146)
[2016.11.02-14.36.54:205][385]LogModuleManager: Shutting down and abandoning module ClassViewer (145)
[2016.11.02-14.36.54:219][385]LogModuleManager: Shutting down and abandoning module Toolbox (144)
[2016.11.02-14.36.54:219][385]LogModuleManager: Shutting down and abandoning module ModuleUI (143)
[2016.11.02-14.36.54:251][385]LogModuleManager: Shutting down and abandoning module MovieSceneTools (142)
[2016.11.02-14.36.54:277][385]LogModuleManager: Shutting down and abandoning module OutputLog (141)
[2016.11.02-14.36.54:296][385]LogModuleManager: Shutting down and abandoning module GammaUI (140)
[2016.11.02-14.36.54:310][385]LogModuleManager: Shutting down and abandoning module Documentation (139)
[2016.11.02-14.36.54:310][385]LogModuleManager: Shutting down and abandoning module StreamingPauseRendering (138)
[2016.11.02-14.36.54:310][385]LogModuleManager: Shutting down and abandoning module AnalyticsET (137)
[2016.11.02-14.36.54:310][385]LogModuleManager: Shutting down and abandoning module Analytics (136)
[2016.11.02-14.36.54:310][385]LogModuleManager: Shutting down and abandoning module PortalServices (135)
[2016.11.02-14.36.54:310][385]LogModuleManager: Shutting down and abandoning module PortalRpc (134)
[2016.11.02-14.36.54:311][385]LogModuleManager: Shutting down and abandoning module MessagingRpc (133)
[2016.11.02-14.36.54:311][385]LogModuleManager: Shutting down and abandoning module GameplayDebugger (132)
[2016.11.02-14.36.54:324][385]LogModuleManager: Shutting down and abandoning module AITestSuite (131)
[2016.11.02-14.36.54:339][385]LogModuleManager: Shutting down and abandoning module AIModule (130)
[2016.11.02-14.36.54:339][385]LogModuleManager: Shutting down and abandoning module ProfilerService (129)
[2016.11.02-14.36.54:410][385]LogModuleManager: Shutting down and abandoning module TaskGraph (128)
[2016.11.02-14.36.54:427][385]LogModuleManager: Shutting down and abandoning module SlateRemote (127)
[2016.11.02-14.36.54:427][385]LogModuleManager: Shutting down and abandoning module SteamVRController (126)
[2016.11.02-14.36.54:427][385]LogModuleManager: Shutting down and abandoning module SteamVR (125)
[2016.11.02-14.36.54:427][385]LogModuleManager: Shutting down and abandoning module ProceduralMeshComponent (124)
[2016.11.02-14.36.54:427][385]LogModuleManager: Shutting down and abandoning module OculusLibrary (123)
[2016.11.02-14.36.54:427][385]LogModuleManager: Shutting down and abandoning module OculusInput (122)
[2016.11.02-14.36.54:428][385]LogModuleManager: Shutting down and abandoning module CustomMeshComponent (121)
[2016.11.02-14.36.54:428][385]LogModuleManager: Shutting down and abandoning module CableComponent (120)
[2016.11.02-14.36.54:428][385]LogModuleManager: Shutting down and abandoning module ArchVisCharacter (119)
[2016.11.02-14.36.54:428][385]LogModuleManager: Shutting down and abandoning module MediaPlayerEditor (118)
[2016.11.02-14.36.54:439][385]LogModuleManager: Shutting down and abandoning module HTML5Networking (117)
[2016.11.02-14.36.54:439][385]LogModuleManager: Shutting down and abandoning module SuperSearch (116)
[2016.11.02-14.36.54:439][385]LogModuleManager: Shutting down and abandoning module SuperSearchEditor (115)
[2016.11.02-14.36.54:439][385]LogModuleManager: Shutting down and abandoning module SpeedTreeImporter (114)
[2016.11.02-14.36.54:439][385]LogModuleManager: Shutting down and abandoning module PluginBrowser (113)
[2016.11.02-14.36.54:469][385]LogModuleManager: Shutting down and abandoning module EpicSurvey (112)
[2016.11.02-14.36.54:469][385]LogModuleManager: Shutting down and abandoning module DesktopPlatform (111)
[2016.11.02-14.36.54:485][385]LogModuleManager: Shutting down and abandoning module VisualStudioSourceCodeAccess (110)
[2016.11.02-14.36.54:486][385]LogModuleManager: Shutting down and abandoning module UObjectPlugin (109)
[2016.11.02-14.36.54:486][385]LogModuleManager: Shutting down and abandoning module SubversionSourceControl (108)
[2016.11.02-14.36.54:493][385]LogModuleManager: Shutting down and abandoning module PerforceSourceControl (107)
[2016.11.02-14.36.54:515][385]LogModuleManager: Shutting down and abandoning module SourceControl (106)
[2016.11.02-14.36.54:534][385]LogModuleManager: Shutting down and abandoning module GitSourceControl (105)
[2016.11.02-14.36.54:553][385]LogModuleManager: Shutting down and abandoning module LightPropagationVolumeEditor (104)
[2016.11.02-14.36.54:553][385]LogModuleManager: Shutting down and abandoning module PaperTiledImporter (103)
[2016.11.02-14.36.54:566][385]LogModuleManager: Shutting down and abandoning module PaperSpriteSheetImporter (102)
[2016.11.02-14.36.54:566][385]LogModuleManager: Shutting down and abandoning module MeshPaint (101)
[2016.11.02-14.36.54:579][385]LogModuleManager: Shutting down and abandoning module PixelInspectorModule (100)
[2016.11.02-14.36.54:597][385]LogModuleManager: Shutting down and abandoning module HotReload (99)
[2016.11.02-14.36.54:597][385]LogModuleManager: Shutting down and abandoning module MainFrame (98)
[2016.11.02-14.36.54:597][385]LogModuleManager: Shutting down and abandoning module LevelEditor (97)
[2016.11.02-14.36.54:598][385]LogModuleManager: Shutting down and abandoning module ContentBrowser (96)
[2016.11.02-14.36.54:598][385]LogModuleManager: Shutting down and abandoning module Paper2DEditor (95)
[2016.11.02-14.36.54:611][385]LogModuleManager: Shutting down and abandoning module UdpMessaging (94)
[2016.11.02-14.36.54:712][385]LogModuleManager: Shutting down and abandoning module LightPropagationVolumeRuntime (93)
[2016.11.02-14.36.54:712][385]LogModuleManager: Shutting down and abandoning module Paper2D (92)
[2016.11.02-14.36.54:750][385]LogModuleManager: Shutting down and abandoning module WindowsMoviePlayer (91)
[2016.11.02-14.36.54:750][385]LogModuleManager: Shutting down and abandoning module Media (90)
[2016.11.02-14.36.54:750][385]LogModuleManager: Shutting down and abandoning module WmfMedia (89)
[2016.11.02-14.36.54:762][385]LogModuleManager: Shutting down and abandoning module MediaAssets (88)
[2016.11.02-14.36.54:762][385]LogModuleManager: Shutting down and abandoning module GameLiveStreaming (87)
[2016.11.02-14.36.54:762][385]LogModuleManager: Shutting down and abandoning module GameplayTagsEditor (86)
[2016.11.02-14.36.54:762][385]LogModuleManager: Shutting down and abandoning module OnlineBlueprintSupport (85)
[2016.11.02-14.36.54:762][385]LogModuleManager: Shutting down and abandoning module VREditor (84)
[2016.11.02-14.36.54:776][385]LogModuleManager: Shutting down and abandoning module GameplayTasksEditor (83)
[2016.11.02-14.36.54:776][385]LogModuleManager: Shutting down and abandoning module PropertyEditor (82)
[2016.11.02-14.36.54:776][385]LogModuleManager: Shutting down and abandoning module BehaviorTreeEditor (81)
[2016.11.02-14.36.54:801][385]LogModuleManager: Shutting down and abandoning module FunctionalTesting (80)
[2016.11.02-14.36.54:801][385]LogModuleManager: Shutting down and abandoning module CollisionAnalyzer (79)
[2016.11.02-14.36.54:816][385]LogModuleManager: Shutting down and abandoning module Sequencer (78)
[2016.11.02-14.36.54:844][385]LogModuleManager: Shutting down and abandoning module WorkspaceMenuStructure (77)
[2016.11.02-14.36.54:844][385]LogModuleManager: Shutting down and abandoning module MessageLog (76)
[2016.11.02-14.36.54:844][385]LogModuleManager: Shutting down and abandoning module AssetTools (75)
[2016.11.02-14.36.54:899][385]LogModuleManager: Shutting down and abandoning module UMGEditor (74)
[2016.11.02-14.36.54:928][385]LogModuleManager: Shutting down and abandoning module UMG (73)
[2016.11.02-14.36.54:959][385]LogModuleManager: Shutting down and abandoning module SlateReflector (72)
[2016.11.02-14.36.54:974][385]LogModuleManager: Shutting down and abandoning module Slate (71)
[2016.11.02-14.36.54:974][385]LogModuleManager: Shutting down and abandoning module EditorStyle (70)
[2016.11.02-14.36.54:976][385]LogModuleManager: Shutting down and abandoning module SourceCodeAccess (69)
[2016.11.02-14.36.54:976][385]LogModuleManager: Shutting down and abandoning module HeadMountedDisplay (68)
[2016.11.02-14.36.54:976][385]LogModuleManager: Shutting down and abandoning module XAudio2 (67)
[2016.11.02-14.36.54:976][385]LogModuleManager: Shutting down and abandoning module Networking (65)
[2016.11.02-14.36.54:976][385]LogModuleManager: Shutting down and abandoning module Core (64)
[2016.11.02-14.36.54:977][385]LogModuleManager: Shutting down and abandoning module DirectoryWatcher (63)
[2016.11.02-14.36.54:977][385]LogModuleManager: Shutting down and abandoning module AssetRegistry (62)
[2016.11.02-14.36.55:112][385]LogModuleManager: Shutting down and abandoning module KismetCompiler (61)
[2016.11.02-14.36.55:112][385]LogModuleManager: Shutting down and abandoning module PhysXFormats (60)
[2016.11.02-14.36.55:112][385]LogModuleManager: Shutting down and abandoning module MeshUtilities (59)
[2016.11.02-14.36.55:112][385]LogModuleManager: Shutting down and abandoning module DerivedDataCache (58)
[2016.11.02-14.36.55:143][385]LogDerivedDataCache: Shutdown
[2016.11.02-14.36.55:143][385]LogModuleManager: Shutting down and abandoning module VulkanShaderFormat (57)
[2016.11.02-14.36.55:148][385]LogModuleManager: Shutting down and abandoning module ShaderFormatOpenGL (56)
[2016.11.02-14.36.55:175][385]LogModuleManager: Shutting down and abandoning module ShaderFormatD3D (55)
[2016.11.02-14.36.55:175][385]LogModuleManager: Shutting down and abandoning module MetalShaderFormat (54)
[2016.11.02-14.36.55:207][385]LogModuleManager: Shutting down and abandoning module TextureFormatUncompressed (53)
[2016.11.02-14.36.55:207][385]LogModuleManager: Shutting down and abandoning module TextureFormatPVR (52)
[2016.11.02-14.36.55:207][385]LogModuleManager: Shutting down and abandoning module TextureFormatIntelISPCTexComp (51)
[2016.11.02-14.36.55:207][385]LogModuleManager: Shutting down and abandoning module TextureFormatDXT (50)
[2016.11.02-14.36.55:207][385]LogModuleManager: Shutting down and abandoning module ImageWrapper (49)
[2016.11.02-14.36.55:207][385]LogModuleManager: Shutting down and abandoning module TextureFormatASTC (48)
[2016.11.02-14.36.55:207][385]LogModuleManager: Shutting down and abandoning module TextureFormatAndroid (47)
[2016.11.02-14.36.55:207][385]LogModuleManager: Shutting down and abandoning module AudioFormatOpus (46)
[2016.11.02-14.36.55:207][385]LogModuleManager: Shutting down and abandoning module AudioFormatOgg (45)
[2016.11.02-14.36.55:207][385]LogModuleManager: Shutting down and abandoning module AudioFormatADPCM (44)
[2016.11.02-14.36.55:207][385]LogModuleManager: Shutting down and abandoning module LinuxTargetPlatform (43)
[2016.11.02-14.36.55:207][385]LogModuleManager: Shutting down and abandoning module LinuxServerTargetPlatform (42)
[2016.11.02-14.36.55:207][385]LogModuleManager: Shutting down and abandoning module LinuxNoEditorTargetPlatform (41)
[2016.11.02-14.36.55:207][385]LogModuleManager: Shutting down and abandoning module TVOSTargetPlatform (40)
[2016.11.02-14.36.55:207][385]LogModuleManager: Shutting down and abandoning module Messaging (39)
[2016.11.02-14.36.55:207][385]LogModuleManager: Shutting down and abandoning module IOSTargetPlatform (38)
[2016.11.02-14.36.55:207][385]LogModuleManager: Shutting down and abandoning module HTML5TargetPlatform (37)
[2016.11.02-14.36.55:207][385]LogModuleManager: Shutting down and abandoning module Android_PVRTCTargetPlatform (36)
[2016.11.02-14.36.55:207][385]LogModuleManager: Shutting down and abandoning module Android_MultiTargetPlatform (35)
[2016.11.02-14.36.55:208][385]LogModuleManager: Shutting down and abandoning module Android_ETC2TargetPlatform (34)
[2016.11.02-14.36.55:208][385]LogModuleManager: Shutting down and abandoning module Android_ETC1TargetPlatform (33)
[2016.11.02-14.36.55:208][385]LogModuleManager: Shutting down and abandoning module Android_DXTTargetPlatform (32)
[2016.11.02-14.36.55:208][385]LogModuleManager: Shutting down and abandoning module Android_ATCTargetPlatform (31)
[2016.11.02-14.36.55:208][385]LogModuleManager: Shutting down and abandoning module Android_ASTCTargetPlatform (30)
[2016.11.02-14.36.55:208][385]LogModuleManager: Shutting down and abandoning module AndroidTargetPlatform (29)
[2016.11.02-14.36.55:208][385]LogModuleManager: Shutting down and abandoning module WindowsTargetPlatform (28)
[2016.11.02-14.36.55:208][385]LogModuleManager: Shutting down and abandoning module WindowsServerTargetPlatform (27)
[2016.11.02-14.36.55:208][385]LogModuleManager: Shutting down and abandoning module WindowsNoEditorTargetPlatform (26)
[2016.11.02-14.36.55:208][385]LogModuleManager: Shutting down and abandoning module WindowsClientTargetPlatform (25)
[2016.11.02-14.36.55:208][385]LogModuleManager: Shutting down and abandoning module AllDesktopTargetPlatform (24)
[2016.11.02-14.36.55:208][385]LogModuleManager: Shutting down and abandoning module TargetPlatform (23)
[2016.11.02-14.36.55:217][385]LogModuleManager: Shutting down and abandoning module InputCore (22)
[2016.11.02-14.36.55:217][385]LogModuleManager: Shutting down and abandoning module Settings (21)
[2016.11.02-14.36.55:217][385]LogModuleManager: Shutting down and abandoning module OnlineSubsystem (19)
[2016.11.02-14.36.55:217][385]LogModuleManager: Shutting down and abandoning module HTTP (18)
[2016.11.02-14.36.58:223][385]LogModuleManager: Shutting down and abandoning module XMPP (17)
[2016.11.02-14.36.58:246][385]LogModuleManager: Shutting down and abandoning module OculusRift (16)
[2016.11.02-14.36.58:264][385]LogModuleManager: Shutting down and abandoning module ExampleDeviceProfileSelector (15)
[2016.11.02-14.36.58:264][385]LogModuleManager: Shutting down and abandoning module TextureCompressor (14)
[2016.11.02-14.36.58:278][385]LogModuleManager: Shutting down and abandoning module ShaderCore (13)
[2016.11.02-14.36.58:278][385]LogModuleManager: Shutting down and abandoning module Landscape (12)
[2016.11.02-14.36.58:278][385]LogModuleManager: Shutting down and abandoning module SlateRHIRenderer (11)
[2016.11.02-14.36.58:317][385]LogModuleManager: Shutting down and abandoning module OpenGLDrv (10)
[2016.11.02-14.36.58:345][385]LogModuleManager: Shutting down and abandoning module D3D11RHI (9)
[2016.11.02-14.36.58:345][385]LogModuleManager: Shutting down and abandoning module AnimGraphRuntime (8)
[2016.11.02-14.36.58:357][385]LogModuleManager: Shutting down and abandoning module Renderer (7)
[2016.11.02-14.36.58:357][385]LogModuleManager: Shutting down and abandoning module Engine (6)
[2016.11.02-14.36.58:357][385]LogModuleManager: Shutting down and abandoning module CoreUObject (5)
[2016.11.02-14.36.58:357][385]LogModuleManager: Shutting down and abandoning module NetworkFile (4)
[2016.11.02-14.36.58:386][385]LogModuleManager: Shutting down and abandoning module StreamingFile (3)
[2016.11.02-14.36.58:386][385]LogModuleManager: Shutting down and abandoning module SandboxFile (2)
[2016.11.02-14.36.58:397][385]LogModuleManager: Shutting down and abandoning module PakFile (1)
[2016.11.02-14.36.58:415][385]LogExit: Exiting.
[2016.11.02-14.36.58:425][385]Log file closed, 11/02/16 22:36:58
